#
# A fatal error has been detected by the Java Runtime Environment:
#
#  SIGSEGV (0xb) at pc=0x00007fd9783fdda0, pid=22897, tid=0x00007fd984739700
#
# JRE version: Java(TM) SE Runtime Environment (8.0_111-b14) (build 1.8.0_111-b14)
# Java VM: Java HotSpot(TM) 64-Bit Server VM (25.111-b14 mixed mode linux-amd64 compressed oops)
# Problematic frame:
# C  [libgdx-box2d64.so+0x35da0]  b2Fixture::Refilter()+0x20
#
# Failed to write core dump. Core dumps have been disabled. To enable core dumping, try "ulimit -c unlimited" before starting Java again
#
# If you would like to submit a bug report, please visit:
#   http://bugreport.java.com/bugreport/crash.jsp
# The crash happened outside the Java Virtual Machine in native code.
# See problematic frame for where to report the bug.
#

---------------  T H R E A D  ---------------

Current thread (0x00007fd9d456c000):  JavaThread "LWJGL Application" [_thread_in_native, id=22934, stack(0x00007fd984639000,0x00007fd98473a000)]

siginfo: si_signo: 11 (SIGSEGV), si_code: 128 (SI_KERNEL), si_addr: 0x0000000000000000

Registers:
RAX=0xdf30c306d59eb0dd, RBX=0x00007fd97821be58, RCX=0x00007fd9380326e0, RDX=0x00007fd93896b260
RSP=0x00007fd9847384c0, RBP=0x00007fd93896b260, RSI=0x00007fd9847384e0, RDI=0x00007fd93896b260
R8 =0x0000000000000001, R9 =0x0000000000000000, R10=0x00007fd9c5017a08, R11=0x00007fd9dc29aa70
R12=0x0000000000000000, R13=0x00007fd97821be58, R14=0x00007fd9847385b8, R15=0x00007fd9d456c000
RIP=0x00007fd9783fdda0, EFLAGS=0x0000000000010286, CSGSFS=0x0000000000000033, ERR=0x0000000000000000
  TRAPNO=0x000000000000000d

Top of Stack: (sp=0x00007fd9847384c0)
0x00007fd9847384c0:   00007fd97821be58 00007fd984738570
0x00007fd9847384d0:   0000000000000000 00007fd9784046ef
0x00007fd9847384e0:   0000000000010001 00000000d6e54318
0x00007fd9847384f0:   00007fd984738560 00007fd9c5017a34
0x00007fd984738500:   00007fd9d456c000 0000000000000000
0x00007fd984738510:   00007fd9d456c000 00007fd984738530
0x00007fd984738520:   00007fd984738580 00007fd9dbfb2c9d
0x00007fd984738530:   00007fd984738530 0000000000000000
0x00007fd984738540:   00007fd9847385b8 00007fd97821e708
0x00007fd984738550:   0000000000000000 00007fd97821be58
0x00007fd984738560:   0000000000000000 00007fd984738590
0x00007fd984738570:   00007fd984738600 00007fd9c50082bd
0x00007fd984738580:   0000000000000000 00007fd9c5011538
0x00007fd984738590:   0000000000000000 0000000000000001
0x00007fd9847385a0:   0000000000000001 00007fd93896b260
0x00007fd9847385b0:   00007fd9d8c65d6e 00000000d6e542e0
0x00007fd9847385c0:   00007fd9847385c0 00007fd97821bda9
0x00007fd9847385d0:   00007fd984738618 00007fd97821e708
0x00007fd9847385e0:   00007fd97825a550 00007fd97821bdd0
0x00007fd9847385f0:   00007fd984738590 00007fd984738610
0x00007fd984738600:   00007fd984738660 00007fd9c50082bd
0x00007fd984738610:   00000000d6e54320 00000000d6e542e0
0x00007fd984738620:   00007fd984738620 00007fd97822117b
0x00007fd984738630:   00007fd984738680 00007fd978225bb8
0x00007fd984738640:   00007fd97825a2c0 00007fd9782211b0
0x00007fd984738650:   00007fd984738610 00007fd984738678
0x00007fd984738660:   00007fd9847386c8 00007fd9c50082bd
0x00007fd984738670:   00000000d6e54320 0000000000000001
0x00007fd984738680:   00000000d6e542e0 00007fd984738688
0x00007fd984738690:   00007fd978220b42 00007fd9847386d8
0x00007fd9847386a0:   00007fd978225bb8 0000000000000000
0x00007fd9847386b0:   00007fd978220b60 00007fd984738678 

Instructions: (pc=0x00007fd9783fdda0)
0x00007fd9783fdd80:   41 54 55 48 89 fd 53 48 8b 4f 10 48 85 c9 74 72
0x00007fd9783fdd90:   48 8b 81 88 00 00 00 48 85 c0 74 21 0f 1f 40 00
0x00007fd9783fdda0:   48 8b 50 08 48 3b 6a 68 74 06 48 3b 6a 60 75 04
0x00007fd9783fddb0:   83 4a 08 08 48 8b 40 18 48 85 c0 75 e3 4c 8b 61 

Register to memory mapping:

RAX=0xdf30c306d59eb0dd is an unknown value
RBX={method} {0x00007fd97821be58} 'jniSetFilterData' '(JSSS)V' in 'com/badlogic/gdx/physics/box2d/Fixture'
RCX=0x00007fd9380326e0 is an unknown value
RDX=0x00007fd93896b260 is an unknown value
RSP=0x00007fd9847384c0 is pointing into the stack for thread: 0x00007fd9d456c000
RBP=0x00007fd93896b260 is an unknown value
RSI=0x00007fd9847384e0 is pointing into the stack for thread: 0x00007fd9d456c000
RDI=0x00007fd93896b260 is an unknown value
R8 =0x0000000000000001 is an unknown value
R9 =0x0000000000000000 is an unknown value
R10=0x00007fd9c5017a08 is at code_begin+808 in an Interpreter codelet
method entry point (kind = native)  [0x00007fd9c50176e0, 0x00007fd9c5017fe0]  2304 bytes
R11=0x00007fd9dc29aa70: <offset 0x9c2a70> in /usr/lib/jvm/java-8-oracle/jre/lib/amd64/server/libjvm.so at 0x00007fd9db8d8000
R12=0x0000000000000000 is an unknown value
R13={method} {0x00007fd97821be58} 'jniSetFilterData' '(JSSS)V' in 'com/badlogic/gdx/physics/box2d/Fixture'
R14=0x00007fd9847385b8 is pointing into the stack for thread: 0x00007fd9d456c000
R15=0x00007fd9d456c000 is a thread


Stack: [0x00007fd984639000,0x00007fd98473a000],  sp=0x00007fd9847384c0,  free space=1021k
Native frames: (J=compiled Java code, j=interpreted, Vv=VM code, C=native code)
C  [libgdx-box2d64.so+0x35da0]  b2Fixture::Refilter()+0x20

Java frames: (J=compiled Java code, j=interpreted, Vv=VM code)
j  com.badlogic.gdx.physics.box2d.Fixture.jniSetFilterData(JSSS)V+0
j  com.badlogic.gdx.physics.box2d.Fixture.setFilterData(Lcom/badlogic/gdx/physics/box2d/Filter;)V+17
j  com.mygdx.taranfighters.Character.setFixtureMask(Lcom/badlogic/gdx/physics/box2d/Fixture;I)V+19
j  com.mygdx.taranfighters.Character.kick()V+58
j  com.mygdx.taranfighters.Character.keyDown(I)Z+107
j  com.mygdx.taranfighters.TaranScreen.keyDown(I)Z+54
J 2185 C2 com.badlogic.gdx.backends.lwjgl.LwjglInput.processEvents()V (478 bytes) @ 0x00007fd9c57d7d04 [0x00007fd9c57d7a60+0x2a4]
j  com.badlogic.gdx.backends.lwjgl.LwjglApplication.mainLoop()V+600
j  com.badlogic.gdx.backends.lwjgl.LwjglApplication$1.run()V+27
v  ~StubRoutines::call_stub

---------------  P R O C E S S  ---------------

Java Threads: ( => current thread )
  0x00007fd938815800 JavaThread "Timer" daemon [_thread_blocked, id=22940, stack(0x00007fd978616000,0x00007fd978717000)]
  0x00007fd9d400c000 JavaThread "DestroyJavaVM" [_thread_blocked, id=22899, stack(0x00007fd9dd3b9000,0x00007fd9dd4ba000)]
=>0x00007fd9d456c000 JavaThread "LWJGL Application" [_thread_in_native, id=22934, stack(0x00007fd984639000,0x00007fd98473a000)]
  0x00007fd9d44af000 JavaThread "AWT-XAWT" daemon [_thread_in_native, id=22930, stack(0x00007fd990019000,0x00007fd99011a000)]
  0x00007fd9d446d800 JavaThread "Java2D Disposer" daemon [_thread_blocked, id=22929, stack(0x00007fd99011a000,0x00007fd99021b000)]
  0x00007fd9d434a000 JavaThread "Thread-4" daemon [_thread_blocked, id=22928, stack(0x00007fd990454000,0x00007fd990555000)]
  0x00007fd9d4348800 JavaThread "Thread-3" daemon [_thread_blocked, id=22927, stack(0x00007fd990555000,0x00007fd990656000)]
  0x00007fd9d4320800 JavaThread "Java Sound Event Dispatcher" daemon [_thread_blocked, id=22925, stack(0x00007fd9935c0000,0x00007fd9936c1000)]
  0x00007fd9d42b1000 JavaThread "Timer-0" daemon [_thread_blocked, id=22916, stack(0x00007fd9936c1000,0x00007fd9937c2000)]
  0x00007fd9d40dd800 JavaThread "Service Thread" daemon [_thread_blocked, id=22914, stack(0x00007fd9c0058000,0x00007fd9c0159000)]
  0x00007fd9d40c0800 JavaThread "C1 CompilerThread2" daemon [_thread_blocked, id=22913, stack(0x00007fd9c0159000,0x00007fd9c025a000)]
  0x00007fd9d40be800 JavaThread "C2 CompilerThread1" daemon [_thread_blocked, id=22912, stack(0x00007fd9c025a000,0x00007fd9c035b000)]
  0x00007fd9d40bb800 JavaThread "C2 CompilerThread0" daemon [_thread_blocked, id=22911, stack(0x00007fd9c035b000,0x00007fd9c045c000)]
  0x00007fd9d40ba000 JavaThread "Signal Dispatcher" daemon [_thread_blocked, id=22910, stack(0x00007fd9c045c000,0x00007fd9c055d000)]
  0x00007fd9d4086000 JavaThread "Finalizer" daemon [_thread_blocked, id=22909, stack(0x00007fd9c0836000,0x00007fd9c0937000)]
  0x00007fd9d4081800 JavaThread "Reference Handler" daemon [_thread_blocked, id=22908, stack(0x00007fd9c0937000,0x00007fd9c0a38000)]

Other Threads:
  0x00007fd9d4079800 VMThread [stack: 0x00007fd9c0a38000,0x00007fd9c0b39000] [id=22907]
  0x00007fd9d40e0000 WatcherThread [stack: 0x00007fd993eff000,0x00007fd994000000] [id=22915]

VM state:not at safepoint (normal execution)

VM Mutex/Monitor currently owned by a thread: None

Heap:
 PSYoungGen      total 36864K, used 32137K [0x00000000d6d80000, 0x00000000db580000, 0x0000000100000000)
  eden space 31744K, 85% used [0x00000000d6d80000,0x00000000d87e5760,0x00000000d8c80000)
  from space 5120K, 99% used [0x00000000db080000,0x00000000db57d098,0x00000000db580000)
  to   space 5120K, 0% used [0x00000000d8c80000,0x00000000d8c80000,0x00000000d9180000)
 ParOldGen       total 84992K, used 11448K [0x0000000084800000, 0x0000000089b00000, 0x00000000d6d80000)
  object space 84992K, 13% used [0x0000000084800000,0x000000008532e3b0,0x0000000089b00000)
 Metaspace       used 14705K, capacity 14897K, committed 15232K, reserved 1062912K
  class space    used 1494K, capacity 1581K, committed 1664K, reserved 1048576K

Card table byte_map: [0x00007fd9d9d95000,0x00007fd9da172000] byte_map_base: 0x00007fd9d9971000

Marking Bits: (ParMarkBitMap*) 0x00007fd9dc89b220
 Begin Bits: [0x00007fd9c1240000, 0x00007fd9c3120000)
 End Bits:   [0x00007fd9c3120000, 0x00007fd9c5000000)

Polling page: 0x00007fd9dd4ea000

CodeCache: size=245760Kb used=8004Kb max_used=8015Kb free=237755Kb
 bounds [0x00007fd9c5000000, 0x00007fd9c57e0000, 0x00007fd9d4000000]
 total_blobs=2784 nmethods=2131 adapters=566
 compilation: enabled

Compilation events (10 events):
Event: 100,425 Thread 0x00007fd9d40bb800 nmethod 2191 0x00007fd9c57d14d0 code [0x00007fd9c57d1640, 0x00007fd9c57d1768]
Event: 100,426 Thread 0x00007fd9d40be800 nmethod 2192 0x00007fd9c57d2a10 code [0x00007fd9c57d2ba0, 0x00007fd9c57d2dd8]
Event: 107,502 Thread 0x00007fd9d40bb800 2193 %     4       sun.nio.cs.UTF_8$Decoder::decodeArrayLoop @ 73 (691 bytes)
Event: 107,504 Thread 0x00007fd9d40be800 2194       4       java.io.FileInputStream::read (9 bytes)
Event: 107,505 Thread 0x00007fd9d40be800 nmethod 2194 0x00007fd9c517c2d0 code [0x00007fd9c517c420, 0x00007fd9c517c4c8]
Event: 107,505 Thread 0x00007fd9d40be800 2195  s    4       java.io.ByteArrayOutputStream::write (66 bytes)
Event: 107,512 Thread 0x00007fd9d40be800 nmethod 2195 0x00007fd9c57d2210 code [0x00007fd9c57d2380, 0x00007fd9c57d27f8]
Event: 107,514 Thread 0x00007fd9d40bb800 nmethod 2193% 0x00007fd9c57dcd10 code [0x00007fd9c57dcea0, 0x00007fd9c57dd498]
Event: 107,633 Thread 0x00007fd9d40c0800 2196       3       java.lang.Enum::<init> (15 bytes)
Event: 107,633 Thread 0x00007fd9d40c0800 nmethod 2196 0x00007fd9c512ded0 code [0x00007fd9c512e040, 0x00007fd9c512e210]

GC Heap History (4 events):
Event: 1,668 GC heap before
{Heap before GC invocations=1 (full 0):
 PSYoungGen      total 36864K, used 31744K [0x00000000d6d80000, 0x00000000d9680000, 0x0000000100000000)
  eden space 31744K, 100% used [0x00000000d6d80000,0x00000000d8c80000,0x00000000d8c80000)
  from space 5120K, 0% used [0x00000000d9180000,0x00000000d9180000,0x00000000d9680000)
  to   space 5120K, 0% used [0x00000000d8c80000,0x00000000d8c80000,0x00000000d9180000)
 ParOldGen       total 84992K, used 0K [0x0000000084800000, 0x0000000089b00000, 0x00000000d6d80000)
  object space 84992K, 0% used [0x0000000084800000,0x0000000084800000,0x0000000089b00000)
 Metaspace       used 11632K, capacity 11853K, committed 12160K, reserved 1060864K
  class space    used 1224K, capacity 1291K, committed 1408K, reserved 1048576K
Event: 1,693 GC heap after
Heap after GC invocations=1 (full 0):
 PSYoungGen      total 36864K, used 5092K [0x00000000d6d80000, 0x00000000db580000, 0x0000000100000000)
  eden space 31744K, 0% used [0x00000000d6d80000,0x00000000d6d80000,0x00000000d8c80000)
  from space 5120K, 99% used [0x00000000d8c80000,0x00000000d91792e8,0x00000000d9180000)
  to   space 5120K, 0% used [0x00000000db080000,0x00000000db080000,0x00000000db580000)
 ParOldGen       total 84992K, used 2607K [0x0000000084800000, 0x0000000089b00000, 0x00000000d6d80000)
  object space 84992K, 3% used [0x0000000084800000,0x0000000084a8bd38,0x0000000089b00000)
 Metaspace       used 11632K, capacity 11853K, committed 12160K, reserved 1060864K
  class space    used 1224K, capacity 1291K, committed 1408K, reserved 1048576K
}
Event: 13,947 GC heap before
{Heap before GC invocations=2 (full 0):
 PSYoungGen      total 36864K, used 36836K [0x00000000d6d80000, 0x00000000db580000, 0x0000000100000000)
  eden space 31744K, 100% used [0x00000000d6d80000,0x00000000d8c80000,0x00000000d8c80000)
  from space 5120K, 99% used [0x00000000d8c80000,0x00000000d91792e8,0x00000000d9180000)
  to   space 5120K, 0% used [0x00000000db080000,0x00000000db080000,0x00000000db580000)
 ParOldGen       total 84992K, used 2607K [0x0000000084800000, 0x0000000089b00000, 0x00000000d6d80000)
  object space 84992K, 3% used [0x0000000084800000,0x0000000084a8bd38,0x0000000089b00000)
 Metaspace       used 14570K, capacity 14833K, committed 14976K, reserved 1062912K
  class space    used 1490K, capacity 1581K, committed 1664K, reserved 1048576K
Event: 13,962 GC heap after
Heap after GC invocations=2 (full 0):
 PSYoungGen      total 36864K, used 5108K [0x00000000d6d80000, 0x00000000db580000, 0x0000000100000000)
  eden space 31744K, 0% used [0x00000000d6d80000,0x00000000d6d80000,0x00000000d8c80000)
  from space 5120K, 99% used [0x00000000db080000,0x00000000db57d098,0x00000000db580000)
  to   space 5120K, 0% used [0x00000000d8c80000,0x00000000d8c80000,0x00000000d9180000)
 ParOldGen       total 84992K, used 11448K [0x0000000084800000, 0x0000000089b00000, 0x00000000d6d80000)
  object space 84992K, 13% used [0x0000000084800000,0x000000008532e3b0,0x0000000089b00000)
 Metaspace       used 14570K, capacity 14833K, committed 14976K, reserved 1062912K
  class space    used 1490K, capacity 1581K, committed 1664K, reserved 1048576K
}

Deoptimization events (10 events):
Event: 26,556 Thread 0x00007fd9d456c000 Uncommon trap: reason=unstable_if action=reinterpret pc=0x00007fd9c577eaac method=com.mygdx.taranfighters.Character.draw(Lcom/badlogic/gdx/graphics/g2d/SpriteBatch;F)V @ 85
Event: 36,623 Thread 0x00007fd9d456c000 Uncommon trap: reason=unstable_if action=reinterpret pc=0x00007fd9c574d1a0 method=com.badlogic.gdx.physics.box2d.Box2DDebugRenderer.getColorByBody(Lcom/badlogic/gdx/physics/box2d/Body;)Lcom/badlogic/gdx/graphics/Color; @ 46
Event: 36,623 Thread 0x00007fd9d456c000 Uncommon trap: reason=unstable_if action=reinterpret pc=0x00007fd9c57231e8 method=com.badlogic.gdx.physics.box2d.Box2DDebugRenderer.getColorByBody(Lcom/badlogic/gdx/physics/box2d/Body;)Lcom/badlogic/gdx/graphics/Color; @ 46
Event: 54,690 Thread 0x00007fd9d456c000 Uncommon trap: reason=unstable_if action=reinterpret pc=0x00007fd9c5747d20 method=com.badlogic.gdx.maps.tiled.TiledMapTileLayer.getCell(II)Lcom/badlogic/gdx/maps/tiled/TiledMapTileLayer$Cell; @ 23
Event: 54,690 Thread 0x00007fd9d456c000 Uncommon trap: reason=unstable_if action=reinterpret pc=0x00007fd9c557ec10 method=com.badlogic.gdx.maps.tiled.TiledMapTileLayer.getCell(II)Lcom/badlogic/gdx/maps/tiled/TiledMapTileLayer$Cell; @ 23
Event: 61,016 Thread 0x00007fd93801a000 Uncommon trap: reason=unstable_if action=reinterpret pc=0x00007fd9c5708f80 method=java.util.concurrent.locks.AbstractQueuedSynchronizer.release(I)Z @ 14
Event: 78,356 Thread 0x00007fd9d456c000 Uncommon trap: reason=unstable_if action=reinterpret pc=0x00007fd9c51d0888 method=java.lang.AbstractStringBuilder.append(I)Ljava/lang/AbstractStringBuilder; @ 16
Event: 78,356 Thread 0x00007fd9d456c000 Uncommon trap: reason=unstable_if action=reinterpret pc=0x00007fd9c51c0f44 method=java.lang.Integer.getChars(II[C)V @ 7
Event: 79,390 Thread 0x00007fd9d456c000 Uncommon trap: reason=unstable_if action=reinterpret pc=0x00007fd9c5564e20 method=com.badlogic.gdx.graphics.g2d.SpriteBatch.draw(Lcom/badlogic/gdx/graphics/Texture;[FII)V @ 55
Event: 107,490 Thread 0x00007fd9d456c000 Uncommon trap: reason=unstable_if action=reinterpret pc=0x00007fd9c57d16f0 method=com.mygdx.taranfighters.PlatformScreen.render(F)V @ 45

Internal exceptions (10 events):
Event: 0,827 Thread 0x00007fd9d400c000 Exception <a 'java/security/PrivilegedActionException'> (0x00000000d8201ec8) thrown at [/HUDSON3/workspace/8-2-build-linux-amd64/jdk8u111/7883/hotspot/src/share/vm/prims/jvm.cpp, line 1386]
Event: 0,827 Thread 0x00007fd9d400c000 Exception <a 'java/security/PrivilegedActionException'> (0x00000000d8202b20) thrown at [/HUDSON3/workspace/8-2-build-linux-amd64/jdk8u111/7883/hotspot/src/share/vm/prims/jvm.cpp, line 1386]
Event: 0,827 Thread 0x00007fd9d400c000 Exception <a 'java/security/PrivilegedActionException'> (0x00000000d8203748) thrown at [/HUDSON3/workspace/8-2-build-linux-amd64/jdk8u111/7883/hotspot/src/share/vm/prims/jvm.cpp, line 1386]
Event: 0,827 Thread 0x00007fd9d400c000 Exception <a 'java/security/PrivilegedActionException'> (0x00000000d82052c0) thrown at [/HUDSON3/workspace/8-2-build-linux-amd64/jdk8u111/7883/hotspot/src/share/vm/prims/jvm.cpp, line 1386]
Event: 0,827 Thread 0x00007fd9d400c000 Exception <a 'java/security/PrivilegedActionException'> (0x00000000d8205f18) thrown at [/HUDSON3/workspace/8-2-build-linux-amd64/jdk8u111/7883/hotspot/src/share/vm/prims/jvm.cpp, line 1386]
Event: 0,827 Thread 0x00007fd9d400c000 Exception <a 'java/security/PrivilegedActionException'> (0x00000000d8206b40) thrown at [/HUDSON3/workspace/8-2-build-linux-amd64/jdk8u111/7883/hotspot/src/share/vm/prims/jvm.cpp, line 1386]
Event: 0,996 Thread 0x00007fd9d456c000 Exception <a 'java/lang/NoClassDefFoundError': org/lwjgl/opengles/GLContext> (0x00000000d85fe588) thrown at [/HUDSON3/workspace/8-2-build-linux-amd64/jdk8u111/7883/hotspot/src/share/vm/classfile/systemDictionary.cpp, line 199]
Event: 1,567 Thread 0x00007fd9d456c000 Exception <a 'java/lang/ArrayIndexOutOfBoundsException': 18> (0x00000000d8accc98) thrown at [/HUDSON3/workspace/8-2-build-linux-amd64/jdk8u111/7883/hotspot/src/share/vm/interpreter/interpreterRuntime.cpp, line 366]
Event: 1,568 Thread 0x00007fd9d456c000 Exception <a 'java/lang/ArrayIndexOutOfBoundsException'> (0x00000000d8ace7a8) thrown at [/HUDSON3/workspace/8-2-build-linux-amd64/jdk8u111/7883/hotspot/src/share/vm/runtime/sharedRuntime.cpp, line 605]
Event: 61,016 Thread 0x00007fd93801a000 Implicit null exception at 0x00007fd9c5708f0f to 0x00007fd9c5708f71

Events (10 events):
Event: 79,390 Thread 0x00007fd9d456c000 DEOPT UNPACKING pc=0x00007fd9c5005229 sp=0x00007fd9847383d8 mode 2
Event: 107,490 Thread 0x00007fd9d456c000 Uncommon trap: trap_request=0xffffff65 fr.pc=0x00007fd9c57d16f0
Event: 107,490 Thread 0x00007fd9d456c000 DEOPT PACKING pc=0x00007fd9c57d16f0 sp=0x00007fd9847387d0
Event: 107,490 Thread 0x00007fd9d456c000 DEOPT UNPACKING pc=0x00007fd9c5005229 sp=0x00007fd984738788 mode 2
Event: 107,490 loading class com/mygdx/taranfighters/JakOverScreen
Event: 107,490 loading class com/mygdx/taranfighters/JakOverScreen done
Event: 107,632 loading class com/badlogic/gdx/graphics/g2d/Animation
Event: 107,632 loading class com/badlogic/gdx/graphics/g2d/Animation done
Event: 107,633 loading class com/badlogic/gdx/graphics/g2d/Animation$PlayMode
Event: 107,633 loading class com/badlogic/gdx/graphics/g2d/Animation$PlayMode done


Dynamic libraries:
00400000-00401000 r-xp 00000000 08:03 8260065                            /usr/lib/jvm/java-8-oracle/bin/java
00600000-00601000 rw-p 00000000 08:03 8260065                            /usr/lib/jvm/java-8-oracle/bin/java
01b5a000-01b7b000 rw-p 00000000 00:00 0                                  [heap]
405fa000-4069a000 rw-p 00000000 00:00 0 
406dd000-406df000 r-xs 00000000 08:03 3014679                            /tmp/.glxsdKKg (deleted)
84800000-89b00000 rw-p 00000000 00:00 0 
89b00000-d6d80000 ---p 00000000 00:00 0 
d6d80000-db580000 rw-p 00000000 00:00 0 
db580000-100000000 ---p 00000000 00:00 0 
100000000-1001a0000 rw-p 00000000 00:00 0 
1001a0000-140000000 ---p 00000000 00:00 0 
7fd928000000-7fd92bf7b000 rw-p 00000000 00:00 0 
7fd92bf7b000-7fd92c000000 ---p 00000000 00:00 0 
7fd930000000-7fd930021000 rw-p 00000000 00:00 0 
7fd930021000-7fd934000000 ---p 00000000 00:00 0 
7fd938000000-7fd93bf5e000 rw-p 00000000 00:00 0 
7fd93bf5e000-7fd93c000000 ---p 00000000 00:00 0 
7fd93c000000-7fd93c021000 rw-p 00000000 00:00 0 
7fd93c021000-7fd940000000 ---p 00000000 00:00 0 
7fd940000000-7fd940021000 rw-p 00000000 00:00 0 
7fd940021000-7fd944000000 ---p 00000000 00:00 0 
7fd947fff000-7fd94c000000 rw-s 00000000 00:15 13                         /dev/shm/pulse-shm-1580284548
7fd94c000000-7fd94c021000 rw-p 00000000 00:00 0 
7fd94c021000-7fd950000000 ---p 00000000 00:00 0 
7fd953fff000-7fd958000000 rw-s 00000000 00:15 18                         /dev/shm/pulse-shm-2240357746
7fd958000000-7fd958021000 rw-p 00000000 00:00 0 
7fd958021000-7fd95c000000 ---p 00000000 00:00 0 
7fd95c000000-7fd95c025000 rw-p 00000000 00:00 0 
7fd95c025000-7fd960000000 ---p 00000000 00:00 0 
7fd960000000-7fd960021000 rw-p 00000000 00:00 0 
7fd960021000-7fd964000000 ---p 00000000 00:00 0 
7fd966cd6000-7fd9670d6000 rw-s 24587000 00:06 521                        /dev/nvidiactl
7fd9670d6000-7fd9674d6000 rw-s 1596ad000 00:06 521                       /dev/nvidiactl
7fd9674d6000-7fd9678d6000 rw-s 147ea9000 00:06 521                       /dev/nvidiactl
7fd967bff000-7fd967fff000 rw-s 159545000 00:06 521                       /dev/nvidiactl
7fd967fff000-7fd96c000000 rw-s 00000000 00:15 13                         /dev/shm/pulse-shm-1580284548
7fd96c000000-7fd96c021000 rw-p 00000000 00:00 0 
7fd96c021000-7fd970000000 ---p 00000000 00:00 0 
7fd970000000-7fd970021000 rw-p 00000000 00:00 0 
7fd970021000-7fd974000000 ---p 00000000 00:00 0 
7fd974000000-7fd974021000 rw-p 00000000 00:00 0 
7fd974021000-7fd978000000 ---p 00000000 00:00 0 
7fd9781c8000-7fd978308000 rw-p 00000000 00:00 0 
7fd978308000-7fd9783c8000 ---p 00000000 00:00 0 
7fd9783c8000-7fd978414000 r-xp 00000000 08:03 3538986                    /tmp/libgdxtourneboeuf/72da4579/libgdx-box2d64.so
7fd978414000-7fd978613000 ---p 0004c000 08:03 3538986                    /tmp/libgdxtourneboeuf/72da4579/libgdx-box2d64.so
7fd978613000-7fd978615000 r--p 0004b000 08:03 3538986                    /tmp/libgdxtourneboeuf/72da4579/libgdx-box2d64.so
7fd978615000-7fd978616000 rw-p 0004d000 08:03 3538986                    /tmp/libgdxtourneboeuf/72da4579/libgdx-box2d64.so
7fd978616000-7fd978619000 ---p 00000000 00:00 0 
7fd978619000-7fd978717000 rw-p 00000000 00:00 0 
7fd978717000-7fd978917000 rw-s 1bd3f4000 00:06 521                       /dev/nvidiactl
7fd978917000-7fd978d17000 rw-s 54b81000 00:06 521                        /dev/nvidiactl
7fd978d17000-7fd979117000 rw-s 159855000 00:06 521                       /dev/nvidiactl
7fd979117000-7fd979317000 rw-s 148fb4000 00:06 521                       /dev/nvidiactl
7fd979317000-7fd979517000 rw-p 00000000 00:00 0 
7fd979517000-7fd979717000 rw-p 00000000 00:00 0 
7fd979717000-7fd979797000 rw-s 197697000 00:06 521                       /dev/nvidiactl
7fd979817000-7fd979897000 rw-s 159440000 00:06 521                       /dev/nvidiactl
7fd979997000-7fd9799b7000 rw-s b0080000 00:06 522                        /dev/nvidia0
7fd9799b7000-7fd9799f7000 rw-s 1a5a3f000 00:06 521                       /dev/nvidiactl
7fd9799f7000-7fd979a37000 rw-s 15950d000 00:06 521                       /dev/nvidiactl
7fd979a37000-7fd97adf4000 r-xp 00000000 08:03 8163350                    /usr/lib/nvidia-370/libnvidia-glcore.so.370.28
7fd97adf4000-7fd97ae14000 rwxp 013bd000 08:03 8163350                    /usr/lib/nvidia-370/libnvidia-glcore.so.370.28
7fd97ae14000-7fd97b1dc000 r-xp 013dd000 08:03 8163350                    /usr/lib/nvidia-370/libnvidia-glcore.so.370.28
7fd97b1dc000-7fd97b3db000 ---p 017a5000 08:03 8163350                    /usr/lib/nvidia-370/libnvidia-glcore.so.370.28
7fd97b3db000-7fd97b7bb000 rw-p 017a4000 08:03 8163350                    /usr/lib/nvidia-370/libnvidia-glcore.so.370.28
7fd97b7bb000-7fd97b7d3000 rw-p 00000000 00:00 0 
7fd97b7d3000-7fd97b7d6000 r-xp 00000000 08:03 8163336                    /usr/lib/nvidia-370/tls/libnvidia-tls.so.370.28
7fd97b7d6000-7fd97b9d6000 ---p 00003000 08:03 8163336                    /usr/lib/nvidia-370/tls/libnvidia-tls.so.370.28
7fd97b9d6000-7fd97b9d7000 rw-p 00003000 08:03 8163336                    /usr/lib/nvidia-370/tls/libnvidia-tls.so.370.28
7fd97b9d7000-7fd97baa0000 r-xp 00000000 08:03 8163354                    /usr/lib/nvidia-370/libGLX_nvidia.so.370.28
7fd97baa0000-7fd97bad4000 rwxp 000c9000 08:03 8163354                    /usr/lib/nvidia-370/libGLX_nvidia.so.370.28
7fd97bad4000-7fd97bae7000 r-xp 000fd000 08:03 8163354                    /usr/lib/nvidia-370/libGLX_nvidia.so.370.28
7fd97bae7000-7fd97bce7000 ---p 00110000 08:03 8163354                    /usr/lib/nvidia-370/libGLX_nvidia.so.370.28
7fd97bce7000-7fd97bd0f000 rw-p 00110000 08:03 8163354                    /usr/lib/nvidia-370/libGLX_nvidia.so.370.28
7fd97bd0f000-7fd97bd16000 rw-p 00000000 00:00 0 
7fd97bd16000-7fd97bd64000 r-xp 00000000 08:03 8163349                    /usr/lib/nvidia-370/libGLdispatch.so.0
7fd97bd64000-7fd97bd96000 r-xp 0004e000 08:03 8163349                    /usr/lib/nvidia-370/libGLdispatch.so.0
7fd97bd96000-7fd97bdd0000 r-xp 00080000 08:03 8163349                    /usr/lib/nvidia-370/libGLdispatch.so.0
7fd97bdd0000-7fd97bfd0000 ---p 000ba000 08:03 8163349                    /usr/lib/nvidia-370/libGLdispatch.so.0
7fd97bfd0000-7fd97bfdf000 rw-p 000ba000 08:03 8163349                    /usr/lib/nvidia-370/libGLdispatch.so.0
7fd97bfdf000-7fd97bfff000 rw-p 00000000 00:00 0 
7fd97bfff000-7fd980000000 rw-s 00000000 00:15 17                         /dev/shm/pulse-shm-3746670601
7fd980000000-7fd980021000 rw-p 00000000 00:00 0 
7fd980021000-7fd984000000 ---p 00000000 00:00 0 
7fd98400a000-7fd98401d000 rw-s 148f74000 00:06 521                       /dev/nvidiactl
7fd98401d000-7fd98403d000 rw-s 19764b000 00:06 521                       /dev/nvidiactl
7fd98403d000-7fd984141000 rw-s 24fdef000 00:06 521                       /dev/nvidiactl
7fd984141000-7fd984151000 r-xp 00000000 08:03 8163351                    /usr/lib/nvidia-370/libGLX.so.0
7fd984151000-7fd984350000 ---p 00010000 08:03 8163351                    /usr/lib/nvidia-370/libGLX.so.0
7fd984350000-7fd984351000 rw-p 0000f000 08:03 8163351                    /usr/lib/nvidia-370/libGLX.so.0
7fd984351000-7fd984371000 rw-p 00000000 00:00 0 
7fd984371000-7fd9843a2000 r-xp 00000000 08:03 8163339                    /usr/lib/nvidia-370/libGL.so.1.0.0
7fd9843a2000-7fd9843d4000 r-xp 00031000 08:03 8163339                    /usr/lib/nvidia-370/libGL.so.1.0.0
7fd9843d4000-7fd9843fe000 r-xp 00063000 08:03 8163339                    /usr/lib/nvidia-370/libGL.so.1.0.0
7fd9843fe000-7fd9845fe000 ---p 0008d000 08:03 8163339                    /usr/lib/nvidia-370/libGL.so.1.0.0
7fd9845fe000-7fd9845ff000 rw-p 0008d000 08:03 8163339                    /usr/lib/nvidia-370/libGL.so.1.0.0
7fd9845ff000-7fd984600000 rw-p 00000000 00:00 0 
7fd984600000-7fd984603000 ---p 00000000 00:00 0 
7fd984603000-7fd984639000 rw-p 00000000 00:00 0 
7fd984639000-7fd98463c000 ---p 00000000 00:00 0 
7fd98463c000-7fd98473a000 rw-p 00000000 00:00 0 
7fd98473a000-7fd98473b000 ---p 00000000 00:00 0 
7fd98473b000-7fd98483b000 rw-p 00000000 00:00 0 
7fd98483b000-7fd98483c000 ---p 00000000 00:00 0 
7fd98483c000-7fd98503c000 rw-p 00000000 00:00 0 
7fd98503c000-7fd985091000 r-xp 00000000 08:03 3538984                    /tmp/libgdxtourneboeuf/31ce78a2/libopenal64.so
7fd985091000-7fd985290000 ---p 00055000 08:03 3538984                    /tmp/libgdxtourneboeuf/31ce78a2/libopenal64.so
7fd985290000-7fd985293000 r--p 00054000 08:03 3538984                    /tmp/libgdxtourneboeuf/31ce78a2/libopenal64.so
7fd985293000-7fd985294000 rw-p 00057000 08:03 3538984                    /tmp/libgdxtourneboeuf/31ce78a2/libopenal64.so
7fd985294000-7fd985295000 rw-p 00000000 00:00 0 
7fd985295000-7fd98529a000 r-xp 00000000 08:03 8131595                    /usr/lib/x86_64-linux-gnu/libXxf86vm.so.1.0.0
7fd98529a000-7fd985499000 ---p 00005000 08:03 8131595                    /usr/lib/x86_64-linux-gnu/libXxf86vm.so.1.0.0
7fd985499000-7fd98549a000 r--p 00004000 08:03 8131595                    /usr/lib/x86_64-linux-gnu/libXxf86vm.so.1.0.0
7fd98549a000-7fd98549b000 rw-p 00005000 08:03 8131595                    /usr/lib/x86_64-linux-gnu/libXxf86vm.so.1.0.0
7fd98549b000-7fd9854a5000 r-xp 00000000 08:03 8129939                    /usr/lib/x86_64-linux-gnu/libXrandr.so.2.2.0
7fd9854a5000-7fd9856a4000 ---p 0000a000 08:03 8129939                    /usr/lib/x86_64-linux-gnu/libXrandr.so.2.2.0
7fd9856a4000-7fd9856a5000 r--p 00009000 08:03 8129939                    /usr/lib/x86_64-linux-gnu/libXrandr.so.2.2.0
7fd9856a5000-7fd9856a6000 rw-p 0000a000 08:03 8129939                    /usr/lib/x86_64-linux-gnu/libXrandr.so.2.2.0
7fd9856d3000-7fd985743000 r-xp 00000000 08:03 3538983                    /tmp/libgdxtourneboeuf/31ce78a2/liblwjgl64.so
7fd985743000-7fd985943000 ---p 00070000 08:03 3538983                    /tmp/libgdxtourneboeuf/31ce78a2/liblwjgl64.so
7fd985943000-7fd985945000 r--p 00070000 08:03 3538983                    /tmp/libgdxtourneboeuf/31ce78a2/liblwjgl64.so
7fd985945000-7fd985946000 rw-p 00072000 08:03 3538983                    /tmp/libgdxtourneboeuf/31ce78a2/liblwjgl64.so
7fd985946000-7fd985947000 r-xp 00000000 08:03 8537779                    /usr/lib/jvm/java-8-oracle/jre/lib/amd64/libjawt.so
7fd985947000-7fd985b46000 ---p 00001000 08:03 8537779                    /usr/lib/jvm/java-8-oracle/jre/lib/amd64/libjawt.so
7fd985b46000-7fd985b47000 rw-p 00000000 08:03 8537779                    /usr/lib/jvm/java-8-oracle/jre/lib/amd64/libjawt.so
7fd985b47000-7fd985b4c000 r-xp 00000000 08:03 8127234                    /usr/lib/x86_64-linux-gnu/libXfixes.so.3.1.0
7fd985b4c000-7fd985d4b000 ---p 00005000 08:03 8127234                    /usr/lib/x86_64-linux-gnu/libXfixes.so.3.1.0
7fd985d4b000-7fd985d4c000 r--p 00004000 08:03 8127234                    /usr/lib/x86_64-linux-gnu/libXfixes.so.3.1.0
7fd985d4c000-7fd985d4d000 rw-p 00005000 08:03 8127234                    /usr/lib/x86_64-linux-gnu/libXfixes.so.3.1.0
7fd985d4d000-7fd985d56000 r-xp 00000000 08:03 8134598                    /usr/lib/x86_64-linux-gnu/libXcursor.so.1.0.2
7fd985d56000-7fd985f55000 ---p 00009000 08:03 8134598                    /usr/lib/x86_64-linux-gnu/libXcursor.so.1.0.2
7fd985f55000-7fd985f56000 r--p 00008000 08:03 8134598                    /usr/lib/x86_64-linux-gnu/libXcursor.so.1.0.2
7fd985f56000-7fd985f57000 rw-p 00009000 08:03 8134598                    /usr/lib/x86_64-linux-gnu/libXcursor.so.1.0.2
7fd985f57000-7fd985fbc000 r-xp 00000000 08:03 8537752                    /usr/lib/jvm/java-8-oracle/jre/lib/amd64/libfontmanager.so
7fd985fbc000-7fd9861bb000 ---p 00065000 08:03 8537752                    /usr/lib/jvm/java-8-oracle/jre/lib/amd64/libfontmanager.so
7fd9861bb000-7fd9861c0000 rw-p 00064000 08:03 8537752                    /usr/lib/jvm/java-8-oracle/jre/lib/amd64/libfontmanager.so
7fd9861c0000-7fd9861d0000 rw-p 00000000 00:00 0 
7fd9861d0000-7fd9861df000 r-xp 00000000 08:03 8126554                    /usr/lib/x86_64-linux-gnu/libXi.so.6.1.0
7fd9861df000-7fd9863de000 ---p 0000f000 08:03 8126554                    /usr/lib/x86_64-linux-gnu/libXi.so.6.1.0
7fd9863de000-7fd9863df000 r--p 0000e000 08:03 8126554                    /usr/lib/x86_64-linux-gnu/libXi.so.6.1.0
7fd9863df000-7fd9863e0000 rw-p 0000f000 08:03 8126554                    /usr/lib/x86_64-linux-gnu/libXi.so.6.1.0
7fd9863e0000-7fd9863e5000 r-xp 00000000 08:03 8134632                    /usr/lib/x86_64-linux-gnu/libXtst.so.6.1.0
7fd9863e5000-7fd9865e4000 ---p 00005000 08:03 8134632                    /usr/lib/x86_64-linux-gnu/libXtst.so.6.1.0
7fd9865e4000-7fd9865e5000 r--p 00004000 08:03 8134632                    /usr/lib/x86_64-linux-gnu/libXtst.so.6.1.0
7fd9865e5000-7fd9865e6000 rw-p 00005000 08:03 8134632                    /usr/lib/x86_64-linux-gnu/libXtst.so.6.1.0
7fd9865e6000-7fd9865ef000 r-xp 00000000 08:03 8135503                    /usr/lib/x86_64-linux-gnu/libXrender.so.1.3.0
7fd9865ef000-7fd9867ee000 ---p 00009000 08:03 8135503                    /usr/lib/x86_64-linux-gnu/libXrender.so.1.3.0
7fd9867ee000-7fd9867ef000 r--p 00008000 08:03 8135503                    /usr/lib/x86_64-linux-gnu/libXrender.so.1.3.0
7fd9867ef000-7fd9867f0000 rw-p 00009000 08:03 8135503                    /usr/lib/x86_64-linux-gnu/libXrender.so.1.3.0
7fd9867f0000-7fd986925000 r-xp 00000000 08:03 8133837                    /usr/lib/x86_64-linux-gnu/libX11.so.6.3.0
7fd986925000-7fd986b25000 ---p 00135000 08:03 8133837                    /usr/lib/x86_64-linux-gnu/libX11.so.6.3.0
7fd986b25000-7fd986b26000 r--p 00135000 08:03 8133837                    /usr/lib/x86_64-linux-gnu/libX11.so.6.3.0
7fd986b26000-7fd986b2a000 rw-p 00136000 08:03 8133837                    /usr/lib/x86_64-linux-gnu/libX11.so.6.3.0
7fd986b2a000-7fd986b3b000 r-xp 00000000 08:03 8127420                    /usr/lib/x86_64-linux-gnu/libXext.so.6.4.0
7fd986b3b000-7fd986d3a000 ---p 00011000 08:03 8127420                    /usr/lib/x86_64-linux-gnu/libXext.so.6.4.0
7fd986d3a000-7fd986d3b000 r--p 00010000 08:03 8127420                    /usr/lib/x86_64-linux-gnu/libXext.so.6.4.0
7fd986d3b000-7fd986d3c000 rw-p 00011000 08:03 8127420                    /usr/lib/x86_64-linux-gnu/libXext.so.6.4.0
7fd986d3c000-7fd986d90000 r-xp 00000000 08:03 8537785                    /usr/lib/jvm/java-8-oracle/jre/lib/amd64/libawt_xawt.so
7fd986d90000-7fd986f90000 ---p 00054000 08:03 8537785                    /usr/lib/jvm/java-8-oracle/jre/lib/amd64/libawt_xawt.so
7fd986f90000-7fd986f94000 rw-p 00054000 08:03 8537785                    /usr/lib/jvm/java-8-oracle/jre/lib/amd64/libawt_xawt.so
7fd986f94000-7fd986f95000 rw-p 00000000 00:00 0 
7fd986f95000-7fd987037000 r-xp 00000000 08:03 8537759                    /usr/lib/jvm/java-8-oracle/jre/lib/amd64/libawt.so
7fd987037000-7fd987237000 ---p 000a2000 08:03 8537759                    /usr/lib/jvm/java-8-oracle/jre/lib/amd64/libawt.so
7fd987237000-7fd987243000 rw-p 000a2000 08:03 8537759                    /usr/lib/jvm/java-8-oracle/jre/lib/amd64/libawt.so
7fd987243000-7fd987267000 rw-p 00000000 00:00 0 
7fd987267000-7fd98727d000 r-xp 00000000 08:03 6817631                    /lib/x86_64-linux-gnu/libgcc_s.so.1
7fd98727d000-7fd98747c000 ---p 00016000 08:03 6817631                    /lib/x86_64-linux-gnu/libgcc_s.so.1
7fd98747c000-7fd98747d000 rw-p 00015000 08:03 6817631                    /lib/x86_64-linux-gnu/libgcc_s.so.1
7fd98747d000-7fd9875ef000 r-xp 00000000 08:03 8126912                    /usr/lib/x86_64-linux-gnu/libstdc++.so.6.0.21
7fd9875ef000-7fd9877ef000 ---p 00172000 08:03 8126912                    /usr/lib/x86_64-linux-gnu/libstdc++.so.6.0.21
7fd9877ef000-7fd9877f9000 r--p 00172000 08:03 8126912                    /usr/lib/x86_64-linux-gnu/libstdc++.so.6.0.21
7fd9877f9000-7fd9877fb000 rw-p 0017c000 08:03 8126912                    /usr/lib/x86_64-linux-gnu/libstdc++.so.6.0.21
7fd9877fb000-7fd9877ff000 rw-p 00000000 00:00 0 
7fd9877ff000-7fd987800000 ---p 00000000 00:00 0 
7fd987800000-7fd988000000 rw-p 00000000 00:00 0 
7fd988000000-7fd988021000 rw-p 00000000 00:00 0 
7fd988021000-7fd98c000000 ---p 00000000 00:00 0 
7fd98c000000-7fd98c021000 rw-p 00000000 00:00 0 
7fd98c021000-7fd990000000 ---p 00000000 00:00 0 
7fd990010000-7fd990012000 rw-s 00000000 08:03 3014679                    /tmp/.glxsdKKg (deleted)
7fd990012000-7fd990013000 rw-s 147ddb000 00:06 521                       /dev/nvidiactl
7fd990013000-7fd990017000 rw-s 197533000 00:06 521                       /dev/nvidiactl
7fd990017000-7fd990018000 rw-s bfee3000 00:06 522                        /dev/nvidia0
7fd990018000-7fd990019000 rw-s bfee3000 00:06 522                        /dev/nvidia0
7fd990019000-7fd99001c000 ---p 00000000 00:00 0 
7fd99001c000-7fd99011a000 rw-p 00000000 00:00 0 
7fd99011a000-7fd99011d000 ---p 00000000 00:00 0 
7fd99011d000-7fd99021b000 rw-p 00000000 00:00 0 
7fd99021b000-7fd990253000 r-xp 00000000 08:03 3538981                    /tmp/libgdxtourneboeuf/6ef2d459/libgdx64.so
7fd990253000-7fd990452000 ---p 00038000 08:03 3538981                    /tmp/libgdxtourneboeuf/6ef2d459/libgdx64.so
7fd990452000-7fd990453000 r--p 00037000 08:03 3538981                    /tmp/libgdxtourneboeuf/6ef2d459/libgdx64.so
7fd990453000-7fd990454000 rw-p 00038000 08:03 3538981                    /tmp/libgdxtourneboeuf/6ef2d459/libgdx64.so
7fd990454000-7fd990457000 ---p 00000000 00:00 0 
7fd990457000-7fd990555000 rw-p 00000000 00:00 0 
7fd990555000-7fd990558000 ---p 00000000 00:00 0 
7fd990558000-7fd990656000 rw-p 00000000 00:00 0 
7fd990656000-7fd99065c000 r-xp 00000000 08:03 8390558                    /usr/lib/x86_64-linux-gnu/alsa-lib/libasound_module_pcm_pulse.so
7fd99065c000-7fd99085b000 ---p 00006000 08:03 8390558                    /usr/lib/x86_64-linux-gnu/alsa-lib/libasound_module_pcm_pulse.so
7fd99085b000-7fd99085c000 r--p 00005000 08:03 8390558                    /usr/lib/x86_64-linux-gnu/alsa-lib/libasound_module_pcm_pulse.so
7fd99085c000-7fd99085d000 rw-p 00006000 08:03 8390558                    /usr/lib/x86_64-linux-gnu/alsa-lib/libasound_module_pcm_pulse.so
7fd99085d000-7fd990887000 r-xp 00000000 08:03 8128542                    /usr/lib/x86_64-linux-gnu/libvorbis.so.0.4.8
7fd990887000-7fd990a87000 ---p 0002a000 08:03 8128542                    /usr/lib/x86_64-linux-gnu/libvorbis.so.0.4.8
7fd990a87000-7fd990a88000 r--p 0002a000 08:03 8128542                    /usr/lib/x86_64-linux-gnu/libvorbis.so.0.4.8
7fd990a88000-7fd990a89000 rw-p 0002b000 08:03 8128542                    /usr/lib/x86_64-linux-gnu/libvorbis.so.0.4.8
7fd990a89000-7fd990a90000 r-xp 00000000 08:03 8126649                    /usr/lib/x86_64-linux-gnu/libogg.so.0.8.2
7fd990a90000-7fd990c90000 ---p 00007000 08:03 8126649                    /usr/lib/x86_64-linux-gnu/libogg.so.0.8.2
7fd990c90000-7fd990c91000 r--p 00007000 08:03 8126649                    /usr/lib/x86_64-linux-gnu/libogg.so.0.8.2
7fd990c91000-7fd990c92000 rw-p 00008000 08:03 8126649                    /usr/lib/x86_64-linux-gnu/libogg.so.0.8.2
7fd990c92000-7fd990ca4000 r-xp 00000000 08:03 6816785                    /lib/x86_64-linux-gnu/libgpg-error.so.0.17.0
7fd990ca4000-7fd990ea4000 ---p 00012000 08:03 6816785                    /lib/x86_64-linux-gnu/libgpg-error.so.0.17.0
7fd990ea4000-7fd990ea5000 r--p 00012000 08:03 6816785                    /lib/x86_64-linux-gnu/libgpg-error.so.0.17.0
7fd990ea5000-7fd990ea6000 rw-p 00013000 08:03 6816785                    /lib/x86_64-linux-gnu/libgpg-error.so.0.17.0
7fd990ea6000-7fd990f14000 r-xp 00000000 08:03 6815814                    /lib/x86_64-linux-gnu/libpcre.so.3.13.2
7fd990f14000-7fd991114000 ---p 0006e000 08:03 6815814                    /lib/x86_64-linux-gnu/libpcre.so.3.13.2
7fd991114000-7fd991115000 r--p 0006e000 08:03 6815814                    /lib/x86_64-linux-gnu/libpcre.so.3.13.2
7fd991115000-7fd991116000 rw-p 0006f000 08:03 6815814                    /lib/x86_64-linux-gnu/libpcre.so.3.13.2
7fd991116000-7fd99112d000 r-xp 00000000 08:03 6826111                    /lib/x86_64-linux-gnu/libresolv-2.23.so
7fd99112d000-7fd99132d000 ---p 00017000 08:03 6826111                    /lib/x86_64-linux-gnu/libresolv-2.23.so
7fd99132d000-7fd99132e000 r--p 00017000 08:03 6826111                    /lib/x86_64-linux-gnu/libresolv-2.23.so
7fd99132e000-7fd99132f000 rw-p 00018000 08:03 6826111                    /lib/x86_64-linux-gnu/libresolv-2.23.so
7fd99132f000-7fd991331000 rw-p 00000000 00:00 0 
7fd991331000-7fd9913be000 r-xp 00000000 08:03 8128534                    /usr/lib/x86_64-linux-gnu/libvorbisenc.so.2.0.11
7fd9913be000-7fd9915bd000 ---p 0008d000 08:03 8128534                    /usr/lib/x86_64-linux-gnu/libvorbisenc.so.2.0.11
7fd9915bd000-7fd9915d9000 r--p 0008c000 08:03 8128534                    /usr/lib/x86_64-linux-gnu/libvorbisenc.so.2.0.11
7fd9915d9000-7fd9915da000 rw-p 000a8000 08:03 8128534                    /usr/lib/x86_64-linux-gnu/libvorbisenc.so.2.0.11
7fd9915da000-7fd99164d000 r-xp 00000000 08:03 8130792                    /usr/lib/x86_64-linux-gnu/libFLAC.so.8.3.0
7fd99164d000-7fd99184d000 ---p 00073000 08:03 8130792                    /usr/lib/x86_64-linux-gnu/libFLAC.so.8.3.0
7fd99184d000-7fd99184e000 r--p 00073000 08:03 8130792                    /usr/lib/x86_64-linux-gnu/libFLAC.so.8.3.0
7fd99184e000-7fd99184f000 rw-p 00074000 08:03 8130792                    /usr/lib/x86_64-linux-gnu/libFLAC.so.8.3.0
7fd99184f000-7fd991927000 r-xp 00000000 08:03 6816035                    /lib/x86_64-linux-gnu/libgcrypt.so.20.0.5
7fd991927000-7fd991b26000 ---p 000d8000 08:03 6816035                    /lib/x86_64-linux-gnu/libgcrypt.so.20.0.5
7fd991b26000-7fd991b27000 r--p 000d7000 08:03 6816035                    /lib/x86_64-linux-gnu/libgcrypt.so.20.0.5
7fd991b27000-7fd991b2f000 rw-p 000d8000 08:03 6816035                    /lib/x86_64-linux-gnu/libgcrypt.so.20.0.5
7fd991b2f000-7fd991b30000 rw-p 00000000 00:00 0 
7fd991b30000-7fd991b51000 r-xp 00000000 08:03 6819846                    /lib/x86_64-linux-gnu/liblzma.so.5.0.0
7fd991b51000-7fd991d50000 ---p 00021000 08:03 6819846                    /lib/x86_64-linux-gnu/liblzma.so.5.0.0
7fd991d50000-7fd991d51000 r--p 00020000 08:03 6819846                    /lib/x86_64-linux-gnu/liblzma.so.5.0.0
7fd991d51000-7fd991d52000 rw-p 00021000 08:03 6819846                    /lib/x86_64-linux-gnu/liblzma.so.5.0.0
7fd991d52000-7fd991d71000 r-xp 00000000 08:03 6817704                    /lib/x86_64-linux-gnu/libselinux.so.1
7fd991d71000-7fd991f70000 ---p 0001f000 08:03 6817704                    /lib/x86_64-linux-gnu/libselinux.so.1
7fd991f70000-7fd991f71000 r--p 0001e000 08:03 6817704                    /lib/x86_64-linux-gnu/libselinux.so.1
7fd991f71000-7fd991f72000 rw-p 0001f000 08:03 6817704                    /lib/x86_64-linux-gnu/libselinux.so.1
7fd991f72000-7fd991f74000 rw-p 00000000 00:00 0 
7fd991f74000-7fd991f79000 r-xp 00000000 08:03 8127822                    /usr/lib/x86_64-linux-gnu/libXdmcp.so.6.0.0
7fd991f79000-7fd992178000 ---p 00005000 08:03 8127822                    /usr/lib/x86_64-linux-gnu/libXdmcp.so.6.0.0
7fd992178000-7fd992179000 r--p 00004000 08:03 8127822                    /usr/lib/x86_64-linux-gnu/libXdmcp.so.6.0.0
7fd992179000-7fd99217a000 rw-p 00005000 08:03 8127822                    /usr/lib/x86_64-linux-gnu/libXdmcp.so.6.0.0
7fd99217a000-7fd99217c000 r-xp 00000000 08:03 8134591                    /usr/lib/x86_64-linux-gnu/libXau.so.6.0.0
7fd99217c000-7fd99237c000 ---p 00002000 08:03 8134591                    /usr/lib/x86_64-linux-gnu/libXau.so.6.0.0
7fd99237c000-7fd99237d000 r--p 00002000 08:03 8134591                    /usr/lib/x86_64-linux-gnu/libXau.so.6.0.0
7fd99237d000-7fd99237e000 rw-p 00003000 08:03 8134591                    /usr/lib/x86_64-linux-gnu/libXau.so.6.0.0
7fd99237e000-7fd992383000 r-xp 00000000 08:03 8129613                    /usr/lib/x86_64-linux-gnu/libasyncns.so.0.3.1
7fd992383000-7fd992582000 ---p 00005000 08:03 8129613                    /usr/lib/x86_64-linux-gnu/libasyncns.so.0.3.1
7fd992582000-7fd992583000 r--p 00004000 08:03 8129613                    /usr/lib/x86_64-linux-gnu/libasyncns.so.0.3.1
7fd992583000-7fd992584000 rw-p 00005000 08:03 8129613                    /usr/lib/x86_64-linux-gnu/libasyncns.so.0.3.1
7fd992584000-7fd9925e6000 r-xp 00000000 08:03 8130795                    /usr/lib/x86_64-linux-gnu/libsndfile.so.1.0.25
7fd9925e6000-7fd9927e6000 ---p 00062000 08:03 8130795                    /usr/lib/x86_64-linux-gnu/libsndfile.so.1.0.25
7fd9927e6000-7fd9927e8000 r--p 00062000 08:03 8130795                    /usr/lib/x86_64-linux-gnu/libsndfile.so.1.0.25
7fd9927e8000-7fd9927e9000 rw-p 00064000 08:03 8130795                    /usr/lib/x86_64-linux-gnu/libsndfile.so.1.0.25
7fd9927e9000-7fd9927ed000 rw-p 00000000 00:00 0 
7fd9927ed000-7fd9927f5000 r-xp 00000000 08:03 6819959                    /lib/x86_64-linux-gnu/libwrap.so.0.7.6
7fd9927f5000-7fd9929f4000 ---p 00008000 08:03 6819959                    /lib/x86_64-linux-gnu/libwrap.so.0.7.6
7fd9929f4000-7fd9929f5000 r--p 00007000 08:03 6819959                    /lib/x86_64-linux-gnu/libwrap.so.0.7.6
7fd9929f5000-7fd9929f6000 rw-p 00008000 08:03 6819959                    /lib/x86_64-linux-gnu/libwrap.so.0.7.6
7fd9929f6000-7fd9929f7000 rw-p 00000000 00:00 0 
7fd9929f7000-7fd992a77000 r-xp 00000000 08:03 6815922                    /lib/x86_64-linux-gnu/libsystemd.so.0.14.0
7fd992a77000-7fd992a7a000 r--p 0007f000 08:03 6815922                    /lib/x86_64-linux-gnu/libsystemd.so.0.14.0
7fd992a7a000-7fd992a7b000 rw-p 00082000 08:03 6815922                    /lib/x86_64-linux-gnu/libsystemd.so.0.14.0
7fd992a7b000-7fd992a7c000 rw-p 00000000 00:00 0 
7fd992a7c000-7fd992a9d000 r-xp 00000000 08:03 8129160                    /usr/lib/x86_64-linux-gnu/libxcb.so.1.1.0
7fd992a9d000-7fd992c9c000 ---p 00021000 08:03 8129160                    /usr/lib/x86_64-linux-gnu/libxcb.so.1.1.0
7fd992c9c000-7fd992c9d000 r--p 00020000 08:03 8129160                    /usr/lib/x86_64-linux-gnu/libxcb.so.1.1.0
7fd992c9d000-7fd992c9e000 rw-p 00021000 08:03 8129160                    /usr/lib/x86_64-linux-gnu/libxcb.so.1.1.0
7fd992c9e000-7fd992ce8000 r-xp 00000000 08:03 6815772                    /lib/x86_64-linux-gnu/libdbus-1.so.3.14.6
7fd992ce8000-7fd992ee8000 ---p 0004a000 08:03 6815772                    /lib/x86_64-linux-gnu/libdbus-1.so.3.14.6
7fd992ee8000-7fd992ee9000 r--p 0004a000 08:03 6815772                    /lib/x86_64-linux-gnu/libdbus-1.so.3.14.6
7fd992ee9000-7fd992eea000 rw-p 0004b000 08:03 6815772                    /lib/x86_64-linux-gnu/libdbus-1.so.3.14.6
7fd992eea000-7fd992f64000 r-xp 00000000 08:03 8519800                    /usr/lib/x86_64-linux-gnu/pulseaudio/libpulsecommon-8.0.so
7fd992f64000-7fd993163000 ---p 0007a000 08:03 8519800                    /usr/lib/x86_64-linux-gnu/pulseaudio/libpulsecommon-8.0.so
7fd993163000-7fd993164000 r--p 00079000 08:03 8519800                    /usr/lib/x86_64-linux-gnu/pulseaudio/libpulsecommon-8.0.so
7fd993164000-7fd993165000 rw-p 0007a000 08:03 8519800                    /usr/lib/x86_64-linux-gnu/pulseaudio/libpulsecommon-8.0.so
7fd993165000-7fd99316f000 r-xp 00000000 08:03 6815927                    /lib/x86_64-linux-gnu/libjson-c.so.2.0.0
7fd99316f000-7fd99336e000 ---p 0000a000 08:03 6815927                    /lib/x86_64-linux-gnu/libjson-c.so.2.0.0
7fd99336e000-7fd99336f000 r--p 00009000 08:03 6815927                    /lib/x86_64-linux-gnu/libjson-c.so.2.0.0
7fd99336f000-7fd993370000 rw-p 0000a000 08:03 6815927                    /lib/x86_64-linux-gnu/libjson-c.so.2.0.0
7fd993370000-7fd9933be000 r-xp 00000000 08:03 8129236                    /usr/lib/x86_64-linux-gnu/libpulse.so.0.19.0
7fd9933be000-7fd9935be000 ---p 0004e000 08:03 8129236                    /usr/lib/x86_64-linux-gnu/libpulse.so.0.19.0
7fd9935be000-7fd9935bf000 r--p 0004e000 08:03 8129236                    /usr/lib/x86_64-linux-gnu/libpulse.so.0.19.0
7fd9935bf000-7fd9935c0000 rw-p 0004f000 08:03 8129236                    /usr/lib/x86_64-linux-gnu/libpulse.so.0.19.0
7fd9935c0000-7fd9935c3000 ---p 00000000 00:00 0 
7fd9935c3000-7fd9936c1000 rw-p 00000000 00:00 0 
7fd9936c1000-7fd9936c4000 ---p 00000000 00:00 0 
7fd9936c4000-7fd9937c2000 rw-p 00000000 00:00 0 
7fd9937c2000-7fd9938bb000 r-xp 00000000 08:03 8128572                    /usr/lib/x86_64-linux-gnu/libasound.so.2.0.0
7fd9938bb000-7fd993aba000 ---p 000f9000 08:03 8128572                    /usr/lib/x86_64-linux-gnu/libasound.so.2.0.0
7fd993aba000-7fd993ac1000 r--p 000f8000 08:03 8128572                    /usr/lib/x86_64-linux-gnu/libasound.so.2.0.0
7fd993ac1000-7fd993ac2000 rw-p 000ff000 08:03 8128572                    /usr/lib/x86_64-linux-gnu/libasound.so.2.0.0
7fd993ac2000-7fd993ac3000 rw-s 147c93000 00:06 521                       /dev/nvidiactl
7fd993ac3000-7fd993ac4000 rw-s c3060000 00:06 522                        /dev/nvidia0
7fd993ac4000-7fd993ad4000 rw-s 00000000 08:06 12324496                   /home2/tourneboeuf/.glvndYBNuUC (deleted)
7fd993ad4000-7fd993ae4000 r-xs 00000000 08:06 12324496                   /home2/tourneboeuf/.glvndYBNuUC (deleted)
7fd993ae4000-7fd993ae8000 r--s 00097000 08:03 8403247                    /usr/lib/jvm/java-8-oracle/jre/lib/jsse.jar
7fd993ae8000-7fd993aef000 r--s 00000000 08:03 8392999                    /usr/lib/x86_64-linux-gnu/gconv/gconv-modules.cache
7fd993aef000-7fd993afe000 r-xp 00000000 08:03 8537750                    /usr/lib/jvm/java-8-oracle/jre/lib/amd64/libjsoundalsa.so
7fd993afe000-7fd993cfd000 ---p 0000f000 08:03 8537750                    /usr/lib/jvm/java-8-oracle/jre/lib/amd64/libjsoundalsa.so
7fd993cfd000-7fd993cfe000 rw-p 0000e000 08:03 8537750                    /usr/lib/jvm/java-8-oracle/jre/lib/amd64/libjsoundalsa.so
7fd993cfe000-7fd993cff000 r-xp 00000000 08:03 8537787                    /usr/lib/jvm/java-8-oracle/jre/lib/amd64/libjsound.so
7fd993cff000-7fd993efe000 ---p 00001000 08:03 8537787                    /usr/lib/jvm/java-8-oracle/jre/lib/amd64/libjsound.so
7fd993efe000-7fd993eff000 rw-p 00000000 08:03 8537787                    /usr/lib/jvm/java-8-oracle/jre/lib/amd64/libjsound.so
7fd993eff000-7fd993f00000 ---p 00000000 00:00 0 
7fd993f00000-7fd994000000 rw-p 00000000 00:00 0 
7fd994000000-7fd994d7a000 rw-p 00000000 00:00 0 
7fd994d7a000-7fd998000000 ---p 00000000 00:00 0 
7fd998000000-7fd998747000 rw-p 00000000 00:00 0 
7fd998747000-7fd99c000000 ---p 00000000 00:00 0 
7fd99c000000-7fd99c021000 rw-p 00000000 00:00 0 
7fd99c021000-7fd9a0000000 ---p 00000000 00:00 0 
7fd9a0000000-7fd9a071b000 rw-p 00000000 00:00 0 
7fd9a071b000-7fd9a4000000 ---p 00000000 00:00 0 
7fd9a4000000-7fd9a4021000 rw-p 00000000 00:00 0 
7fd9a4021000-7fd9a8000000 ---p 00000000 00:00 0 
7fd9a8000000-7fd9a8021000 rw-p 00000000 00:00 0 
7fd9a8021000-7fd9ac000000 ---p 00000000 00:00 0 
7fd9ac000000-7fd9ac021000 rw-p 00000000 00:00 0 
7fd9ac021000-7fd9b0000000 ---p 00000000 00:00 0 
7fd9b0000000-7fd9b0021000 rw-p 00000000 00:00 0 
7fd9b0021000-7fd9b4000000 ---p 00000000 00:00 0 
7fd9b4000000-7fd9b4021000 rw-p 00000000 00:00 0 
7fd9b4021000-7fd9b8000000 ---p 00000000 00:00 0 
7fd9b8000000-7fd9b8021000 rw-p 00000000 00:00 0 
7fd9b8021000-7fd9bc000000 ---p 00000000 00:00 0 
7fd9bc000000-7fd9bc021000 rw-p 00000000 00:00 0 
7fd9bc021000-7fd9c0000000 ---p 00000000 00:00 0 
7fd9c0000000-7fd9c0001000 r--s 00002000 08:06 27525199                   /home2/tourneboeuf/.gradle/caches/modules-2/files-2.1/net.java.jinput/jinput-platform/2.0.5/53f9c919f34d2ca9de8c51fc4e1e8282029a9232/jinput-platform-2.0.5-natives-osx.jar
7fd9c0001000-7fd9c0002000 r--s 00025000 08:06 27525197                   /home2/tourneboeuf/.gradle/caches/modules-2/files-2.1/net.java.jinput/jinput-platform/2.0.5/385ee093e01f587f30ee1c8a2ee7d408fd732e16/jinput-platform-2.0.5-natives-windows.jar
7fd9c0002000-7fd9c0003000 r--s 00002000 08:06 27525195                   /home2/tourneboeuf/.gradle/caches/modules-2/files-2.1/net.java.jinput/jinput-platform/2.0.5/7ff832a6eb9ab6a767f1ade2b548092d0fa64795/jinput-platform-2.0.5-natives-linux.jar
7fd9c0003000-7fd9c0004000 r--s 00001000 08:06 27525193                   /home2/tourneboeuf/.gradle/caches/modules-2/files-2.1/net.java.jutils/jutils/1.0.0/e12fe1fda814bd348c1579329c86943d2cd3c6a6/jutils-1.0.0.jar
7fd9c0004000-7fd9c0008000 r--s 0002f000 08:06 27525191                   /home2/tourneboeuf/.gradle/caches/modules-2/files-2.1/net.java.jinput/jinput/2.0.5/39c7796b469a600f72380316f6b1f11db6c2c7c4/jinput-2.0.5.jar
7fd9c0008000-7fd9c0009000 r--s 00068000 08:06 27525189                   /home2/tourneboeuf/.gradle/caches/modules-2/files-2.1/org.lwjgl.lwjgl/lwjgl-platform/2.9.2/d55b46b40b40249d627a83a7f7f22649709d70c3/lwjgl-platform-2.9.2-natives-osx.jar
7fd9c0009000-7fd9c000a000 r--s 0008d000 08:06 27525187                   /home2/tourneboeuf/.gradle/caches/modules-2/files-2.1/org.lwjgl.lwjgl/lwjgl-platform/2.9.2/d276cdf61fe2b516c7b7f4aa1b8dea91dbdc8d56/lwjgl-platform-2.9.2-natives-linux.jar
7fd9c000a000-7fd9c0018000 r--s 000f2000 08:06 27525175                   /home2/tourneboeuf/.gradle/caches/modules-2/files-2.1/org.lwjgl.lwjgl/lwjgl/2.9.2/a9d80fe5935c7a9149f6584d9777cfd471f65489/lwjgl-2.9.2.jar
7fd9c0018000-7fd9c002b000 r--s 0013d000 08:06 19541782                   /home2/tourneboeuf/.gradle/caches/modules-2/files-2.1/com.badlogicgames.gdx/gdx-bullet/1.9.0/cf3f2fad3ea557f8d5aae924cc74f86cd7c10367/gdx-bullet-1.9.0.jar
7fd9c002b000-7fd9c003e000 r--s 00345000 08:03 8403212                    /usr/lib/jvm/java-8-oracle/jre/lib/resources.jar
7fd9c003e000-7fd9c0058000 r--s 001a6000 08:06 21496169                   /home2/tourneboeuf/.gradle/caches/modules-2/files-2.1/com.badlogicgames.gdx/gdx/1.9.0/a064f06e8692c8f7084cd0100529ed8285413ff5/gdx-1.9.0.jar
7fd9c0058000-7fd9c005b000 ---p 00000000 00:00 0 
7fd9c005b000-7fd9c0159000 rw-p 00000000 00:00 0 
7fd9c0159000-7fd9c015c000 ---p 00000000 00:00 0 
7fd9c015c000-7fd9c025a000 rw-p 00000000 00:00 0 
7fd9c025a000-7fd9c025d000 ---p 00000000 00:00 0 
7fd9c025d000-7fd9c035b000 rw-p 00000000 00:00 0 
7fd9c035b000-7fd9c035e000 ---p 00000000 00:00 0 
7fd9c035e000-7fd9c045c000 rw-p 00000000 00:00 0 
7fd9c045c000-7fd9c045f000 ---p 00000000 00:00 0 
7fd9c045f000-7fd9c055d000 rw-p 00000000 00:00 0 
7fd9c055d000-7fd9c0836000 r--p 00000000 08:03 8129148                    /usr/lib/locale/locale-archive
7fd9c0836000-7fd9c0839000 ---p 00000000 00:00 0 
7fd9c0839000-7fd9c0937000 rw-p 00000000 00:00 0 
7fd9c0937000-7fd9c093a000 ---p 00000000 00:00 0 
7fd9c093a000-7fd9c0a38000 rw-p 00000000 00:00 0 
7fd9c0a38000-7fd9c0a39000 ---p 00000000 00:00 0 
7fd9c0a39000-7fd9c5000000 rw-p 00000000 00:00 0 
7fd9c5000000-7fd9c57e0000 rwxp 00000000 00:00 0 
7fd9c57e0000-7fd9d4000000 ---p 00000000 00:00 0 
7fd9d4000000-7fd9d45c6000 rw-p 00000000 00:00 0 
7fd9d45c6000-7fd9d8000000 ---p 00000000 00:00 0 
7fd9d8000000-7fd9d8001000 r--s 00095000 08:06 27525185                   /home2/tourneboeuf/.gradle/caches/modules-2/files-2.1/org.lwjgl.lwjgl/lwjgl-platform/2.9.2/510c7d317f5e9e700b9cfaac5fd38bdebf0702e0/lwjgl-platform-2.9.2-natives-windows.jar
7fd9d8001000-7fd9d8003000 r--s 00017000 08:06 27525181                   /home2/tourneboeuf/.gradle/caches/modules-2/files-2.1/org.jcraft/jorbis/0.0.17/8872d22b293e8f5d7d56ff92be966e6dc28ebdc6/jorbis-0.0.17.jar
7fd9d8003000-7fd9d8004000 r--s 00015000 08:06 27525179                   /home2/tourneboeuf/.gradle/caches/modules-2/files-2.1/com.badlogicgames.jlayer/jlayer/1.0.1-gdx/7cca83cec5c1b2f011362f4d85aabd71a73b049d/jlayer-1.0.1-gdx.jar
7fd9d8004000-7fd9d8008000 r--s 00027000 08:06 27525177                   /home2/tourneboeuf/.gradle/caches/modules-2/files-2.1/org.lwjgl.lwjgl/lwjgl_util/2.9.2/4b9e37300a87799856e0bd15ed81663cdb6b0947/lwjgl_util-2.9.2.jar
7fd9d8008000-7fd9d800a000 r--s 00002000 08:06 27263104                   /home2/tourneboeuf/.gradle/caches/modules-2/files-2.1/com.badlogicgames.gdx/gdx-controllers/1.9.0/f09e850dbc8bae56546979d6cff2dde58d054107/gdx-controllers-1.9.0.jar
7fd9d800a000-7fd9d800c000 r--s 00008000 08:06 22153397                   /home2/tourneboeuf/.gradle/caches/modules-2/files-2.1/com.badlogicgames.gdx/gdx-freetype/1.9.0/b03693d840ea49eac2e0ec5c2f61b9e91207ddc3/gdx-freetype-1.9.0.jar
7fd9d800c000-7fd9d800e000 r--s 00010000 08:06 19541780                   /home2/tourneboeuf/.gradle/caches/modules-2/files-2.1/com.badlogicgames.gdx/gdx-box2d/1.9.0/d7a6ba43a7007e30802638a8f0d7e23a2eb73415/gdx-box2d-1.9.0.jar
7fd9d800e000-7fd9d800f000 r--s 00133000 08:06 27525234                   /home2/tourneboeuf/.gradle/caches/modules-2/files-2.1/com.badlogicgames.gdx/gdx-controllers-platform/1.9.0/33d246ded518ac230fee55d1750c1288d0d6203a/gdx-controllers-platform-1.9.0-natives-desktop.jar
7fd9d800f000-7fd9d8011000 r--s 00004000 08:06 27525232                   /home2/tourneboeuf/.gradle/caches/modules-2/files-2.1/com.badlogicgames.gdx/gdx-controllers-desktop/1.9.0/d86ac80aefa31ba44e6907522c19592f2524b41f/gdx-controllers-desktop-1.9.0.jar
7fd9d8011000-7fd9d8012000 r--s 0021a000 08:06 22153531                   /home2/tourneboeuf/.gradle/caches/modules-2/files-2.1/com.badlogicgames.gdx/gdx-freetype-platform/1.9.0/75b2c03f92ee1b88fc8698751dc55ccc2654f2f7/gdx-freetype-platform-1.9.0-natives-desktop.jar
7fd9d8012000-7fd9d8013000 r--s 00888000 08:06 19541786                   /home2/tourneboeuf/.gradle/caches/modules-2/files-2.1/com.badlogicgames.gdx/gdx-bullet-platform/1.9.0/b68f58c547124ad6b9517a38be250d7c4b023f1b/gdx-bullet-platform-1.9.0-natives-desktop.jar
7fd9d8013000-7fd9d8015000 r--s 000fa000 08:06 19541785                   /home2/tourneboeuf/.gradle/caches/modules-2/files-2.1/com.badlogicgames.gdx/gdx-box2d-platform/1.9.0/5e032d47a655fe0b2ea54ca530566b4c185aecc2/gdx-box2d-platform-1.9.0-natives-desktop.jar
7fd9d8015000-7fd9d8016000 r--s 000d4000 08:06 21496185                   /home2/tourneboeuf/.gradle/caches/modules-2/files-2.1/com.badlogicgames.gdx/gdx-platform/1.9.0/bd396a0e63ef2c54c0b0c88abdbb8a4e1944fa66/gdx-platform-1.9.0-natives-desktop.jar
7fd9d8016000-7fd9d801a000 r--s 00020000 08:06 21496183                   /home2/tourneboeuf/.gradle/caches/modules-2/files-2.1/com.badlogicgames.gdx/gdx-backend-lwjgl/1.9.0/aa4daf87fbd3f1beba8a3104a609fe122beefbac/gdx-backend-lwjgl-1.9.0.jar
7fd9d801a000-7fd9d88d4000 rw-p 00000000 00:00 0 
7fd9d88d4000-7fd9d8aac000 r--s 03d2a000 08:03 8403258                    /usr/lib/jvm/java-8-oracle/jre/lib/rt.jar
7fd9d8aac000-7fd9d96fe000 rw-p 00000000 00:00 0 
7fd9d96fe000-7fd9d96ff000 ---p 00000000 00:00 0 
7fd9d96ff000-7fd9d97ff000 rw-p 00000000 00:00 0 
7fd9d97ff000-7fd9d9800000 ---p 00000000 00:00 0 
7fd9d9800000-7fd9d9900000 rw-p 00000000 00:00 0 
7fd9d9900000-7fd9d9901000 ---p 00000000 00:00 0 
7fd9d9901000-7fd9d9a01000 rw-p 00000000 00:00 0 
7fd9d9a01000-7fd9d9a02000 ---p 00000000 00:00 0 
7fd9d9a02000-7fd9d9b2c000 rw-p 00000000 00:00 0 
7fd9d9b2c000-7fd9d9d95000 ---p 00000000 00:00 0 
7fd9d9d95000-7fd9d9dbf000 rw-p 00000000 00:00 0 
7fd9d9dbf000-7fd9da027000 ---p 00000000 00:00 0 
7fd9da027000-7fd9da04c000 rw-p 00000000 00:00 0 
7fd9da04c000-7fd9da171000 ---p 00000000 00:00 0 
7fd9da171000-7fd9da192000 rw-p 00000000 00:00 0 
7fd9da192000-7fd9da532000 ---p 00000000 00:00 0 
7fd9da532000-7fd9da54c000 r-xp 00000000 08:03 8537738                    /usr/lib/jvm/java-8-oracle/jre/lib/amd64/libzip.so
7fd9da54c000-7fd9da74c000 ---p 0001a000 08:03 8537738                    /usr/lib/jvm/java-8-oracle/jre/lib/amd64/libzip.so
7fd9da74c000-7fd9da74d000 rw-p 0001a000 08:03 8537738                    /usr/lib/jvm/java-8-oracle/jre/lib/amd64/libzip.so
7fd9da74d000-7fd9da758000 r-xp 00000000 08:03 6826110                    /lib/x86_64-linux-gnu/libnss_files-2.23.so
7fd9da758000-7fd9da957000 ---p 0000b000 08:03 6826110                    /lib/x86_64-linux-gnu/libnss_files-2.23.so
7fd9da957000-7fd9da958000 r--p 0000a000 08:03 6826110                    /lib/x86_64-linux-gnu/libnss_files-2.23.so
7fd9da958000-7fd9da959000 rw-p 0000b000 08:03 6826110                    /lib/x86_64-linux-gnu/libnss_files-2.23.so
7fd9da959000-7fd9da95f000 rw-p 00000000 00:00 0 
7fd9da95f000-7fd9da96a000 r-xp 00000000 08:03 6823662                    /lib/x86_64-linux-gnu/libnss_nis-2.23.so
7fd9da96a000-7fd9dab69000 ---p 0000b000 08:03 6823662                    /lib/x86_64-linux-gnu/libnss_nis-2.23.so
7fd9dab69000-7fd9dab6a000 r--p 0000a000 08:03 6823662                    /lib/x86_64-linux-gnu/libnss_nis-2.23.so
7fd9dab6a000-7fd9dab6b000 rw-p 0000b000 08:03 6823662                    /lib/x86_64-linux-gnu/libnss_nis-2.23.so
7fd9dab6b000-7fd9dab81000 r-xp 00000000 08:03 6826106                    /lib/x86_64-linux-gnu/libnsl-2.23.so
7fd9dab81000-7fd9dad80000 ---p 00016000 08:03 6826106                    /lib/x86_64-linux-gnu/libnsl-2.23.so
7fd9dad80000-7fd9dad81000 r--p 00015000 08:03 6826106                    /lib/x86_64-linux-gnu/libnsl-2.23.so
7fd9dad81000-7fd9dad82000 rw-p 00016000 08:03 6826106                    /lib/x86_64-linux-gnu/libnsl-2.23.so
7fd9dad82000-7fd9dad84000 rw-p 00000000 00:00 0 
7fd9dad84000-7fd9dad8c000 r-xp 00000000 08:03 6826107                    /lib/x86_64-linux-gnu/libnss_compat-2.23.so
7fd9dad8c000-7fd9daf8b000 ---p 00008000 08:03 6826107                    /lib/x86_64-linux-gnu/libnss_compat-2.23.so
7fd9daf8b000-7fd9daf8c000 r--p 00007000 08:03 6826107                    /lib/x86_64-linux-gnu/libnss_compat-2.23.so
7fd9daf8c000-7fd9daf8d000 rw-p 00008000 08:03 6826107                    /lib/x86_64-linux-gnu/libnss_compat-2.23.so
7fd9daf8d000-7fd9dafb8000 r-xp 00000000 08:03 8537800                    /usr/lib/jvm/java-8-oracle/jre/lib/amd64/libjava.so
7fd9dafb8000-7fd9db1b7000 ---p 0002b000 08:03 8537800                    /usr/lib/jvm/java-8-oracle/jre/lib/amd64/libjava.so
7fd9db1b7000-7fd9db1b9000 rw-p 0002a000 08:03 8537800                    /usr/lib/jvm/java-8-oracle/jre/lib/amd64/libjava.so
7fd9db1b9000-7fd9db1c6000 r-xp 00000000 08:03 8537773                    /usr/lib/jvm/java-8-oracle/jre/lib/amd64/libverify.so
7fd9db1c6000-7fd9db3c5000 ---p 0000d000 08:03 8537773                    /usr/lib/jvm/java-8-oracle/jre/lib/amd64/libverify.so
7fd9db3c5000-7fd9db3c7000 rw-p 0000c000 08:03 8537773                    /usr/lib/jvm/java-8-oracle/jre/lib/amd64/libverify.so
7fd9db3c7000-7fd9db3ce000 r-xp 00000000 08:03 6819944                    /lib/x86_64-linux-gnu/librt-2.23.so
7fd9db3ce000-7fd9db5cd000 ---p 00007000 08:03 6819944                    /lib/x86_64-linux-gnu/librt-2.23.so
7fd9db5cd000-7fd9db5ce000 r--p 00006000 08:03 6819944                    /lib/x86_64-linux-gnu/librt-2.23.so
7fd9db5ce000-7fd9db5cf000 rw-p 00007000 08:03 6819944                    /lib/x86_64-linux-gnu/librt-2.23.so
7fd9db5cf000-7fd9db6d7000 r-xp 00000000 08:03 6826104                    /lib/x86_64-linux-gnu/libm-2.23.so
7fd9db6d7000-7fd9db8d6000 ---p 00108000 08:03 6826104                    /lib/x86_64-linux-gnu/libm-2.23.so
7fd9db8d6000-7fd9db8d7000 r--p 00107000 08:03 6826104                    /lib/x86_64-linux-gnu/libm-2.23.so
7fd9db8d7000-7fd9db8d8000 rw-p 00108000 08:03 6826104                    /lib/x86_64-linux-gnu/libm-2.23.so
7fd9db8d8000-7fd9dc5a5000 r-xp 00000000 08:03 8537791                    /usr/lib/jvm/java-8-oracle/jre/lib/amd64/server/libjvm.so
7fd9dc5a5000-7fd9dc7a4000 ---p 00ccd000 08:03 8537791                    /usr/lib/jvm/java-8-oracle/jre/lib/amd64/server/libjvm.so
7fd9dc7a4000-7fd9dc87d000 rw-p 00ccc000 08:03 8537791                    /usr/lib/jvm/java-8-oracle/jre/lib/amd64/server/libjvm.so
7fd9dc87d000-7fd9dc8c8000 rw-p 00000000 00:00 0 
7fd9dc8c8000-7fd9dca87000 r-xp 00000000 08:03 6826086                    /lib/x86_64-linux-gnu/libc-2.23.so
7fd9dca87000-7fd9dcc87000 ---p 001bf000 08:03 6826086                    /lib/x86_64-linux-gnu/libc-2.23.so
7fd9dcc87000-7fd9dcc8b000 r--p 001bf000 08:03 6826086                    /lib/x86_64-linux-gnu/libc-2.23.so
7fd9dcc8b000-7fd9dcc8d000 rw-p 001c3000 08:03 6826086                    /lib/x86_64-linux-gnu/libc-2.23.so
7fd9dcc8d000-7fd9dcc91000 rw-p 00000000 00:00 0 
7fd9dcc91000-7fd9dcc94000 r-xp 00000000 08:03 6826085                    /lib/x86_64-linux-gnu/libdl-2.23.so
7fd9dcc94000-7fd9dce93000 ---p 00003000 08:03 6826085                    /lib/x86_64-linux-gnu/libdl-2.23.so
7fd9dce93000-7fd9dce94000 r--p 00002000 08:03 6826085                    /lib/x86_64-linux-gnu/libdl-2.23.so
7fd9dce94000-7fd9dce95000 rw-p 00003000 08:03 6826085                    /lib/x86_64-linux-gnu/libdl-2.23.so
7fd9dce95000-7fd9dceaa000 r-xp 00000000 08:03 8397721                    /usr/lib/jvm/java-8-oracle/lib/amd64/jli/libjli.so
7fd9dceaa000-7fd9dd0aa000 ---p 00015000 08:03 8397721                    /usr/lib/jvm/java-8-oracle/lib/amd64/jli/libjli.so
7fd9dd0aa000-7fd9dd0ab000 rw-p 00015000 08:03 8397721                    /usr/lib/jvm/java-8-oracle/lib/amd64/jli/libjli.so
7fd9dd0ab000-7fd9dd0c3000 r-xp 00000000 08:03 6826105                    /lib/x86_64-linux-gnu/libpthread-2.23.so
7fd9dd0c3000-7fd9dd2c2000 ---p 00018000 08:03 6826105                    /lib/x86_64-linux-gnu/libpthread-2.23.so
7fd9dd2c2000-7fd9dd2c3000 r--p 00017000 08:03 6826105                    /lib/x86_64-linux-gnu/libpthread-2.23.so
7fd9dd2c3000-7fd9dd2c4000 rw-p 00018000 08:03 6826105                    /lib/x86_64-linux-gnu/libpthread-2.23.so
7fd9dd2c4000-7fd9dd2c8000 rw-p 00000000 00:00 0 
7fd9dd2c8000-7fd9dd2ee000 r-xp 00000000 08:03 6819758                    /lib/x86_64-linux-gnu/ld-2.23.so
7fd9dd2ee000-7fd9dd3b9000 rw-p 00000000 00:00 0 
7fd9dd3b9000-7fd9dd3bc000 ---p 00000000 00:00 0 
7fd9dd3bc000-7fd9dd4be000 rw-p 00000000 00:00 0 
7fd9dd4be000-7fd9dd4c0000 r--s 00013000 08:06 18629781                   /home2/tourneboeuf/Software/Java/Libgdx/TaranFigthers/core/build/libs/core-1.0.jar
7fd9dd4c0000-7fd9dd4e1000 rw-p 00000000 00:00 0 
7fd9dd4e1000-7fd9dd4e9000 rw-s 00000000 08:03 3538977                    /tmp/hsperfdata_tourneboeuf/22897
7fd9dd4e9000-7fd9dd4ea000 rw-p 00000000 00:00 0 
7fd9dd4ea000-7fd9dd4eb000 r--p 00000000 00:00 0 
7fd9dd4eb000-7fd9dd4ed000 rw-p 00000000 00:00 0 
7fd9dd4ed000-7fd9dd4ee000 r--p 00025000 08:03 6819758                    /lib/x86_64-linux-gnu/ld-2.23.so
7fd9dd4ee000-7fd9dd4ef000 rw-p 00026000 08:03 6819758                    /lib/x86_64-linux-gnu/ld-2.23.so
7fd9dd4ef000-7fd9dd4f0000 rw-p 00000000 00:00 0 
7ffe76234000-7ffe76257000 rw-p 00000000 00:00 0                          [stack]
7ffe763d9000-7ffe763db000 r--p 00000000 00:00 0                          [vvar]
7ffe763db000-7ffe763dd000 r-xp 00000000 00:00 0                          [vdso]
ffffffffff600000-ffffffffff601000 r-xp 00000000 00:00 0                  [vsyscall]

VM Arguments:
jvm_args: -Dfile.encoding=UTF-8 -Duser.country=US -Duser.language=en -Duser.variant 
java_command: com.mygdx.taranfighters.desktop.DesktopLauncher
java_class_path (initial): /home2/tourneboeuf/Software/Java/Libgdx/TaranFigthers/desktop/build/classes/main:/home2/tourneboeuf/Software/Java/Libgdx/TaranFigthers/desktop/build/resources/main:/home2/tourneboeuf/Software/Java/Libgdx/TaranFigthers/core/build/libs/core-1.0.jar:/home2/tourneboeuf/.gradle/caches/modules-2/files-2.1/com.badlogicgames.gdx/gdx-backend-lwjgl/1.9.0/aa4daf87fbd3f1beba8a3104a609fe122beefbac/gdx-backend-lwjgl-1.9.0.jar:/home2/tourneboeuf/.gradle/caches/modules-2/files-2.1/com.badlogicgames.gdx/gdx-platform/1.9.0/bd396a0e63ef2c54c0b0c88abdbb8a4e1944fa66/gdx-platform-1.9.0-natives-desktop.jar:/home2/tourneboeuf/.gradle/caches/modules-2/files-2.1/com.badlogicgames.gdx/gdx-box2d-platform/1.9.0/5e032d47a655fe0b2ea54ca530566b4c185aecc2/gdx-box2d-platform-1.9.0-natives-desktop.jar:/home2/tourneboeuf/.gradle/caches/modules-2/files-2.1/com.badlogicgames.gdx/gdx-bullet-platform/1.9.0/b68f58c547124ad6b9517a38be250d7c4b023f1b/gdx-bullet-platform-1.9.0-natives-desktop.jar:/home2/tourneboeuf/.gradle/caches/modules-2/files-2.1/com.badlogicgames.gdx/gdx-freetype-platform/1.9.0/75b2c03f92ee1b88fc8698751dc55ccc2654f2f7/gdx-freetype-platform-1.9.0-natives-desktop.jar:/home2/tourneboeuf/.gradle/caches/modules-2/files-2.1/com.badlogicgames.gdx/gdx-controllers-desktop/1.9.0/d86ac80aefa31ba44e6907522c19592f2524b41f/gdx-controllers-desktop-1.9.0.jar:/home2/tourneboeuf/.gradle/caches/modules-2/files-2.1/com.badlogicgames.gdx/gdx-controllers-platform/1.9.0/33d246ded518ac230fee55d1750c1288d0d6203a/gdx-controllers-platform-1.9.0-natives-desktop.jar:/home2/tourneboeuf/.gradle/caches/modules-2/files-2.1/com.badlogicgames.gdx/gdx/1.9.0/a064f06e8692c8f7084cd0100529ed8285413ff5/gdx-1.9.0.jar:/home2/tourneboeuf/.gradle/caches/modules-2/files-2.1/com.badlogicgames.gdx/gdx-box2d/1.9.0/d7a6ba43a7007e30802638a8f0d7e23a2eb73415/gdx-box2d-1.9.0.jar:/home2/tourneboeuf/.gradle/caches/modules-2/files-2.1/com.badlogicgames.gdx/gdx-bullet/1.9.0/cf3f2fad3ea557f8d5aae924cc74f86cd7c10367/gdx
Launcher Type: SUN_STANDARD

Environment Variables:
JAVA_HOME=/usr/lib/jvm/java-8-oracle
PATH=/home2/tourneboeuf/Bin:/home2/tourneboeuf/Software/Android/SDK/android-sdk-linux/tools:/home2/tourneboeuf/Software/Android/SDK/android-sdk-linux/platform-tools:/usr/local/sbin:/usr/local/bin:/usr/sbin:/usr/bin:/sbin:/bin:/usr/games:/usr/local/games:/snap/bin:/usr/lib/jvm/java-8-oracle/bin:/usr/lib/jvm/java-8-oracle/db/bin:/usr/lib/jvm/java-8-oracle/jre/bin
SHELL=/bin/bash
DISPLAY=:0

Signal Handlers:
SIGSEGV: [libjvm.so+0xac64b0], sa_mask[0]=11111111011111111101111111111110, sa_flags=SA_RESTART|SA_SIGINFO
SIGBUS: [libjvm.so+0xac64b0], sa_mask[0]=11111111011111111101111111111110, sa_flags=SA_RESTART|SA_SIGINFO
SIGFPE: [libjvm.so+0x91f950], sa_mask[0]=11111111011111111101111111111110, sa_flags=SA_RESTART|SA_SIGINFO
SIGPIPE: [libjvm.so+0x91f950], sa_mask[0]=11111111011111111101111111111110, sa_flags=SA_RESTART|SA_SIGINFO
SIGXFSZ: [libjvm.so+0x91f950], sa_mask[0]=11111111011111111101111111111110, sa_flags=SA_RESTART|SA_SIGINFO
SIGILL: [libjvm.so+0x91f950], sa_mask[0]=11111111011111111101111111111110, sa_flags=SA_RESTART|SA_SIGINFO
SIGUSR1: SIG_DFL, sa_mask[0]=00000000000000000000000000000000, sa_flags=none
SIGUSR2: [libjvm.so+0x920f80], sa_mask[0]=00100000000000000000000000000000, sa_flags=SA_RESTART|SA_SIGINFO
SIGHUP: [libjvm.so+0x922380], sa_mask[0]=11111111011111111101111111111110, sa_flags=SA_RESTART|SA_SIGINFO
SIGINT: [libjvm.so+0x922380], sa_mask[0]=11111111011111111101111111111110, sa_flags=SA_RESTART|SA_SIGINFO
SIGTERM: [libjvm.so+0x922380], sa_mask[0]=11111111011111111101111111111110, sa_flags=SA_RESTART|SA_SIGINFO
SIGQUIT: [libjvm.so+0x922380], sa_mask[0]=11111111011111111101111111111110, sa_flags=SA_RESTART|SA_SIGINFO


---------------  S Y S T E M  ---------------

OS:DISTRIB_ID=Ubuntu
DISTRIB_RELEASE=16.04
DISTRIB_CODENAME=xenial
DISTRIB_DESCRIPTION="Ubuntu 16.04.1 LTS"

uname:Linux 4.4.0-59-generic #80-Ubuntu SMP Fri Jan 6 17:47:47 UTC 2017 x86_64
libc:glibc 2.23 NPTL 2.23 
rlimit: STACK 8192k, CORE 0k, NPROC 31427, NOFILE 65536, AS infinity
load average:0,42 0,61 0,60

/proc/meminfo:
MemTotal:        8092628 kB
MemFree:         2038948 kB
MemAvailable:    3758976 kB
Buffers:          232984 kB
Cached:          1677884 kB
SwapCached:            0 kB
Active:          4860700 kB
Inactive:         797548 kB
Active(anon):    3748604 kB
Inactive(anon):    45480 kB
Active(file):    1112096 kB
Inactive(file):   752068 kB
Unevictable:          32 kB
Mlocked:              32 kB
SwapTotal:      15624188 kB
SwapFree:       15624188 kB
Dirty:              1000 kB
Writeback:             0 kB
AnonPages:       3739372 kB
Mapped:           545632 kB
Shmem:             46712 kB
Slab:             202028 kB
SReclaimable:     158688 kB
SUnreclaim:        43340 kB
KernelStack:       12640 kB
PageTables:        46908 kB
NFS_Unstable:          0 kB
Bounce:                0 kB
WritebackTmp:          0 kB
CommitLimit:    19670500 kB
Committed_AS:    9114400 kB
VmallocTotal:   34359738367 kB
VmallocUsed:           0 kB
VmallocChunk:          0 kB
HardwareCorrupted:     0 kB
AnonHugePages:   1951744 kB
CmaTotal:              0 kB
CmaFree:               0 kB
HugePages_Total:       0
HugePages_Free:        0
HugePages_Rsvd:        0
HugePages_Surp:        0
Hugepagesize:       2048 kB
DirectMap4k:      290752 kB
DirectMap2M:     6967296 kB
DirectMap1G:     2097152 kB


CPU:total 4 (2 cores per cpu, 2 threads per core) family 6 model 61 stepping 4, cmov, cx8, fxsr, mmx, sse, sse2, sse3, ssse3, sse4.1, sse4.2, popcnt, avx, avx2, aes, clmul, erms, 3dnowpref, lzcnt, ht, tsc, tscinvbit, bmi1, bmi2, adx

/proc/cpuinfo:
processor	: 0
vendor_id	: GenuineIntel
cpu family	: 6
model		: 61
model name	: Intel(R) Core(TM) i5-5200U CPU @ 2.20GHz
stepping	: 4
microcode	: 0x13
cpu MHz		: 2099.968
cache size	: 3072 KB
physical id	: 0
siblings	: 4
core id		: 0
cpu cores	: 2
apicid		: 0
initial apicid	: 0
fpu		: yes
fpu_exception	: yes
cpuid level	: 20
wp		: yes
flags		: fpu vme de pse tsc msr pae mce cx8 apic sep mtrr pge mca cmov pat pse36 clflush dts acpi mmx fxsr sse sse2 ss ht tm pbe syscall nx pdpe1gb rdtscp lm constant_tsc arch_perfmon pebs bts rep_good nopl xtopology nonstop_tsc aperfmperf eagerfpu pni pclmulqdq dtes64 monitor ds_cpl vmx est tm2 ssse3 sdbg fma cx16 xtpr pdcm pcid sse4_1 sse4_2 x2apic movbe popcnt tsc_deadline_timer aes xsave avx f16c rdrand lahf_lm abm 3dnowprefetch epb intel_pt tpr_shadow vnmi flexpriority ept vpid fsgsbase tsc_adjust bmi1 avx2 smep bmi2 erms invpcid rdseed adx smap xsaveopt dtherm ida arat pln pts
bugs		:
bogomips	: 4389.55
clflush size	: 64
cache_alignment	: 64
address sizes	: 39 bits physical, 48 bits virtual
power management:

processor	: 1
vendor_id	: GenuineIntel
cpu family	: 6
model		: 61
model name	: Intel(R) Core(TM) i5-5200U CPU @ 2.20GHz
stepping	: 4
microcode	: 0x13
cpu MHz		: 2099.968
cache size	: 3072 KB
physical id	: 0
siblings	: 4
core id		: 1
cpu cores	: 2
apicid		: 2
initial apicid	: 2
fpu		: yes
fpu_exception	: yes
cpuid level	: 20
wp		: yes
flags		: fpu vme de pse tsc msr pae mce cx8 apic sep mtrr pge mca cmov pat pse36 clflush dts acpi mmx fxsr sse sse2 ss ht tm pbe syscall nx pdpe1gb rdtscp lm constant_tsc arch_perfmon pebs bts rep_good nopl xtopology nonstop_tsc aperfmperf eagerfpu pni pclmulqdq dtes64 monitor ds_cpl vmx est tm2 ssse3 sdbg fma cx16 xtpr pdcm pcid sse4_1 sse4_2 x2apic movbe popcnt tsc_deadline_timer aes xsave avx f16c rdrand lahf_lm abm 3dnowprefetch epb intel_pt tpr_shadow vnmi flexpriority ept vpid fsgsbase tsc_adjust bmi1 avx2 smep bmi2 erms invpcid rdseed adx smap xsaveopt dtherm ida arat pln pts
bugs		:
bogomips	: 4389.55
clflush size	: 64
cache_alignment	: 64
address sizes	: 39 bits physical, 48 bits virtual
power management:

processor	: 2
vendor_id	: GenuineIntel
cpu family	: 6
model		: 61
model name	: Intel(R) Core(TM) i5-5200U CPU @ 2.20GHz
stepping	: 4
microcode	: 0x13
cpu MHz		: 2099.968
cache size	: 3072 KB
physical id	: 0
siblings	: 4
core id		: 0
cpu cores	: 2
apicid		: 1
initial apicid	: 1
fpu		: yes
fpu_exception	: yes
cpuid level	: 20
wp		: yes
flags		: fpu vme de pse tsc msr pae mce cx8 apic sep mtrr pge mca cmov pat pse36 clflush dts acpi mmx fxsr sse sse2 ss ht tm pbe syscall nx pdpe1gb rdtscp lm constant_tsc arch_perfmon pebs bts rep_good nopl xtopology nonstop_tsc aperfmperf eagerfpu pni pclmulqdq dtes64 monitor ds_cpl vmx est tm2 ssse3 sdbg fma cx16 xtpr pdcm pcid sse4_1 sse4_2 x2apic movbe popcnt tsc_deadline_timer aes xsave avx f16c rdrand lahf_lm abm 3dnowprefetch epb intel_pt tpr_shadow vnmi flexpriority ept vpid fsgsbase tsc_adjust bmi1 avx2 smep bmi2 erms invpcid rdseed adx smap xsaveopt dtherm ida arat pln pts
bugs		:
bogomips	: 4389.55
clflush size	: 64
cache_alignment	: 64
address sizes	: 39 bits physical, 48 bits virtual
power management:

processor	: 3
vendor_id	: GenuineIntel
cpu family	: 6
model		: 61
model name	: Intel(R) Core(TM) i5-5200U CPU @ 2.20GHz
stepping	: 4
microcode	: 0x13
cpu MHz		: 2099.968
cache size	: 3072 KB
physical id	: 0
siblings	: 4
core id		: 1
cpu cores	: 2
apicid		: 3
initial apicid	: 3
fpu		: yes
fpu_exception	: yes
cpuid level	: 20
wp		: yes
flags		: fpu vme de pse tsc msr pae mce cx8 apic sep mtrr pge mca cmov pat pse36 clflush dts acpi mmx fxsr sse sse2 ss ht tm pbe syscall nx pdpe1gb rdtscp lm constant_tsc arch_perfmon pebs bts rep_good nopl xtopology nonstop_tsc aperfmperf eagerfpu pni pclmulqdq dtes64 monitor ds_cpl vmx est tm2 ssse3 sdbg fma cx16 xtpr pdcm pcid sse4_1 sse4_2 x2apic movbe popcnt tsc_deadline_timer aes xsave avx f16c rdrand lahf_lm abm 3dnowprefetch epb intel_pt tpr_shadow vnmi flexpriority ept vpid fsgsbase tsc_adjust bmi1 avx2 smep bmi2 erms invpcid rdseed adx smap xsaveopt dtherm ida arat pln pts
bugs		:
bogomips	: 4389.55
clflush size	: 64
cache_alignment	: 64
address sizes	: 39 bits physical, 48 bits virtual
power management:



Memory: 4k page, physical 8092628k(2038948k free), swap 15624188k(15624188k free)

vm_info: Java HotSpot(TM) 64-Bit Server VM (25.111-b14) for linux-amd64 JRE (1.8.0_111-b14), built on Sep 22 2016 16:14:03 by "java_re" with gcc 4.3.0 20080428 (Red Hat 4.3.0-8)

time: Wed Jan 25 19:40:08 2017
elapsed time: 107 seconds (0d 0h 1m 47s)

