#
# A fatal error has been detected by the Java Runtime Environment:
#
#  SIGSEGV (0xb) at pc=0x00007f7844406da4, pid=16519, tid=0x00007f784680f700
#
# JRE version: Java(TM) SE Runtime Environment (8.0_111-b14) (build 1.8.0_111-b14)
# Java VM: Java HotSpot(TM) 64-Bit Server VM (25.111-b14 mixed mode linux-amd64 compressed oops)
# Problematic frame:
# C  [libgdx-box2d64.so+0x35da4]  b2Fixture::Refilter()+0x24
#
# Failed to write core dump. Core dumps have been disabled. To enable core dumping, try "ulimit -c unlimited" before starting Java again
#
# If you would like to submit a bug report, please visit:
#   http://bugreport.java.com/bugreport/crash.jsp
# The crash happened outside the Java Virtual Machine in native code.
# See problematic frame for where to report the bug.
#

---------------  T H R E A D  ---------------

Current thread (0x00007f786c501800):  JavaThread "LWJGL Application" [_thread_in_native, id=16556, stack(0x00007f784670f000,0x00007f7846810000)]

siginfo: si_signo: 11 (SIGSEGV), si_code: 128 (SI_KERNEL), si_addr: 0x0000000000000000

Registers:
RAX=0x00007f77d0bf8ab0, RBX=0x00007f784422b808, RCX=0x00007f77d0b73c30, RDX=0x991c30500268a014
RSP=0x00007f784680e3d0, RBP=0x00007f77d0b77ca0, RSI=0x00007f784680e3f0, RDI=0x00007f77d0b77ca0
R8 =0x0000000000000001, R9 =0x0000000000000000, R10=0x00007f785d017a08, R11=0x00007f7872520a70
R12=0x0000000000000000, R13=0x00007f784422b808, R14=0x00007f784680e4d0, R15=0x00007f786c501800
RIP=0x00007f7844406da4, EFLAGS=0x0000000000010202, CSGSFS=0x0000000000000033, ERR=0x0000000000000000
  TRAPNO=0x000000000000000d

Top of Stack: (sp=0x00007f784680e3d0)
0x00007f784680e3d0:   00007f784422b808 00007f784680e488
0x00007f784680e3e0:   0000000000000000 00007f784440d6ef
0x00007f784680e3f0:   0000000000010001 00007f784422b978
0x00007f784680e400:   00007f786c501800 00007f785d017a34
0x00007f784680e410:   00007f784422b978 0000000000000000
0x00007f784680e420:   0000000000000000 00007f784680e4d8
0x00007f784680e430:   000000003f800000 00007f785d017f40
0x00007f784680e440:   0000000000000000 00007f784680e448
0x00007f784680e450:   0000000000000000 00007f784680e4d0
0x00007f784680e460:   00007f784422e0b8 0000000000000000
0x00007f784680e470:   00007f784422b808 0000000000000000
0x00007f784680e480:   00007f784680e4a8 00007f784680e518
0x00007f784680e490:   00007f785d0082bd 0000000000000000
0x00007f784680e4a0:   00007f785d011538 0000000000000000
0x00007f784680e4b0:   0000000000000001 0000000000000001
0x00007f784680e4c0:   00007f77d0b77ca0 00007f77d0b77ca0
0x00007f784680e4d0:   00000000d79f5c68 00007f784680e4d8
0x00007f784680e4e0:   00007f784422b759 00007f784680e530
0x00007f784680e4f0:   00007f784422e0b8 00007f7844275380
0x00007f784680e500:   00007f784422b780 00007f784680e4a8
0x00007f784680e510:   00007f784680e528 00007f784680e578
0x00007f784680e520:   00007f785d0082bd 00000000d79f5ca8
0x00007f784680e530:   00000000d79f5c68 00007f784680e538
0x00007f784680e540:   00007f7844230b23 00007f784680e598
0x00007f784680e550:   00007f7844235608 00007f78442750f0
0x00007f784680e560:   00007f7844230b58 00007f784680e528
0x00007f784680e570:   00007f784680e590 00007f784680e5e0
0x00007f784680e580:   00007f785d0082bd 00000000d79f5ca8
0x00007f784680e590:   0000000000000001 00000000d79f5c68
0x00007f784680e5a0:   00007f784680e5a0 00007f78442303fa
0x00007f784680e5b0:   00007f784680e5f0 00007f7844235608
0x00007f784680e5c0:   0000000000000000 00007f7844230418 

Instructions: (pc=0x00007f7844406da4)
0x00007f7844406d84:   89 fd 53 48 8b 4f 10 48 85 c9 74 72 48 8b 81 88
0x00007f7844406d94:   00 00 00 48 85 c0 74 21 0f 1f 40 00 48 8b 50 08
0x00007f7844406da4:   48 3b 6a 68 74 06 48 3b 6a 60 75 04 83 4a 08 08
0x00007f7844406db4:   48 8b 40 18 48 85 c0 75 e3 4c 8b 61 58 4d 85 e4 

Register to memory mapping:

RAX=0x00007f77d0bf8ab0 is an unknown value
RBX={method} {0x00007f784422b808} 'jniSetFilterData' '(JSSS)V' in 'com/badlogic/gdx/physics/box2d/Fixture'
RCX=0x00007f77d0b73c30 is an unknown value
RDX=0x991c30500268a014 is an unknown value
RSP=0x00007f784680e3d0 is pointing into the stack for thread: 0x00007f786c501800
RBP=0x00007f77d0b77ca0 is an unknown value
RSI=0x00007f784680e3f0 is pointing into the stack for thread: 0x00007f786c501800
RDI=0x00007f77d0b77ca0 is an unknown value
R8 =0x0000000000000001 is an unknown value
R9 =0x0000000000000000 is an unknown value
R10=0x00007f785d017a08 is at code_begin+808 in an Interpreter codelet
method entry point (kind = native)  [0x00007f785d0176e0, 0x00007f785d017fe0]  2304 bytes
R11=0x00007f7872520a70: <offset 0x9c2a70> in /usr/lib/jvm/java-8-oracle/jre/lib/amd64/server/libjvm.so at 0x00007f7871b5e000
R12=0x0000000000000000 is an unknown value
R13={method} {0x00007f784422b808} 'jniSetFilterData' '(JSSS)V' in 'com/badlogic/gdx/physics/box2d/Fixture'
R14=0x00007f784680e4d0 is pointing into the stack for thread: 0x00007f786c501800
R15=0x00007f786c501800 is a thread


Stack: [0x00007f784670f000,0x00007f7846810000],  sp=0x00007f784680e3d0,  free space=1020k
Native frames: (J=compiled Java code, j=interpreted, Vv=VM code, C=native code)
C  [libgdx-box2d64.so+0x35da4]  b2Fixture::Refilter()+0x24

Java frames: (J=compiled Java code, j=interpreted, Vv=VM code)
j  com.badlogic.gdx.physics.box2d.Fixture.jniSetFilterData(JSSS)V+0
j  com.badlogic.gdx.physics.box2d.Fixture.setFilterData(Lcom/badlogic/gdx/physics/box2d/Filter;)V+17
j  com.mygdx.taranfighters.Character.setFixtureMask(Lcom/badlogic/gdx/physics/box2d/Fixture;I)V+19
j  com.mygdx.taranfighters.Character.punch()V+58
j  com.mygdx.taranfighters.Character.keyDown(I)Z+129
j  com.mygdx.taranfighters.TaranScreen.keyDown(I)Z+54
j  com.badlogic.gdx.backends.lwjgl.LwjglInput.processEvents()V+98
j  com.badlogic.gdx.backends.lwjgl.LwjglApplication.mainLoop()V+600
j  com.badlogic.gdx.backends.lwjgl.LwjglApplication$1.run()V+27
v  ~StubRoutines::call_stub

---------------  P R O C E S S  ---------------

Java Threads: ( => current thread )
  0x00007f77d0dc9800 JavaThread "Timer" daemon [_thread_blocked, id=16562, stack(0x00007f784461f000,0x00007f7844720000)]
  0x00007f77d005b000 JavaThread "process reaper" daemon [_thread_blocked, id=16558, stack(0x00007f78540bd000,0x00007f78540f6000)]
  0x00007f786c00c000 JavaThread "DestroyJavaVM" [_thread_blocked, id=16521, stack(0x00007f787363f000,0x00007f7873740000)]
=>0x00007f786c501800 JavaThread "LWJGL Application" [_thread_in_native, id=16556, stack(0x00007f784670f000,0x00007f7846810000)]
  0x00007f786c42f800 JavaThread "AWT-XAWT" daemon [_thread_in_native, id=16552, stack(0x00007f784c0fd000,0x00007f784c1fe000)]
  0x00007f786c40e000 JavaThread "Java2D Disposer" daemon [_thread_blocked, id=16551, stack(0x00007f784c1fe000,0x00007f784c2ff000)]
  0x00007f786c323800 JavaThread "Thread-4" daemon [_thread_blocked, id=16550, stack(0x00007f784dde0000,0x00007f784dee1000)]
  0x00007f786c321800 JavaThread "Thread-3" daemon [_thread_blocked, id=16549, stack(0x00007f78540f6000,0x00007f78541f7000)]
  0x00007f786c319800 JavaThread "Java Sound Event Dispatcher" daemon [_thread_blocked, id=16547, stack(0x00007f7855870000,0x00007f7855971000)]
  0x00007f786c293000 JavaThread "Timer-0" daemon [_thread_blocked, id=16538, stack(0x00007f7855971000,0x00007f7855a72000)]
  0x00007f786c0c3800 JavaThread "Service Thread" daemon [_thread_blocked, id=16536, stack(0x00007f78562dd000,0x00007f78563de000)]
  0x00007f786c0c0800 JavaThread "C1 CompilerThread2" daemon [_thread_blocked, id=16535, stack(0x00007f78563de000,0x00007f78564df000)]
  0x00007f786c0be800 JavaThread "C2 CompilerThread1" daemon [_thread_blocked, id=16534, stack(0x00007f78564df000,0x00007f78565e0000)]
  0x00007f786c0bb800 JavaThread "C2 CompilerThread0" daemon [_thread_blocked, id=16533, stack(0x00007f78565e0000,0x00007f78566e1000)]
  0x00007f786c0ba000 JavaThread "Signal Dispatcher" daemon [_thread_blocked, id=16532, stack(0x00007f78566e1000,0x00007f78567e2000)]
  0x00007f786c086000 JavaThread "Finalizer" daemon [_thread_blocked, id=16531, stack(0x00007f7856abb000,0x00007f7856bbc000)]
  0x00007f786c081800 JavaThread "Reference Handler" daemon [_thread_blocked, id=16530, stack(0x00007f7856bbc000,0x00007f7856cbd000)]

Other Threads:
  0x00007f786c079800 VMThread [stack: 0x00007f7856cbd000,0x00007f7856dbe000] [id=16529]
  0x00007f786c0c6800 WatcherThread [stack: 0x00007f78561dc000,0x00007f78562dd000] [id=16537]

VM state:not at safepoint (normal execution)

VM Mutex/Monitor currently owned by a thread: None

Heap:
 PSYoungGen      total 36864K, used 29285K [0x00000000d6d80000, 0x00000000db580000, 0x0000000100000000)
  eden space 31744K, 76% used [0x00000000d6d80000,0x00000000d851da40,0x00000000d8c80000)
  from space 5120K, 99% used [0x00000000d8c80000,0x00000000d917bda0,0x00000000d9180000)
  to   space 5120K, 0% used [0x00000000db080000,0x00000000db080000,0x00000000db580000)
 ParOldGen       total 84992K, used 4516K [0x0000000084800000, 0x0000000089b00000, 0x00000000d6d80000)
  object space 84992K, 5% used [0x0000000084800000,0x0000000084c692a8,0x0000000089b00000)
 Metaspace       used 14315K, capacity 14545K, committed 14720K, reserved 1062912K
  class space    used 1468K, capacity 1549K, committed 1664K, reserved 1048576K

Card table byte_map: [0x00007f787001b000,0x00007f78703f8000] byte_map_base: 0x00007f786fbf7000

Marking Bits: (ParMarkBitMap*) 0x00007f7872b21220
 Begin Bits: [0x00007f7858ba9000, 0x00007f785aa89000)
 End Bits:   [0x00007f785aa89000, 0x00007f785c969000)

Polling page: 0x00007f7873770000

CodeCache: size=245760Kb used=5645Kb max_used=5655Kb free=240114Kb
 bounds [0x00007f785d000000, 0x00007f785d590000, 0x00007f786c000000]
 total_blobs=2194 nmethods=1547 adapters=561
 compilation: enabled

Compilation events (10 events):
Event: 5,454 Thread 0x00007f786c0c0800 1543       1       java.lang.Boolean::booleanValue (5 bytes)
Event: 5,454 Thread 0x00007f786c0bb800 1544       4       java.nio.charset.CoderResult::isUnderflow (13 bytes)
Event: 5,454 Thread 0x00007f786c0c0800 nmethod 1543 0x00007f785d5891d0 code [0x00007f785d589320, 0x00007f785d589430]
Event: 5,454 Thread 0x00007f786c0bb800 nmethod 1544 0x00007f785d51c1d0 code [0x00007f785d51c320, 0x00007f785d51c398]
Event: 5,454 Thread 0x00007f786c0c0800 1545       3       java.nio.ByteBuffer::hasArray (20 bytes)
Event: 5,455 Thread 0x00007f786c0c0800 nmethod 1545 0x00007f785d58aad0 code [0x00007f785d58ac40, 0x00007f785d58ae30]
Event: 5,565 Thread 0x00007f786c0bb800 1547       4       java.lang.Object::equals (11 bytes)
Event: 5,565 Thread 0x00007f786c0bb800 nmethod 1547 0x00007f785d58a510 code [0x00007f785d58a660, 0x00007f785d58a6d8]
Event: 5,566 Thread 0x00007f786c0c0800 1548       3       java.lang.Enum::<init> (15 bytes)
Event: 5,566 Thread 0x00007f786c0c0800 nmethod 1548 0x00007f785d58a110 code [0x00007f785d58a280, 0x00007f785d58a450]

GC Heap History (2 events):
Event: 1,029 GC heap before
{Heap before GC invocations=1 (full 0):
 PSYoungGen      total 36864K, used 31744K [0x00000000d6d80000, 0x00000000d9680000, 0x0000000100000000)
  eden space 31744K, 100% used [0x00000000d6d80000,0x00000000d8c80000,0x00000000d8c80000)
  from space 5120K, 0% used [0x00000000d9180000,0x00000000d9180000,0x00000000d9680000)
  to   space 5120K, 0% used [0x00000000d8c80000,0x00000000d8c80000,0x00000000d9180000)
 ParOldGen       total 84992K, used 0K [0x0000000084800000, 0x0000000089b00000, 0x00000000d6d80000)
  object space 84992K, 0% used [0x0000000084800000,0x0000000084800000,0x0000000089b00000)
 Metaspace       used 11872K, capacity 12109K, committed 12416K, reserved 1060864K
  class space    used 1251K, capacity 1355K, committed 1408K, reserved 1048576K
Event: 1,047 GC heap after
Heap after GC invocations=1 (full 0):
 PSYoungGen      total 36864K, used 5103K [0x00000000d6d80000, 0x00000000db580000, 0x0000000100000000)
  eden space 31744K, 0% used [0x00000000d6d80000,0x00000000d6d80000,0x00000000d8c80000)
  from space 5120K, 99% used [0x00000000d8c80000,0x00000000d917bda0,0x00000000d9180000)
  to   space 5120K, 0% used [0x00000000db080000,0x00000000db080000,0x00000000db580000)
 ParOldGen       total 84992K, used 4516K [0x0000000084800000, 0x0000000089b00000, 0x00000000d6d80000)
  object space 84992K, 5% used [0x0000000084800000,0x0000000084c692a8,0x0000000089b00000)
 Metaspace       used 11872K, capacity 12109K, committed 12416K, reserved 1060864K
  class space    used 1251K, capacity 1355K, committed 1408K, reserved 1048576K
}

Deoptimization events (10 events):
Event: 1,091 Thread 0x00007f786c501800 Uncommon trap: reason=unstable_if action=reinterpret pc=0x00007f785d1ec0d4 method=java.util.HashMap.resize()[Ljava/util/HashMap$Node; @ 56
Event: 1,996 Thread 0x00007f786c501800 Uncommon trap: reason=unstable_if action=reinterpret pc=0x00007f785d42e878 method=javazoom.jl.decoder.LayerIIIDecoder.dequantize_sample([[FII)V @ 36
Event: 1,997 Thread 0x00007f786c501800 Uncommon trap: reason=unstable_if action=reinterpret pc=0x00007f785d455474 method=javazoom.jl.decoder.LayerIIIDecoder.hybrid(II)V @ 32
Event: 1,997 Thread 0x00007f786c501800 Uncommon trap: reason=unstable_if action=reinterpret pc=0x00007f785d42d1b4 method=javazoom.jl.decoder.LayerIIIDecoder.hybrid(II)V @ 32
Event: 1,997 Thread 0x00007f786c501800 Uncommon trap: reason=unstable_if action=reinterpret pc=0x00007f785d3d7be8 method=javazoom.jl.decoder.LayerIIIDecoder.hybrid(II)V @ 32
Event: 1,997 Thread 0x00007f786c501800 Uncommon trap: reason=unstable_if action=reinterpret pc=0x00007f785d458fdc method=javazoom.jl.decoder.LayerIIIDecoder.inv_mdct([F[FI)V @ 56
Event: 2,660 Thread 0x00007f786c501800 Uncommon trap: reason=unstable_if action=reinterpret pc=0x00007f785d48f674 method=com.badlogic.gdx.utils.SnapshotArray.modified()V @ 4
Event: 3,663 Thread 0x00007f786c501800 Uncommon trap: reason=unstable_if action=reinterpret pc=0x00007f785d411e80 method=javazoom.jl.decoder.BitReserve.hgetbits(I)I @ 22
Event: 4,612 Thread 0x00007f786c501800 Uncommon trap: reason=array_check action=maybe_recompile pc=0x00007f785d50cc2c method=com.badlogic.gdx.utils.Array.add(Ljava/lang/Object;)V @ 46
Event: 5,262 Thread 0x00007f786c501800 Uncommon trap: reason=array_check action=maybe_recompile pc=0x00007f785d50cc2c method=com.badlogic.gdx.utils.Array.add(Ljava/lang/Object;)V @ 46

Internal exceptions (10 events):
Event: 0,499 Thread 0x00007f786c00c000 Exception <a 'java/security/PrivilegedActionException'> (0x00000000d81c8650) thrown at [/HUDSON3/workspace/8-2-build-linux-amd64/jdk8u111/7883/hotspot/src/share/vm/prims/jvm.cpp, line 1386]
Event: 0,499 Thread 0x00007f786c00c000 Exception <a 'java/security/PrivilegedActionException'> (0x00000000d81ca378) thrown at [/HUDSON3/workspace/8-2-build-linux-amd64/jdk8u111/7883/hotspot/src/share/vm/prims/jvm.cpp, line 1386]
Event: 0,499 Thread 0x00007f786c00c000 Exception <a 'java/security/PrivilegedActionException'> (0x00000000d81cafd0) thrown at [/HUDSON3/workspace/8-2-build-linux-amd64/jdk8u111/7883/hotspot/src/share/vm/prims/jvm.cpp, line 1386]
Event: 0,499 Thread 0x00007f786c00c000 Exception <a 'java/security/PrivilegedActionException'> (0x00000000d81cbbf8) thrown at [/HUDSON3/workspace/8-2-build-linux-amd64/jdk8u111/7883/hotspot/src/share/vm/prims/jvm.cpp, line 1386]
Event: 0,500 Thread 0x00007f786c00c000 Exception <a 'java/security/PrivilegedActionException'> (0x00000000d81cd770) thrown at [/HUDSON3/workspace/8-2-build-linux-amd64/jdk8u111/7883/hotspot/src/share/vm/prims/jvm.cpp, line 1386]
Event: 0,500 Thread 0x00007f786c00c000 Exception <a 'java/security/PrivilegedActionException'> (0x00000000d81ce3c8) thrown at [/HUDSON3/workspace/8-2-build-linux-amd64/jdk8u111/7883/hotspot/src/share/vm/prims/jvm.cpp, line 1386]
Event: 0,500 Thread 0x00007f786c00c000 Exception <a 'java/security/PrivilegedActionException'> (0x00000000d81ceff0) thrown at [/HUDSON3/workspace/8-2-build-linux-amd64/jdk8u111/7883/hotspot/src/share/vm/prims/jvm.cpp, line 1386]
Event: 0,593 Thread 0x00007f786c501800 Exception <a 'java/lang/NoClassDefFoundError': org/lwjgl/opengles/GLContext> (0x00000000d8562498) thrown at [/HUDSON3/workspace/8-2-build-linux-amd64/jdk8u111/7883/hotspot/src/share/vm/classfile/systemDictionary.cpp, line 199]
Event: 0,955 Thread 0x00007f786c501800 Exception <a 'java/lang/ArrayIndexOutOfBoundsException': 18> (0x00000000d8a31cd0) thrown at [/HUDSON3/workspace/8-2-build-linux-amd64/jdk8u111/7883/hotspot/src/share/vm/interpreter/interpreterRuntime.cpp, line 366]
Event: 0,955 Thread 0x00007f786c501800 Exception <a 'java/lang/ArrayIndexOutOfBoundsException': 139> (0x00000000d8a337e0) thrown at [/HUDSON3/workspace/8-2-build-linux-amd64/jdk8u111/7883/hotspot/src/share/vm/interpreter/interpreterRuntime.cpp, line 366]

Events (10 events):
Event: 5,454 loading class com/badlogic/gdx/utils/Sort
Event: 5,454 loading class com/badlogic/gdx/utils/Sort done
Event: 5,455 loading class com/badlogic/gdx/utils/TimSort
Event: 5,455 loading class com/badlogic/gdx/utils/TimSort done
Event: 5,455 loading class com/badlogic/gdx/utils/ObjectSet
Event: 5,455 loading class com/badlogic/gdx/utils/ObjectSet done
Event: 5,565 loading class com/badlogic/gdx/graphics/g2d/Animation
Event: 5,565 loading class com/badlogic/gdx/graphics/g2d/Animation done
Event: 5,565 loading class com/badlogic/gdx/graphics/g2d/Animation$PlayMode
Event: 5,565 loading class com/badlogic/gdx/graphics/g2d/Animation$PlayMode done


Dynamic libraries:
00400000-00401000 r-xp 00000000 08:03 8260065                            /usr/lib/jvm/java-8-oracle/bin/java
00600000-00601000 rw-p 00000000 08:03 8260065                            /usr/lib/jvm/java-8-oracle/bin/java
01009000-0102a000 rw-p 00000000 00:00 0                                  [heap]
41005000-410a5000 rw-p 00000000 00:00 0 
41330000-41332000 r-xs 00000000 08:03 3014688                            /tmp/.glN8smIO (deleted)
84800000-89b00000 rw-p 00000000 00:00 0 
89b00000-d6d80000 ---p 00000000 00:00 0 
d6d80000-db580000 rw-p 00000000 00:00 0 
db580000-100000000 ---p 00000000 00:00 0 
100000000-1001a0000 rw-p 00000000 00:00 0 
1001a0000-140000000 ---p 00000000 00:00 0 
7f77b8000000-7f77b9adc000 rw-p 00000000 00:00 0 
7f77b9adc000-7f77bc000000 ---p 00000000 00:00 0 
7f77c0000000-7f77c3f7b000 rw-p 00000000 00:00 0 
7f77c3f7b000-7f77c4000000 ---p 00000000 00:00 0 
7f77c8000000-7f77c8021000 rw-p 00000000 00:00 0 
7f77c8021000-7f77cc000000 ---p 00000000 00:00 0 
7f77d0000000-7f77d3ea3000 rw-p 00000000 00:00 0 
7f77d3ea3000-7f77d4000000 ---p 00000000 00:00 0 
7f77d4000000-7f77d4021000 rw-p 00000000 00:00 0 
7f77d4021000-7f77d8000000 ---p 00000000 00:00 0 
7f77d8000000-7f77d8021000 rw-p 00000000 00:00 0 
7f77d8021000-7f77dc000000 ---p 00000000 00:00 0 
7f77dfffe000-7f77e3fff000 rw-s 00000000 00:15 13                         /dev/shm/pulse-shm-948606321
7f77e3fff000-7f77e8000000 rw-s 00000000 00:15 7                          /dev/shm/pulse-shm-2699736281
7f77e8000000-7f77e8021000 rw-p 00000000 00:00 0 
7f77e8021000-7f77ec000000 ---p 00000000 00:00 0 
7f77ec000000-7f77ec021000 rw-p 00000000 00:00 0 
7f77ec021000-7f77f0000000 ---p 00000000 00:00 0 
7f77f0000000-7f77f0021000 rw-p 00000000 00:00 0 
7f77f0021000-7f77f4000000 ---p 00000000 00:00 0 
7f77f4000000-7f77f4021000 rw-p 00000000 00:00 0 
7f77f4021000-7f77f8000000 ---p 00000000 00:00 0 
7f77f8000000-7f77f8021000 rw-p 00000000 00:00 0 
7f77f8021000-7f77fc000000 ---p 00000000 00:00 0 
7f77fffff000-7f7804000000 rw-s 00000000 00:15 13                         /dev/shm/pulse-shm-948606321
7f7804000000-7f7804021000 rw-p 00000000 00:00 0 
7f7804021000-7f7808000000 ---p 00000000 00:00 0 
7f7809663000-7f7809a63000 rw-s 24f091000 00:06 588                       /dev/nvidiactl
7f7809a63000-7f7809e63000 rw-s 21d8ed000 00:06 588                       /dev/nvidiactl
7f7809e63000-7f780a263000 rw-s 1096be000 00:06 588                       /dev/nvidiactl
7f780a263000-7f780b620000 r-xp 00000000 08:03 8163350                    /usr/lib/nvidia-370/libnvidia-glcore.so.370.28
7f780b620000-7f780b640000 rwxp 013bd000 08:03 8163350                    /usr/lib/nvidia-370/libnvidia-glcore.so.370.28
7f780b640000-7f780ba08000 r-xp 013dd000 08:03 8163350                    /usr/lib/nvidia-370/libnvidia-glcore.so.370.28
7f780ba08000-7f780bc07000 ---p 017a5000 08:03 8163350                    /usr/lib/nvidia-370/libnvidia-glcore.so.370.28
7f780bc07000-7f780bfe7000 rw-p 017a4000 08:03 8163350                    /usr/lib/nvidia-370/libnvidia-glcore.so.370.28
7f780bfe7000-7f780bfff000 rw-p 00000000 00:00 0 
7f780bfff000-7f7810000000 rw-s 00000000 00:15 6                          /dev/shm/pulse-shm-764520959
7f7810000000-7f7810021000 rw-p 00000000 00:00 0 
7f7810021000-7f7814000000 ---p 00000000 00:00 0 
7f7814000000-7f7814021000 rw-p 00000000 00:00 0 
7f7814021000-7f7818000000 ---p 00000000 00:00 0 
7f7818000000-7f7818021000 rw-p 00000000 00:00 0 
7f7818021000-7f781c000000 ---p 00000000 00:00 0 
7f781c000000-7f781c021000 rw-p 00000000 00:00 0 
7f781c021000-7f7820000000 ---p 00000000 00:00 0 
7f7820000000-7f78204b9000 rw-p 00000000 00:00 0 
7f78204b9000-7f7824000000 ---p 00000000 00:00 0 
7f7824000000-7f78245e4000 rw-p 00000000 00:00 0 
7f78245e4000-7f7828000000 ---p 00000000 00:00 0 
7f7828000000-7f7828021000 rw-p 00000000 00:00 0 
7f7828021000-7f782c000000 ---p 00000000 00:00 0 
7f782c000000-7f782cc30000 rw-p 00000000 00:00 0 
7f782cc30000-7f7830000000 ---p 00000000 00:00 0 
7f7830000000-7f7830021000 rw-p 00000000 00:00 0 
7f7830021000-7f7834000000 ---p 00000000 00:00 0 
7f7834000000-7f7834021000 rw-p 00000000 00:00 0 
7f7834021000-7f7838000000 ---p 00000000 00:00 0 
7f7838000000-7f7838021000 rw-p 00000000 00:00 0 
7f7838021000-7f783c000000 ---p 00000000 00:00 0 
7f783c000000-7f783c021000 rw-p 00000000 00:00 0 
7f783c021000-7f7840000000 ---p 00000000 00:00 0 
7f7840000000-7f7840021000 rw-p 00000000 00:00 0 
7f7840021000-7f7844000000 ---p 00000000 00:00 0 
7f78441d1000-7f7844291000 rw-p 00000000 00:00 0 
7f7844291000-7f78443d1000 ---p 00000000 00:00 0 
7f78443d1000-7f784441d000 r-xp 00000000 08:03 3538982                    /tmp/libgdxtourneboeuf/72da4579/libgdx-box2d64.so
7f784441d000-7f784461c000 ---p 0004c000 08:03 3538982                    /tmp/libgdxtourneboeuf/72da4579/libgdx-box2d64.so
7f784461c000-7f784461e000 r--p 0004b000 08:03 3538982                    /tmp/libgdxtourneboeuf/72da4579/libgdx-box2d64.so
7f784461e000-7f784461f000 rw-p 0004d000 08:03 3538982                    /tmp/libgdxtourneboeuf/72da4579/libgdx-box2d64.so
7f784461f000-7f7844622000 ---p 00000000 00:00 0 
7f7844622000-7f7844720000 rw-p 00000000 00:00 0 
7f7844720000-7f7844920000 rw-s 24cd5b000 00:06 588                       /dev/nvidiactl
7f7844920000-7f7844d20000 rw-s 253367000 00:06 588                       /dev/nvidiactl
7f7844d20000-7f7845120000 rw-s 9542e000 00:06 588                        /dev/nvidiactl
7f7845120000-7f7845320000 rw-s 254249000 00:06 588                       /dev/nvidiactl
7f7845320000-7f7845520000 rw-p 00000000 00:00 0 
7f7845520000-7f7845720000 rw-p 00000000 00:00 0 
7f7845720000-7f78457a0000 rw-s 251407000 00:06 588                       /dev/nvidiactl
7f7845920000-7f7845a24000 rw-s 2500f6000 00:06 588                       /dev/nvidiactl
7f7845a24000-7f7845a27000 r-xp 00000000 08:03 8163336                    /usr/lib/nvidia-370/tls/libnvidia-tls.so.370.28
7f7845a27000-7f7845c27000 ---p 00003000 08:03 8163336                    /usr/lib/nvidia-370/tls/libnvidia-tls.so.370.28
7f7845c27000-7f7845c28000 rw-p 00003000 08:03 8163336                    /usr/lib/nvidia-370/tls/libnvidia-tls.so.370.28
7f7845c28000-7f7845cf1000 r-xp 00000000 08:03 8163354                    /usr/lib/nvidia-370/libGLX_nvidia.so.370.28
7f7845cf1000-7f7845d25000 rwxp 000c9000 08:03 8163354                    /usr/lib/nvidia-370/libGLX_nvidia.so.370.28
7f7845d25000-7f7845d38000 r-xp 000fd000 08:03 8163354                    /usr/lib/nvidia-370/libGLX_nvidia.so.370.28
7f7845d38000-7f7845f38000 ---p 00110000 08:03 8163354                    /usr/lib/nvidia-370/libGLX_nvidia.so.370.28
7f7845f38000-7f7845f60000 rw-p 00110000 08:03 8163354                    /usr/lib/nvidia-370/libGLX_nvidia.so.370.28
7f7845f60000-7f7845f67000 rw-p 00000000 00:00 0 
7f7845f67000-7f7845fb5000 r-xp 00000000 08:03 8163349                    /usr/lib/nvidia-370/libGLdispatch.so.0
7f7845fb5000-7f7845fe7000 r-xp 0004e000 08:03 8163349                    /usr/lib/nvidia-370/libGLdispatch.so.0
7f7845fe7000-7f7846021000 r-xp 00080000 08:03 8163349                    /usr/lib/nvidia-370/libGLdispatch.so.0
7f7846021000-7f7846221000 ---p 000ba000 08:03 8163349                    /usr/lib/nvidia-370/libGLdispatch.so.0
7f7846221000-7f7846230000 rw-p 000ba000 08:03 8163349                    /usr/lib/nvidia-370/libGLdispatch.so.0
7f7846230000-7f7846250000 rw-p 00000000 00:00 0 
7f7846250000-7f7846260000 r-xp 00000000 08:03 8163351                    /usr/lib/nvidia-370/libGLX.so.0
7f7846260000-7f784645f000 ---p 00010000 08:03 8163351                    /usr/lib/nvidia-370/libGLX.so.0
7f784645f000-7f7846460000 rw-p 0000f000 08:03 8163351                    /usr/lib/nvidia-370/libGLX.so.0
7f7846460000-7f7846480000 rw-p 00000000 00:00 0 
7f7846480000-7f78464b1000 r-xp 00000000 08:03 8163339                    /usr/lib/nvidia-370/libGL.so.1.0.0
7f78464b1000-7f78464e3000 r-xp 00031000 08:03 8163339                    /usr/lib/nvidia-370/libGL.so.1.0.0
7f78464e3000-7f784650d000 r-xp 00063000 08:03 8163339                    /usr/lib/nvidia-370/libGL.so.1.0.0
7f784650d000-7f784670d000 ---p 0008d000 08:03 8163339                    /usr/lib/nvidia-370/libGL.so.1.0.0
7f784670d000-7f784670e000 rw-p 0008d000 08:03 8163339                    /usr/lib/nvidia-370/libGL.so.1.0.0
7f784670e000-7f784670f000 rw-p 00000000 00:00 0 
7f784670f000-7f7846712000 ---p 00000000 00:00 0 
7f7846712000-7f7846810000 rw-p 00000000 00:00 0 
7f7846810000-7f7846811000 ---p 00000000 00:00 0 
7f7846811000-7f7846911000 rw-p 00000000 00:00 0 
7f7846911000-7f7846912000 ---p 00000000 00:00 0 
7f7846912000-7f7847112000 rw-p 00000000 00:00 0 
7f7847112000-7f7847167000 r-xp 00000000 08:03 3538980                    /tmp/libgdxtourneboeuf/31ce78a2/libopenal64.so
7f7847167000-7f7847366000 ---p 00055000 08:03 3538980                    /tmp/libgdxtourneboeuf/31ce78a2/libopenal64.so
7f7847366000-7f7847369000 r--p 00054000 08:03 3538980                    /tmp/libgdxtourneboeuf/31ce78a2/libopenal64.so
7f7847369000-7f784736a000 rw-p 00057000 08:03 3538980                    /tmp/libgdxtourneboeuf/31ce78a2/libopenal64.so
7f784736a000-7f784736b000 rw-p 00000000 00:00 0 
7f784736b000-7f7847370000 r-xp 00000000 08:03 8131595                    /usr/lib/x86_64-linux-gnu/libXxf86vm.so.1.0.0
7f7847370000-7f784756f000 ---p 00005000 08:03 8131595                    /usr/lib/x86_64-linux-gnu/libXxf86vm.so.1.0.0
7f784756f000-7f7847570000 r--p 00004000 08:03 8131595                    /usr/lib/x86_64-linux-gnu/libXxf86vm.so.1.0.0
7f7847570000-7f7847571000 rw-p 00005000 08:03 8131595                    /usr/lib/x86_64-linux-gnu/libXxf86vm.so.1.0.0
7f7847571000-7f784757b000 r-xp 00000000 08:03 8129939                    /usr/lib/x86_64-linux-gnu/libXrandr.so.2.2.0
7f784757b000-7f784777a000 ---p 0000a000 08:03 8129939                    /usr/lib/x86_64-linux-gnu/libXrandr.so.2.2.0
7f784777a000-7f784777b000 r--p 00009000 08:03 8129939                    /usr/lib/x86_64-linux-gnu/libXrandr.so.2.2.0
7f784777b000-7f784777c000 rw-p 0000a000 08:03 8129939                    /usr/lib/x86_64-linux-gnu/libXrandr.so.2.2.0
7f784777c000-7f78477ec000 r-xp 00000000 08:03 3538979                    /tmp/libgdxtourneboeuf/31ce78a2/liblwjgl64.so
7f78477ec000-7f78479ec000 ---p 00070000 08:03 3538979                    /tmp/libgdxtourneboeuf/31ce78a2/liblwjgl64.so
7f78479ec000-7f78479ee000 r--p 00070000 08:03 3538979                    /tmp/libgdxtourneboeuf/31ce78a2/liblwjgl64.so
7f78479ee000-7f78479ef000 rw-p 00072000 08:03 3538979                    /tmp/libgdxtourneboeuf/31ce78a2/liblwjgl64.so
7f78479ef000-7f78479f0000 r-xp 00000000 08:03 8537779                    /usr/lib/jvm/java-8-oracle/jre/lib/amd64/libjawt.so
7f78479f0000-7f7847bef000 ---p 00001000 08:03 8537779                    /usr/lib/jvm/java-8-oracle/jre/lib/amd64/libjawt.so
7f7847bef000-7f7847bf0000 rw-p 00000000 08:03 8537779                    /usr/lib/jvm/java-8-oracle/jre/lib/amd64/libjawt.so
7f7847bf0000-7f7847bf5000 r-xp 00000000 08:03 8127234                    /usr/lib/x86_64-linux-gnu/libXfixes.so.3.1.0
7f7847bf5000-7f7847df4000 ---p 00005000 08:03 8127234                    /usr/lib/x86_64-linux-gnu/libXfixes.so.3.1.0
7f7847df4000-7f7847df5000 r--p 00004000 08:03 8127234                    /usr/lib/x86_64-linux-gnu/libXfixes.so.3.1.0
7f7847df5000-7f7847df6000 rw-p 00005000 08:03 8127234                    /usr/lib/x86_64-linux-gnu/libXfixes.so.3.1.0
7f7847df6000-7f7847dff000 r-xp 00000000 08:03 8134598                    /usr/lib/x86_64-linux-gnu/libXcursor.so.1.0.2
7f7847dff000-7f7847ffe000 ---p 00009000 08:03 8134598                    /usr/lib/x86_64-linux-gnu/libXcursor.so.1.0.2
7f7847ffe000-7f7847fff000 r--p 00008000 08:03 8134598                    /usr/lib/x86_64-linux-gnu/libXcursor.so.1.0.2
7f7847fff000-7f7848000000 rw-p 00009000 08:03 8134598                    /usr/lib/x86_64-linux-gnu/libXcursor.so.1.0.2
7f7848000000-7f7848021000 rw-p 00000000 00:00 0 
7f7848021000-7f784c000000 ---p 00000000 00:00 0 
7f784c03d000-7f784c0bd000 rw-s 2530d0000 00:06 588                       /dev/nvidiactl
7f784c0bd000-7f784c0fd000 rw-s 24ea01000 00:06 588                       /dev/nvidiactl
7f784c0fd000-7f784c100000 ---p 00000000 00:00 0 
7f784c100000-7f784c1fe000 rw-p 00000000 00:00 0 
7f784c1fe000-7f784c201000 ---p 00000000 00:00 0 
7f784c201000-7f784c2ff000 rw-p 00000000 00:00 0 
7f784c2ff000-7f784c364000 r-xp 00000000 08:03 8537752                    /usr/lib/jvm/java-8-oracle/jre/lib/amd64/libfontmanager.so
7f784c364000-7f784c563000 ---p 00065000 08:03 8537752                    /usr/lib/jvm/java-8-oracle/jre/lib/amd64/libfontmanager.so
7f784c563000-7f784c568000 rw-p 00064000 08:03 8537752                    /usr/lib/jvm/java-8-oracle/jre/lib/amd64/libfontmanager.so
7f784c568000-7f784c578000 rw-p 00000000 00:00 0 
7f784c578000-7f784c587000 r-xp 00000000 08:03 8126554                    /usr/lib/x86_64-linux-gnu/libXi.so.6.1.0
7f784c587000-7f784c786000 ---p 0000f000 08:03 8126554                    /usr/lib/x86_64-linux-gnu/libXi.so.6.1.0
7f784c786000-7f784c787000 r--p 0000e000 08:03 8126554                    /usr/lib/x86_64-linux-gnu/libXi.so.6.1.0
7f784c787000-7f784c788000 rw-p 0000f000 08:03 8126554                    /usr/lib/x86_64-linux-gnu/libXi.so.6.1.0
7f784c788000-7f784c78d000 r-xp 00000000 08:03 8134632                    /usr/lib/x86_64-linux-gnu/libXtst.so.6.1.0
7f784c78d000-7f784c98c000 ---p 00005000 08:03 8134632                    /usr/lib/x86_64-linux-gnu/libXtst.so.6.1.0
7f784c98c000-7f784c98d000 r--p 00004000 08:03 8134632                    /usr/lib/x86_64-linux-gnu/libXtst.so.6.1.0
7f784c98d000-7f784c98e000 rw-p 00005000 08:03 8134632                    /usr/lib/x86_64-linux-gnu/libXtst.so.6.1.0
7f784c98e000-7f784c997000 r-xp 00000000 08:03 8135503                    /usr/lib/x86_64-linux-gnu/libXrender.so.1.3.0
7f784c997000-7f784cb96000 ---p 00009000 08:03 8135503                    /usr/lib/x86_64-linux-gnu/libXrender.so.1.3.0
7f784cb96000-7f784cb97000 r--p 00008000 08:03 8135503                    /usr/lib/x86_64-linux-gnu/libXrender.so.1.3.0
7f784cb97000-7f784cb98000 rw-p 00009000 08:03 8135503                    /usr/lib/x86_64-linux-gnu/libXrender.so.1.3.0
7f784cb98000-7f784cccd000 r-xp 00000000 08:03 8133837                    /usr/lib/x86_64-linux-gnu/libX11.so.6.3.0
7f784cccd000-7f784cecd000 ---p 00135000 08:03 8133837                    /usr/lib/x86_64-linux-gnu/libX11.so.6.3.0
7f784cecd000-7f784cece000 r--p 00135000 08:03 8133837                    /usr/lib/x86_64-linux-gnu/libX11.so.6.3.0
7f784cece000-7f784ced2000 rw-p 00136000 08:03 8133837                    /usr/lib/x86_64-linux-gnu/libX11.so.6.3.0
7f784ced2000-7f784cee3000 r-xp 00000000 08:03 8127420                    /usr/lib/x86_64-linux-gnu/libXext.so.6.4.0
7f784cee3000-7f784d0e2000 ---p 00011000 08:03 8127420                    /usr/lib/x86_64-linux-gnu/libXext.so.6.4.0
7f784d0e2000-7f784d0e3000 r--p 00010000 08:03 8127420                    /usr/lib/x86_64-linux-gnu/libXext.so.6.4.0
7f784d0e3000-7f784d0e4000 rw-p 00011000 08:03 8127420                    /usr/lib/x86_64-linux-gnu/libXext.so.6.4.0
7f784d0e4000-7f784d138000 r-xp 00000000 08:03 8537785                    /usr/lib/jvm/java-8-oracle/jre/lib/amd64/libawt_xawt.so
7f784d138000-7f784d338000 ---p 00054000 08:03 8537785                    /usr/lib/jvm/java-8-oracle/jre/lib/amd64/libawt_xawt.so
7f784d338000-7f784d33c000 rw-p 00054000 08:03 8537785                    /usr/lib/jvm/java-8-oracle/jre/lib/amd64/libawt_xawt.so
7f784d33c000-7f784d33d000 rw-p 00000000 00:00 0 
7f784d33d000-7f784d3df000 r-xp 00000000 08:03 8537759                    /usr/lib/jvm/java-8-oracle/jre/lib/amd64/libawt.so
7f784d3df000-7f784d5df000 ---p 000a2000 08:03 8537759                    /usr/lib/jvm/java-8-oracle/jre/lib/amd64/libawt.so
7f784d5df000-7f784d5eb000 rw-p 000a2000 08:03 8537759                    /usr/lib/jvm/java-8-oracle/jre/lib/amd64/libawt.so
7f784d5eb000-7f784d60f000 rw-p 00000000 00:00 0 
7f784d60f000-7f784d625000 r-xp 00000000 08:03 6817631                    /lib/x86_64-linux-gnu/libgcc_s.so.1
7f784d625000-7f784d824000 ---p 00016000 08:03 6817631                    /lib/x86_64-linux-gnu/libgcc_s.so.1
7f784d824000-7f784d825000 rw-p 00015000 08:03 6817631                    /lib/x86_64-linux-gnu/libgcc_s.so.1
7f784d825000-7f784d997000 r-xp 00000000 08:03 8126912                    /usr/lib/x86_64-linux-gnu/libstdc++.so.6.0.21
7f784d997000-7f784db97000 ---p 00172000 08:03 8126912                    /usr/lib/x86_64-linux-gnu/libstdc++.so.6.0.21
7f784db97000-7f784dba1000 r--p 00172000 08:03 8126912                    /usr/lib/x86_64-linux-gnu/libstdc++.so.6.0.21
7f784dba1000-7f784dba3000 rw-p 0017c000 08:03 8126912                    /usr/lib/x86_64-linux-gnu/libstdc++.so.6.0.21
7f784dba3000-7f784dba7000 rw-p 00000000 00:00 0 
7f784dba7000-7f784dbdf000 r-xp 00000000 08:03 3538977                    /tmp/libgdxtourneboeuf/6ef2d459/libgdx64.so
7f784dbdf000-7f784ddde000 ---p 00038000 08:03 3538977                    /tmp/libgdxtourneboeuf/6ef2d459/libgdx64.so
7f784ddde000-7f784dddf000 r--p 00037000 08:03 3538977                    /tmp/libgdxtourneboeuf/6ef2d459/libgdx64.so
7f784dddf000-7f784dde0000 rw-p 00038000 08:03 3538977                    /tmp/libgdxtourneboeuf/6ef2d459/libgdx64.so
7f784dde0000-7f784dde3000 ---p 00000000 00:00 0 
7f784dde3000-7f784dee1000 rw-p 00000000 00:00 0 
7f784dee1000-7f784dee2000 ---p 00000000 00:00 0 
7f784dee2000-7f784e6e2000 rw-p 00000000 00:00 0 
7f784e6e2000-7f784e6e8000 r-xp 00000000 08:03 8390558                    /usr/lib/x86_64-linux-gnu/alsa-lib/libasound_module_pcm_pulse.so
7f784e6e8000-7f784e8e7000 ---p 00006000 08:03 8390558                    /usr/lib/x86_64-linux-gnu/alsa-lib/libasound_module_pcm_pulse.so
7f784e8e7000-7f784e8e8000 r--p 00005000 08:03 8390558                    /usr/lib/x86_64-linux-gnu/alsa-lib/libasound_module_pcm_pulse.so
7f784e8e8000-7f784e8e9000 rw-p 00006000 08:03 8390558                    /usr/lib/x86_64-linux-gnu/alsa-lib/libasound_module_pcm_pulse.so
7f784e8e9000-7f784e913000 r-xp 00000000 08:03 8128542                    /usr/lib/x86_64-linux-gnu/libvorbis.so.0.4.8
7f784e913000-7f784eb13000 ---p 0002a000 08:03 8128542                    /usr/lib/x86_64-linux-gnu/libvorbis.so.0.4.8
7f784eb13000-7f784eb14000 r--p 0002a000 08:03 8128542                    /usr/lib/x86_64-linux-gnu/libvorbis.so.0.4.8
7f784eb14000-7f784eb15000 rw-p 0002b000 08:03 8128542                    /usr/lib/x86_64-linux-gnu/libvorbis.so.0.4.8
7f784eb15000-7f784eb1c000 r-xp 00000000 08:03 8126649                    /usr/lib/x86_64-linux-gnu/libogg.so.0.8.2
7f784eb1c000-7f784ed1c000 ---p 00007000 08:03 8126649                    /usr/lib/x86_64-linux-gnu/libogg.so.0.8.2
7f784ed1c000-7f784ed1d000 r--p 00007000 08:03 8126649                    /usr/lib/x86_64-linux-gnu/libogg.so.0.8.2
7f784ed1d000-7f784ed1e000 rw-p 00008000 08:03 8126649                    /usr/lib/x86_64-linux-gnu/libogg.so.0.8.2
7f784ed1e000-7f784ed30000 r-xp 00000000 08:03 6816785                    /lib/x86_64-linux-gnu/libgpg-error.so.0.17.0
7f784ed30000-7f784ef30000 ---p 00012000 08:03 6816785                    /lib/x86_64-linux-gnu/libgpg-error.so.0.17.0
7f784ef30000-7f784ef31000 r--p 00012000 08:03 6816785                    /lib/x86_64-linux-gnu/libgpg-error.so.0.17.0
7f784ef31000-7f784ef32000 rw-p 00013000 08:03 6816785                    /lib/x86_64-linux-gnu/libgpg-error.so.0.17.0
7f784ef32000-7f784efa0000 r-xp 00000000 08:03 6815814                    /lib/x86_64-linux-gnu/libpcre.so.3.13.2
7f784efa0000-7f784f1a0000 ---p 0006e000 08:03 6815814                    /lib/x86_64-linux-gnu/libpcre.so.3.13.2
7f784f1a0000-7f784f1a1000 r--p 0006e000 08:03 6815814                    /lib/x86_64-linux-gnu/libpcre.so.3.13.2
7f784f1a1000-7f784f1a2000 rw-p 0006f000 08:03 6815814                    /lib/x86_64-linux-gnu/libpcre.so.3.13.2
7f784f1a2000-7f784f1b9000 r-xp 00000000 08:03 6826111                    /lib/x86_64-linux-gnu/libresolv-2.23.so
7f784f1b9000-7f784f3b9000 ---p 00017000 08:03 6826111                    /lib/x86_64-linux-gnu/libresolv-2.23.so
7f784f3b9000-7f784f3ba000 r--p 00017000 08:03 6826111                    /lib/x86_64-linux-gnu/libresolv-2.23.so
7f784f3ba000-7f784f3bb000 rw-p 00018000 08:03 6826111                    /lib/x86_64-linux-gnu/libresolv-2.23.so
7f784f3bb000-7f784f3bd000 rw-p 00000000 00:00 0 
7f784f3bd000-7f784f44a000 r-xp 00000000 08:03 8128534                    /usr/lib/x86_64-linux-gnu/libvorbisenc.so.2.0.11
7f784f44a000-7f784f649000 ---p 0008d000 08:03 8128534                    /usr/lib/x86_64-linux-gnu/libvorbisenc.so.2.0.11
7f784f649000-7f784f665000 r--p 0008c000 08:03 8128534                    /usr/lib/x86_64-linux-gnu/libvorbisenc.so.2.0.11
7f784f665000-7f784f666000 rw-p 000a8000 08:03 8128534                    /usr/lib/x86_64-linux-gnu/libvorbisenc.so.2.0.11
7f784f666000-7f784f6d9000 r-xp 00000000 08:03 8130792                    /usr/lib/x86_64-linux-gnu/libFLAC.so.8.3.0
7f784f6d9000-7f784f8d9000 ---p 00073000 08:03 8130792                    /usr/lib/x86_64-linux-gnu/libFLAC.so.8.3.0
7f784f8d9000-7f784f8da000 r--p 00073000 08:03 8130792                    /usr/lib/x86_64-linux-gnu/libFLAC.so.8.3.0
7f784f8da000-7f784f8db000 rw-p 00074000 08:03 8130792                    /usr/lib/x86_64-linux-gnu/libFLAC.so.8.3.0
7f784f8db000-7f784f9b3000 r-xp 00000000 08:03 6816035                    /lib/x86_64-linux-gnu/libgcrypt.so.20.0.5
7f784f9b3000-7f784fbb2000 ---p 000d8000 08:03 6816035                    /lib/x86_64-linux-gnu/libgcrypt.so.20.0.5
7f784fbb2000-7f784fbb3000 r--p 000d7000 08:03 6816035                    /lib/x86_64-linux-gnu/libgcrypt.so.20.0.5
7f784fbb3000-7f784fbbb000 rw-p 000d8000 08:03 6816035                    /lib/x86_64-linux-gnu/libgcrypt.so.20.0.5
7f784fbbb000-7f784fbbc000 rw-p 00000000 00:00 0 
7f784fbbc000-7f784fbdd000 r-xp 00000000 08:03 6819846                    /lib/x86_64-linux-gnu/liblzma.so.5.0.0
7f784fbdd000-7f784fddc000 ---p 00021000 08:03 6819846                    /lib/x86_64-linux-gnu/liblzma.so.5.0.0
7f784fddc000-7f784fddd000 r--p 00020000 08:03 6819846                    /lib/x86_64-linux-gnu/liblzma.so.5.0.0
7f784fddd000-7f784fdde000 rw-p 00021000 08:03 6819846                    /lib/x86_64-linux-gnu/liblzma.so.5.0.0
7f784fdde000-7f784fdfd000 r-xp 00000000 08:03 6817704                    /lib/x86_64-linux-gnu/libselinux.so.1
7f784fdfd000-7f784fffc000 ---p 0001f000 08:03 6817704                    /lib/x86_64-linux-gnu/libselinux.so.1
7f784fffc000-7f784fffd000 r--p 0001e000 08:03 6817704                    /lib/x86_64-linux-gnu/libselinux.so.1
7f784fffd000-7f784fffe000 rw-p 0001f000 08:03 6817704                    /lib/x86_64-linux-gnu/libselinux.so.1
7f784fffe000-7f7850000000 rw-p 00000000 00:00 0 
7f7850000000-7f7850021000 rw-p 00000000 00:00 0 
7f7850021000-7f7854000000 ---p 00000000 00:00 0 
7f7854004000-7f7854006000 rw-s 00000000 08:03 3014688                    /tmp/.glN8smIO (deleted)
7f7854006000-7f7854019000 rw-s 21fc98000 00:06 588                       /dev/nvidiactl
7f7854019000-7f7854039000 rw-s b00c0000 00:06 589                        /dev/nvidia0
7f7854039000-7f785403d000 rw-s 24f13c000 00:06 588                       /dev/nvidiactl
7f785403d000-7f785405d000 rw-s 137415000 00:06 588                       /dev/nvidiactl
7f785405d000-7f785409d000 rw-s 13784d000 00:06 588                       /dev/nvidiactl
7f78540bd000-7f78540c0000 ---p 00000000 00:00 0 
7f78540c0000-7f78540f6000 rw-p 00000000 00:00 0 
7f78540f6000-7f78540f9000 ---p 00000000 00:00 0 
7f78540f9000-7f78541f7000 rw-p 00000000 00:00 0 
7f78541f7000-7f78541fc000 r-xp 00000000 08:03 8127822                    /usr/lib/x86_64-linux-gnu/libXdmcp.so.6.0.0
7f78541fc000-7f78543fb000 ---p 00005000 08:03 8127822                    /usr/lib/x86_64-linux-gnu/libXdmcp.so.6.0.0
7f78543fb000-7f78543fc000 r--p 00004000 08:03 8127822                    /usr/lib/x86_64-linux-gnu/libXdmcp.so.6.0.0
7f78543fc000-7f78543fd000 rw-p 00005000 08:03 8127822                    /usr/lib/x86_64-linux-gnu/libXdmcp.so.6.0.0
7f78543fd000-7f78543ff000 r-xp 00000000 08:03 8134591                    /usr/lib/x86_64-linux-gnu/libXau.so.6.0.0
7f78543ff000-7f78545ff000 ---p 00002000 08:03 8134591                    /usr/lib/x86_64-linux-gnu/libXau.so.6.0.0
7f78545ff000-7f7854600000 r--p 00002000 08:03 8134591                    /usr/lib/x86_64-linux-gnu/libXau.so.6.0.0
7f7854600000-7f7854601000 rw-p 00003000 08:03 8134591                    /usr/lib/x86_64-linux-gnu/libXau.so.6.0.0
7f7854601000-7f7854606000 r-xp 00000000 08:03 8129613                    /usr/lib/x86_64-linux-gnu/libasyncns.so.0.3.1
7f7854606000-7f7854805000 ---p 00005000 08:03 8129613                    /usr/lib/x86_64-linux-gnu/libasyncns.so.0.3.1
7f7854805000-7f7854806000 r--p 00004000 08:03 8129613                    /usr/lib/x86_64-linux-gnu/libasyncns.so.0.3.1
7f7854806000-7f7854807000 rw-p 00005000 08:03 8129613                    /usr/lib/x86_64-linux-gnu/libasyncns.so.0.3.1
7f7854807000-7f7854869000 r-xp 00000000 08:03 8130795                    /usr/lib/x86_64-linux-gnu/libsndfile.so.1.0.25
7f7854869000-7f7854a69000 ---p 00062000 08:03 8130795                    /usr/lib/x86_64-linux-gnu/libsndfile.so.1.0.25
7f7854a69000-7f7854a6b000 r--p 00062000 08:03 8130795                    /usr/lib/x86_64-linux-gnu/libsndfile.so.1.0.25
7f7854a6b000-7f7854a6c000 rw-p 00064000 08:03 8130795                    /usr/lib/x86_64-linux-gnu/libsndfile.so.1.0.25
7f7854a6c000-7f7854a70000 rw-p 00000000 00:00 0 
7f7854a70000-7f7854a78000 r-xp 00000000 08:03 6819959                    /lib/x86_64-linux-gnu/libwrap.so.0.7.6
7f7854a78000-7f7854c77000 ---p 00008000 08:03 6819959                    /lib/x86_64-linux-gnu/libwrap.so.0.7.6
7f7854c77000-7f7854c78000 r--p 00007000 08:03 6819959                    /lib/x86_64-linux-gnu/libwrap.so.0.7.6
7f7854c78000-7f7854c79000 rw-p 00008000 08:03 6819959                    /lib/x86_64-linux-gnu/libwrap.so.0.7.6
7f7854c79000-7f7854c7a000 rw-p 00000000 00:00 0 
7f7854c7a000-7f7854cfa000 r-xp 00000000 08:03 6815962                    /lib/x86_64-linux-gnu/libsystemd.so.0.14.0
7f7854cfa000-7f7854cfd000 r--p 0007f000 08:03 6815962                    /lib/x86_64-linux-gnu/libsystemd.so.0.14.0
7f7854cfd000-7f7854cfe000 rw-p 00082000 08:03 6815962                    /lib/x86_64-linux-gnu/libsystemd.so.0.14.0
7f7854cfe000-7f7854cff000 rw-p 00000000 00:00 0 
7f7854cff000-7f7854d20000 r-xp 00000000 08:03 8129160                    /usr/lib/x86_64-linux-gnu/libxcb.so.1.1.0
7f7854d20000-7f7854f1f000 ---p 00021000 08:03 8129160                    /usr/lib/x86_64-linux-gnu/libxcb.so.1.1.0
7f7854f1f000-7f7854f20000 r--p 00020000 08:03 8129160                    /usr/lib/x86_64-linux-gnu/libxcb.so.1.1.0
7f7854f20000-7f7854f21000 rw-p 00021000 08:03 8129160                    /usr/lib/x86_64-linux-gnu/libxcb.so.1.1.0
7f7854f21000-7f7854f6b000 r-xp 00000000 08:03 6815772                    /lib/x86_64-linux-gnu/libdbus-1.so.3.14.6
7f7854f6b000-7f785516b000 ---p 0004a000 08:03 6815772                    /lib/x86_64-linux-gnu/libdbus-1.so.3.14.6
7f785516b000-7f785516c000 r--p 0004a000 08:03 6815772                    /lib/x86_64-linux-gnu/libdbus-1.so.3.14.6
7f785516c000-7f785516d000 rw-p 0004b000 08:03 6815772                    /lib/x86_64-linux-gnu/libdbus-1.so.3.14.6
7f785516d000-7f78551e7000 r-xp 00000000 08:03 8522181                    /usr/lib/x86_64-linux-gnu/pulseaudio/libpulsecommon-8.0.so
7f78551e7000-7f78553e6000 ---p 0007a000 08:03 8522181                    /usr/lib/x86_64-linux-gnu/pulseaudio/libpulsecommon-8.0.so
7f78553e6000-7f78553e7000 r--p 00079000 08:03 8522181                    /usr/lib/x86_64-linux-gnu/pulseaudio/libpulsecommon-8.0.so
7f78553e7000-7f78553e8000 rw-p 0007a000 08:03 8522181                    /usr/lib/x86_64-linux-gnu/pulseaudio/libpulsecommon-8.0.so
7f78553e8000-7f78553f2000 r-xp 00000000 08:03 6815927                    /lib/x86_64-linux-gnu/libjson-c.so.2.0.0
7f78553f2000-7f78555f1000 ---p 0000a000 08:03 6815927                    /lib/x86_64-linux-gnu/libjson-c.so.2.0.0
7f78555f1000-7f78555f2000 r--p 00009000 08:03 6815927                    /lib/x86_64-linux-gnu/libjson-c.so.2.0.0
7f78555f2000-7f78555f3000 rw-p 0000a000 08:03 6815927                    /lib/x86_64-linux-gnu/libjson-c.so.2.0.0
7f78555f3000-7f7855641000 r-xp 00000000 08:03 8127628                    /usr/lib/x86_64-linux-gnu/libpulse.so.0.19.0
7f7855641000-7f7855841000 ---p 0004e000 08:03 8127628                    /usr/lib/x86_64-linux-gnu/libpulse.so.0.19.0
7f7855841000-7f7855842000 r--p 0004e000 08:03 8127628                    /usr/lib/x86_64-linux-gnu/libpulse.so.0.19.0
7f7855842000-7f7855843000 rw-p 0004f000 08:03 8127628                    /usr/lib/x86_64-linux-gnu/libpulse.so.0.19.0
7f7855843000-7f7855844000 rw-s 24e5da000 00:06 588                       /dev/nvidiactl
7f7855844000-7f7855845000 rw-s bfee4000 00:06 589                        /dev/nvidia0
7f7855845000-7f7855855000 rw-s 00000000 08:06 12332289                   /home2/tourneboeuf/.glvnd1RRLWD (deleted)
7f7855855000-7f7855865000 r-xs 00000000 08:06 12332289                   /home2/tourneboeuf/.glvnd1RRLWD (deleted)
7f7855865000-7f7855869000 r--s 00097000 08:03 8403247                    /usr/lib/jvm/java-8-oracle/jre/lib/jsse.jar
7f7855869000-7f7855870000 r--s 00000000 08:03 8392999                    /usr/lib/x86_64-linux-gnu/gconv/gconv-modules.cache
7f7855870000-7f7855873000 ---p 00000000 00:00 0 
7f7855873000-7f7855971000 rw-p 00000000 00:00 0 
7f7855971000-7f7855974000 ---p 00000000 00:00 0 
7f7855974000-7f7855a72000 rw-p 00000000 00:00 0 
7f7855a72000-7f7855b6b000 r-xp 00000000 08:03 8128572                    /usr/lib/x86_64-linux-gnu/libasound.so.2.0.0
7f7855b6b000-7f7855d6a000 ---p 000f9000 08:03 8128572                    /usr/lib/x86_64-linux-gnu/libasound.so.2.0.0
7f7855d6a000-7f7855d71000 r--p 000f8000 08:03 8128572                    /usr/lib/x86_64-linux-gnu/libasound.so.2.0.0
7f7855d71000-7f7855d72000 rw-p 000ff000 08:03 8128572                    /usr/lib/x86_64-linux-gnu/libasound.so.2.0.0
7f7855d72000-7f7855d73000 rw-s bfee4000 00:06 589                        /dev/nvidia0
7f7855d73000-7f7855d74000 rw-s 24f2cf000 00:06 588                       /dev/nvidiactl
7f7855d74000-7f7855d75000 rw-s c3060000 00:06 589                        /dev/nvidia0
7f7855d75000-7f7855d76000 r--s 00002000 08:06 27525199                   /home2/tourneboeuf/.gradle/caches/modules-2/files-2.1/net.java.jinput/jinput-platform/2.0.5/53f9c919f34d2ca9de8c51fc4e1e8282029a9232/jinput-platform-2.0.5-natives-osx.jar
7f7855d76000-7f7855d77000 r--s 00025000 08:06 27525197                   /home2/tourneboeuf/.gradle/caches/modules-2/files-2.1/net.java.jinput/jinput-platform/2.0.5/385ee093e01f587f30ee1c8a2ee7d408fd732e16/jinput-platform-2.0.5-natives-windows.jar
7f7855d77000-7f7855d78000 r--s 00002000 08:06 27525195                   /home2/tourneboeuf/.gradle/caches/modules-2/files-2.1/net.java.jinput/jinput-platform/2.0.5/7ff832a6eb9ab6a767f1ade2b548092d0fa64795/jinput-platform-2.0.5-natives-linux.jar
7f7855d78000-7f7855d79000 r--s 00001000 08:06 27525193                   /home2/tourneboeuf/.gradle/caches/modules-2/files-2.1/net.java.jutils/jutils/1.0.0/e12fe1fda814bd348c1579329c86943d2cd3c6a6/jutils-1.0.0.jar
7f7855d79000-7f7855d7d000 r--s 0002f000 08:06 27525191                   /home2/tourneboeuf/.gradle/caches/modules-2/files-2.1/net.java.jinput/jinput/2.0.5/39c7796b469a600f72380316f6b1f11db6c2c7c4/jinput-2.0.5.jar
7f7855d7d000-7f7855d7e000 r--s 00068000 08:06 27525189                   /home2/tourneboeuf/.gradle/caches/modules-2/files-2.1/org.lwjgl.lwjgl/lwjgl-platform/2.9.2/d55b46b40b40249d627a83a7f7f22649709d70c3/lwjgl-platform-2.9.2-natives-osx.jar
7f7855d7e000-7f7855d8c000 r--s 000f2000 08:06 27525175                   /home2/tourneboeuf/.gradle/caches/modules-2/files-2.1/org.lwjgl.lwjgl/lwjgl/2.9.2/a9d80fe5935c7a9149f6584d9777cfd471f65489/lwjgl-2.9.2.jar
7f7855d8c000-7f7855d9f000 r--s 0013d000 08:06 19541782                   /home2/tourneboeuf/.gradle/caches/modules-2/files-2.1/com.badlogicgames.gdx/gdx-bullet/1.9.0/cf3f2fad3ea557f8d5aae924cc74f86cd7c10367/gdx-bullet-1.9.0.jar
7f7855d9f000-7f7855dae000 r-xp 00000000 08:03 8537750                    /usr/lib/jvm/java-8-oracle/jre/lib/amd64/libjsoundalsa.so
7f7855dae000-7f7855fad000 ---p 0000f000 08:03 8537750                    /usr/lib/jvm/java-8-oracle/jre/lib/amd64/libjsoundalsa.so
7f7855fad000-7f7855fae000 rw-p 0000e000 08:03 8537750                    /usr/lib/jvm/java-8-oracle/jre/lib/amd64/libjsoundalsa.so
7f7855fae000-7f7855faf000 r-xp 00000000 08:03 8537787                    /usr/lib/jvm/java-8-oracle/jre/lib/amd64/libjsound.so
7f7855faf000-7f78561ae000 ---p 00001000 08:03 8537787                    /usr/lib/jvm/java-8-oracle/jre/lib/amd64/libjsound.so
7f78561ae000-7f78561af000 rw-p 00000000 08:03 8537787                    /usr/lib/jvm/java-8-oracle/jre/lib/amd64/libjsound.so
7f78561af000-7f78561c2000 r--s 00345000 08:03 8403212                    /usr/lib/jvm/java-8-oracle/jre/lib/resources.jar
7f78561c2000-7f78561dc000 r--s 001a6000 08:06 21496169                   /home2/tourneboeuf/.gradle/caches/modules-2/files-2.1/com.badlogicgames.gdx/gdx/1.9.0/a064f06e8692c8f7084cd0100529ed8285413ff5/gdx-1.9.0.jar
7f78561dc000-7f78561dd000 ---p 00000000 00:00 0 
7f78561dd000-7f78562dd000 rw-p 00000000 00:00 0 
7f78562dd000-7f78562e0000 ---p 00000000 00:00 0 
7f78562e0000-7f78563de000 rw-p 00000000 00:00 0 
7f78563de000-7f78563e1000 ---p 00000000 00:00 0 
7f78563e1000-7f78564df000 rw-p 00000000 00:00 0 
7f78564df000-7f78564e2000 ---p 00000000 00:00 0 
7f78564e2000-7f78565e0000 rw-p 00000000 00:00 0 
7f78565e0000-7f78565e3000 ---p 00000000 00:00 0 
7f78565e3000-7f78566e1000 rw-p 00000000 00:00 0 
7f78566e1000-7f78566e4000 ---p 00000000 00:00 0 
7f78566e4000-7f78567e2000 rw-p 00000000 00:00 0 
7f78567e2000-7f7856abb000 r--p 00000000 08:03 8129148                    /usr/lib/locale/locale-archive
7f7856abb000-7f7856abe000 ---p 00000000 00:00 0 
7f7856abe000-7f7856bbc000 rw-p 00000000 00:00 0 
7f7856bbc000-7f7856bbf000 ---p 00000000 00:00 0 
7f7856bbf000-7f7856cbd000 rw-p 00000000 00:00 0 
7f7856cbd000-7f7856cbe000 ---p 00000000 00:00 0 
7f7856cbe000-7f7857d7f000 rw-p 00000000 00:00 0 
7f7857d7f000-7f7857f57000 r--s 03d2a000 08:03 8403258                    /usr/lib/jvm/java-8-oracle/jre/lib/rt.jar
7f7857f57000-7f785c969000 rw-p 00000000 00:00 0 
7f785c969000-7f785c96a000 ---p 00000000 00:00 0 
7f785c96a000-7f785ca6a000 rw-p 00000000 00:00 0 
7f785ca6a000-7f785ca6b000 ---p 00000000 00:00 0 
7f785ca6b000-7f785cb6b000 rw-p 00000000 00:00 0 
7f785cb6b000-7f785cb6c000 ---p 00000000 00:00 0 
7f785cb6c000-7f785cc6c000 rw-p 00000000 00:00 0 
7f785cc6c000-7f785cc6d000 ---p 00000000 00:00 0 
7f785cc6d000-7f785cd97000 rw-p 00000000 00:00 0 
7f785cd97000-7f785d000000 ---p 00000000 00:00 0 
7f785d000000-7f785d590000 rwxp 00000000 00:00 0 
7f785d590000-7f786c000000 ---p 00000000 00:00 0 
7f786c000000-7f786c516000 rw-p 00000000 00:00 0 
7f786c516000-7f7870000000 ---p 00000000 00:00 0 
7f7870000000-7f7870001000 r--s 0008d000 08:06 27525187                   /home2/tourneboeuf/.gradle/caches/modules-2/files-2.1/org.lwjgl.lwjgl/lwjgl-platform/2.9.2/d276cdf61fe2b516c7b7f4aa1b8dea91dbdc8d56/lwjgl-platform-2.9.2-natives-linux.jar
7f7870001000-7f7870002000 r--s 00095000 08:06 27525185                   /home2/tourneboeuf/.gradle/caches/modules-2/files-2.1/org.lwjgl.lwjgl/lwjgl-platform/2.9.2/510c7d317f5e9e700b9cfaac5fd38bdebf0702e0/lwjgl-platform-2.9.2-natives-windows.jar
7f7870002000-7f7870004000 r--s 00017000 08:06 27525181                   /home2/tourneboeuf/.gradle/caches/modules-2/files-2.1/org.jcraft/jorbis/0.0.17/8872d22b293e8f5d7d56ff92be966e6dc28ebdc6/jorbis-0.0.17.jar
7f7870004000-7f7870005000 r--s 00015000 08:06 27525179                   /home2/tourneboeuf/.gradle/caches/modules-2/files-2.1/com.badlogicgames.jlayer/jlayer/1.0.1-gdx/7cca83cec5c1b2f011362f4d85aabd71a73b049d/jlayer-1.0.1-gdx.jar
7f7870005000-7f7870009000 r--s 00027000 08:06 27525177                   /home2/tourneboeuf/.gradle/caches/modules-2/files-2.1/org.lwjgl.lwjgl/lwjgl_util/2.9.2/4b9e37300a87799856e0bd15ed81663cdb6b0947/lwjgl_util-2.9.2.jar
7f7870009000-7f787000b000 r--s 00002000 08:06 27263104                   /home2/tourneboeuf/.gradle/caches/modules-2/files-2.1/com.badlogicgames.gdx/gdx-controllers/1.9.0/f09e850dbc8bae56546979d6cff2dde58d054107/gdx-controllers-1.9.0.jar
7f787000b000-7f787000d000 r--s 00008000 08:06 22153397                   /home2/tourneboeuf/.gradle/caches/modules-2/files-2.1/com.badlogicgames.gdx/gdx-freetype/1.9.0/b03693d840ea49eac2e0ec5c2f61b9e91207ddc3/gdx-freetype-1.9.0.jar
7f787000d000-7f787000f000 r--s 00010000 08:06 19541780                   /home2/tourneboeuf/.gradle/caches/modules-2/files-2.1/com.badlogicgames.gdx/gdx-box2d/1.9.0/d7a6ba43a7007e30802638a8f0d7e23a2eb73415/gdx-box2d-1.9.0.jar
7f787000f000-7f7870010000 r--s 00133000 08:06 27525234                   /home2/tourneboeuf/.gradle/caches/modules-2/files-2.1/com.badlogicgames.gdx/gdx-controllers-platform/1.9.0/33d246ded518ac230fee55d1750c1288d0d6203a/gdx-controllers-platform-1.9.0-natives-desktop.jar
7f7870010000-7f7870012000 r--s 00004000 08:06 27525232                   /home2/tourneboeuf/.gradle/caches/modules-2/files-2.1/com.badlogicgames.gdx/gdx-controllers-desktop/1.9.0/d86ac80aefa31ba44e6907522c19592f2524b41f/gdx-controllers-desktop-1.9.0.jar
7f7870012000-7f7870013000 r--s 0021a000 08:06 22153531                   /home2/tourneboeuf/.gradle/caches/modules-2/files-2.1/com.badlogicgames.gdx/gdx-freetype-platform/1.9.0/75b2c03f92ee1b88fc8698751dc55ccc2654f2f7/gdx-freetype-platform-1.9.0-natives-desktop.jar
7f7870013000-7f7870014000 r--s 00888000 08:06 19541786                   /home2/tourneboeuf/.gradle/caches/modules-2/files-2.1/com.badlogicgames.gdx/gdx-bullet-platform/1.9.0/b68f58c547124ad6b9517a38be250d7c4b023f1b/gdx-bullet-platform-1.9.0-natives-desktop.jar
7f7870014000-7f7870016000 r--s 000fa000 08:06 19541785                   /home2/tourneboeuf/.gradle/caches/modules-2/files-2.1/com.badlogicgames.gdx/gdx-box2d-platform/1.9.0/5e032d47a655fe0b2ea54ca530566b4c185aecc2/gdx-box2d-platform-1.9.0-natives-desktop.jar
7f7870016000-7f7870017000 r--s 000d4000 08:06 21496185                   /home2/tourneboeuf/.gradle/caches/modules-2/files-2.1/com.badlogicgames.gdx/gdx-platform/1.9.0/bd396a0e63ef2c54c0b0c88abdbb8a4e1944fa66/gdx-platform-1.9.0-natives-desktop.jar
7f7870017000-7f787001b000 r--s 00020000 08:06 21496183                   /home2/tourneboeuf/.gradle/caches/modules-2/files-2.1/com.badlogicgames.gdx/gdx-backend-lwjgl/1.9.0/aa4daf87fbd3f1beba8a3104a609fe122beefbac/gdx-backend-lwjgl-1.9.0.jar
7f787001b000-7f7870045000 rw-p 00000000 00:00 0 
7f7870045000-7f78702ad000 ---p 00000000 00:00 0 
7f78702ad000-7f78702d2000 rw-p 00000000 00:00 0 
7f78702d2000-7f78703f7000 ---p 00000000 00:00 0 
7f78703f7000-7f787040f000 rw-p 00000000 00:00 0 
7f787040f000-7f78707b8000 ---p 00000000 00:00 0 
7f78707b8000-7f78707d2000 r-xp 00000000 08:03 8537738                    /usr/lib/jvm/java-8-oracle/jre/lib/amd64/libzip.so
7f78707d2000-7f78709d2000 ---p 0001a000 08:03 8537738                    /usr/lib/jvm/java-8-oracle/jre/lib/amd64/libzip.so
7f78709d2000-7f78709d3000 rw-p 0001a000 08:03 8537738                    /usr/lib/jvm/java-8-oracle/jre/lib/amd64/libzip.so
7f78709d3000-7f78709de000 r-xp 00000000 08:03 6826110                    /lib/x86_64-linux-gnu/libnss_files-2.23.so
7f78709de000-7f7870bdd000 ---p 0000b000 08:03 6826110                    /lib/x86_64-linux-gnu/libnss_files-2.23.so
7f7870bdd000-7f7870bde000 r--p 0000a000 08:03 6826110                    /lib/x86_64-linux-gnu/libnss_files-2.23.so
7f7870bde000-7f7870bdf000 rw-p 0000b000 08:03 6826110                    /lib/x86_64-linux-gnu/libnss_files-2.23.so
7f7870bdf000-7f7870be5000 rw-p 00000000 00:00 0 
7f7870be5000-7f7870bf0000 r-xp 00000000 08:03 6823662                    /lib/x86_64-linux-gnu/libnss_nis-2.23.so
7f7870bf0000-7f7870def000 ---p 0000b000 08:03 6823662                    /lib/x86_64-linux-gnu/libnss_nis-2.23.so
7f7870def000-7f7870df0000 r--p 0000a000 08:03 6823662                    /lib/x86_64-linux-gnu/libnss_nis-2.23.so
7f7870df0000-7f7870df1000 rw-p 0000b000 08:03 6823662                    /lib/x86_64-linux-gnu/libnss_nis-2.23.so
7f7870df1000-7f7870e07000 r-xp 00000000 08:03 6826106                    /lib/x86_64-linux-gnu/libnsl-2.23.so
7f7870e07000-7f7871006000 ---p 00016000 08:03 6826106                    /lib/x86_64-linux-gnu/libnsl-2.23.so
7f7871006000-7f7871007000 r--p 00015000 08:03 6826106                    /lib/x86_64-linux-gnu/libnsl-2.23.so
7f7871007000-7f7871008000 rw-p 00016000 08:03 6826106                    /lib/x86_64-linux-gnu/libnsl-2.23.so
7f7871008000-7f787100a000 rw-p 00000000 00:00 0 
7f787100a000-7f7871012000 r-xp 00000000 08:03 6826107                    /lib/x86_64-linux-gnu/libnss_compat-2.23.so
7f7871012000-7f7871211000 ---p 00008000 08:03 6826107                    /lib/x86_64-linux-gnu/libnss_compat-2.23.so
7f7871211000-7f7871212000 r--p 00007000 08:03 6826107                    /lib/x86_64-linux-gnu/libnss_compat-2.23.so
7f7871212000-7f7871213000 rw-p 00008000 08:03 6826107                    /lib/x86_64-linux-gnu/libnss_compat-2.23.so
7f7871213000-7f787123e000 r-xp 00000000 08:03 8537800                    /usr/lib/jvm/java-8-oracle/jre/lib/amd64/libjava.so
7f787123e000-7f787143d000 ---p 0002b000 08:03 8537800                    /usr/lib/jvm/java-8-oracle/jre/lib/amd64/libjava.so
7f787143d000-7f787143f000 rw-p 0002a000 08:03 8537800                    /usr/lib/jvm/java-8-oracle/jre/lib/amd64/libjava.so
7f787143f000-7f787144c000 r-xp 00000000 08:03 8537773                    /usr/lib/jvm/java-8-oracle/jre/lib/amd64/libverify.so
7f787144c000-7f787164b000 ---p 0000d000 08:03 8537773                    /usr/lib/jvm/java-8-oracle/jre/lib/amd64/libverify.so
7f787164b000-7f787164d000 rw-p 0000c000 08:03 8537773                    /usr/lib/jvm/java-8-oracle/jre/lib/amd64/libverify.so
7f787164d000-7f7871654000 r-xp 00000000 08:03 6819944                    /lib/x86_64-linux-gnu/librt-2.23.so
7f7871654000-7f7871853000 ---p 00007000 08:03 6819944                    /lib/x86_64-linux-gnu/librt-2.23.so
7f7871853000-7f7871854000 r--p 00006000 08:03 6819944                    /lib/x86_64-linux-gnu/librt-2.23.so
7f7871854000-7f7871855000 rw-p 00007000 08:03 6819944                    /lib/x86_64-linux-gnu/librt-2.23.so
7f7871855000-7f787195d000 r-xp 00000000 08:03 6826104                    /lib/x86_64-linux-gnu/libm-2.23.so
7f787195d000-7f7871b5c000 ---p 00108000 08:03 6826104                    /lib/x86_64-linux-gnu/libm-2.23.so
7f7871b5c000-7f7871b5d000 r--p 00107000 08:03 6826104                    /lib/x86_64-linux-gnu/libm-2.23.so
7f7871b5d000-7f7871b5e000 rw-p 00108000 08:03 6826104                    /lib/x86_64-linux-gnu/libm-2.23.so
7f7871b5e000-7f787282b000 r-xp 00000000 08:03 8537791                    /usr/lib/jvm/java-8-oracle/jre/lib/amd64/server/libjvm.so
7f787282b000-7f7872a2a000 ---p 00ccd000 08:03 8537791                    /usr/lib/jvm/java-8-oracle/jre/lib/amd64/server/libjvm.so
7f7872a2a000-7f7872b03000 rw-p 00ccc000 08:03 8537791                    /usr/lib/jvm/java-8-oracle/jre/lib/amd64/server/libjvm.so
7f7872b03000-7f7872b4e000 rw-p 00000000 00:00 0 
7f7872b4e000-7f7872d0d000 r-xp 00000000 08:03 6826086                    /lib/x86_64-linux-gnu/libc-2.23.so
7f7872d0d000-7f7872f0d000 ---p 001bf000 08:03 6826086                    /lib/x86_64-linux-gnu/libc-2.23.so
7f7872f0d000-7f7872f11000 r--p 001bf000 08:03 6826086                    /lib/x86_64-linux-gnu/libc-2.23.so
7f7872f11000-7f7872f13000 rw-p 001c3000 08:03 6826086                    /lib/x86_64-linux-gnu/libc-2.23.so
7f7872f13000-7f7872f17000 rw-p 00000000 00:00 0 
7f7872f17000-7f7872f1a000 r-xp 00000000 08:03 6826085                    /lib/x86_64-linux-gnu/libdl-2.23.so
7f7872f1a000-7f7873119000 ---p 00003000 08:03 6826085                    /lib/x86_64-linux-gnu/libdl-2.23.so
7f7873119000-7f787311a000 r--p 00002000 08:03 6826085                    /lib/x86_64-linux-gnu/libdl-2.23.so
7f787311a000-7f787311b000 rw-p 00003000 08:03 6826085                    /lib/x86_64-linux-gnu/libdl-2.23.so
7f787311b000-7f7873130000 r-xp 00000000 08:03 8397721                    /usr/lib/jvm/java-8-oracle/lib/amd64/jli/libjli.so
7f7873130000-7f7873330000 ---p 00015000 08:03 8397721                    /usr/lib/jvm/java-8-oracle/lib/amd64/jli/libjli.so
7f7873330000-7f7873331000 rw-p 00015000 08:03 8397721                    /usr/lib/jvm/java-8-oracle/lib/amd64/jli/libjli.so
7f7873331000-7f7873349000 r-xp 00000000 08:03 6826105                    /lib/x86_64-linux-gnu/libpthread-2.23.so
7f7873349000-7f7873548000 ---p 00018000 08:03 6826105                    /lib/x86_64-linux-gnu/libpthread-2.23.so
7f7873548000-7f7873549000 r--p 00017000 08:03 6826105                    /lib/x86_64-linux-gnu/libpthread-2.23.so
7f7873549000-7f787354a000 rw-p 00018000 08:03 6826105                    /lib/x86_64-linux-gnu/libpthread-2.23.so
7f787354a000-7f787354e000 rw-p 00000000 00:00 0 
7f787354e000-7f7873574000 r-xp 00000000 08:03 6819758                    /lib/x86_64-linux-gnu/ld-2.23.so
7f7873574000-7f787363f000 rw-p 00000000 00:00 0 
7f787363f000-7f7873642000 ---p 00000000 00:00 0 
7f7873642000-7f7873744000 rw-p 00000000 00:00 0 
7f7873744000-7f7873746000 r--s 00013000 08:06 18629781                   /home2/tourneboeuf/Software/Java/Libgdx/TaranFigthers/core/build/libs/core-1.0.jar
7f7873746000-7f7873767000 rw-p 00000000 00:00 0 
7f7873767000-7f787376f000 rw-s 00000000 08:03 3538985                    /tmp/hsperfdata_tourneboeuf/16519
7f787376f000-7f7873770000 rw-p 00000000 00:00 0 
7f7873770000-7f7873771000 r--p 00000000 00:00 0 
7f7873771000-7f7873773000 rw-p 00000000 00:00 0 
7f7873773000-7f7873774000 r--p 00025000 08:03 6819758                    /lib/x86_64-linux-gnu/ld-2.23.so
7f7873774000-7f7873775000 rw-p 00026000 08:03 6819758                    /lib/x86_64-linux-gnu/ld-2.23.so
7f7873775000-7f7873776000 rw-p 00000000 00:00 0 
7ffcddf16000-7ffcddf39000 rw-p 00000000 00:00 0                          [stack]
7ffcddfee000-7ffcddff0000 r--p 00000000 00:00 0                          [vvar]
7ffcddff0000-7ffcddff2000 r-xp 00000000 00:00 0                          [vdso]
ffffffffff600000-ffffffffff601000 r-xp 00000000 00:00 0                  [vsyscall]

VM Arguments:
jvm_args: -Dfile.encoding=UTF-8 -Duser.country=US -Duser.language=en -Duser.variant 
java_command: com.mygdx.taranfighters.desktop.DesktopLauncher
java_class_path (initial): /home2/tourneboeuf/Software/Java/Libgdx/TaranFigthers/desktop/build/classes/main:/home2/tourneboeuf/Software/Java/Libgdx/TaranFigthers/desktop/build/resources/main:/home2/tourneboeuf/Software/Java/Libgdx/TaranFigthers/core/build/libs/core-1.0.jar:/home2/tourneboeuf/.gradle/caches/modules-2/files-2.1/com.badlogicgames.gdx/gdx-backend-lwjgl/1.9.0/aa4daf87fbd3f1beba8a3104a609fe122beefbac/gdx-backend-lwjgl-1.9.0.jar:/home2/tourneboeuf/.gradle/caches/modules-2/files-2.1/com.badlogicgames.gdx/gdx-platform/1.9.0/bd396a0e63ef2c54c0b0c88abdbb8a4e1944fa66/gdx-platform-1.9.0-natives-desktop.jar:/home2/tourneboeuf/.gradle/caches/modules-2/files-2.1/com.badlogicgames.gdx/gdx-box2d-platform/1.9.0/5e032d47a655fe0b2ea54ca530566b4c185aecc2/gdx-box2d-platform-1.9.0-natives-desktop.jar:/home2/tourneboeuf/.gradle/caches/modules-2/files-2.1/com.badlogicgames.gdx/gdx-bullet-platform/1.9.0/b68f58c547124ad6b9517a38be250d7c4b023f1b/gdx-bullet-platform-1.9.0-natives-desktop.jar:/home2/tourneboeuf/.gradle/caches/modules-2/files-2.1/com.badlogicgames.gdx/gdx-freetype-platform/1.9.0/75b2c03f92ee1b88fc8698751dc55ccc2654f2f7/gdx-freetype-platform-1.9.0-natives-desktop.jar:/home2/tourneboeuf/.gradle/caches/modules-2/files-2.1/com.badlogicgames.gdx/gdx-controllers-desktop/1.9.0/d86ac80aefa31ba44e6907522c19592f2524b41f/gdx-controllers-desktop-1.9.0.jar:/home2/tourneboeuf/.gradle/caches/modules-2/files-2.1/com.badlogicgames.gdx/gdx-controllers-platform/1.9.0/33d246ded518ac230fee55d1750c1288d0d6203a/gdx-controllers-platform-1.9.0-natives-desktop.jar:/home2/tourneboeuf/.gradle/caches/modules-2/files-2.1/com.badlogicgames.gdx/gdx/1.9.0/a064f06e8692c8f7084cd0100529ed8285413ff5/gdx-1.9.0.jar:/home2/tourneboeuf/.gradle/caches/modules-2/files-2.1/com.badlogicgames.gdx/gdx-box2d/1.9.0/d7a6ba43a7007e30802638a8f0d7e23a2eb73415/gdx-box2d-1.9.0.jar:/home2/tourneboeuf/.gradle/caches/modules-2/files-2.1/com.badlogicgames.gdx/gdx-bullet/1.9.0/cf3f2fad3ea557f8d5aae924cc74f86cd7c10367/gdx
Launcher Type: SUN_STANDARD

Environment Variables:
JAVA_HOME=/usr/lib/jvm/java-8-oracle
PATH=/home2/tourneboeuf/Bin:/home2/tourneboeuf/Software/Android/SDK/android-sdk-linux/tools:/home2/tourneboeuf/Software/Android/SDK/android-sdk-linux/platform-tools:/usr/local/sbin:/usr/local/bin:/usr/sbin:/usr/bin:/sbin:/bin:/usr/games:/usr/local/games:/snap/bin:/usr/lib/jvm/java-8-oracle/bin:/usr/lib/jvm/java-8-oracle/db/bin:/usr/lib/jvm/java-8-oracle/jre/bin
SHELL=/bin/bash
DISPLAY=:0

Signal Handlers:
SIGSEGV: [libjvm.so+0xac64b0], sa_mask[0]=11111111011111111101111111111110, sa_flags=SA_RESTART|SA_SIGINFO
SIGBUS: [libjvm.so+0xac64b0], sa_mask[0]=11111111011111111101111111111110, sa_flags=SA_RESTART|SA_SIGINFO
SIGFPE: [libjvm.so+0x91f950], sa_mask[0]=11111111011111111101111111111110, sa_flags=SA_RESTART|SA_SIGINFO
SIGPIPE: [libjvm.so+0x91f950], sa_mask[0]=11111111011111111101111111111110, sa_flags=SA_RESTART|SA_SIGINFO
SIGXFSZ: [libjvm.so+0x91f950], sa_mask[0]=11111111011111111101111111111110, sa_flags=SA_RESTART|SA_SIGINFO
SIGILL: [libjvm.so+0x91f950], sa_mask[0]=11111111011111111101111111111110, sa_flags=SA_RESTART|SA_SIGINFO
SIGUSR1: SIG_DFL, sa_mask[0]=00000000000000000000000000000000, sa_flags=none
SIGUSR2: [libjvm.so+0x920f80], sa_mask[0]=00100000000000000000000000000000, sa_flags=SA_RESTART|SA_SIGINFO
SIGHUP: [libjvm.so+0x922380], sa_mask[0]=11111111011111111101111111111110, sa_flags=SA_RESTART|SA_SIGINFO
SIGINT: [libjvm.so+0x922380], sa_mask[0]=11111111011111111101111111111110, sa_flags=SA_RESTART|SA_SIGINFO
SIGTERM: [libjvm.so+0x922380], sa_mask[0]=11111111011111111101111111111110, sa_flags=SA_RESTART|SA_SIGINFO
SIGQUIT: [libjvm.so+0x922380], sa_mask[0]=11111111011111111101111111111110, sa_flags=SA_RESTART|SA_SIGINFO


---------------  S Y S T E M  ---------------

OS:DISTRIB_ID=Ubuntu
DISTRIB_RELEASE=16.04
DISTRIB_CODENAME=xenial
DISTRIB_DESCRIPTION="Ubuntu 16.04.1 LTS"

uname:Linux 4.4.0-59-generic #80-Ubuntu SMP Fri Jan 6 17:47:47 UTC 2017 x86_64
libc:glibc 2.23 NPTL 2.23 
rlimit: STACK 8192k, CORE 0k, NPROC 31427, NOFILE 65536, AS infinity
load average:0,85 0,63 0,65

/proc/meminfo:
MemTotal:        8092628 kB
MemFree:          298904 kB
MemAvailable:    3186056 kB
Buffers:          556080 kB
Cached:          2372076 kB
SwapCached:            0 kB
Active:          6251444 kB
Inactive:         989584 kB
Active(anon):    4136768 kB
Inactive(anon):   227952 kB
Active(file):    2114676 kB
Inactive(file):   761632 kB
Unevictable:          32 kB
Mlocked:              32 kB
SwapTotal:      15624188 kB
SwapFree:       15624188 kB
Dirty:              1756 kB
Writeback:             0 kB
AnonPages:       4305076 kB
Mapped:           481516 kB
Shmem:             51856 kB
Slab:             362448 kB
SReclaimable:     318792 kB
SUnreclaim:        43656 kB
KernelStack:       12848 kB
PageTables:        47728 kB
NFS_Unstable:          0 kB
Bounce:                0 kB
WritebackTmp:          0 kB
CommitLimit:    19670500 kB
Committed_AS:    9490644 kB
VmallocTotal:   34359738367 kB
VmallocUsed:           0 kB
VmallocChunk:          0 kB
HardwareCorrupted:     0 kB
AnonHugePages:   2521088 kB
CmaTotal:              0 kB
CmaFree:               0 kB
HugePages_Total:       0
HugePages_Free:        0
HugePages_Rsvd:        0
HugePages_Surp:        0
Hugepagesize:       2048 kB
DirectMap4k:      307136 kB
DirectMap2M:     7999488 kB
DirectMap1G:     1048576 kB


CPU:total 4 (2 cores per cpu, 2 threads per core) family 6 model 61 stepping 4, cmov, cx8, fxsr, mmx, sse, sse2, sse3, ssse3, sse4.1, sse4.2, popcnt, avx, avx2, aes, clmul, erms, 3dnowpref, lzcnt, ht, tsc, tscinvbit, bmi1, bmi2, adx

/proc/cpuinfo:
processor	: 0
vendor_id	: GenuineIntel
cpu family	: 6
model		: 61
model name	: Intel(R) Core(TM) i5-5200U CPU @ 2.20GHz
stepping	: 4
microcode	: 0x13
cpu MHz		: 2500.007
cache size	: 3072 KB
physical id	: 0
siblings	: 4
core id		: 0
cpu cores	: 2
apicid		: 0
initial apicid	: 0
fpu		: yes
fpu_exception	: yes
cpuid level	: 20
wp		: yes
flags		: fpu vme de pse tsc msr pae mce cx8 apic sep mtrr pge mca cmov pat pse36 clflush dts acpi mmx fxsr sse sse2 ss ht tm pbe syscall nx pdpe1gb rdtscp lm constant_tsc arch_perfmon pebs bts rep_good nopl xtopology nonstop_tsc aperfmperf eagerfpu pni pclmulqdq dtes64 monitor ds_cpl vmx est tm2 ssse3 sdbg fma cx16 xtpr pdcm pcid sse4_1 sse4_2 x2apic movbe popcnt tsc_deadline_timer aes xsave avx f16c rdrand lahf_lm abm 3dnowprefetch epb intel_pt tpr_shadow vnmi flexpriority ept vpid fsgsbase tsc_adjust bmi1 avx2 smep bmi2 erms invpcid rdseed adx smap xsaveopt dtherm ida arat pln pts
bugs		:
bogomips	: 4389.81
clflush size	: 64
cache_alignment	: 64
address sizes	: 39 bits physical, 48 bits virtual
power management:

processor	: 1
vendor_id	: GenuineIntel
cpu family	: 6
model		: 61
model name	: Intel(R) Core(TM) i5-5200U CPU @ 2.20GHz
stepping	: 4
microcode	: 0x13
cpu MHz		: 2590.328
cache size	: 3072 KB
physical id	: 0
siblings	: 4
core id		: 1
cpu cores	: 2
apicid		: 2
initial apicid	: 2
fpu		: yes
fpu_exception	: yes
cpuid level	: 20
wp		: yes
flags		: fpu vme de pse tsc msr pae mce cx8 apic sep mtrr pge mca cmov pat pse36 clflush dts acpi mmx fxsr sse sse2 ss ht tm pbe syscall nx pdpe1gb rdtscp lm constant_tsc arch_perfmon pebs bts rep_good nopl xtopology nonstop_tsc aperfmperf eagerfpu pni pclmulqdq dtes64 monitor ds_cpl vmx est tm2 ssse3 sdbg fma cx16 xtpr pdcm pcid sse4_1 sse4_2 x2apic movbe popcnt tsc_deadline_timer aes xsave avx f16c rdrand lahf_lm abm 3dnowprefetch epb intel_pt tpr_shadow vnmi flexpriority ept vpid fsgsbase tsc_adjust bmi1 avx2 smep bmi2 erms invpcid rdseed adx smap xsaveopt dtherm ida arat pln pts
bugs		:
bogomips	: 4389.81
clflush size	: 64
cache_alignment	: 64
address sizes	: 39 bits physical, 48 bits virtual
power management:

processor	: 2
vendor_id	: GenuineIntel
cpu family	: 6
model		: 61
model name	: Intel(R) Core(TM) i5-5200U CPU @ 2.20GHz
stepping	: 4
microcode	: 0x13
cpu MHz		: 2499.921
cache size	: 3072 KB
physical id	: 0
siblings	: 4
core id		: 0
cpu cores	: 2
apicid		: 1
initial apicid	: 1
fpu		: yes
fpu_exception	: yes
cpuid level	: 20
wp		: yes
flags		: fpu vme de pse tsc msr pae mce cx8 apic sep mtrr pge mca cmov pat pse36 clflush dts acpi mmx fxsr sse sse2 ss ht tm pbe syscall nx pdpe1gb rdtscp lm constant_tsc arch_perfmon pebs bts rep_good nopl xtopology nonstop_tsc aperfmperf eagerfpu pni pclmulqdq dtes64 monitor ds_cpl vmx est tm2 ssse3 sdbg fma cx16 xtpr pdcm pcid sse4_1 sse4_2 x2apic movbe popcnt tsc_deadline_timer aes xsave avx f16c rdrand lahf_lm abm 3dnowprefetch epb intel_pt tpr_shadow vnmi flexpriority ept vpid fsgsbase tsc_adjust bmi1 avx2 smep bmi2 erms invpcid rdseed adx smap xsaveopt dtherm ida arat pln pts
bugs		:
bogomips	: 4389.81
clflush size	: 64
cache_alignment	: 64
address sizes	: 39 bits physical, 48 bits virtual
power management:

processor	: 3
vendor_id	: GenuineIntel
cpu family	: 6
model		: 61
model name	: Intel(R) Core(TM) i5-5200U CPU @ 2.20GHz
stepping	: 4
microcode	: 0x13
cpu MHz		: 2520.632
cache size	: 3072 KB
physical id	: 0
siblings	: 4
core id		: 1
cpu cores	: 2
apicid		: 3
initial apicid	: 3
fpu		: yes
fpu_exception	: yes
cpuid level	: 20
wp		: yes
flags		: fpu vme de pse tsc msr pae mce cx8 apic sep mtrr pge mca cmov pat pse36 clflush dts acpi mmx fxsr sse sse2 ss ht tm pbe syscall nx pdpe1gb rdtscp lm constant_tsc arch_perfmon pebs bts rep_good nopl xtopology nonstop_tsc aperfmperf eagerfpu pni pclmulqdq dtes64 monitor ds_cpl vmx est tm2 ssse3 sdbg fma cx16 xtpr pdcm pcid sse4_1 sse4_2 x2apic movbe popcnt tsc_deadline_timer aes xsave avx f16c rdrand lahf_lm abm 3dnowprefetch epb intel_pt tpr_shadow vnmi flexpriority ept vpid fsgsbase tsc_adjust bmi1 avx2 smep bmi2 erms invpcid rdseed adx smap xsaveopt dtherm ida arat pln pts
bugs		:
bogomips	: 4389.81
clflush size	: 64
cache_alignment	: 64
address sizes	: 39 bits physical, 48 bits virtual
power management:



Memory: 4k page, physical 8092628k(298904k free), swap 15624188k(15624188k free)

vm_info: Java HotSpot(TM) 64-Bit Server VM (25.111-b14) for linux-amd64 JRE (1.8.0_111-b14), built on Sep 22 2016 16:14:03 by "java_re" with gcc 4.3.0 20080428 (Red Hat 4.3.0-8)

time: Tue Jan 24 22:04:12 2017
elapsed time: 5 seconds (0d 0h 0m 5s)

