#
# A fatal error has been detected by the Java Runtime Environment:
#
#  SIGSEGV (0xb) at pc=0x00007f6e90706d90, pid=25416, tid=0x00007f6e9ca2a700
#
# JRE version: Java(TM) SE Runtime Environment (8.0_111-b14) (build 1.8.0_111-b14)
# Java VM: Java HotSpot(TM) 64-Bit Server VM (25.111-b14 mixed mode linux-amd64 compressed oops)
# Problematic frame:
# C  [libgdx-box2d64.so+0x35d90]  b2Fixture::Refilter()+0x10
#
# Failed to write core dump. Core dumps have been disabled. To enable core dumping, try "ulimit -c unlimited" before starting Java again
#
# If you would like to submit a bug report, please visit:
#   http://bugreport.java.com/bugreport/crash.jsp
# The crash happened outside the Java Virtual Machine in native code.
# See problematic frame for where to report the bug.
#

---------------  T H R E A D  ---------------

Current thread (0x00007f6ef863e000):  JavaThread "LWJGL Application" [_thread_in_native, id=25454, stack(0x00007f6e9c92a000,0x00007f6e9ca2b000)]

siginfo: si_signo: 11 (SIGSEGV), si_code: 128 (SI_KERNEL), si_addr: 0x0000000000000000

Registers:
RAX=0x0000000000002566, RBX=0x00007f6e90524a78, RCX=0x2595e7761f686dff, RDX=0x00007f6e64c984b0
RSP=0x00007f6e9ca29450, RBP=0x00007f6e64c984b0, RSI=0x00007f6e9ca29470, RDI=0x00007f6e64c984b0
R8 =0x0000000000000001, R9 =0x0000000000002566, R10=0x00007f6ee9017a08, R11=0x00007f6f005bfa70
R12=0x0000000000000000, R13=0x00007f6e90524a78, R14=0x00007f6e9ca29550, R15=0x00007f6ef863e000
RIP=0x00007f6e90706d90, EFLAGS=0x0000000000010206, CSGSFS=0x0000000000000033, ERR=0x0000000000000000
  TRAPNO=0x000000000000000d

Top of Stack: (sp=0x00007f6e9ca29450)
0x00007f6e9ca29450:   00007f6e90524a78 00007f6e9ca29508
0x00007f6e9ca29460:   0000000000000000 00007f6e9070d6ef
0x00007f6e9ca29470:   00002566000123e0 00007f6e90524be8
0x00007f6e9ca29480:   00007f6ef863e000 00007f6ee9017a34
0x00007f6e9ca29490:   00007f6e90524be8 0000000000000000
0x00007f6e9ca294a0:   0000000000000000 00007f6e9ca29558
0x00007f6e9ca294b0:   000000003f800000 00007f6ee9017f40
0x00007f6e9ca294c0:   0000000000000000 00007f6e9ca294c8
0x00007f6e9ca294d0:   0000000000000000 00007f6e9ca29550
0x00007f6e9ca294e0:   00007f6e90527328 0000000000000000
0x00007f6e9ca294f0:   00007f6e90524a78 0000000000000000
0x00007f6e9ca29500:   00007f6e9ca29528 00007f6e9ca29598
0x00007f6e9ca29510:   00007f6ee90082bd 0000000000000000
0x00007f6e9ca29520:   00007f6ee9011538 0000000000002566
0x00007f6e9ca29530:   0000000000000001 00000000000023e0
0x00007f6e9ca29540:   00007f6e64c984b0 00007f6e64c984b0
0x00007f6e9ca29550:   00000000d79c5568 00007f6e9ca29558
0x00007f6e9ca29560:   00007f6e905249c9 00007f6e9ca295b0
0x00007f6e9ca29570:   00007f6e90527328 0000000000000000
0x00007f6e9ca29580:   00007f6e905249f0 00007f6e9ca29528
0x00007f6e9ca29590:   00007f6e9ca295a8 00007f6e9ca295f8
0x00007f6e9ca295a0:   00007f6ee90082bd 00000000d79c55a8
0x00007f6e9ca295b0:   00000000d79c5568 00007f6e9ca295b8
0x00007f6e9ca295c0:   00007f6e90529cfb 00007f6e9ca29618
0x00007f6e9ca295d0:   00007f6e9052e738 0000000000000000
0x00007f6e9ca295e0:   00007f6e90529d30 00007f6e9ca295a8
0x00007f6e9ca295f0:   00007f6e9ca29610 00007f6e9ca29660
0x00007f6e9ca29600:   00007f6ee90082bd 00000000d79c55a8
0x00007f6e9ca29610:   0000000000000001 00000000d79c5568
0x00007f6e9ca29620:   00007f6e9ca29620 00007f6e905295ca
0x00007f6e9ca29630:   00007f6e9ca29670 00007f6e9052e738
0x00007f6e9ca29640:   0000000000000000 00007f6e905295e8 

Instructions: (pc=0x00007f6e90706d90)
0x00007f6e90706d70:   5c 41 5d 41 5e 41 5f c3 0f 1f 84 00 00 00 00 00
0x00007f6e90706d80:   41 54 55 48 89 fd 53 48 8b 4f 10 48 85 c9 74 72
0x00007f6e90706d90:   48 8b 81 88 00 00 00 48 85 c0 74 21 0f 1f 40 00
0x00007f6e90706da0:   48 8b 50 08 48 3b 6a 68 74 06 48 3b 6a 60 75 04 

Register to memory mapping:

RAX=0x0000000000002566 is an unknown value
RBX={method} {0x00007f6e90524a78} 'jniSetFilterData' '(JSSS)V' in 'com/badlogic/gdx/physics/box2d/Fixture'
RCX=0x2595e7761f686dff is an unknown value
RDX=0x00007f6e64c984b0 is an unknown value
RSP=0x00007f6e9ca29450 is pointing into the stack for thread: 0x00007f6ef863e000
RBP=0x00007f6e64c984b0 is an unknown value
RSI=0x00007f6e9ca29470 is pointing into the stack for thread: 0x00007f6ef863e000
RDI=0x00007f6e64c984b0 is an unknown value
R8 =0x0000000000000001 is an unknown value
R9 =0x0000000000002566 is an unknown value
R10=0x00007f6ee9017a08 is at code_begin+808 in an Interpreter codelet
method entry point (kind = native)  [0x00007f6ee90176e0, 0x00007f6ee9017fe0]  2304 bytes
R11=0x00007f6f005bfa70: <offset 0x9c2a70> in /usr/lib/jvm/java-8-oracle/jre/lib/amd64/server/libjvm.so at 0x00007f6effbfd000
R12=0x0000000000000000 is an unknown value
R13={method} {0x00007f6e90524a78} 'jniSetFilterData' '(JSSS)V' in 'com/badlogic/gdx/physics/box2d/Fixture'
R14=0x00007f6e9ca29550 is pointing into the stack for thread: 0x00007f6ef863e000
R15=0x00007f6ef863e000 is a thread


Stack: [0x00007f6e9c92a000,0x00007f6e9ca2b000],  sp=0x00007f6e9ca29450,  free space=1021k
Native frames: (J=compiled Java code, j=interpreted, Vv=VM code, C=native code)
C  [libgdx-box2d64.so+0x35d90]  b2Fixture::Refilter()+0x10

Java frames: (J=compiled Java code, j=interpreted, Vv=VM code)
j  com.badlogic.gdx.physics.box2d.Fixture.jniSetFilterData(JSSS)V+0
j  com.badlogic.gdx.physics.box2d.Fixture.setFilterData(Lcom/badlogic/gdx/physics/box2d/Filter;)V+17
j  com.mygdx.taranfighters.Character.setFixtureMask(Lcom/badlogic/gdx/physics/box2d/Fixture;I)V+19
j  com.mygdx.taranfighters.Character.punch()V+58
j  com.mygdx.taranfighters.Character.keyDown(I)Z+129
j  com.mygdx.taranfighters.TaranScreen.keyDown(I)Z+54
j  com.badlogic.gdx.backends.lwjgl.LwjglInput.processEvents()V+98
j  com.badlogic.gdx.backends.lwjgl.LwjglApplication.mainLoop()V+600
j  com.badlogic.gdx.backends.lwjgl.LwjglApplication$1.run()V+27
v  ~StubRoutines::call_stub

---------------  P R O C E S S  ---------------

Java Threads: ( => current thread )
  0x00007f6e64e32800 JavaThread "Timer" daemon [_thread_blocked, id=25463, stack(0x00007f6e9091f000,0x00007f6e90a20000)]
  0x00007f6e64002800 JavaThread "process reaper" daemon [_thread_blocked, id=25456, stack(0x00007f6ed801d000,0x00007f6ed8056000)]
  0x00007f6ef800c000 JavaThread "DestroyJavaVM" [_thread_blocked, id=25422, stack(0x00007f6f016de000,0x00007f6f017df000)]
=>0x00007f6ef863e000 JavaThread "LWJGL Application" [_thread_in_native, id=25454, stack(0x00007f6e9c92a000,0x00007f6e9ca2b000)]
  0x00007f6ef8552000 JavaThread "AWT-XAWT" daemon [_thread_in_native, id=25450, stack(0x00007f6e9de0b000,0x00007f6e9df0c000)]
  0x00007f6ef8518800 JavaThread "Java2D Disposer" daemon [_thread_blocked, id=25449, stack(0x00007f6edb8ef000,0x00007f6edb9f0000)]
  0x00007f6ef83d6000 JavaThread "Thread-4" daemon [_thread_blocked, id=25448, stack(0x00007f6e9fdfd000,0x00007f6e9fefe000)]
  0x00007f6ef83d4800 JavaThread "Thread-3" daemon [_thread_blocked, id=25447, stack(0x00007f6e9fefe000,0x00007f6e9ffff000)]
  0x00007f6ef83ca000 JavaThread "Java Sound Event Dispatcher" daemon [_thread_blocked, id=25445, stack(0x00007f6ed8056000,0x00007f6ed8157000)]
  0x00007f6ef82d5000 JavaThread "Timer-0" daemon [_thread_blocked, id=25436, stack(0x00007f6edb9f0000,0x00007f6edbaf1000)]
  0x00007f6ef80d5800 JavaThread "Service Thread" daemon [_thread_blocked, id=25434, stack(0x00007f6ee811b000,0x00007f6ee821c000)]
  0x00007f6ef80c0800 JavaThread "C1 CompilerThread2" daemon [_thread_blocked, id=25433, stack(0x00007f6ee821c000,0x00007f6ee831d000)]
  0x00007f6ef80be800 JavaThread "C2 CompilerThread1" daemon [_thread_blocked, id=25432, stack(0x00007f6ee831d000,0x00007f6ee841e000)]
  0x00007f6ef80bb800 JavaThread "C2 CompilerThread0" daemon [_thread_blocked, id=25431, stack(0x00007f6ee841e000,0x00007f6ee851f000)]
  0x00007f6ef80ba000 JavaThread "Signal Dispatcher" daemon [_thread_blocked, id=25430, stack(0x00007f6ee851f000,0x00007f6ee8620000)]
  0x00007f6ef8086000 JavaThread "Finalizer" daemon [_thread_blocked, id=25429, stack(0x00007f6ee88f9000,0x00007f6ee89fa000)]
  0x00007f6ef8081800 JavaThread "Reference Handler" daemon [_thread_blocked, id=25428, stack(0x00007f6ee89fa000,0x00007f6ee8afb000)]

Other Threads:
  0x00007f6ef8079800 VMThread [stack: 0x00007f6ee8afb000,0x00007f6ee8bfc000] [id=25427]
  0x00007f6ef80d8800 WatcherThread [stack: 0x00007f6ee801a000,0x00007f6ee811b000] [id=25435]

VM state:not at safepoint (normal execution)

VM Mutex/Monitor currently owned by a thread: None

Heap:
 PSYoungGen      total 36864K, used 28420K [0x00000000d6d80000, 0x00000000db580000, 0x0000000100000000)
  eden space 31744K, 73% used [0x00000000d6d80000,0x00000000d8443220,0x00000000d8c80000)
  from space 5120K, 99% used [0x00000000d8c80000,0x00000000d917dde0,0x00000000d9180000)
  to   space 5120K, 0% used [0x00000000db080000,0x00000000db080000,0x00000000db580000)
 ParOldGen       total 84992K, used 2965K [0x0000000084800000, 0x0000000089b00000, 0x00000000d6d80000)
  object space 84992K, 3% used [0x0000000084800000,0x0000000084ae56d0,0x0000000089b00000)
 Metaspace       used 14235K, capacity 14417K, committed 14720K, reserved 1062912K
  class space    used 1460K, capacity 1549K, committed 1664K, reserved 1048576K

Card table byte_map: [0x00007f6efe0ba000,0x00007f6efe497000] byte_map_base: 0x00007f6efdc96000

Marking Bits: (ParMarkBitMap*) 0x00007f6f00bc0220
 Begin Bits: [0x00007f6ee0240000, 0x00007f6ee2120000)
 End Bits:   [0x00007f6ee2120000, 0x00007f6ee4000000)

Polling page: 0x00007f6f0180f000

CodeCache: size=245760Kb used=5891Kb max_used=5899Kb free=239868Kb
 bounds [0x00007f6ee9000000, 0x00007f6ee95d0000, 0x00007f6ef8000000]
 total_blobs=2251 nmethods=1605 adapters=560
 compilation: enabled

Compilation events (10 events):
Event: 8,121 Thread 0x00007f6ef80c0800 1599       3       com.badlogic.gdx.maps.MapObjects::iterator (8 bytes)
Event: 8,121 Thread 0x00007f6ef80c0800 nmethod 1599 0x00007f6ee95c0390 code [0x00007f6ee95c0520, 0x00007f6ee95c0988]
Event: 8,121 Thread 0x00007f6ef80c0800 1601       3       com.badlogic.gdx.physics.box2d.Body::setLinearVelocity (17 bytes)
Event: 8,121 Thread 0x00007f6ef80c0800 nmethod 1601 0x00007f6ee95bff50 code [0x00007f6ee95c00c0, 0x00007f6ee95c0268]
Event: 8,130 Thread 0x00007f6ef80c0800 1602       1       java.lang.Boolean::booleanValue (5 bytes)
Event: 8,130 Thread 0x00007f6ef80c0800 nmethod 1602 0x00007f6ee95bc690 code [0x00007f6ee95bc7e0, 0x00007f6ee95bc8f0]
Event: 8,130 Thread 0x00007f6ef80be800 1603       4       java.nio.charset.CoderResult::isUnderflow (13 bytes)
Event: 8,130 Thread 0x00007f6ef80be800 nmethod 1603 0x00007f6ee95b1c50 code [0x00007f6ee95b1da0, 0x00007f6ee95b1e18]
Event: 8,242 Thread 0x00007f6ef80c0800 1604       3       java.lang.Enum::<init> (15 bytes)
Event: 8,242 Thread 0x00007f6ef80c0800 nmethod 1604 0x00007f6ee95c8e10 code [0x00007f6ee95c8f80, 0x00007f6ee95c9150]

GC Heap History (2 events):
Event: 1,259 GC heap before
{Heap before GC invocations=1 (full 0):
 PSYoungGen      total 36864K, used 31744K [0x00000000d6d80000, 0x00000000d9680000, 0x0000000100000000)
  eden space 31744K, 100% used [0x00000000d6d80000,0x00000000d8c80000,0x00000000d8c80000)
  from space 5120K, 0% used [0x00000000d9180000,0x00000000d9180000,0x00000000d9680000)
  to   space 5120K, 0% used [0x00000000d8c80000,0x00000000d8c80000,0x00000000d9180000)
 ParOldGen       total 84992K, used 0K [0x0000000084800000, 0x0000000089b00000, 0x00000000d6d80000)
  object space 84992K, 0% used [0x0000000084800000,0x0000000084800000,0x0000000089b00000)
 Metaspace       used 12080K, capacity 12305K, committed 12416K, reserved 1060864K
  class space    used 1271K, capacity 1357K, committed 1408K, reserved 1048576K
Event: 1,279 GC heap after
Heap after GC invocations=1 (full 0):
 PSYoungGen      total 36864K, used 5111K [0x00000000d6d80000, 0x00000000db580000, 0x0000000100000000)
  eden space 31744K, 0% used [0x00000000d6d80000,0x00000000d6d80000,0x00000000d8c80000)
  from space 5120K, 99% used [0x00000000d8c80000,0x00000000d917dde0,0x00000000d9180000)
  to   space 5120K, 0% used [0x00000000db080000,0x00000000db080000,0x00000000db580000)
 ParOldGen       total 84992K, used 2965K [0x0000000084800000, 0x0000000089b00000, 0x00000000d6d80000)
  object space 84992K, 3% used [0x0000000084800000,0x0000000084ae56d0,0x0000000089b00000)
 Metaspace       used 12080K, capacity 12305K, committed 12416K, reserved 1060864K
  class space    used 1271K, capacity 1357K, committed 1408K, reserved 1048576K
}

Deoptimization events (10 events):
Event: 4,364 Thread 0x00007f6ef863e000 Uncommon trap: reason=unstable_if action=reinterpret pc=0x00007f6ee94c223c method=com.badlogic.gdx.scenes.scene2d.utils.ClickListener.isOver()Z @ 4
Event: 5,435 Thread 0x00007f6ef863e000 Uncommon trap: reason=unstable_if action=reinterpret pc=0x00007f6ee9490180 method=com.badlogic.gdx.scenes.scene2d.utils.ClickListener.isVisualPressed()Z @ 4
Event: 5,463 Thread 0x00007f6ef863e000 Uncommon trap: reason=unstable_if action=reinterpret pc=0x00007f6ee948be34 method=com.badlogic.gdx.utils.SnapshotArray.modified()V @ 4
Event: 5,467 Thread 0x00007f6ef863e000 Uncommon trap: reason=unstable_if action=reinterpret pc=0x00007f6ee948d4ec method=com.badlogic.gdx.utils.SnapshotArray.end()V @ 30
Event: 5,847 Thread 0x00007f6ef863e000 Uncommon trap: reason=unstable_if action=reinterpret pc=0x00007f6ee9470fdc method=javazoom.jl.decoder.LayerIIIDecoder.inv_mdct([F[FI)V @ 56
Event: 5,866 Thread 0x00007f6ef863e000 Uncommon trap: reason=unstable_if action=reinterpret pc=0x00007f6ee94b05a4 method=com.badlogic.gdx.graphics.g2d.SpriteBatch.flush()V @ 41
Event: 6,038 Thread 0x00007f6ef863e000 Uncommon trap: reason=unstable_if action=reinterpret pc=0x00007f6ee94b57b0 method=com.badlogic.gdx.graphics.g2d.Sprite.getVertices()[F @ 4
Event: 6,471 Thread 0x00007f6ef863e000 Uncommon trap: reason=unstable_if action=reinterpret pc=0x00007f6ee9456fc0 method=javazoom.jl.decoder.BitReserve.hgetbits(I)I @ 22
Event: 7,403 Thread 0x00007f6ef863e000 Uncommon trap: reason=array_check action=maybe_recompile pc=0x00007f6ee955be6c method=com.badlogic.gdx.utils.Array.add(Ljava/lang/Object;)V @ 46
Event: 8,086 Thread 0x00007f6ef863e000 Uncommon trap: reason=array_check action=maybe_recompile pc=0x00007f6ee955be6c method=com.badlogic.gdx.utils.Array.add(Ljava/lang/Object;)V @ 46

Internal exceptions (10 events):
Event: 0,619 Thread 0x00007f6ef800c000 Exception <a 'java/security/PrivilegedActionException'> (0x00000000d8115b88) thrown at [/HUDSON3/workspace/8-2-build-linux-amd64/jdk8u111/7883/hotspot/src/share/vm/prims/jvm.cpp, line 1386]
Event: 0,619 Thread 0x00007f6ef800c000 Exception <a 'java/security/PrivilegedActionException'> (0x00000000d81178b0) thrown at [/HUDSON3/workspace/8-2-build-linux-amd64/jdk8u111/7883/hotspot/src/share/vm/prims/jvm.cpp, line 1386]
Event: 0,619 Thread 0x00007f6ef800c000 Exception <a 'java/security/PrivilegedActionException'> (0x00000000d8118508) thrown at [/HUDSON3/workspace/8-2-build-linux-amd64/jdk8u111/7883/hotspot/src/share/vm/prims/jvm.cpp, line 1386]
Event: 0,619 Thread 0x00007f6ef800c000 Exception <a 'java/security/PrivilegedActionException'> (0x00000000d8119130) thrown at [/HUDSON3/workspace/8-2-build-linux-amd64/jdk8u111/7883/hotspot/src/share/vm/prims/jvm.cpp, line 1386]
Event: 0,619 Thread 0x00007f6ef800c000 Exception <a 'java/security/PrivilegedActionException'> (0x00000000d811aca8) thrown at [/HUDSON3/workspace/8-2-build-linux-amd64/jdk8u111/7883/hotspot/src/share/vm/prims/jvm.cpp, line 1386]
Event: 0,619 Thread 0x00007f6ef800c000 Exception <a 'java/security/PrivilegedActionException'> (0x00000000d811b900) thrown at [/HUDSON3/workspace/8-2-build-linux-amd64/jdk8u111/7883/hotspot/src/share/vm/prims/jvm.cpp, line 1386]
Event: 0,619 Thread 0x00007f6ef800c000 Exception <a 'java/security/PrivilegedActionException'> (0x00000000d811c528) thrown at [/HUDSON3/workspace/8-2-build-linux-amd64/jdk8u111/7883/hotspot/src/share/vm/prims/jvm.cpp, line 1386]
Event: 0,732 Thread 0x00007f6ef863e000 Exception <a 'java/lang/NoClassDefFoundError': org/lwjgl/opengles/GLContext> (0x00000000d84c2318) thrown at [/HUDSON3/workspace/8-2-build-linux-amd64/jdk8u111/7883/hotspot/src/share/vm/classfile/systemDictionary.cpp, line 199]
Event: 1,146 Thread 0x00007f6ef863e000 Exception <a 'java/lang/ArrayIndexOutOfBoundsException': 18> (0x00000000d8990a28) thrown at [/HUDSON3/workspace/8-2-build-linux-amd64/jdk8u111/7883/hotspot/src/share/vm/interpreter/interpreterRuntime.cpp, line 366]
Event: 1,146 Thread 0x00007f6ef863e000 Exception <a 'java/lang/ArrayIndexOutOfBoundsException'> (0x00000000d8992538) thrown at [/HUDSON3/workspace/8-2-build-linux-amd64/jdk8u111/7883/hotspot/src/share/vm/runtime/sharedRuntime.cpp, line 605]

Events (10 events):
Event: 8,130 loading class com/badlogic/gdx/utils/Sort
Event: 8,130 loading class com/badlogic/gdx/utils/Sort done
Event: 8,130 loading class com/badlogic/gdx/utils/TimSort
Event: 8,130 loading class com/badlogic/gdx/utils/TimSort done
Event: 8,131 loading class com/badlogic/gdx/utils/ObjectSet
Event: 8,131 loading class com/badlogic/gdx/utils/ObjectSet done
Event: 8,241 loading class com/badlogic/gdx/graphics/g2d/Animation
Event: 8,241 loading class com/badlogic/gdx/graphics/g2d/Animation done
Event: 8,241 loading class com/badlogic/gdx/graphics/g2d/Animation$PlayMode
Event: 8,241 loading class com/badlogic/gdx/graphics/g2d/Animation$PlayMode done


Dynamic libraries:
00400000-00401000 r-xp 00000000 08:03 8260065                            /usr/lib/jvm/java-8-oracle/bin/java
00600000-00601000 rw-p 00000000 08:03 8260065                            /usr/lib/jvm/java-8-oracle/bin/java
01197000-011b8000 rw-p 00000000 00:00 0                                  [heap]
400d1000-40171000 rw-p 00000000 00:00 0 
41644000-41646000 r-xs 00000000 08:03 3014682                            /tmp/.glUXnVTJ (deleted)
84800000-89b00000 rw-p 00000000 00:00 0 
89b00000-d6d80000 ---p 00000000 00:00 0 
d6d80000-db580000 rw-p 00000000 00:00 0 
db580000-100000000 ---p 00000000 00:00 0 
100000000-1001a0000 rw-p 00000000 00:00 0 
1001a0000-140000000 ---p 00000000 00:00 0 
7f6e54000000-7f6e57f7b000 rw-p 00000000 00:00 0 
7f6e57f7b000-7f6e58000000 ---p 00000000 00:00 0 
7f6e5c000000-7f6e5c021000 rw-p 00000000 00:00 0 
7f6e5c021000-7f6e60000000 ---p 00000000 00:00 0 
7f6e64000000-7f6e67eea000 rw-p 00000000 00:00 0 
7f6e67eea000-7f6e68000000 ---p 00000000 00:00 0 
7f6e68000000-7f6e68021000 rw-p 00000000 00:00 0 
7f6e68021000-7f6e6c000000 ---p 00000000 00:00 0 
7f6e6c000000-7f6e6c021000 rw-p 00000000 00:00 0 
7f6e6c021000-7f6e70000000 ---p 00000000 00:00 0 
7f6e737fe000-7f6e73bfe000 rw-s 18a462000 00:06 521                       /dev/nvidiactl
7f6e73bfe000-7f6e73ffe000 rw-s 147c41000 00:06 521                       /dev/nvidiactl
7f6e73ffe000-7f6e77fff000 rw-s 00000000 00:15 13                         /dev/shm/pulse-shm-1580284548
7f6e77fff000-7f6e7c000000 rw-s 00000000 00:15 19                         /dev/shm/pulse-shm-352395334
7f6e7c000000-7f6e7c021000 rw-p 00000000 00:00 0 
7f6e7c021000-7f6e80000000 ---p 00000000 00:00 0 
7f6e80000000-7f6e80021000 rw-p 00000000 00:00 0 
7f6e80021000-7f6e84000000 ---p 00000000 00:00 0 
7f6e84000000-7f6e84021000 rw-p 00000000 00:00 0 
7f6e84021000-7f6e88000000 ---p 00000000 00:00 0 
7f6e88000000-7f6e88021000 rw-p 00000000 00:00 0 
7f6e88021000-7f6e8c000000 ---p 00000000 00:00 0 
7f6e8c000000-7f6e8c28f000 rw-p 00000000 00:00 0 
7f6e8c28f000-7f6e90000000 ---p 00000000 00:00 0 
7f6e900d1000-7f6e904d1000 rw-s 244c8000 00:06 521                        /dev/nvidiactl
7f6e904d1000-7f6e90591000 rw-p 00000000 00:00 0 
7f6e90591000-7f6e906d1000 ---p 00000000 00:00 0 
7f6e906d1000-7f6e9071d000 r-xp 00000000 08:03 3538986                    /tmp/libgdxtourneboeuf/72da4579/libgdx-box2d64.so
7f6e9071d000-7f6e9091c000 ---p 0004c000 08:03 3538986                    /tmp/libgdxtourneboeuf/72da4579/libgdx-box2d64.so
7f6e9091c000-7f6e9091e000 r--p 0004b000 08:03 3538986                    /tmp/libgdxtourneboeuf/72da4579/libgdx-box2d64.so
7f6e9091e000-7f6e9091f000 rw-p 0004d000 08:03 3538986                    /tmp/libgdxtourneboeuf/72da4579/libgdx-box2d64.so
7f6e9091f000-7f6e90922000 ---p 00000000 00:00 0 
7f6e90922000-7f6e90a20000 rw-p 00000000 00:00 0 
7f6e90a20000-7f6e90c20000 rw-s 159b8a000 00:06 521                       /dev/nvidiactl
7f6e90c20000-7f6e91020000 rw-s 148e8d000 00:06 521                       /dev/nvidiactl
7f6e91020000-7f6e91420000 rw-s 97634000 00:06 521                        /dev/nvidiactl
7f6e91420000-7f6e91620000 rw-s 147c71000 00:06 521                       /dev/nvidiactl
7f6e91620000-7f6e91820000 rw-p 00000000 00:00 0 
7f6e91820000-7f6e91a20000 rw-p 00000000 00:00 0 
7f6e91a20000-7f6e91aa0000 rw-s 1977f9000 00:06 521                       /dev/nvidiactl
7f6e91b20000-7f6e91ba0000 rw-s 12baf0000 00:06 521                       /dev/nvidiactl
7f6e91ca0000-7f6e91cc0000 rw-s b00c0000 00:06 522                        /dev/nvidia0
7f6e91cc0000-7f6e91d00000 rw-s 1976b6000 00:06 521                       /dev/nvidiactl
7f6e91d00000-7f6e91d20000 rw-s 1f9c33000 00:06 521                       /dev/nvidiactl
7f6e91d20000-7f6e930dd000 r-xp 00000000 08:03 8163350                    /usr/lib/nvidia-370/libnvidia-glcore.so.370.28
7f6e930dd000-7f6e930fd000 rwxp 013bd000 08:03 8163350                    /usr/lib/nvidia-370/libnvidia-glcore.so.370.28
7f6e930fd000-7f6e934c5000 r-xp 013dd000 08:03 8163350                    /usr/lib/nvidia-370/libnvidia-glcore.so.370.28
7f6e934c5000-7f6e936c4000 ---p 017a5000 08:03 8163350                    /usr/lib/nvidia-370/libnvidia-glcore.so.370.28
7f6e936c4000-7f6e93aa4000 rw-p 017a4000 08:03 8163350                    /usr/lib/nvidia-370/libnvidia-glcore.so.370.28
7f6e93aa4000-7f6e93abc000 rw-p 00000000 00:00 0 
7f6e93abc000-7f6e93abf000 r-xp 00000000 08:03 8163336                    /usr/lib/nvidia-370/tls/libnvidia-tls.so.370.28
7f6e93abf000-7f6e93cbf000 ---p 00003000 08:03 8163336                    /usr/lib/nvidia-370/tls/libnvidia-tls.so.370.28
7f6e93cbf000-7f6e93cc0000 rw-p 00003000 08:03 8163336                    /usr/lib/nvidia-370/tls/libnvidia-tls.so.370.28
7f6e93cc0000-7f6e93d89000 r-xp 00000000 08:03 8163354                    /usr/lib/nvidia-370/libGLX_nvidia.so.370.28
7f6e93d89000-7f6e93dbd000 rwxp 000c9000 08:03 8163354                    /usr/lib/nvidia-370/libGLX_nvidia.so.370.28
7f6e93dbd000-7f6e93dd0000 r-xp 000fd000 08:03 8163354                    /usr/lib/nvidia-370/libGLX_nvidia.so.370.28
7f6e93dd0000-7f6e93fd0000 ---p 00110000 08:03 8163354                    /usr/lib/nvidia-370/libGLX_nvidia.so.370.28
7f6e93fd0000-7f6e93ff8000 rw-p 00110000 08:03 8163354                    /usr/lib/nvidia-370/libGLX_nvidia.so.370.28
7f6e93ff8000-7f6e93fff000 rw-p 00000000 00:00 0 
7f6e93fff000-7f6e98000000 rw-s 00000000 00:15 13                         /dev/shm/pulse-shm-1580284548
7f6e98000000-7f6e98021000 rw-p 00000000 00:00 0 
7f6e98021000-7f6e9c000000 ---p 00000000 00:00 0 
7f6e9c01e000-7f6e9c05e000 rw-s 1599a9000 00:06 521                       /dev/nvidiactl
7f6e9c07e000-7f6e9c182000 rw-s 24fdef000 00:06 521                       /dev/nvidiactl
7f6e9c182000-7f6e9c1d0000 r-xp 00000000 08:03 8163349                    /usr/lib/nvidia-370/libGLdispatch.so.0
7f6e9c1d0000-7f6e9c202000 r-xp 0004e000 08:03 8163349                    /usr/lib/nvidia-370/libGLdispatch.so.0
7f6e9c202000-7f6e9c23c000 r-xp 00080000 08:03 8163349                    /usr/lib/nvidia-370/libGLdispatch.so.0
7f6e9c23c000-7f6e9c43c000 ---p 000ba000 08:03 8163349                    /usr/lib/nvidia-370/libGLdispatch.so.0
7f6e9c43c000-7f6e9c44b000 rw-p 000ba000 08:03 8163349                    /usr/lib/nvidia-370/libGLdispatch.so.0
7f6e9c44b000-7f6e9c46b000 rw-p 00000000 00:00 0 
7f6e9c46b000-7f6e9c47b000 r-xp 00000000 08:03 8163351                    /usr/lib/nvidia-370/libGLX.so.0
7f6e9c47b000-7f6e9c67a000 ---p 00010000 08:03 8163351                    /usr/lib/nvidia-370/libGLX.so.0
7f6e9c67a000-7f6e9c67b000 rw-p 0000f000 08:03 8163351                    /usr/lib/nvidia-370/libGLX.so.0
7f6e9c67b000-7f6e9c69b000 rw-p 00000000 00:00 0 
7f6e9c69b000-7f6e9c6cc000 r-xp 00000000 08:03 8163339                    /usr/lib/nvidia-370/libGL.so.1.0.0
7f6e9c6cc000-7f6e9c6fe000 r-xp 00031000 08:03 8163339                    /usr/lib/nvidia-370/libGL.so.1.0.0
7f6e9c6fe000-7f6e9c728000 r-xp 00063000 08:03 8163339                    /usr/lib/nvidia-370/libGL.so.1.0.0
7f6e9c728000-7f6e9c928000 ---p 0008d000 08:03 8163339                    /usr/lib/nvidia-370/libGL.so.1.0.0
7f6e9c928000-7f6e9c929000 rw-p 0008d000 08:03 8163339                    /usr/lib/nvidia-370/libGL.so.1.0.0
7f6e9c929000-7f6e9c92a000 rw-p 00000000 00:00 0 
7f6e9c92a000-7f6e9c92d000 ---p 00000000 00:00 0 
7f6e9c92d000-7f6e9ca2b000 rw-p 00000000 00:00 0 
7f6e9ca2b000-7f6e9ca2c000 ---p 00000000 00:00 0 
7f6e9ca2c000-7f6e9cb2c000 rw-p 00000000 00:00 0 
7f6e9cb2c000-7f6e9cb2d000 ---p 00000000 00:00 0 
7f6e9cb2d000-7f6e9d32d000 rw-p 00000000 00:00 0 
7f6e9d32d000-7f6e9d382000 r-xp 00000000 08:03 3538984                    /tmp/libgdxtourneboeuf/31ce78a2/libopenal64.so
7f6e9d382000-7f6e9d581000 ---p 00055000 08:03 3538984                    /tmp/libgdxtourneboeuf/31ce78a2/libopenal64.so
7f6e9d581000-7f6e9d584000 r--p 00054000 08:03 3538984                    /tmp/libgdxtourneboeuf/31ce78a2/libopenal64.so
7f6e9d584000-7f6e9d585000 rw-p 00057000 08:03 3538984                    /tmp/libgdxtourneboeuf/31ce78a2/libopenal64.so
7f6e9d585000-7f6e9d586000 rw-p 00000000 00:00 0 
7f6e9d586000-7f6e9d58b000 r-xp 00000000 08:03 8131595                    /usr/lib/x86_64-linux-gnu/libXxf86vm.so.1.0.0
7f6e9d58b000-7f6e9d78a000 ---p 00005000 08:03 8131595                    /usr/lib/x86_64-linux-gnu/libXxf86vm.so.1.0.0
7f6e9d78a000-7f6e9d78b000 r--p 00004000 08:03 8131595                    /usr/lib/x86_64-linux-gnu/libXxf86vm.so.1.0.0
7f6e9d78b000-7f6e9d78c000 rw-p 00005000 08:03 8131595                    /usr/lib/x86_64-linux-gnu/libXxf86vm.so.1.0.0
7f6e9d78c000-7f6e9d796000 r-xp 00000000 08:03 8129939                    /usr/lib/x86_64-linux-gnu/libXrandr.so.2.2.0
7f6e9d796000-7f6e9d995000 ---p 0000a000 08:03 8129939                    /usr/lib/x86_64-linux-gnu/libXrandr.so.2.2.0
7f6e9d995000-7f6e9d996000 r--p 00009000 08:03 8129939                    /usr/lib/x86_64-linux-gnu/libXrandr.so.2.2.0
7f6e9d996000-7f6e9d997000 rw-p 0000a000 08:03 8129939                    /usr/lib/x86_64-linux-gnu/libXrandr.so.2.2.0
7f6e9d997000-7f6e9da07000 r-xp 00000000 08:03 3538983                    /tmp/libgdxtourneboeuf/31ce78a2/liblwjgl64.so
7f6e9da07000-7f6e9dc07000 ---p 00070000 08:03 3538983                    /tmp/libgdxtourneboeuf/31ce78a2/liblwjgl64.so
7f6e9dc07000-7f6e9dc09000 r--p 00070000 08:03 3538983                    /tmp/libgdxtourneboeuf/31ce78a2/liblwjgl64.so
7f6e9dc09000-7f6e9dc0a000 rw-p 00072000 08:03 3538983                    /tmp/libgdxtourneboeuf/31ce78a2/liblwjgl64.so
7f6e9dc0a000-7f6e9dc0b000 r-xp 00000000 08:03 8537779                    /usr/lib/jvm/java-8-oracle/jre/lib/amd64/libjawt.so
7f6e9dc0b000-7f6e9de0a000 ---p 00001000 08:03 8537779                    /usr/lib/jvm/java-8-oracle/jre/lib/amd64/libjawt.so
7f6e9de0a000-7f6e9de0b000 rw-p 00000000 08:03 8537779                    /usr/lib/jvm/java-8-oracle/jre/lib/amd64/libjawt.so
7f6e9de0b000-7f6e9de0e000 ---p 00000000 00:00 0 
7f6e9de0e000-7f6e9df0c000 rw-p 00000000 00:00 0 
7f6e9df0c000-7f6e9df11000 r-xp 00000000 08:03 8127234                    /usr/lib/x86_64-linux-gnu/libXfixes.so.3.1.0
7f6e9df11000-7f6e9e110000 ---p 00005000 08:03 8127234                    /usr/lib/x86_64-linux-gnu/libXfixes.so.3.1.0
7f6e9e110000-7f6e9e111000 r--p 00004000 08:03 8127234                    /usr/lib/x86_64-linux-gnu/libXfixes.so.3.1.0
7f6e9e111000-7f6e9e112000 rw-p 00005000 08:03 8127234                    /usr/lib/x86_64-linux-gnu/libXfixes.so.3.1.0
7f6e9e112000-7f6e9e11b000 r-xp 00000000 08:03 8134598                    /usr/lib/x86_64-linux-gnu/libXcursor.so.1.0.2
7f6e9e11b000-7f6e9e31a000 ---p 00009000 08:03 8134598                    /usr/lib/x86_64-linux-gnu/libXcursor.so.1.0.2
7f6e9e31a000-7f6e9e31b000 r--p 00008000 08:03 8134598                    /usr/lib/x86_64-linux-gnu/libXcursor.so.1.0.2
7f6e9e31b000-7f6e9e31c000 rw-p 00009000 08:03 8134598                    /usr/lib/x86_64-linux-gnu/libXcursor.so.1.0.2
7f6e9e31c000-7f6e9e381000 r-xp 00000000 08:03 8537752                    /usr/lib/jvm/java-8-oracle/jre/lib/amd64/libfontmanager.so
7f6e9e381000-7f6e9e580000 ---p 00065000 08:03 8537752                    /usr/lib/jvm/java-8-oracle/jre/lib/amd64/libfontmanager.so
7f6e9e580000-7f6e9e585000 rw-p 00064000 08:03 8537752                    /usr/lib/jvm/java-8-oracle/jre/lib/amd64/libfontmanager.so
7f6e9e585000-7f6e9e595000 rw-p 00000000 00:00 0 
7f6e9e595000-7f6e9e5a4000 r-xp 00000000 08:03 8126554                    /usr/lib/x86_64-linux-gnu/libXi.so.6.1.0
7f6e9e5a4000-7f6e9e7a3000 ---p 0000f000 08:03 8126554                    /usr/lib/x86_64-linux-gnu/libXi.so.6.1.0
7f6e9e7a3000-7f6e9e7a4000 r--p 0000e000 08:03 8126554                    /usr/lib/x86_64-linux-gnu/libXi.so.6.1.0
7f6e9e7a4000-7f6e9e7a5000 rw-p 0000f000 08:03 8126554                    /usr/lib/x86_64-linux-gnu/libXi.so.6.1.0
7f6e9e7a5000-7f6e9e7aa000 r-xp 00000000 08:03 8134632                    /usr/lib/x86_64-linux-gnu/libXtst.so.6.1.0
7f6e9e7aa000-7f6e9e9a9000 ---p 00005000 08:03 8134632                    /usr/lib/x86_64-linux-gnu/libXtst.so.6.1.0
7f6e9e9a9000-7f6e9e9aa000 r--p 00004000 08:03 8134632                    /usr/lib/x86_64-linux-gnu/libXtst.so.6.1.0
7f6e9e9aa000-7f6e9e9ab000 rw-p 00005000 08:03 8134632                    /usr/lib/x86_64-linux-gnu/libXtst.so.6.1.0
7f6e9e9ab000-7f6e9e9b4000 r-xp 00000000 08:03 8135503                    /usr/lib/x86_64-linux-gnu/libXrender.so.1.3.0
7f6e9e9b4000-7f6e9ebb3000 ---p 00009000 08:03 8135503                    /usr/lib/x86_64-linux-gnu/libXrender.so.1.3.0
7f6e9ebb3000-7f6e9ebb4000 r--p 00008000 08:03 8135503                    /usr/lib/x86_64-linux-gnu/libXrender.so.1.3.0
7f6e9ebb4000-7f6e9ebb5000 rw-p 00009000 08:03 8135503                    /usr/lib/x86_64-linux-gnu/libXrender.so.1.3.0
7f6e9ebb5000-7f6e9ecea000 r-xp 00000000 08:03 8133837                    /usr/lib/x86_64-linux-gnu/libX11.so.6.3.0
7f6e9ecea000-7f6e9eeea000 ---p 00135000 08:03 8133837                    /usr/lib/x86_64-linux-gnu/libX11.so.6.3.0
7f6e9eeea000-7f6e9eeeb000 r--p 00135000 08:03 8133837                    /usr/lib/x86_64-linux-gnu/libX11.so.6.3.0
7f6e9eeeb000-7f6e9eeef000 rw-p 00136000 08:03 8133837                    /usr/lib/x86_64-linux-gnu/libX11.so.6.3.0
7f6e9eeef000-7f6e9ef00000 r-xp 00000000 08:03 8127420                    /usr/lib/x86_64-linux-gnu/libXext.so.6.4.0
7f6e9ef00000-7f6e9f0ff000 ---p 00011000 08:03 8127420                    /usr/lib/x86_64-linux-gnu/libXext.so.6.4.0
7f6e9f0ff000-7f6e9f100000 r--p 00010000 08:03 8127420                    /usr/lib/x86_64-linux-gnu/libXext.so.6.4.0
7f6e9f100000-7f6e9f101000 rw-p 00011000 08:03 8127420                    /usr/lib/x86_64-linux-gnu/libXext.so.6.4.0
7f6e9f101000-7f6e9f155000 r-xp 00000000 08:03 8537785                    /usr/lib/jvm/java-8-oracle/jre/lib/amd64/libawt_xawt.so
7f6e9f155000-7f6e9f355000 ---p 00054000 08:03 8537785                    /usr/lib/jvm/java-8-oracle/jre/lib/amd64/libawt_xawt.so
7f6e9f355000-7f6e9f359000 rw-p 00054000 08:03 8537785                    /usr/lib/jvm/java-8-oracle/jre/lib/amd64/libawt_xawt.so
7f6e9f359000-7f6e9f35a000 rw-p 00000000 00:00 0 
7f6e9f35a000-7f6e9f3fc000 r-xp 00000000 08:03 8537759                    /usr/lib/jvm/java-8-oracle/jre/lib/amd64/libawt.so
7f6e9f3fc000-7f6e9f5fc000 ---p 000a2000 08:03 8537759                    /usr/lib/jvm/java-8-oracle/jre/lib/amd64/libawt.so
7f6e9f5fc000-7f6e9f608000 rw-p 000a2000 08:03 8537759                    /usr/lib/jvm/java-8-oracle/jre/lib/amd64/libawt.so
7f6e9f608000-7f6e9f62c000 rw-p 00000000 00:00 0 
7f6e9f62c000-7f6e9f642000 r-xp 00000000 08:03 6817631                    /lib/x86_64-linux-gnu/libgcc_s.so.1
7f6e9f642000-7f6e9f841000 ---p 00016000 08:03 6817631                    /lib/x86_64-linux-gnu/libgcc_s.so.1
7f6e9f841000-7f6e9f842000 rw-p 00015000 08:03 6817631                    /lib/x86_64-linux-gnu/libgcc_s.so.1
7f6e9f842000-7f6e9f9b4000 r-xp 00000000 08:03 8126912                    /usr/lib/x86_64-linux-gnu/libstdc++.so.6.0.21
7f6e9f9b4000-7f6e9fbb4000 ---p 00172000 08:03 8126912                    /usr/lib/x86_64-linux-gnu/libstdc++.so.6.0.21
7f6e9fbb4000-7f6e9fbbe000 r--p 00172000 08:03 8126912                    /usr/lib/x86_64-linux-gnu/libstdc++.so.6.0.21
7f6e9fbbe000-7f6e9fbc0000 rw-p 0017c000 08:03 8126912                    /usr/lib/x86_64-linux-gnu/libstdc++.so.6.0.21
7f6e9fbc0000-7f6e9fbc4000 rw-p 00000000 00:00 0 
7f6e9fbc4000-7f6e9fbfc000 r-xp 00000000 08:03 3538981                    /tmp/libgdxtourneboeuf/6ef2d459/libgdx64.so
7f6e9fbfc000-7f6e9fdfb000 ---p 00038000 08:03 3538981                    /tmp/libgdxtourneboeuf/6ef2d459/libgdx64.so
7f6e9fdfb000-7f6e9fdfc000 r--p 00037000 08:03 3538981                    /tmp/libgdxtourneboeuf/6ef2d459/libgdx64.so
7f6e9fdfc000-7f6e9fdfd000 rw-p 00038000 08:03 3538981                    /tmp/libgdxtourneboeuf/6ef2d459/libgdx64.so
7f6e9fdfd000-7f6e9fe00000 ---p 00000000 00:00 0 
7f6e9fe00000-7f6e9fefe000 rw-p 00000000 00:00 0 
7f6e9fefe000-7f6e9ff01000 ---p 00000000 00:00 0 
7f6e9ff01000-7f6e9ffff000 rw-p 00000000 00:00 0 
7f6e9ffff000-7f6ea4000000 rw-s 00000000 00:15 18                         /dev/shm/pulse-shm-1658165395
7f6ea4000000-7f6ea4021000 rw-p 00000000 00:00 0 
7f6ea4021000-7f6ea8000000 ---p 00000000 00:00 0 
7f6ea8000000-7f6ea8021000 rw-p 00000000 00:00 0 
7f6ea8021000-7f6eac000000 ---p 00000000 00:00 0 
7f6eac000000-7f6eac021000 rw-p 00000000 00:00 0 
7f6eac021000-7f6eb0000000 ---p 00000000 00:00 0 
7f6eb0000000-7f6eb0021000 rw-p 00000000 00:00 0 
7f6eb0021000-7f6eb4000000 ---p 00000000 00:00 0 
7f6eb4000000-7f6eb4bed000 rw-p 00000000 00:00 0 
7f6eb4bed000-7f6eb8000000 ---p 00000000 00:00 0 
7f6eb8000000-7f6eb85d5000 rw-p 00000000 00:00 0 
7f6eb85d5000-7f6ebc000000 ---p 00000000 00:00 0 
7f6ebc000000-7f6ebc021000 rw-p 00000000 00:00 0 
7f6ebc021000-7f6ec0000000 ---p 00000000 00:00 0 
7f6ec0000000-7f6ec0377000 rw-p 00000000 00:00 0 
7f6ec0377000-7f6ec4000000 ---p 00000000 00:00 0 
7f6ec4000000-7f6ec4021000 rw-p 00000000 00:00 0 
7f6ec4021000-7f6ec8000000 ---p 00000000 00:00 0 
7f6ec8000000-7f6ec8021000 rw-p 00000000 00:00 0 
7f6ec8021000-7f6ecc000000 ---p 00000000 00:00 0 
7f6ecc000000-7f6ecc021000 rw-p 00000000 00:00 0 
7f6ecc021000-7f6ed0000000 ---p 00000000 00:00 0 
7f6ed0000000-7f6ed0021000 rw-p 00000000 00:00 0 
7f6ed0021000-7f6ed4000000 ---p 00000000 00:00 0 
7f6ed4000000-7f6ed4021000 rw-p 00000000 00:00 0 
7f6ed4021000-7f6ed8000000 ---p 00000000 00:00 0 
7f6ed801d000-7f6ed8020000 ---p 00000000 00:00 0 
7f6ed8020000-7f6ed8056000 rw-p 00000000 00:00 0 
7f6ed8056000-7f6ed8059000 ---p 00000000 00:00 0 
7f6ed8059000-7f6ed8157000 rw-p 00000000 00:00 0 
7f6ed8157000-7f6ed8158000 ---p 00000000 00:00 0 
7f6ed8158000-7f6ed8958000 rw-p 00000000 00:00 0 
7f6ed8958000-7f6ed895e000 r-xp 00000000 08:03 8390558                    /usr/lib/x86_64-linux-gnu/alsa-lib/libasound_module_pcm_pulse.so
7f6ed895e000-7f6ed8b5d000 ---p 00006000 08:03 8390558                    /usr/lib/x86_64-linux-gnu/alsa-lib/libasound_module_pcm_pulse.so
7f6ed8b5d000-7f6ed8b5e000 r--p 00005000 08:03 8390558                    /usr/lib/x86_64-linux-gnu/alsa-lib/libasound_module_pcm_pulse.so
7f6ed8b5e000-7f6ed8b5f000 rw-p 00006000 08:03 8390558                    /usr/lib/x86_64-linux-gnu/alsa-lib/libasound_module_pcm_pulse.so
7f6ed8b5f000-7f6ed8b89000 r-xp 00000000 08:03 8128542                    /usr/lib/x86_64-linux-gnu/libvorbis.so.0.4.8
7f6ed8b89000-7f6ed8d89000 ---p 0002a000 08:03 8128542                    /usr/lib/x86_64-linux-gnu/libvorbis.so.0.4.8
7f6ed8d89000-7f6ed8d8a000 r--p 0002a000 08:03 8128542                    /usr/lib/x86_64-linux-gnu/libvorbis.so.0.4.8
7f6ed8d8a000-7f6ed8d8b000 rw-p 0002b000 08:03 8128542                    /usr/lib/x86_64-linux-gnu/libvorbis.so.0.4.8
7f6ed8d8b000-7f6ed8d92000 r-xp 00000000 08:03 8126649                    /usr/lib/x86_64-linux-gnu/libogg.so.0.8.2
7f6ed8d92000-7f6ed8f92000 ---p 00007000 08:03 8126649                    /usr/lib/x86_64-linux-gnu/libogg.so.0.8.2
7f6ed8f92000-7f6ed8f93000 r--p 00007000 08:03 8126649                    /usr/lib/x86_64-linux-gnu/libogg.so.0.8.2
7f6ed8f93000-7f6ed8f94000 rw-p 00008000 08:03 8126649                    /usr/lib/x86_64-linux-gnu/libogg.so.0.8.2
7f6ed8f94000-7f6ed8fa6000 r-xp 00000000 08:03 6816785                    /lib/x86_64-linux-gnu/libgpg-error.so.0.17.0
7f6ed8fa6000-7f6ed91a6000 ---p 00012000 08:03 6816785                    /lib/x86_64-linux-gnu/libgpg-error.so.0.17.0
7f6ed91a6000-7f6ed91a7000 r--p 00012000 08:03 6816785                    /lib/x86_64-linux-gnu/libgpg-error.so.0.17.0
7f6ed91a7000-7f6ed91a8000 rw-p 00013000 08:03 6816785                    /lib/x86_64-linux-gnu/libgpg-error.so.0.17.0
7f6ed91a8000-7f6ed9216000 r-xp 00000000 08:03 6815814                    /lib/x86_64-linux-gnu/libpcre.so.3.13.2
7f6ed9216000-7f6ed9416000 ---p 0006e000 08:03 6815814                    /lib/x86_64-linux-gnu/libpcre.so.3.13.2
7f6ed9416000-7f6ed9417000 r--p 0006e000 08:03 6815814                    /lib/x86_64-linux-gnu/libpcre.so.3.13.2
7f6ed9417000-7f6ed9418000 rw-p 0006f000 08:03 6815814                    /lib/x86_64-linux-gnu/libpcre.so.3.13.2
7f6ed9418000-7f6ed942f000 r-xp 00000000 08:03 6826111                    /lib/x86_64-linux-gnu/libresolv-2.23.so
7f6ed942f000-7f6ed962f000 ---p 00017000 08:03 6826111                    /lib/x86_64-linux-gnu/libresolv-2.23.so
7f6ed962f000-7f6ed9630000 r--p 00017000 08:03 6826111                    /lib/x86_64-linux-gnu/libresolv-2.23.so
7f6ed9630000-7f6ed9631000 rw-p 00018000 08:03 6826111                    /lib/x86_64-linux-gnu/libresolv-2.23.so
7f6ed9631000-7f6ed9633000 rw-p 00000000 00:00 0 
7f6ed9633000-7f6ed96c0000 r-xp 00000000 08:03 8128534                    /usr/lib/x86_64-linux-gnu/libvorbisenc.so.2.0.11
7f6ed96c0000-7f6ed98bf000 ---p 0008d000 08:03 8128534                    /usr/lib/x86_64-linux-gnu/libvorbisenc.so.2.0.11
7f6ed98bf000-7f6ed98db000 r--p 0008c000 08:03 8128534                    /usr/lib/x86_64-linux-gnu/libvorbisenc.so.2.0.11
7f6ed98db000-7f6ed98dc000 rw-p 000a8000 08:03 8128534                    /usr/lib/x86_64-linux-gnu/libvorbisenc.so.2.0.11
7f6ed98dc000-7f6ed994f000 r-xp 00000000 08:03 8130792                    /usr/lib/x86_64-linux-gnu/libFLAC.so.8.3.0
7f6ed994f000-7f6ed9b4f000 ---p 00073000 08:03 8130792                    /usr/lib/x86_64-linux-gnu/libFLAC.so.8.3.0
7f6ed9b4f000-7f6ed9b50000 r--p 00073000 08:03 8130792                    /usr/lib/x86_64-linux-gnu/libFLAC.so.8.3.0
7f6ed9b50000-7f6ed9b51000 rw-p 00074000 08:03 8130792                    /usr/lib/x86_64-linux-gnu/libFLAC.so.8.3.0
7f6ed9b51000-7f6ed9c29000 r-xp 00000000 08:03 6816035                    /lib/x86_64-linux-gnu/libgcrypt.so.20.0.5
7f6ed9c29000-7f6ed9e28000 ---p 000d8000 08:03 6816035                    /lib/x86_64-linux-gnu/libgcrypt.so.20.0.5
7f6ed9e28000-7f6ed9e29000 r--p 000d7000 08:03 6816035                    /lib/x86_64-linux-gnu/libgcrypt.so.20.0.5
7f6ed9e29000-7f6ed9e31000 rw-p 000d8000 08:03 6816035                    /lib/x86_64-linux-gnu/libgcrypt.so.20.0.5
7f6ed9e31000-7f6ed9e32000 rw-p 00000000 00:00 0 
7f6ed9e32000-7f6ed9e53000 r-xp 00000000 08:03 6819846                    /lib/x86_64-linux-gnu/liblzma.so.5.0.0
7f6ed9e53000-7f6eda052000 ---p 00021000 08:03 6819846                    /lib/x86_64-linux-gnu/liblzma.so.5.0.0
7f6eda052000-7f6eda053000 r--p 00020000 08:03 6819846                    /lib/x86_64-linux-gnu/liblzma.so.5.0.0
7f6eda053000-7f6eda054000 rw-p 00021000 08:03 6819846                    /lib/x86_64-linux-gnu/liblzma.so.5.0.0
7f6eda054000-7f6eda073000 r-xp 00000000 08:03 6817704                    /lib/x86_64-linux-gnu/libselinux.so.1
7f6eda073000-7f6eda272000 ---p 0001f000 08:03 6817704                    /lib/x86_64-linux-gnu/libselinux.so.1
7f6eda272000-7f6eda273000 r--p 0001e000 08:03 6817704                    /lib/x86_64-linux-gnu/libselinux.so.1
7f6eda273000-7f6eda274000 rw-p 0001f000 08:03 6817704                    /lib/x86_64-linux-gnu/libselinux.so.1
7f6eda274000-7f6eda276000 rw-p 00000000 00:00 0 
7f6eda276000-7f6eda27b000 r-xp 00000000 08:03 8127822                    /usr/lib/x86_64-linux-gnu/libXdmcp.so.6.0.0
7f6eda27b000-7f6eda47a000 ---p 00005000 08:03 8127822                    /usr/lib/x86_64-linux-gnu/libXdmcp.so.6.0.0
7f6eda47a000-7f6eda47b000 r--p 00004000 08:03 8127822                    /usr/lib/x86_64-linux-gnu/libXdmcp.so.6.0.0
7f6eda47b000-7f6eda47c000 rw-p 00005000 08:03 8127822                    /usr/lib/x86_64-linux-gnu/libXdmcp.so.6.0.0
7f6eda47c000-7f6eda47e000 r-xp 00000000 08:03 8134591                    /usr/lib/x86_64-linux-gnu/libXau.so.6.0.0
7f6eda47e000-7f6eda67e000 ---p 00002000 08:03 8134591                    /usr/lib/x86_64-linux-gnu/libXau.so.6.0.0
7f6eda67e000-7f6eda67f000 r--p 00002000 08:03 8134591                    /usr/lib/x86_64-linux-gnu/libXau.so.6.0.0
7f6eda67f000-7f6eda680000 rw-p 00003000 08:03 8134591                    /usr/lib/x86_64-linux-gnu/libXau.so.6.0.0
7f6eda680000-7f6eda685000 r-xp 00000000 08:03 8129613                    /usr/lib/x86_64-linux-gnu/libasyncns.so.0.3.1
7f6eda685000-7f6eda884000 ---p 00005000 08:03 8129613                    /usr/lib/x86_64-linux-gnu/libasyncns.so.0.3.1
7f6eda884000-7f6eda885000 r--p 00004000 08:03 8129613                    /usr/lib/x86_64-linux-gnu/libasyncns.so.0.3.1
7f6eda885000-7f6eda886000 rw-p 00005000 08:03 8129613                    /usr/lib/x86_64-linux-gnu/libasyncns.so.0.3.1
7f6eda886000-7f6eda8e8000 r-xp 00000000 08:03 8130795                    /usr/lib/x86_64-linux-gnu/libsndfile.so.1.0.25
7f6eda8e8000-7f6edaae8000 ---p 00062000 08:03 8130795                    /usr/lib/x86_64-linux-gnu/libsndfile.so.1.0.25
7f6edaae8000-7f6edaaea000 r--p 00062000 08:03 8130795                    /usr/lib/x86_64-linux-gnu/libsndfile.so.1.0.25
7f6edaaea000-7f6edaaeb000 rw-p 00064000 08:03 8130795                    /usr/lib/x86_64-linux-gnu/libsndfile.so.1.0.25
7f6edaaeb000-7f6edaaef000 rw-p 00000000 00:00 0 
7f6edaaef000-7f6edaaf7000 r-xp 00000000 08:03 6819959                    /lib/x86_64-linux-gnu/libwrap.so.0.7.6
7f6edaaf7000-7f6edacf6000 ---p 00008000 08:03 6819959                    /lib/x86_64-linux-gnu/libwrap.so.0.7.6
7f6edacf6000-7f6edacf7000 r--p 00007000 08:03 6819959                    /lib/x86_64-linux-gnu/libwrap.so.0.7.6
7f6edacf7000-7f6edacf8000 rw-p 00008000 08:03 6819959                    /lib/x86_64-linux-gnu/libwrap.so.0.7.6
7f6edacf8000-7f6edacf9000 rw-p 00000000 00:00 0 
7f6edacf9000-7f6edad79000 r-xp 00000000 08:03 6815922                    /lib/x86_64-linux-gnu/libsystemd.so.0.14.0
7f6edad79000-7f6edad7c000 r--p 0007f000 08:03 6815922                    /lib/x86_64-linux-gnu/libsystemd.so.0.14.0
7f6edad7c000-7f6edad7d000 rw-p 00082000 08:03 6815922                    /lib/x86_64-linux-gnu/libsystemd.so.0.14.0
7f6edad7d000-7f6edad7e000 rw-p 00000000 00:00 0 
7f6edad7e000-7f6edad9f000 r-xp 00000000 08:03 8129160                    /usr/lib/x86_64-linux-gnu/libxcb.so.1.1.0
7f6edad9f000-7f6edaf9e000 ---p 00021000 08:03 8129160                    /usr/lib/x86_64-linux-gnu/libxcb.so.1.1.0
7f6edaf9e000-7f6edaf9f000 r--p 00020000 08:03 8129160                    /usr/lib/x86_64-linux-gnu/libxcb.so.1.1.0
7f6edaf9f000-7f6edafa0000 rw-p 00021000 08:03 8129160                    /usr/lib/x86_64-linux-gnu/libxcb.so.1.1.0
7f6edafa0000-7f6edafea000 r-xp 00000000 08:03 6815772                    /lib/x86_64-linux-gnu/libdbus-1.so.3.14.6
7f6edafea000-7f6edb1ea000 ---p 0004a000 08:03 6815772                    /lib/x86_64-linux-gnu/libdbus-1.so.3.14.6
7f6edb1ea000-7f6edb1eb000 r--p 0004a000 08:03 6815772                    /lib/x86_64-linux-gnu/libdbus-1.so.3.14.6
7f6edb1eb000-7f6edb1ec000 rw-p 0004b000 08:03 6815772                    /lib/x86_64-linux-gnu/libdbus-1.so.3.14.6
7f6edb1ec000-7f6edb266000 r-xp 00000000 08:03 8519800                    /usr/lib/x86_64-linux-gnu/pulseaudio/libpulsecommon-8.0.so
7f6edb266000-7f6edb465000 ---p 0007a000 08:03 8519800                    /usr/lib/x86_64-linux-gnu/pulseaudio/libpulsecommon-8.0.so
7f6edb465000-7f6edb466000 r--p 00079000 08:03 8519800                    /usr/lib/x86_64-linux-gnu/pulseaudio/libpulsecommon-8.0.so
7f6edb466000-7f6edb467000 rw-p 0007a000 08:03 8519800                    /usr/lib/x86_64-linux-gnu/pulseaudio/libpulsecommon-8.0.so
7f6edb467000-7f6edb471000 r-xp 00000000 08:03 6815927                    /lib/x86_64-linux-gnu/libjson-c.so.2.0.0
7f6edb471000-7f6edb670000 ---p 0000a000 08:03 6815927                    /lib/x86_64-linux-gnu/libjson-c.so.2.0.0
7f6edb670000-7f6edb671000 r--p 00009000 08:03 6815927                    /lib/x86_64-linux-gnu/libjson-c.so.2.0.0
7f6edb671000-7f6edb672000 rw-p 0000a000 08:03 6815927                    /lib/x86_64-linux-gnu/libjson-c.so.2.0.0
7f6edb672000-7f6edb6c0000 r-xp 00000000 08:03 8129236                    /usr/lib/x86_64-linux-gnu/libpulse.so.0.19.0
7f6edb6c0000-7f6edb8c0000 ---p 0004e000 08:03 8129236                    /usr/lib/x86_64-linux-gnu/libpulse.so.0.19.0
7f6edb8c0000-7f6edb8c1000 r--p 0004e000 08:03 8129236                    /usr/lib/x86_64-linux-gnu/libpulse.so.0.19.0
7f6edb8c1000-7f6edb8c2000 rw-p 0004f000 08:03 8129236                    /usr/lib/x86_64-linux-gnu/libpulse.so.0.19.0
7f6edb8c9000-7f6edb8cb000 rw-s 00000000 08:03 3014682                    /tmp/.glUXnVTJ (deleted)
7f6edb8cb000-7f6edb8de000 rw-s 1a5bbc000 00:06 521                       /dev/nvidiactl
7f6edb8de000-7f6edb8df000 rw-s 1a5bbb000 00:06 521                       /dev/nvidiactl
7f6edb8df000-7f6edb8ef000 rw-s 00000000 08:06 12332275                   /home2/tourneboeuf/.glvndmm3uhP (deleted)
7f6edb8ef000-7f6edb8f2000 ---p 00000000 00:00 0 
7f6edb8f2000-7f6edb9f0000 rw-p 00000000 00:00 0 
7f6edb9f0000-7f6edb9f3000 ---p 00000000 00:00 0 
7f6edb9f3000-7f6edbaf1000 rw-p 00000000 00:00 0 
7f6edbaf1000-7f6edbbea000 r-xp 00000000 08:03 8128572                    /usr/lib/x86_64-linux-gnu/libasound.so.2.0.0
7f6edbbea000-7f6edbde9000 ---p 000f9000 08:03 8128572                    /usr/lib/x86_64-linux-gnu/libasound.so.2.0.0
7f6edbde9000-7f6edbdf0000 r--p 000f8000 08:03 8128572                    /usr/lib/x86_64-linux-gnu/libasound.so.2.0.0
7f6edbdf0000-7f6edbdf1000 rw-p 000ff000 08:03 8128572                    /usr/lib/x86_64-linux-gnu/libasound.so.2.0.0
7f6edbdf1000-7f6edbe00000 r-xp 00000000 08:03 8537750                    /usr/lib/jvm/java-8-oracle/jre/lib/amd64/libjsoundalsa.so
7f6edbe00000-7f6edbfff000 ---p 0000f000 08:03 8537750                    /usr/lib/jvm/java-8-oracle/jre/lib/amd64/libjsoundalsa.so
7f6edbfff000-7f6edc000000 rw-p 0000e000 08:03 8537750                    /usr/lib/jvm/java-8-oracle/jre/lib/amd64/libjsoundalsa.so
7f6edc000000-7f6edc021000 rw-p 00000000 00:00 0 
7f6edc021000-7f6ee0000000 ---p 00000000 00:00 0 
7f6ee0000000-7f6ee0004000 rw-s 1a5bb6000 00:06 521                       /dev/nvidiactl
7f6ee0004000-7f6ee0005000 rw-s bfee4000 00:06 522                        /dev/nvidia0
7f6ee0005000-7f6ee0006000 rw-s bfee4000 00:06 522                        /dev/nvidia0
7f6ee0006000-7f6ee0007000 rw-s 159b8f000 00:06 521                       /dev/nvidiactl
7f6ee0007000-7f6ee0008000 rw-s c3060000 00:06 522                        /dev/nvidia0
7f6ee0008000-7f6ee0018000 r-xs 00000000 08:06 12332275                   /home2/tourneboeuf/.glvndmm3uhP (deleted)
7f6ee0018000-7f6ee001c000 r--s 00097000 08:03 8403247                    /usr/lib/jvm/java-8-oracle/jre/lib/jsse.jar
7f6ee001c000-7f6ee0023000 r--s 00000000 08:03 8392999                    /usr/lib/x86_64-linux-gnu/gconv/gconv-modules.cache
7f6ee0023000-7f6ee0024000 r--s 00002000 08:06 27525199                   /home2/tourneboeuf/.gradle/caches/modules-2/files-2.1/net.java.jinput/jinput-platform/2.0.5/53f9c919f34d2ca9de8c51fc4e1e8282029a9232/jinput-platform-2.0.5-natives-osx.jar
7f6ee0024000-7f6ee0025000 r--s 00025000 08:06 27525197                   /home2/tourneboeuf/.gradle/caches/modules-2/files-2.1/net.java.jinput/jinput-platform/2.0.5/385ee093e01f587f30ee1c8a2ee7d408fd732e16/jinput-platform-2.0.5-natives-windows.jar
7f6ee0025000-7f6ee0026000 r--s 00002000 08:06 27525195                   /home2/tourneboeuf/.gradle/caches/modules-2/files-2.1/net.java.jinput/jinput-platform/2.0.5/7ff832a6eb9ab6a767f1ade2b548092d0fa64795/jinput-platform-2.0.5-natives-linux.jar
7f6ee0026000-7f6ee0027000 r--s 00001000 08:06 27525193                   /home2/tourneboeuf/.gradle/caches/modules-2/files-2.1/net.java.jutils/jutils/1.0.0/e12fe1fda814bd348c1579329c86943d2cd3c6a6/jutils-1.0.0.jar
7f6ee0027000-7f6ee002b000 r--s 0002f000 08:06 27525191                   /home2/tourneboeuf/.gradle/caches/modules-2/files-2.1/net.java.jinput/jinput/2.0.5/39c7796b469a600f72380316f6b1f11db6c2c7c4/jinput-2.0.5.jar
7f6ee002b000-7f6ee002c000 r--s 00068000 08:06 27525189                   /home2/tourneboeuf/.gradle/caches/modules-2/files-2.1/org.lwjgl.lwjgl/lwjgl-platform/2.9.2/d55b46b40b40249d627a83a7f7f22649709d70c3/lwjgl-platform-2.9.2-natives-osx.jar
7f6ee002c000-7f6ee002d000 r--s 0008d000 08:06 27525187                   /home2/tourneboeuf/.gradle/caches/modules-2/files-2.1/org.lwjgl.lwjgl/lwjgl-platform/2.9.2/d276cdf61fe2b516c7b7f4aa1b8dea91dbdc8d56/lwjgl-platform-2.9.2-natives-linux.jar
7f6ee002d000-7f6ee0031000 r--s 00027000 08:06 27525177                   /home2/tourneboeuf/.gradle/caches/modules-2/files-2.1/org.lwjgl.lwjgl/lwjgl_util/2.9.2/4b9e37300a87799856e0bd15ed81663cdb6b0947/lwjgl_util-2.9.2.jar
7f6ee0031000-7f6ee003f000 r--s 000f2000 08:06 27525175                   /home2/tourneboeuf/.gradle/caches/modules-2/files-2.1/org.lwjgl.lwjgl/lwjgl/2.9.2/a9d80fe5935c7a9149f6584d9777cfd471f65489/lwjgl-2.9.2.jar
7f6ee003f000-7f6ee0040000 r-xp 00000000 08:03 8537787                    /usr/lib/jvm/java-8-oracle/jre/lib/amd64/libjsound.so
7f6ee0040000-7f6ee023f000 ---p 00001000 08:03 8537787                    /usr/lib/jvm/java-8-oracle/jre/lib/amd64/libjsound.so
7f6ee023f000-7f6ee0240000 rw-p 00000000 08:03 8537787                    /usr/lib/jvm/java-8-oracle/jre/lib/amd64/libjsound.so
7f6ee0240000-7f6ee4000000 rw-p 00000000 00:00 0 
7f6ee4000000-7f6ee4021000 rw-p 00000000 00:00 0 
7f6ee4021000-7f6ee8000000 ---p 00000000 00:00 0 
7f6ee8000000-7f6ee8001000 r--s 00095000 08:06 27525185                   /home2/tourneboeuf/.gradle/caches/modules-2/files-2.1/org.lwjgl.lwjgl/lwjgl-platform/2.9.2/510c7d317f5e9e700b9cfaac5fd38bdebf0702e0/lwjgl-platform-2.9.2-natives-windows.jar
7f6ee8001000-7f6ee8003000 r--s 00017000 08:06 27525181                   /home2/tourneboeuf/.gradle/caches/modules-2/files-2.1/org.jcraft/jorbis/0.0.17/8872d22b293e8f5d7d56ff92be966e6dc28ebdc6/jorbis-0.0.17.jar
7f6ee8003000-7f6ee8005000 r--s 00002000 08:06 27263104                   /home2/tourneboeuf/.gradle/caches/modules-2/files-2.1/com.badlogicgames.gdx/gdx-controllers/1.9.0/f09e850dbc8bae56546979d6cff2dde58d054107/gdx-controllers-1.9.0.jar
7f6ee8005000-7f6ee8007000 r--s 00008000 08:06 22153397                   /home2/tourneboeuf/.gradle/caches/modules-2/files-2.1/com.badlogicgames.gdx/gdx-freetype/1.9.0/b03693d840ea49eac2e0ec5c2f61b9e91207ddc3/gdx-freetype-1.9.0.jar
7f6ee8007000-7f6ee801a000 r--s 0013d000 08:06 19541782                   /home2/tourneboeuf/.gradle/caches/modules-2/files-2.1/com.badlogicgames.gdx/gdx-bullet/1.9.0/cf3f2fad3ea557f8d5aae924cc74f86cd7c10367/gdx-bullet-1.9.0.jar
7f6ee801a000-7f6ee801b000 ---p 00000000 00:00 0 
7f6ee801b000-7f6ee811b000 rw-p 00000000 00:00 0 
7f6ee811b000-7f6ee811e000 ---p 00000000 00:00 0 
7f6ee811e000-7f6ee821c000 rw-p 00000000 00:00 0 
7f6ee821c000-7f6ee821f000 ---p 00000000 00:00 0 
7f6ee821f000-7f6ee831d000 rw-p 00000000 00:00 0 
7f6ee831d000-7f6ee8320000 ---p 00000000 00:00 0 
7f6ee8320000-7f6ee841e000 rw-p 00000000 00:00 0 
7f6ee841e000-7f6ee8421000 ---p 00000000 00:00 0 
7f6ee8421000-7f6ee851f000 rw-p 00000000 00:00 0 
7f6ee851f000-7f6ee8522000 ---p 00000000 00:00 0 
7f6ee8522000-7f6ee8620000 rw-p 00000000 00:00 0 
7f6ee8620000-7f6ee88f9000 r--p 00000000 08:03 8129148                    /usr/lib/locale/locale-archive
7f6ee88f9000-7f6ee88fc000 ---p 00000000 00:00 0 
7f6ee88fc000-7f6ee89fa000 rw-p 00000000 00:00 0 
7f6ee89fa000-7f6ee89fd000 ---p 00000000 00:00 0 
7f6ee89fd000-7f6ee8afb000 rw-p 00000000 00:00 0 
7f6ee8afb000-7f6ee8afc000 ---p 00000000 00:00 0 
7f6ee8afc000-7f6ee9000000 rw-p 00000000 00:00 0 
7f6ee9000000-7f6ee95d0000 rwxp 00000000 00:00 0 
7f6ee95d0000-7f6ef8000000 ---p 00000000 00:00 0 
7f6ef8000000-7f6ef864c000 rw-p 00000000 00:00 0 
7f6ef864c000-7f6efc000000 ---p 00000000 00:00 0 
7f6efc000000-7f6efc001000 r--s 00015000 08:06 27525179                   /home2/tourneboeuf/.gradle/caches/modules-2/files-2.1/com.badlogicgames.jlayer/jlayer/1.0.1-gdx/7cca83cec5c1b2f011362f4d85aabd71a73b049d/jlayer-1.0.1-gdx.jar
7f6efc001000-7f6efc003000 r--s 00010000 08:06 19541780                   /home2/tourneboeuf/.gradle/caches/modules-2/files-2.1/com.badlogicgames.gdx/gdx-box2d/1.9.0/d7a6ba43a7007e30802638a8f0d7e23a2eb73415/gdx-box2d-1.9.0.jar
7f6efc003000-7f6efc016000 r--s 00345000 08:03 8403212                    /usr/lib/jvm/java-8-oracle/jre/lib/resources.jar
7f6efc016000-7f6efc030000 r--s 001a6000 08:06 21496169                   /home2/tourneboeuf/.gradle/caches/modules-2/files-2.1/com.badlogicgames.gdx/gdx/1.9.0/a064f06e8692c8f7084cd0100529ed8285413ff5/gdx-1.9.0.jar
7f6efc030000-7f6efc031000 r--s 00133000 08:06 27525234                   /home2/tourneboeuf/.gradle/caches/modules-2/files-2.1/com.badlogicgames.gdx/gdx-controllers-platform/1.9.0/33d246ded518ac230fee55d1750c1288d0d6203a/gdx-controllers-platform-1.9.0-natives-desktop.jar
7f6efc031000-7f6efc033000 r--s 00004000 08:06 27525232                   /home2/tourneboeuf/.gradle/caches/modules-2/files-2.1/com.badlogicgames.gdx/gdx-controllers-desktop/1.9.0/d86ac80aefa31ba44e6907522c19592f2524b41f/gdx-controllers-desktop-1.9.0.jar
7f6efc033000-7f6efc034000 r--s 0021a000 08:06 22153531                   /home2/tourneboeuf/.gradle/caches/modules-2/files-2.1/com.badlogicgames.gdx/gdx-freetype-platform/1.9.0/75b2c03f92ee1b88fc8698751dc55ccc2654f2f7/gdx-freetype-platform-1.9.0-natives-desktop.jar
7f6efc034000-7f6efc035000 r--s 00888000 08:06 19541786                   /home2/tourneboeuf/.gradle/caches/modules-2/files-2.1/com.badlogicgames.gdx/gdx-bullet-platform/1.9.0/b68f58c547124ad6b9517a38be250d7c4b023f1b/gdx-bullet-platform-1.9.0-natives-desktop.jar
7f6efc035000-7f6efc037000 r--s 000fa000 08:06 19541785                   /home2/tourneboeuf/.gradle/caches/modules-2/files-2.1/com.badlogicgames.gdx/gdx-box2d-platform/1.9.0/5e032d47a655fe0b2ea54ca530566b4c185aecc2/gdx-box2d-platform-1.9.0-natives-desktop.jar
7f6efc037000-7f6efc038000 r--s 000d4000 08:06 21496185                   /home2/tourneboeuf/.gradle/caches/modules-2/files-2.1/com.badlogicgames.gdx/gdx-platform/1.9.0/bd396a0e63ef2c54c0b0c88abdbb8a4e1944fa66/gdx-platform-1.9.0-natives-desktop.jar
7f6efc038000-7f6efc03c000 r--s 00020000 08:06 21496183                   /home2/tourneboeuf/.gradle/caches/modules-2/files-2.1/com.badlogicgames.gdx/gdx-backend-lwjgl/1.9.0/aa4daf87fbd3f1beba8a3104a609fe122beefbac/gdx-backend-lwjgl-1.9.0.jar
7f6efc03c000-7f6efcbf9000 rw-p 00000000 00:00 0 
7f6efcbf9000-7f6efcdd1000 r--s 03d2a000 08:03 8403258                    /usr/lib/jvm/java-8-oracle/jre/lib/rt.jar
7f6efcdd1000-7f6efda23000 rw-p 00000000 00:00 0 
7f6efda23000-7f6efda24000 ---p 00000000 00:00 0 
7f6efda24000-7f6efdb24000 rw-p 00000000 00:00 0 
7f6efdb24000-7f6efdb25000 ---p 00000000 00:00 0 
7f6efdb25000-7f6efdc25000 rw-p 00000000 00:00 0 
7f6efdc25000-7f6efdc26000 ---p 00000000 00:00 0 
7f6efdc26000-7f6efdd26000 rw-p 00000000 00:00 0 
7f6efdd26000-7f6efdd27000 ---p 00000000 00:00 0 
7f6efdd27000-7f6efde51000 rw-p 00000000 00:00 0 
7f6efde51000-7f6efe0ba000 ---p 00000000 00:00 0 
7f6efe0ba000-7f6efe0e4000 rw-p 00000000 00:00 0 
7f6efe0e4000-7f6efe34c000 ---p 00000000 00:00 0 
7f6efe34c000-7f6efe371000 rw-p 00000000 00:00 0 
7f6efe371000-7f6efe496000 ---p 00000000 00:00 0 
7f6efe496000-7f6efe4af000 rw-p 00000000 00:00 0 
7f6efe4af000-7f6efe857000 ---p 00000000 00:00 0 
7f6efe857000-7f6efe871000 r-xp 00000000 08:03 8537738                    /usr/lib/jvm/java-8-oracle/jre/lib/amd64/libzip.so
7f6efe871000-7f6efea71000 ---p 0001a000 08:03 8537738                    /usr/lib/jvm/java-8-oracle/jre/lib/amd64/libzip.so
7f6efea71000-7f6efea72000 rw-p 0001a000 08:03 8537738                    /usr/lib/jvm/java-8-oracle/jre/lib/amd64/libzip.so
7f6efea72000-7f6efea7d000 r-xp 00000000 08:03 6826110                    /lib/x86_64-linux-gnu/libnss_files-2.23.so
7f6efea7d000-7f6efec7c000 ---p 0000b000 08:03 6826110                    /lib/x86_64-linux-gnu/libnss_files-2.23.so
7f6efec7c000-7f6efec7d000 r--p 0000a000 08:03 6826110                    /lib/x86_64-linux-gnu/libnss_files-2.23.so
7f6efec7d000-7f6efec7e000 rw-p 0000b000 08:03 6826110                    /lib/x86_64-linux-gnu/libnss_files-2.23.so
7f6efec7e000-7f6efec84000 rw-p 00000000 00:00 0 
7f6efec84000-7f6efec8f000 r-xp 00000000 08:03 6823662                    /lib/x86_64-linux-gnu/libnss_nis-2.23.so
7f6efec8f000-7f6efee8e000 ---p 0000b000 08:03 6823662                    /lib/x86_64-linux-gnu/libnss_nis-2.23.so
7f6efee8e000-7f6efee8f000 r--p 0000a000 08:03 6823662                    /lib/x86_64-linux-gnu/libnss_nis-2.23.so
7f6efee8f000-7f6efee90000 rw-p 0000b000 08:03 6823662                    /lib/x86_64-linux-gnu/libnss_nis-2.23.so
7f6efee90000-7f6efeea6000 r-xp 00000000 08:03 6826106                    /lib/x86_64-linux-gnu/libnsl-2.23.so
7f6efeea6000-7f6eff0a5000 ---p 00016000 08:03 6826106                    /lib/x86_64-linux-gnu/libnsl-2.23.so
7f6eff0a5000-7f6eff0a6000 r--p 00015000 08:03 6826106                    /lib/x86_64-linux-gnu/libnsl-2.23.so
7f6eff0a6000-7f6eff0a7000 rw-p 00016000 08:03 6826106                    /lib/x86_64-linux-gnu/libnsl-2.23.so
7f6eff0a7000-7f6eff0a9000 rw-p 00000000 00:00 0 
7f6eff0a9000-7f6eff0b1000 r-xp 00000000 08:03 6826107                    /lib/x86_64-linux-gnu/libnss_compat-2.23.so
7f6eff0b1000-7f6eff2b0000 ---p 00008000 08:03 6826107                    /lib/x86_64-linux-gnu/libnss_compat-2.23.so
7f6eff2b0000-7f6eff2b1000 r--p 00007000 08:03 6826107                    /lib/x86_64-linux-gnu/libnss_compat-2.23.so
7f6eff2b1000-7f6eff2b2000 rw-p 00008000 08:03 6826107                    /lib/x86_64-linux-gnu/libnss_compat-2.23.so
7f6eff2b2000-7f6eff2dd000 r-xp 00000000 08:03 8537800                    /usr/lib/jvm/java-8-oracle/jre/lib/amd64/libjava.so
7f6eff2dd000-7f6eff4dc000 ---p 0002b000 08:03 8537800                    /usr/lib/jvm/java-8-oracle/jre/lib/amd64/libjava.so
7f6eff4dc000-7f6eff4de000 rw-p 0002a000 08:03 8537800                    /usr/lib/jvm/java-8-oracle/jre/lib/amd64/libjava.so
7f6eff4de000-7f6eff4eb000 r-xp 00000000 08:03 8537773                    /usr/lib/jvm/java-8-oracle/jre/lib/amd64/libverify.so
7f6eff4eb000-7f6eff6ea000 ---p 0000d000 08:03 8537773                    /usr/lib/jvm/java-8-oracle/jre/lib/amd64/libverify.so
7f6eff6ea000-7f6eff6ec000 rw-p 0000c000 08:03 8537773                    /usr/lib/jvm/java-8-oracle/jre/lib/amd64/libverify.so
7f6eff6ec000-7f6eff6f3000 r-xp 00000000 08:03 6819944                    /lib/x86_64-linux-gnu/librt-2.23.so
7f6eff6f3000-7f6eff8f2000 ---p 00007000 08:03 6819944                    /lib/x86_64-linux-gnu/librt-2.23.so
7f6eff8f2000-7f6eff8f3000 r--p 00006000 08:03 6819944                    /lib/x86_64-linux-gnu/librt-2.23.so
7f6eff8f3000-7f6eff8f4000 rw-p 00007000 08:03 6819944                    /lib/x86_64-linux-gnu/librt-2.23.so
7f6eff8f4000-7f6eff9fc000 r-xp 00000000 08:03 6826104                    /lib/x86_64-linux-gnu/libm-2.23.so
7f6eff9fc000-7f6effbfb000 ---p 00108000 08:03 6826104                    /lib/x86_64-linux-gnu/libm-2.23.so
7f6effbfb000-7f6effbfc000 r--p 00107000 08:03 6826104                    /lib/x86_64-linux-gnu/libm-2.23.so
7f6effbfc000-7f6effbfd000 rw-p 00108000 08:03 6826104                    /lib/x86_64-linux-gnu/libm-2.23.so
7f6effbfd000-7f6f008ca000 r-xp 00000000 08:03 8537791                    /usr/lib/jvm/java-8-oracle/jre/lib/amd64/server/libjvm.so
7f6f008ca000-7f6f00ac9000 ---p 00ccd000 08:03 8537791                    /usr/lib/jvm/java-8-oracle/jre/lib/amd64/server/libjvm.so
7f6f00ac9000-7f6f00ba2000 rw-p 00ccc000 08:03 8537791                    /usr/lib/jvm/java-8-oracle/jre/lib/amd64/server/libjvm.so
7f6f00ba2000-7f6f00bed000 rw-p 00000000 00:00 0 
7f6f00bed000-7f6f00dac000 r-xp 00000000 08:03 6826086                    /lib/x86_64-linux-gnu/libc-2.23.so
7f6f00dac000-7f6f00fac000 ---p 001bf000 08:03 6826086                    /lib/x86_64-linux-gnu/libc-2.23.so
7f6f00fac000-7f6f00fb0000 r--p 001bf000 08:03 6826086                    /lib/x86_64-linux-gnu/libc-2.23.so
7f6f00fb0000-7f6f00fb2000 rw-p 001c3000 08:03 6826086                    /lib/x86_64-linux-gnu/libc-2.23.so
7f6f00fb2000-7f6f00fb6000 rw-p 00000000 00:00 0 
7f6f00fb6000-7f6f00fb9000 r-xp 00000000 08:03 6826085                    /lib/x86_64-linux-gnu/libdl-2.23.so
7f6f00fb9000-7f6f011b8000 ---p 00003000 08:03 6826085                    /lib/x86_64-linux-gnu/libdl-2.23.so
7f6f011b8000-7f6f011b9000 r--p 00002000 08:03 6826085                    /lib/x86_64-linux-gnu/libdl-2.23.so
7f6f011b9000-7f6f011ba000 rw-p 00003000 08:03 6826085                    /lib/x86_64-linux-gnu/libdl-2.23.so
7f6f011ba000-7f6f011cf000 r-xp 00000000 08:03 8397721                    /usr/lib/jvm/java-8-oracle/lib/amd64/jli/libjli.so
7f6f011cf000-7f6f013cf000 ---p 00015000 08:03 8397721                    /usr/lib/jvm/java-8-oracle/lib/amd64/jli/libjli.so
7f6f013cf000-7f6f013d0000 rw-p 00015000 08:03 8397721                    /usr/lib/jvm/java-8-oracle/lib/amd64/jli/libjli.so
7f6f013d0000-7f6f013e8000 r-xp 00000000 08:03 6826105                    /lib/x86_64-linux-gnu/libpthread-2.23.so
7f6f013e8000-7f6f015e7000 ---p 00018000 08:03 6826105                    /lib/x86_64-linux-gnu/libpthread-2.23.so
7f6f015e7000-7f6f015e8000 r--p 00017000 08:03 6826105                    /lib/x86_64-linux-gnu/libpthread-2.23.so
7f6f015e8000-7f6f015e9000 rw-p 00018000 08:03 6826105                    /lib/x86_64-linux-gnu/libpthread-2.23.so
7f6f015e9000-7f6f015ed000 rw-p 00000000 00:00 0 
7f6f015ed000-7f6f01613000 r-xp 00000000 08:03 6819758                    /lib/x86_64-linux-gnu/ld-2.23.so
7f6f01613000-7f6f016de000 rw-p 00000000 00:00 0 
7f6f016de000-7f6f016e1000 ---p 00000000 00:00 0 
7f6f016e1000-7f6f017e3000 rw-p 00000000 00:00 0 
7f6f017e3000-7f6f017e5000 r--s 00013000 08:06 18629781                   /home2/tourneboeuf/Software/Java/Libgdx/TaranFigthers/core/build/libs/core-1.0.jar
7f6f017e5000-7f6f01806000 rw-p 00000000 00:00 0 
7f6f01806000-7f6f0180e000 rw-s 00000000 08:03 3538989                    /tmp/hsperfdata_tourneboeuf/25416
7f6f0180e000-7f6f0180f000 rw-p 00000000 00:00 0 
7f6f0180f000-7f6f01810000 r--p 00000000 00:00 0 
7f6f01810000-7f6f01812000 rw-p 00000000 00:00 0 
7f6f01812000-7f6f01813000 r--p 00025000 08:03 6819758                    /lib/x86_64-linux-gnu/ld-2.23.so
7f6f01813000-7f6f01814000 rw-p 00026000 08:03 6819758                    /lib/x86_64-linux-gnu/ld-2.23.so
7f6f01814000-7f6f01815000 rw-p 00000000 00:00 0 
7ffffef62000-7ffffef85000 rw-p 00000000 00:00 0                          [stack]
7ffffefb8000-7ffffefba000 r--p 00000000 00:00 0                          [vvar]
7ffffefba000-7ffffefbc000 r-xp 00000000 00:00 0                          [vdso]
ffffffffff600000-ffffffffff601000 r-xp 00000000 00:00 0                  [vsyscall]

VM Arguments:
jvm_args: -Dfile.encoding=UTF-8 -Duser.country=US -Duser.language=en -Duser.variant 
java_command: com.mygdx.taranfighters.desktop.DesktopLauncher
java_class_path (initial): /home2/tourneboeuf/Software/Java/Libgdx/TaranFigthers/desktop/build/classes/main:/home2/tourneboeuf/Software/Java/Libgdx/TaranFigthers/desktop/build/resources/main:/home2/tourneboeuf/Software/Java/Libgdx/TaranFigthers/core/build/libs/core-1.0.jar:/home2/tourneboeuf/.gradle/caches/modules-2/files-2.1/com.badlogicgames.gdx/gdx-backend-lwjgl/1.9.0/aa4daf87fbd3f1beba8a3104a609fe122beefbac/gdx-backend-lwjgl-1.9.0.jar:/home2/tourneboeuf/.gradle/caches/modules-2/files-2.1/com.badlogicgames.gdx/gdx-platform/1.9.0/bd396a0e63ef2c54c0b0c88abdbb8a4e1944fa66/gdx-platform-1.9.0-natives-desktop.jar:/home2/tourneboeuf/.gradle/caches/modules-2/files-2.1/com.badlogicgames.gdx/gdx-box2d-platform/1.9.0/5e032d47a655fe0b2ea54ca530566b4c185aecc2/gdx-box2d-platform-1.9.0-natives-desktop.jar:/home2/tourneboeuf/.gradle/caches/modules-2/files-2.1/com.badlogicgames.gdx/gdx-bullet-platform/1.9.0/b68f58c547124ad6b9517a38be250d7c4b023f1b/gdx-bullet-platform-1.9.0-natives-desktop.jar:/home2/tourneboeuf/.gradle/caches/modules-2/files-2.1/com.badlogicgames.gdx/gdx-freetype-platform/1.9.0/75b2c03f92ee1b88fc8698751dc55ccc2654f2f7/gdx-freetype-platform-1.9.0-natives-desktop.jar:/home2/tourneboeuf/.gradle/caches/modules-2/files-2.1/com.badlogicgames.gdx/gdx-controllers-desktop/1.9.0/d86ac80aefa31ba44e6907522c19592f2524b41f/gdx-controllers-desktop-1.9.0.jar:/home2/tourneboeuf/.gradle/caches/modules-2/files-2.1/com.badlogicgames.gdx/gdx-controllers-platform/1.9.0/33d246ded518ac230fee55d1750c1288d0d6203a/gdx-controllers-platform-1.9.0-natives-desktop.jar:/home2/tourneboeuf/.gradle/caches/modules-2/files-2.1/com.badlogicgames.gdx/gdx/1.9.0/a064f06e8692c8f7084cd0100529ed8285413ff5/gdx-1.9.0.jar:/home2/tourneboeuf/.gradle/caches/modules-2/files-2.1/com.badlogicgames.gdx/gdx-box2d/1.9.0/d7a6ba43a7007e30802638a8f0d7e23a2eb73415/gdx-box2d-1.9.0.jar:/home2/tourneboeuf/.gradle/caches/modules-2/files-2.1/com.badlogicgames.gdx/gdx-bullet/1.9.0/cf3f2fad3ea557f8d5aae924cc74f86cd7c10367/gdx
Launcher Type: SUN_STANDARD

Environment Variables:
JAVA_HOME=/usr/lib/jvm/java-8-oracle
PATH=/home2/tourneboeuf/Bin:/home2/tourneboeuf/Software/Android/SDK/android-sdk-linux/tools:/home2/tourneboeuf/Software/Android/SDK/android-sdk-linux/platform-tools:/usr/local/sbin:/usr/local/bin:/usr/sbin:/usr/bin:/sbin:/bin:/usr/games:/usr/local/games:/snap/bin:/usr/lib/jvm/java-8-oracle/bin:/usr/lib/jvm/java-8-oracle/db/bin:/usr/lib/jvm/java-8-oracle/jre/bin
SHELL=/bin/bash
DISPLAY=:0

Signal Handlers:
SIGSEGV: [libjvm.so+0xac64b0], sa_mask[0]=11111111011111111101111111111110, sa_flags=SA_RESTART|SA_SIGINFO
SIGBUS: [libjvm.so+0xac64b0], sa_mask[0]=11111111011111111101111111111110, sa_flags=SA_RESTART|SA_SIGINFO
SIGFPE: [libjvm.so+0x91f950], sa_mask[0]=11111111011111111101111111111110, sa_flags=SA_RESTART|SA_SIGINFO
SIGPIPE: [libjvm.so+0x91f950], sa_mask[0]=11111111011111111101111111111110, sa_flags=SA_RESTART|SA_SIGINFO
SIGXFSZ: [libjvm.so+0x91f950], sa_mask[0]=11111111011111111101111111111110, sa_flags=SA_RESTART|SA_SIGINFO
SIGILL: [libjvm.so+0x91f950], sa_mask[0]=11111111011111111101111111111110, sa_flags=SA_RESTART|SA_SIGINFO
SIGUSR1: SIG_DFL, sa_mask[0]=00000000000000000000000000000000, sa_flags=none
SIGUSR2: [libjvm.so+0x920f80], sa_mask[0]=00100000000000000000000000000000, sa_flags=SA_RESTART|SA_SIGINFO
SIGHUP: [libjvm.so+0x922380], sa_mask[0]=11111111011111111101111111111110, sa_flags=SA_RESTART|SA_SIGINFO
SIGINT: [libjvm.so+0x922380], sa_mask[0]=11111111011111111101111111111110, sa_flags=SA_RESTART|SA_SIGINFO
SIGTERM: [libjvm.so+0x922380], sa_mask[0]=11111111011111111101111111111110, sa_flags=SA_RESTART|SA_SIGINFO
SIGQUIT: [libjvm.so+0x922380], sa_mask[0]=11111111011111111101111111111110, sa_flags=SA_RESTART|SA_SIGINFO


---------------  S Y S T E M  ---------------

OS:DISTRIB_ID=Ubuntu
DISTRIB_RELEASE=16.04
DISTRIB_CODENAME=xenial
DISTRIB_DESCRIPTION="Ubuntu 16.04.1 LTS"

uname:Linux 4.4.0-59-generic #80-Ubuntu SMP Fri Jan 6 17:47:47 UTC 2017 x86_64
libc:glibc 2.23 NPTL 2.23 
rlimit: STACK 8192k, CORE 0k, NPROC 31427, NOFILE 65536, AS infinity
load average:0,09 0,16 0,89

/proc/meminfo:
MemTotal:        8092628 kB
MemFree:         1654860 kB
MemAvailable:    3458868 kB
Buffers:          250924 kB
Cached:          1742396 kB
SwapCached:            0 kB
Active:          5148656 kB
Inactive:         873152 kB
Active(anon):    4030420 kB
Inactive(anon):    45520 kB
Active(file):    1118236 kB
Inactive(file):   827632 kB
Unevictable:          32 kB
Mlocked:              32 kB
SwapTotal:      15624188 kB
SwapFree:       15624188 kB
Dirty:              1544 kB
Writeback:             0 kB
AnonPages:       4020444 kB
Mapped:           474912 kB
Shmem:             47460 kB
Slab:             207536 kB
SReclaimable:     163236 kB
SUnreclaim:        44300 kB
KernelStack:       13744 kB
PageTables:        49320 kB
NFS_Unstable:          0 kB
Bounce:                0 kB
WritebackTmp:          0 kB
CommitLimit:    19670500 kB
Committed_AS:   10179560 kB
VmallocTotal:   34359738367 kB
VmallocUsed:           0 kB
VmallocChunk:          0 kB
HardwareCorrupted:     0 kB
AnonHugePages:   2328576 kB
CmaTotal:              0 kB
CmaFree:               0 kB
HugePages_Total:       0
HugePages_Free:        0
HugePages_Rsvd:        0
HugePages_Surp:        0
Hugepagesize:       2048 kB
DirectMap4k:      315328 kB
DirectMap2M:     7991296 kB
DirectMap1G:     1048576 kB


CPU:total 4 (2 cores per cpu, 2 threads per core) family 6 model 61 stepping 4, cmov, cx8, fxsr, mmx, sse, sse2, sse3, ssse3, sse4.1, sse4.2, popcnt, avx, avx2, aes, clmul, erms, 3dnowpref, lzcnt, ht, tsc, tscinvbit, bmi1, bmi2, adx

/proc/cpuinfo:
processor	: 0
vendor_id	: GenuineIntel
cpu family	: 6
model		: 61
model name	: Intel(R) Core(TM) i5-5200U CPU @ 2.20GHz
stepping	: 4
microcode	: 0x13
cpu MHz		: 2490.468
cache size	: 3072 KB
physical id	: 0
siblings	: 4
core id		: 0
cpu cores	: 2
apicid		: 0
initial apicid	: 0
fpu		: yes
fpu_exception	: yes
cpuid level	: 20
wp		: yes
flags		: fpu vme de pse tsc msr pae mce cx8 apic sep mtrr pge mca cmov pat pse36 clflush dts acpi mmx fxsr sse sse2 ss ht tm pbe syscall nx pdpe1gb rdtscp lm constant_tsc arch_perfmon pebs bts rep_good nopl xtopology nonstop_tsc aperfmperf eagerfpu pni pclmulqdq dtes64 monitor ds_cpl vmx est tm2 ssse3 sdbg fma cx16 xtpr pdcm pcid sse4_1 sse4_2 x2apic movbe popcnt tsc_deadline_timer aes xsave avx f16c rdrand lahf_lm abm 3dnowprefetch epb intel_pt tpr_shadow vnmi flexpriority ept vpid fsgsbase tsc_adjust bmi1 avx2 smep bmi2 erms invpcid rdseed adx smap xsaveopt dtherm ida arat pln pts
bugs		:
bogomips	: 4389.55
clflush size	: 64
cache_alignment	: 64
address sizes	: 39 bits physical, 48 bits virtual
power management:

processor	: 1
vendor_id	: GenuineIntel
cpu family	: 6
model		: 61
model name	: Intel(R) Core(TM) i5-5200U CPU @ 2.20GHz
stepping	: 4
microcode	: 0x13
cpu MHz		: 2594.625
cache size	: 3072 KB
physical id	: 0
siblings	: 4
core id		: 1
cpu cores	: 2
apicid		: 2
initial apicid	: 2
fpu		: yes
fpu_exception	: yes
cpuid level	: 20
wp		: yes
flags		: fpu vme de pse tsc msr pae mce cx8 apic sep mtrr pge mca cmov pat pse36 clflush dts acpi mmx fxsr sse sse2 ss ht tm pbe syscall nx pdpe1gb rdtscp lm constant_tsc arch_perfmon pebs bts rep_good nopl xtopology nonstop_tsc aperfmperf eagerfpu pni pclmulqdq dtes64 monitor ds_cpl vmx est tm2 ssse3 sdbg fma cx16 xtpr pdcm pcid sse4_1 sse4_2 x2apic movbe popcnt tsc_deadline_timer aes xsave avx f16c rdrand lahf_lm abm 3dnowprefetch epb intel_pt tpr_shadow vnmi flexpriority ept vpid fsgsbase tsc_adjust bmi1 avx2 smep bmi2 erms invpcid rdseed adx smap xsaveopt dtherm ida arat pln pts
bugs		:
bogomips	: 4389.55
clflush size	: 64
cache_alignment	: 64
address sizes	: 39 bits physical, 48 bits virtual
power management:

processor	: 2
vendor_id	: GenuineIntel
cpu family	: 6
model		: 61
model name	: Intel(R) Core(TM) i5-5200U CPU @ 2.20GHz
stepping	: 4
microcode	: 0x13
cpu MHz		: 2500.007
cache size	: 3072 KB
physical id	: 0
siblings	: 4
core id		: 0
cpu cores	: 2
apicid		: 1
initial apicid	: 1
fpu		: yes
fpu_exception	: yes
cpuid level	: 20
wp		: yes
flags		: fpu vme de pse tsc msr pae mce cx8 apic sep mtrr pge mca cmov pat pse36 clflush dts acpi mmx fxsr sse sse2 ss ht tm pbe syscall nx pdpe1gb rdtscp lm constant_tsc arch_perfmon pebs bts rep_good nopl xtopology nonstop_tsc aperfmperf eagerfpu pni pclmulqdq dtes64 monitor ds_cpl vmx est tm2 ssse3 sdbg fma cx16 xtpr pdcm pcid sse4_1 sse4_2 x2apic movbe popcnt tsc_deadline_timer aes xsave avx f16c rdrand lahf_lm abm 3dnowprefetch epb intel_pt tpr_shadow vnmi flexpriority ept vpid fsgsbase tsc_adjust bmi1 avx2 smep bmi2 erms invpcid rdseed adx smap xsaveopt dtherm ida arat pln pts
bugs		:
bogomips	: 4389.55
clflush size	: 64
cache_alignment	: 64
address sizes	: 39 bits physical, 48 bits virtual
power management:

processor	: 3
vendor_id	: GenuineIntel
cpu family	: 6
model		: 61
model name	: Intel(R) Core(TM) i5-5200U CPU @ 2.20GHz
stepping	: 4
microcode	: 0x13
cpu MHz		: 2534.554
cache size	: 3072 KB
physical id	: 0
siblings	: 4
core id		: 1
cpu cores	: 2
apicid		: 3
initial apicid	: 3
fpu		: yes
fpu_exception	: yes
cpuid level	: 20
wp		: yes
flags		: fpu vme de pse tsc msr pae mce cx8 apic sep mtrr pge mca cmov pat pse36 clflush dts acpi mmx fxsr sse sse2 ss ht tm pbe syscall nx pdpe1gb rdtscp lm constant_tsc arch_perfmon pebs bts rep_good nopl xtopology nonstop_tsc aperfmperf eagerfpu pni pclmulqdq dtes64 monitor ds_cpl vmx est tm2 ssse3 sdbg fma cx16 xtpr pdcm pcid sse4_1 sse4_2 x2apic movbe popcnt tsc_deadline_timer aes xsave avx f16c rdrand lahf_lm abm 3dnowprefetch epb intel_pt tpr_shadow vnmi flexpriority ept vpid fsgsbase tsc_adjust bmi1 avx2 smep bmi2 erms invpcid rdseed adx smap xsaveopt dtherm ida arat pln pts
bugs		:
bogomips	: 4389.55
clflush size	: 64
cache_alignment	: 64
address sizes	: 39 bits physical, 48 bits virtual
power management:



Memory: 4k page, physical 8092628k(1654860k free), swap 15624188k(15624188k free)

vm_info: Java HotSpot(TM) 64-Bit Server VM (25.111-b14) for linux-amd64 JRE (1.8.0_111-b14), built on Sep 22 2016 16:14:03 by "java_re" with gcc 4.3.0 20080428 (Red Hat 4.3.0-8)

time: Wed Jan 25 21:10:54 2017
elapsed time: 8 seconds (0d 0h 0m 8s)

