#
# A fatal error has been detected by the Java Runtime Environment:
#
#  SIGSEGV (0xb) at pc=0x00007ff14ede6da0, pid=14361, tid=0x00007ff1635a4700
#
# JRE version: Java(TM) SE Runtime Environment (8.0_111-b14) (build 1.8.0_111-b14)
# Java VM: Java HotSpot(TM) 64-Bit Server VM (25.111-b14 mixed mode linux-amd64 compressed oops)
# Problematic frame:
# C  [libgdx-box2d64.so+0x35da0]  b2Fixture::Refilter()+0x20
#
# Failed to write core dump. Core dumps have been disabled. To enable core dumping, try "ulimit -c unlimited" before starting Java again
#
# If you would like to submit a bug report, please visit:
#   http://bugreport.java.com/bugreport/crash.jsp
# The crash happened outside the Java Virtual Machine in native code.
# See problematic frame for where to report the bug.
#

---------------  T H R E A D  ---------------

Current thread (0x00007ff1bc57a800):  JavaThread "LWJGL Application" [_thread_in_native, id=14400, stack(0x00007ff1634a4000,0x00007ff1635a5000)]

siginfo: si_signo: 11 (SIGSEGV), si_code: 128 (SI_KERNEL), si_addr: 0x0000000000000000

Registers:
RAX=0x7e0f2149f04f3cd3, RBX=0x00007ff14fea1448, RCX=0x00007ff120c77ec0, RDX=0x00007ff1208266c0
RSP=0x00007ff1635a3490, RBP=0x00007ff1208266c0, RSI=0x00007ff1635a34b0, RDI=0x00007ff1208266c0
R8 =0x0000000000000001, R9 =0x0000000000000000, R10=0x00007ff1ad017a08, R11=0x00007ff1c318aa70
R12=0x0000000000000000, R13=0x00007ff14fea1448, R14=0x00007ff1635a3588, R15=0x00007ff1bc57a800
RIP=0x00007ff14ede6da0, EFLAGS=0x0000000000010202, CSGSFS=0x0000000000000033, ERR=0x0000000000000000
  TRAPNO=0x000000000000000d

Top of Stack: (sp=0x00007ff1635a3490)
0x00007ff1635a3490:   00007ff14fea1448 00007ff1635a3540
0x00007ff1635a34a0:   0000000000000000 00007ff14eded6ef
0x00007ff1635a34b0:   0000000000010001 0000000000000000
0x00007ff1635a34c0:   00007ff1bc57a800 00007ff1ad017a34
0x00007ff1635a34d0:   00007ff1635a3530 00007ff1c2ea2c9d
0x00007ff1635a34e0:   00007ff1bc57a800 0000000000000000
0x00007ff1635a34f0:   00007ff1635a3550 00007ff1635a35e8
0x00007ff1635a3500:   00007ff1635a3500 0000000000000000
0x00007ff1635a3510:   00007ff1635a3588 00007ff14fea3cf8
0x00007ff1635a3520:   0000000000000000 00007ff14fea1448
0x00007ff1635a3530:   0000000000000000 00007ff1635a3560
0x00007ff1635a3540:   00007ff1635a35d0 00007ff1ad0082bd
0x00007ff1635a3550:   0000000000000000 00007ff1ad011538
0x00007ff1635a3560:   0000000000000000 0000000000000001
0x00007ff1635a3570:   0000000000000001 00007ff1208266c0
0x00007ff1635a3580:   00007ff1635a3630 00000000d7fa8210
0x00007ff1635a3590:   00007ff1635a3590 00007ff14fea1399
0x00007ff1635a35a0:   00007ff1635a35e8 00007ff14fea3cf8
0x00007ff1635a35b0:   00007ff14fec1270 00007ff14fea13c0
0x00007ff1635a35c0:   00007ff1635a3560 00007ff1635a35e0
0x00007ff1635a35d0:   00007ff1635a3630 00007ff1ad0082bd
0x00007ff1635a35e0:   00000000d7fa8250 00000000d7fa8210
0x00007ff1635a35f0:   00007ff1635a35f0 00007ff14fea68c3
0x00007ff1635a3600:   00007ff1635a3650 00007ff14feab400
0x00007ff1635a3610:   00007ff14fec0fe0 00007ff14fea68f8
0x00007ff1635a3620:   00007ff1635a35e0 00007ff1635a3648
0x00007ff1635a3630:   00007ff1635a3698 00007ff1ad0082bd
0x00007ff1635a3640:   00000000d7fa8250 0000000000000001
0x00007ff1635a3650:   00000000d7fa8210 00007ff1635a3658
0x00007ff1635a3660:   00007ff14fea627a 00007ff1635a36a8
0x00007ff1635a3670:   00007ff14feab400 0000000000000000
0x00007ff1635a3680:   00007ff14fea6298 00007ff1635a3648 

Instructions: (pc=0x00007ff14ede6da0)
0x00007ff14ede6d80:   41 54 55 48 89 fd 53 48 8b 4f 10 48 85 c9 74 72
0x00007ff14ede6d90:   48 8b 81 88 00 00 00 48 85 c0 74 21 0f 1f 40 00
0x00007ff14ede6da0:   48 8b 50 08 48 3b 6a 68 74 06 48 3b 6a 60 75 04
0x00007ff14ede6db0:   83 4a 08 08 48 8b 40 18 48 85 c0 75 e3 4c 8b 61 

Register to memory mapping:

RAX=0x7e0f2149f04f3cd3 is an unknown value
RBX={method} {0x00007ff14fea1448} 'jniSetFilterData' '(JSSS)V' in 'com/badlogic/gdx/physics/box2d/Fixture'
RCX=0x00007ff120c77ec0 is an unknown value
RDX=0x00007ff1208266c0 is an unknown value
RSP=0x00007ff1635a3490 is pointing into the stack for thread: 0x00007ff1bc57a800
RBP=0x00007ff1208266c0 is an unknown value
RSI=0x00007ff1635a34b0 is pointing into the stack for thread: 0x00007ff1bc57a800
RDI=0x00007ff1208266c0 is an unknown value
R8 =0x0000000000000001 is an unknown value
R9 =0x0000000000000000 is an unknown value
R10=0x00007ff1ad017a08 is at code_begin+808 in an Interpreter codelet
method entry point (kind = native)  [0x00007ff1ad0176e0, 0x00007ff1ad017fe0]  2304 bytes
R11=0x00007ff1c318aa70: <offset 0x9c2a70> in /usr/lib/jvm/java-8-oracle/jre/lib/amd64/server/libjvm.so at 0x00007ff1c27c8000
R12=0x0000000000000000 is an unknown value
R13={method} {0x00007ff14fea1448} 'jniSetFilterData' '(JSSS)V' in 'com/badlogic/gdx/physics/box2d/Fixture'
R14=0x00007ff1635a3588 is pointing into the stack for thread: 0x00007ff1bc57a800
R15=0x00007ff1bc57a800 is a thread


Stack: [0x00007ff1634a4000,0x00007ff1635a5000],  sp=0x00007ff1635a3490,  free space=1021k
Native frames: (J=compiled Java code, j=interpreted, Vv=VM code, C=native code)
C  [libgdx-box2d64.so+0x35da0]  b2Fixture::Refilter()+0x20

Java frames: (J=compiled Java code, j=interpreted, Vv=VM code)
j  com.badlogic.gdx.physics.box2d.Fixture.jniSetFilterData(JSSS)V+0
j  com.badlogic.gdx.physics.box2d.Fixture.setFilterData(Lcom/badlogic/gdx/physics/box2d/Filter;)V+17
j  com.mygdx.taranfighters.Character.setFixtureMask(Lcom/badlogic/gdx/physics/box2d/Fixture;I)V+19
j  com.mygdx.taranfighters.Character.kick()V+58
j  com.mygdx.taranfighters.Character.keyDown(I)Z+107
j  com.mygdx.taranfighters.TaranScreen.keyDown(I)Z+54
J 1400 C1 com.badlogic.gdx.backends.lwjgl.LwjglInput.processEvents()V (478 bytes) @ 0x00007ff1ad595064 [0x00007ff1ad5949c0+0x6a4]
j  com.badlogic.gdx.backends.lwjgl.LwjglApplication.mainLoop()V+600
j  com.badlogic.gdx.backends.lwjgl.LwjglApplication$1.run()V+27
v  ~StubRoutines::call_stub

---------------  P R O C E S S  ---------------

Java Threads: ( => current thread )
  0x00007ff120019800 JavaThread "Timer" daemon [_thread_blocked, id=14435, stack(0x00007ff14fcfe000,0x00007ff14fdff000)]
  0x00007ff1bc00c000 JavaThread "DestroyJavaVM" [_thread_blocked, id=14363, stack(0x00007ff1c42a9000,0x00007ff1c43aa000)]
=>0x00007ff1bc57a800 JavaThread "LWJGL Application" [_thread_in_native, id=14400, stack(0x00007ff1634a4000,0x00007ff1635a5000)]
  0x00007ff1bc4e0000 JavaThread "AWT-XAWT" daemon [_thread_in_native, id=14396, stack(0x00007ff16ca1d000,0x00007ff16cb1e000)]
  0x00007ff1bc4be800 JavaThread "Java2D Disposer" daemon [_thread_blocked, id=14395, stack(0x00007ff19a4d9000,0x00007ff19a5da000)]
  0x00007ff1bc3fc000 JavaThread "Thread-4" daemon [_thread_blocked, id=14394, stack(0x00007ff16ea3c000,0x00007ff16eb3d000)]
  0x00007ff1bc3fa800 JavaThread "Thread-3" daemon [_thread_blocked, id=14393, stack(0x00007ff16eb3d000,0x00007ff16ec3e000)]
  0x00007ff1bc397800 JavaThread "Java Sound Event Dispatcher" daemon [_thread_blocked, id=14391, stack(0x00007ff16ec3e000,0x00007ff16ed3f000)]
  0x00007ff1bc2eb000 JavaThread "Timer-0" daemon [_thread_blocked, id=14381, stack(0x00007ff19a5da000,0x00007ff19a6db000)]
  0x00007ff1bc0c3800 JavaThread "Service Thread" daemon [_thread_blocked, id=14379, stack(0x00007ff19af19000,0x00007ff19b01a000)]
  0x00007ff1bc0c0800 JavaThread "C1 CompilerThread2" daemon [_thread_in_vm, id=14378, stack(0x00007ff19b01a000,0x00007ff19b11b000)]
  0x00007ff1bc0be800 JavaThread "C2 CompilerThread1" daemon [_thread_blocked, id=14377, stack(0x00007ff19b11b000,0x00007ff19b21c000)]
  0x00007ff1bc0bb800 JavaThread "C2 CompilerThread0" daemon [_thread_blocked, id=14376, stack(0x00007ff19b21c000,0x00007ff19b31d000)]
  0x00007ff1bc0ba000 JavaThread "Signal Dispatcher" daemon [_thread_blocked, id=14375, stack(0x00007ff19b31d000,0x00007ff19b41e000)]
  0x00007ff1bc086000 JavaThread "Finalizer" daemon [_thread_blocked, id=14374, stack(0x00007ff19b6f7000,0x00007ff19b7f8000)]
  0x00007ff1bc081800 JavaThread "Reference Handler" daemon [_thread_blocked, id=14373, stack(0x00007ff19b7f8000,0x00007ff19b8f9000)]

Other Threads:
  0x00007ff1bc079800 VMThread [stack: 0x00007ff19b8f9000,0x00007ff19b9fa000] [id=14372]
  0x00007ff1bc0c6000 WatcherThread [stack: 0x00007ff19ae18000,0x00007ff19af19000] [id=14380]

VM state:not at safepoint (normal execution)

VM Mutex/Monitor currently owned by a thread: None

Heap:
 PSYoungGen      total 36864K, used 33408K [0x00000000d6d80000, 0x00000000db580000, 0x0000000100000000)
  eden space 31744K, 89% used [0x00000000d6d80000,0x00000000d8922d60,0x00000000d8c80000)
  from space 5120K, 99% used [0x00000000d8c80000,0x00000000d917d2d8,0x00000000d9180000)
  to   space 5120K, 0% used [0x00000000db080000,0x00000000db080000,0x00000000db580000)
 ParOldGen       total 84992K, used 2538K [0x0000000084800000, 0x0000000089b00000, 0x00000000d6d80000)
  object space 84992K, 2% used [0x0000000084800000,0x0000000084a7a8a0,0x0000000089b00000)
 Metaspace       used 15096K, capacity 15281K, committed 15488K, reserved 1062912K
  class space    used 1571K, capacity 1645K, committed 1664K, reserved 1048576K

Card table byte_map: [0x00007ff1c0c85000,0x00007ff1c1062000] byte_map_base: 0x00007ff1c0861000

Marking Bits: (ParMarkBitMap*) 0x00007ff1c378b220
 Begin Bits: [0x00007ff1a9240000, 0x00007ff1ab120000)
 End Bits:   [0x00007ff1ab120000, 0x00007ff1ad000000)

Polling page: 0x00007ff1c43da000

CodeCache: size=245760Kb used=7120Kb max_used=7126Kb free=238639Kb
 bounds [0x00007ff1ad000000, 0x00007ff1ad700000, 0x00007ff1bc000000]
 total_blobs=2445 nmethods=1798 adapters=560
 compilation: enabled

Compilation events (10 events):
Event: 74,662 Thread 0x00007ff1bc0c0800 1802       3       java.io.OutputStream::flush (1 bytes)
Event: 74,662 Thread 0x00007ff1bc0c0800 nmethod 1802 0x00007ff1ad6f24d0 code [0x00007ff1ad6f2620, 0x00007ff1ad6f2770]
Event: 74,663 Thread 0x00007ff1bc0c0800 1804       1       com.badlogic.gdx.graphics.glutils.FileTextureData::isManaged (2 bytes)
Event: 74,663 Thread 0x00007ff1bc0c0800 nmethod 1804 0x00007ff1ad6f2210 code [0x00007ff1ad6f2360, 0x00007ff1ad6f2470]
Event: 74,672 Thread 0x00007ff1bc0be800 1805       4       java.nio.Buffer::<init> (121 bytes)
Event: 74,673 Thread 0x00007ff1bc0c0800 1806       3       sun.nio.cs.UTF_8$Decoder::decodeLoop (28 bytes)
Event: 74,674 Thread 0x00007ff1bc0c0800 nmethod 1806 0x00007ff1ad6f19d0 code [0x00007ff1ad6f1b80, 0x00007ff1ad6f20b8]
Event: 74,674 Thread 0x00007ff1bc0be800 nmethod 1805 0x00007ff1ad6f14d0 code [0x00007ff1ad6f1640, 0x00007ff1ad6f17f8]
Event: 74,803 Thread 0x00007ff1bc0c0800 1807       3       sun.reflect.Reflection::quickCheckMemberAccess (10 bytes)
Event: 74,804 Thread 0x00007ff1bc0c0800 nmethod 1807 0x00007ff1ad6f1090 code [0x00007ff1ad6f1200, 0x00007ff1ad6f1428]

GC Heap History (2 events):
Event: 1,219 GC heap before
{Heap before GC invocations=1 (full 0):
 PSYoungGen      total 36864K, used 31744K [0x00000000d6d80000, 0x00000000d9680000, 0x0000000100000000)
  eden space 31744K, 100% used [0x00000000d6d80000,0x00000000d8c80000,0x00000000d8c80000)
  from space 5120K, 0% used [0x00000000d9180000,0x00000000d9180000,0x00000000d9680000)
  to   space 5120K, 0% used [0x00000000d8c80000,0x00000000d8c80000,0x00000000d9180000)
 ParOldGen       total 84992K, used 0K [0x0000000084800000, 0x0000000089b00000, 0x00000000d6d80000)
  object space 84992K, 0% used [0x0000000084800000,0x0000000084800000,0x0000000089b00000)
 Metaspace       used 11641K, capacity 11853K, committed 12160K, reserved 1060864K
  class space    used 1224K, capacity 1291K, committed 1408K, reserved 1048576K
Event: 1,235 GC heap after
Heap after GC invocations=1 (full 0):
 PSYoungGen      total 36864K, used 5108K [0x00000000d6d80000, 0x00000000db580000, 0x0000000100000000)
  eden space 31744K, 0% used [0x00000000d6d80000,0x00000000d6d80000,0x00000000d8c80000)
  from space 5120K, 99% used [0x00000000d8c80000,0x00000000d917d2d8,0x00000000d9180000)
  to   space 5120K, 0% used [0x00000000db080000,0x00000000db080000,0x00000000db580000)
 ParOldGen       total 84992K, used 2538K [0x0000000084800000, 0x0000000089b00000, 0x00000000d6d80000)
  object space 84992K, 2% used [0x0000000084800000,0x0000000084a7a8a0,0x0000000089b00000)
 Metaspace       used 11641K, capacity 11853K, committed 12160K, reserved 1060864K
  class space    used 1224K, capacity 1291K, committed 1408K, reserved 1048576K
}

Deoptimization events (10 events):
Event: 62,817 Thread 0x00007ff1bc57a800 Uncommon trap: reason=unstable_if action=reinterpret pc=0x00007ff1ad36bde8 method=java.util.StringTokenizer.skipDelimiters(I)I @ 29
Event: 63,023 Thread 0x00007ff1bc57a800 Uncommon trap: reason=unstable_if action=reinterpret pc=0x00007ff1ad4e6240 method=javazoom.jl.decoder.LayerIIIDecoder.antialias(II)V @ 21
Event: 63,037 Thread 0x00007ff1bc57a800 Uncommon trap: reason=unstable_if action=reinterpret pc=0x00007ff1ad522324 method=com.badlogic.gdx.graphics.g2d.SpriteBatch.flush()V @ 41
Event: 63,040 Thread 0x00007ff1bc57a800 Uncommon trap: reason=unstable_if action=reinterpret pc=0x00007ff1ad5316b0 method=com.badlogic.gdx.graphics.g2d.Sprite.getVertices()[F @ 4
Event: 63,655 Thread 0x00007ff1bc57a800 Uncommon trap: reason=unstable_if action=reinterpret pc=0x00007ff1ad605180 method=javazoom.jl.decoder.BitReserve.hgetbits(I)I @ 22
Event: 64,072 Thread 0x00007ff1bc57a800 Uncommon trap: reason=unstable_if action=reinterpret pc=0x00007ff1ad5c98b4 method=org.lwjgl.opengl.LinuxKeyboard.flushDeferredEvent()V @ 4
Event: 64,072 Thread 0x00007ff1bc57a800 Uncommon trap: reason=unstable_if action=reinterpret pc=0x00007ff1ad627a24 method=javazoom.jl.decoder.LayerIIIDecoder.decode()V @ 150
Event: 73,186 Thread 0x00007ff1bc57a800 Uncommon trap: reason=unstable_if action=reinterpret pc=0x00007ff1ad4da7ec method=javazoom.jl.decoder.LayerIIIDecoder.stereo(I)V @ 137
Event: 73,186 Thread 0x00007ff1bc57a800 Uncommon trap: reason=predicate action=maybe_recompile pc=0x00007ff1ad4c8f28 method=javazoom.jl.decoder.LayerIIIDecoder.stereo(I)V @ 1892
Event: 74,020 Thread 0x00007ff1bc57a800 Uncommon trap: reason=unstable_if action=reinterpret pc=0x00007ff1ad3aa414 method=javazoom.jl.decoder.OutputBuffer.clip(F)S @ 4

Internal exceptions (10 events):
Event: 0,596 Thread 0x00007ff1bc00c000 Exception <a 'java/security/PrivilegedActionException'> (0x00000000d8326208) thrown at [/HUDSON3/workspace/8-2-build-linux-amd64/jdk8u111/7883/hotspot/src/share/vm/prims/jvm.cpp, line 1386]
Event: 0,596 Thread 0x00007ff1bc00c000 Exception <a 'java/security/PrivilegedActionException'> (0x00000000d8327f30) thrown at [/HUDSON3/workspace/8-2-build-linux-amd64/jdk8u111/7883/hotspot/src/share/vm/prims/jvm.cpp, line 1386]
Event: 0,596 Thread 0x00007ff1bc00c000 Exception <a 'java/security/PrivilegedActionException'> (0x00000000d8328b88) thrown at [/HUDSON3/workspace/8-2-build-linux-amd64/jdk8u111/7883/hotspot/src/share/vm/prims/jvm.cpp, line 1386]
Event: 0,597 Thread 0x00007ff1bc00c000 Exception <a 'java/security/PrivilegedActionException'> (0x00000000d83297b0) thrown at [/HUDSON3/workspace/8-2-build-linux-amd64/jdk8u111/7883/hotspot/src/share/vm/prims/jvm.cpp, line 1386]
Event: 0,597 Thread 0x00007ff1bc00c000 Exception <a 'java/security/PrivilegedActionException'> (0x00000000d832b328) thrown at [/HUDSON3/workspace/8-2-build-linux-amd64/jdk8u111/7883/hotspot/src/share/vm/prims/jvm.cpp, line 1386]
Event: 0,597 Thread 0x00007ff1bc00c000 Exception <a 'java/security/PrivilegedActionException'> (0x00000000d832bf80) thrown at [/HUDSON3/workspace/8-2-build-linux-amd64/jdk8u111/7883/hotspot/src/share/vm/prims/jvm.cpp, line 1386]
Event: 0,597 Thread 0x00007ff1bc00c000 Exception <a 'java/security/PrivilegedActionException'> (0x00000000d832cba8) thrown at [/HUDSON3/workspace/8-2-build-linux-amd64/jdk8u111/7883/hotspot/src/share/vm/prims/jvm.cpp, line 1386]
Event: 0,756 Thread 0x00007ff1bc57a800 Exception <a 'java/lang/NoClassDefFoundError': org/lwjgl/opengles/GLContext> (0x00000000d85fba30) thrown at [/HUDSON3/workspace/8-2-build-linux-amd64/jdk8u111/7883/hotspot/src/share/vm/classfile/systemDictionary.cpp, line 199]
Event: 1,147 Thread 0x00007ff1bc57a800 Exception <a 'java/lang/ArrayIndexOutOfBoundsException': 18> (0x00000000d8aca148) thrown at [/HUDSON3/workspace/8-2-build-linux-amd64/jdk8u111/7883/hotspot/src/share/vm/interpreter/interpreterRuntime.cpp, line 366]
Event: 1,148 Thread 0x00007ff1bc57a800 Exception <a 'java/lang/ArrayIndexOutOfBoundsException': 139> (0x00000000d8acbc58) thrown at [/HUDSON3/workspace/8-2-build-linux-amd64/jdk8u111/7883/hotspot/src/share/vm/interpreter/interpreterRuntime.cpp, line 366]

Events (10 events):
Event: 74,661 loading class com/sun/org/apache/xml/internal/serializer/WriterToASCI
Event: 74,661 loading class com/sun/org/apache/xml/internal/serializer/WriterToASCI done
Event: 74,661 loading class com/mygdx/taranfighters/VictoryScreen
Event: 74,661 loading class com/mygdx/taranfighters/VictoryScreen done
Event: 74,669 loading class com/mygdx/taranfighters/VolleyBall
Event: 74,669 loading class com/mygdx/taranfighters/VolleyBall done
Event: 74,794 loading class com/badlogic/gdx/graphics/g2d/Animation
Event: 74,794 loading class com/badlogic/gdx/graphics/g2d/Animation done
Event: 74,795 loading class com/badlogic/gdx/graphics/g2d/Animation$PlayMode
Event: 74,795 loading class com/badlogic/gdx/graphics/g2d/Animation$PlayMode done


Dynamic libraries:
00400000-00401000 r-xp 00000000 08:03 8260065                            /usr/lib/jvm/java-8-oracle/bin/java
00600000-00601000 rw-p 00000000 08:03 8260065                            /usr/lib/jvm/java-8-oracle/bin/java
0252b000-0254c000 rw-p 00000000 00:00 0                                  [heap]
40ece000-40ed0000 r-xs 00000000 08:03 3014681                            /tmp/.glxI1iAD (deleted)
416d6000-41776000 rw-p 00000000 00:00 0 
84800000-89b00000 rw-p 00000000 00:00 0 
89b00000-d6d80000 ---p 00000000 00:00 0 
d6d80000-db580000 rw-p 00000000 00:00 0 
db580000-100000000 ---p 00000000 00:00 0 
100000000-1001a0000 rw-p 00000000 00:00 0 
1001a0000-140000000 ---p 00000000 00:00 0 
7ff120000000-7ff123f20000 rw-p 00000000 00:00 0 
7ff123f20000-7ff124000000 ---p 00000000 00:00 0 
7ff124000000-7ff124021000 rw-p 00000000 00:00 0 
7ff124021000-7ff128000000 ---p 00000000 00:00 0 
7ff128000000-7ff128021000 rw-p 00000000 00:00 0 
7ff128021000-7ff12c000000 ---p 00000000 00:00 0 
7ff12ffff000-7ff134000000 rw-s 00000000 00:15 13                         /dev/shm/pulse-shm-1580284548
7ff134000000-7ff134021000 rw-p 00000000 00:00 0 
7ff134021000-7ff138000000 ---p 00000000 00:00 0 
7ff13bfff000-7ff140000000 rw-s 00000000 00:15 18                         /dev/shm/pulse-shm-330504544
7ff140000000-7ff140021000 rw-p 00000000 00:00 0 
7ff140021000-7ff144000000 ---p 00000000 00:00 0 
7ff144000000-7ff144025000 rw-p 00000000 00:00 0 
7ff144025000-7ff148000000 ---p 00000000 00:00 0 
7ff148000000-7ff148021000 rw-p 00000000 00:00 0 
7ff148021000-7ff14c000000 ---p 00000000 00:00 0 
7ff14e5b1000-7ff14e9b1000 rw-s 34615000 00:06 521                        /dev/nvidiactl
7ff14e9b1000-7ff14edb1000 rw-s 34549000 00:06 521                        /dev/nvidiactl
7ff14edb1000-7ff14edfd000 r-xp 00000000 08:03 3538986                    /tmp/libgdxtourneboeuf/72da4579/libgdx-box2d64.so
7ff14edfd000-7ff14effc000 ---p 0004c000 08:03 3538986                    /tmp/libgdxtourneboeuf/72da4579/libgdx-box2d64.so
7ff14effc000-7ff14effe000 r--p 0004b000 08:03 3538986                    /tmp/libgdxtourneboeuf/72da4579/libgdx-box2d64.so
7ff14effe000-7ff14efff000 rw-p 0004d000 08:03 3538986                    /tmp/libgdxtourneboeuf/72da4579/libgdx-box2d64.so
7ff14efff000-7ff14f3ff000 rw-s 253285000 00:06 521                       /dev/nvidiactl
7ff14f3ff000-7ff14f7ff000 rw-s 1d6018000 00:06 521                       /dev/nvidiactl
7ff14f7ff000-7ff14fbff000 rw-s 220255000 00:06 521                       /dev/nvidiactl
7ff14fcfe000-7ff14fd01000 ---p 00000000 00:00 0 
7ff14fd01000-7ff14ff7f000 rw-p 00000000 00:00 0 
7ff14ff7f000-7ff14ffff000 ---p 00000000 00:00 0 
7ff14ffff000-7ff154000000 rw-s 00000000 00:15 13                         /dev/shm/pulse-shm-1580284548
7ff154000000-7ff154021000 rw-p 00000000 00:00 0 
7ff154021000-7ff158000000 ---p 00000000 00:00 0 
7ff158000000-7ff15828d000 rw-p 00000000 00:00 0 
7ff15828d000-7ff15c000000 ---p 00000000 00:00 0 
7ff15c000000-7ff15c021000 rw-p 00000000 00:00 0 
7ff15c021000-7ff160000000 ---p 00000000 00:00 0 
7ff160019000-7ff160219000 rw-s 223c85000 00:06 521                       /dev/nvidiactl
7ff160219000-7ff160419000 rw-p 00000000 00:00 0 
7ff160419000-7ff160619000 rw-p 00000000 00:00 0 
7ff160619000-7ff160699000 rw-s 97b89000 00:06 521                        /dev/nvidiactl
7ff160699000-7ff160719000 rw-s 97a27000 00:06 521                        /dev/nvidiactl
7ff160719000-7ff160799000 rw-s 35318000 00:06 521                        /dev/nvidiactl
7ff160899000-7ff1608b9000 rw-s b0080000 00:06 522                        /dev/nvidia0
7ff1608b9000-7ff1608f9000 rw-s 2201f6000 00:06 521                       /dev/nvidiactl
7ff1608f9000-7ff160919000 rw-s 252455000 00:06 521                       /dev/nvidiactl
7ff160919000-7ff160a1d000 rw-s 24fdef000 00:06 521                       /dev/nvidiactl
7ff160a1d000-7ff161dda000 r-xp 00000000 08:03 8163350                    /usr/lib/nvidia-370/libnvidia-glcore.so.370.28
7ff161dda000-7ff161dfa000 rwxp 013bd000 08:03 8163350                    /usr/lib/nvidia-370/libnvidia-glcore.so.370.28
7ff161dfa000-7ff1621c2000 r-xp 013dd000 08:03 8163350                    /usr/lib/nvidia-370/libnvidia-glcore.so.370.28
7ff1621c2000-7ff1623c1000 ---p 017a5000 08:03 8163350                    /usr/lib/nvidia-370/libnvidia-glcore.so.370.28
7ff1623c1000-7ff1627a1000 rw-p 017a4000 08:03 8163350                    /usr/lib/nvidia-370/libnvidia-glcore.so.370.28
7ff1627a1000-7ff1627b9000 rw-p 00000000 00:00 0 
7ff1627b9000-7ff1627bc000 r-xp 00000000 08:03 8163336                    /usr/lib/nvidia-370/tls/libnvidia-tls.so.370.28
7ff1627bc000-7ff1629bc000 ---p 00003000 08:03 8163336                    /usr/lib/nvidia-370/tls/libnvidia-tls.so.370.28
7ff1629bc000-7ff1629bd000 rw-p 00003000 08:03 8163336                    /usr/lib/nvidia-370/tls/libnvidia-tls.so.370.28
7ff1629bd000-7ff162a86000 r-xp 00000000 08:03 8163354                    /usr/lib/nvidia-370/libGLX_nvidia.so.370.28
7ff162a86000-7ff162aba000 rwxp 000c9000 08:03 8163354                    /usr/lib/nvidia-370/libGLX_nvidia.so.370.28
7ff162aba000-7ff162acd000 r-xp 000fd000 08:03 8163354                    /usr/lib/nvidia-370/libGLX_nvidia.so.370.28
7ff162acd000-7ff162ccd000 ---p 00110000 08:03 8163354                    /usr/lib/nvidia-370/libGLX_nvidia.so.370.28
7ff162ccd000-7ff162cf5000 rw-p 00110000 08:03 8163354                    /usr/lib/nvidia-370/libGLX_nvidia.so.370.28
7ff162cf5000-7ff162cfc000 rw-p 00000000 00:00 0 
7ff162cfc000-7ff162d4a000 r-xp 00000000 08:03 8163349                    /usr/lib/nvidia-370/libGLdispatch.so.0
7ff162d4a000-7ff162d7c000 r-xp 0004e000 08:03 8163349                    /usr/lib/nvidia-370/libGLdispatch.so.0
7ff162d7c000-7ff162db6000 r-xp 00080000 08:03 8163349                    /usr/lib/nvidia-370/libGLdispatch.so.0
7ff162db6000-7ff162fb6000 ---p 000ba000 08:03 8163349                    /usr/lib/nvidia-370/libGLdispatch.so.0
7ff162fb6000-7ff162fc5000 rw-p 000ba000 08:03 8163349                    /usr/lib/nvidia-370/libGLdispatch.so.0
7ff162fc5000-7ff162fe5000 rw-p 00000000 00:00 0 
7ff162fe5000-7ff162ff5000 r-xp 00000000 08:03 8163351                    /usr/lib/nvidia-370/libGLX.so.0
7ff162ff5000-7ff1631f4000 ---p 00010000 08:03 8163351                    /usr/lib/nvidia-370/libGLX.so.0
7ff1631f4000-7ff1631f5000 rw-p 0000f000 08:03 8163351                    /usr/lib/nvidia-370/libGLX.so.0
7ff1631f5000-7ff163215000 rw-p 00000000 00:00 0 
7ff163215000-7ff163246000 r-xp 00000000 08:03 8163339                    /usr/lib/nvidia-370/libGL.so.1.0.0
7ff163246000-7ff163278000 r-xp 00031000 08:03 8163339                    /usr/lib/nvidia-370/libGL.so.1.0.0
7ff163278000-7ff1632a2000 r-xp 00063000 08:03 8163339                    /usr/lib/nvidia-370/libGL.so.1.0.0
7ff1632a2000-7ff1634a2000 ---p 0008d000 08:03 8163339                    /usr/lib/nvidia-370/libGL.so.1.0.0
7ff1634a2000-7ff1634a3000 rw-p 0008d000 08:03 8163339                    /usr/lib/nvidia-370/libGL.so.1.0.0
7ff1634a3000-7ff1634a4000 rw-p 00000000 00:00 0 
7ff1634a4000-7ff1634a7000 ---p 00000000 00:00 0 
7ff1634a7000-7ff1635a5000 rw-p 00000000 00:00 0 
7ff1635a5000-7ff1635a6000 ---p 00000000 00:00 0 
7ff1635a6000-7ff163da6000 rw-p 00000000 00:00 0 
7ff163da6000-7ff163dfb000 r-xp 00000000 08:03 3538984                    /tmp/libgdxtourneboeuf/31ce78a2/libopenal64.so
7ff163dfb000-7ff163ffa000 ---p 00055000 08:03 3538984                    /tmp/libgdxtourneboeuf/31ce78a2/libopenal64.so
7ff163ffa000-7ff163ffd000 r--p 00054000 08:03 3538984                    /tmp/libgdxtourneboeuf/31ce78a2/libopenal64.so
7ff163ffd000-7ff163ffe000 rw-p 00057000 08:03 3538984                    /tmp/libgdxtourneboeuf/31ce78a2/libopenal64.so
7ff163ffe000-7ff163fff000 rw-p 00000000 00:00 0 
7ff163fff000-7ff168000000 rw-s 00000000 00:15 17                         /dev/shm/pulse-shm-613738098
7ff168000000-7ff168021000 rw-p 00000000 00:00 0 
7ff168021000-7ff16c000000 ---p 00000000 00:00 0 
7ff16c00b000-7ff16c01e000 rw-s 25366e000 00:06 521                       /dev/nvidiactl
7ff16c01e000-7ff16c05e000 rw-s 1f9e5c000 00:06 521                       /dev/nvidiactl
7ff16c05e000-7ff16c061000 ---p 00000000 00:00 0 
7ff16c061000-7ff16c097000 rw-p 00000000 00:00 0 
7ff16c097000-7ff16c098000 ---p 00000000 00:00 0 
7ff16c098000-7ff16c198000 rw-p 00000000 00:00 0 
7ff16c198000-7ff16c19d000 r-xp 00000000 08:03 8131595                    /usr/lib/x86_64-linux-gnu/libXxf86vm.so.1.0.0
7ff16c19d000-7ff16c39c000 ---p 00005000 08:03 8131595                    /usr/lib/x86_64-linux-gnu/libXxf86vm.so.1.0.0
7ff16c39c000-7ff16c39d000 r--p 00004000 08:03 8131595                    /usr/lib/x86_64-linux-gnu/libXxf86vm.so.1.0.0
7ff16c39d000-7ff16c39e000 rw-p 00005000 08:03 8131595                    /usr/lib/x86_64-linux-gnu/libXxf86vm.so.1.0.0
7ff16c39e000-7ff16c3a8000 r-xp 00000000 08:03 8129939                    /usr/lib/x86_64-linux-gnu/libXrandr.so.2.2.0
7ff16c3a8000-7ff16c5a7000 ---p 0000a000 08:03 8129939                    /usr/lib/x86_64-linux-gnu/libXrandr.so.2.2.0
7ff16c5a7000-7ff16c5a8000 r--p 00009000 08:03 8129939                    /usr/lib/x86_64-linux-gnu/libXrandr.so.2.2.0
7ff16c5a8000-7ff16c5a9000 rw-p 0000a000 08:03 8129939                    /usr/lib/x86_64-linux-gnu/libXrandr.so.2.2.0
7ff16c5a9000-7ff16c619000 r-xp 00000000 08:03 3538983                    /tmp/libgdxtourneboeuf/31ce78a2/liblwjgl64.so
7ff16c619000-7ff16c819000 ---p 00070000 08:03 3538983                    /tmp/libgdxtourneboeuf/31ce78a2/liblwjgl64.so
7ff16c819000-7ff16c81b000 r--p 00070000 08:03 3538983                    /tmp/libgdxtourneboeuf/31ce78a2/liblwjgl64.so
7ff16c81b000-7ff16c81c000 rw-p 00072000 08:03 3538983                    /tmp/libgdxtourneboeuf/31ce78a2/liblwjgl64.so
7ff16c81c000-7ff16c81d000 r-xp 00000000 08:03 8537779                    /usr/lib/jvm/java-8-oracle/jre/lib/amd64/libjawt.so
7ff16c81d000-7ff16ca1c000 ---p 00001000 08:03 8537779                    /usr/lib/jvm/java-8-oracle/jre/lib/amd64/libjawt.so
7ff16ca1c000-7ff16ca1d000 rw-p 00000000 08:03 8537779                    /usr/lib/jvm/java-8-oracle/jre/lib/amd64/libjawt.so
7ff16ca1d000-7ff16ca20000 ---p 00000000 00:00 0 
7ff16ca20000-7ff16cb1e000 rw-p 00000000 00:00 0 
7ff16cb1e000-7ff16cb23000 r-xp 00000000 08:03 8127234                    /usr/lib/x86_64-linux-gnu/libXfixes.so.3.1.0
7ff16cb23000-7ff16cd22000 ---p 00005000 08:03 8127234                    /usr/lib/x86_64-linux-gnu/libXfixes.so.3.1.0
7ff16cd22000-7ff16cd23000 r--p 00004000 08:03 8127234                    /usr/lib/x86_64-linux-gnu/libXfixes.so.3.1.0
7ff16cd23000-7ff16cd24000 rw-p 00005000 08:03 8127234                    /usr/lib/x86_64-linux-gnu/libXfixes.so.3.1.0
7ff16cd24000-7ff16cd2d000 r-xp 00000000 08:03 8134598                    /usr/lib/x86_64-linux-gnu/libXcursor.so.1.0.2
7ff16cd2d000-7ff16cf2c000 ---p 00009000 08:03 8134598                    /usr/lib/x86_64-linux-gnu/libXcursor.so.1.0.2
7ff16cf2c000-7ff16cf2d000 r--p 00008000 08:03 8134598                    /usr/lib/x86_64-linux-gnu/libXcursor.so.1.0.2
7ff16cf2d000-7ff16cf2e000 rw-p 00009000 08:03 8134598                    /usr/lib/x86_64-linux-gnu/libXcursor.so.1.0.2
7ff16cf37000-7ff16cf3b000 rw-s 23641a000 00:06 521                       /dev/nvidiactl
7ff16cf56000-7ff16cf5b000 r--s 002f9000 08:03 8403245                    /usr/lib/jvm/java-8-oracle/jre/lib/charsets.jar
7ff16cf5b000-7ff16cfc0000 r-xp 00000000 08:03 8537752                    /usr/lib/jvm/java-8-oracle/jre/lib/amd64/libfontmanager.so
7ff16cfc0000-7ff16d1bf000 ---p 00065000 08:03 8537752                    /usr/lib/jvm/java-8-oracle/jre/lib/amd64/libfontmanager.so
7ff16d1bf000-7ff16d1c4000 rw-p 00064000 08:03 8537752                    /usr/lib/jvm/java-8-oracle/jre/lib/amd64/libfontmanager.so
7ff16d1c4000-7ff16d1d4000 rw-p 00000000 00:00 0 
7ff16d1d4000-7ff16d1e3000 r-xp 00000000 08:03 8126554                    /usr/lib/x86_64-linux-gnu/libXi.so.6.1.0
7ff16d1e3000-7ff16d3e2000 ---p 0000f000 08:03 8126554                    /usr/lib/x86_64-linux-gnu/libXi.so.6.1.0
7ff16d3e2000-7ff16d3e3000 r--p 0000e000 08:03 8126554                    /usr/lib/x86_64-linux-gnu/libXi.so.6.1.0
7ff16d3e3000-7ff16d3e4000 rw-p 0000f000 08:03 8126554                    /usr/lib/x86_64-linux-gnu/libXi.so.6.1.0
7ff16d3e4000-7ff16d3e9000 r-xp 00000000 08:03 8134632                    /usr/lib/x86_64-linux-gnu/libXtst.so.6.1.0
7ff16d3e9000-7ff16d5e8000 ---p 00005000 08:03 8134632                    /usr/lib/x86_64-linux-gnu/libXtst.so.6.1.0
7ff16d5e8000-7ff16d5e9000 r--p 00004000 08:03 8134632                    /usr/lib/x86_64-linux-gnu/libXtst.so.6.1.0
7ff16d5e9000-7ff16d5ea000 rw-p 00005000 08:03 8134632                    /usr/lib/x86_64-linux-gnu/libXtst.so.6.1.0
7ff16d5ea000-7ff16d5f3000 r-xp 00000000 08:03 8135503                    /usr/lib/x86_64-linux-gnu/libXrender.so.1.3.0
7ff16d5f3000-7ff16d7f2000 ---p 00009000 08:03 8135503                    /usr/lib/x86_64-linux-gnu/libXrender.so.1.3.0
7ff16d7f2000-7ff16d7f3000 r--p 00008000 08:03 8135503                    /usr/lib/x86_64-linux-gnu/libXrender.so.1.3.0
7ff16d7f3000-7ff16d7f4000 rw-p 00009000 08:03 8135503                    /usr/lib/x86_64-linux-gnu/libXrender.so.1.3.0
7ff16d7f4000-7ff16d929000 r-xp 00000000 08:03 8133837                    /usr/lib/x86_64-linux-gnu/libX11.so.6.3.0
7ff16d929000-7ff16db29000 ---p 00135000 08:03 8133837                    /usr/lib/x86_64-linux-gnu/libX11.so.6.3.0
7ff16db29000-7ff16db2a000 r--p 00135000 08:03 8133837                    /usr/lib/x86_64-linux-gnu/libX11.so.6.3.0
7ff16db2a000-7ff16db2e000 rw-p 00136000 08:03 8133837                    /usr/lib/x86_64-linux-gnu/libX11.so.6.3.0
7ff16db2e000-7ff16db3f000 r-xp 00000000 08:03 8127420                    /usr/lib/x86_64-linux-gnu/libXext.so.6.4.0
7ff16db3f000-7ff16dd3e000 ---p 00011000 08:03 8127420                    /usr/lib/x86_64-linux-gnu/libXext.so.6.4.0
7ff16dd3e000-7ff16dd3f000 r--p 00010000 08:03 8127420                    /usr/lib/x86_64-linux-gnu/libXext.so.6.4.0
7ff16dd3f000-7ff16dd40000 rw-p 00011000 08:03 8127420                    /usr/lib/x86_64-linux-gnu/libXext.so.6.4.0
7ff16dd40000-7ff16dd94000 r-xp 00000000 08:03 8537785                    /usr/lib/jvm/java-8-oracle/jre/lib/amd64/libawt_xawt.so
7ff16dd94000-7ff16df94000 ---p 00054000 08:03 8537785                    /usr/lib/jvm/java-8-oracle/jre/lib/amd64/libawt_xawt.so
7ff16df94000-7ff16df98000 rw-p 00054000 08:03 8537785                    /usr/lib/jvm/java-8-oracle/jre/lib/amd64/libawt_xawt.so
7ff16df98000-7ff16df99000 rw-p 00000000 00:00 0 
7ff16df99000-7ff16e03b000 r-xp 00000000 08:03 8537759                    /usr/lib/jvm/java-8-oracle/jre/lib/amd64/libawt.so
7ff16e03b000-7ff16e23b000 ---p 000a2000 08:03 8537759                    /usr/lib/jvm/java-8-oracle/jre/lib/amd64/libawt.so
7ff16e23b000-7ff16e247000 rw-p 000a2000 08:03 8537759                    /usr/lib/jvm/java-8-oracle/jre/lib/amd64/libawt.so
7ff16e247000-7ff16e26b000 rw-p 00000000 00:00 0 
7ff16e26b000-7ff16e281000 r-xp 00000000 08:03 6817631                    /lib/x86_64-linux-gnu/libgcc_s.so.1
7ff16e281000-7ff16e480000 ---p 00016000 08:03 6817631                    /lib/x86_64-linux-gnu/libgcc_s.so.1
7ff16e480000-7ff16e481000 rw-p 00015000 08:03 6817631                    /lib/x86_64-linux-gnu/libgcc_s.so.1
7ff16e481000-7ff16e5f3000 r-xp 00000000 08:03 8126912                    /usr/lib/x86_64-linux-gnu/libstdc++.so.6.0.21
7ff16e5f3000-7ff16e7f3000 ---p 00172000 08:03 8126912                    /usr/lib/x86_64-linux-gnu/libstdc++.so.6.0.21
7ff16e7f3000-7ff16e7fd000 r--p 00172000 08:03 8126912                    /usr/lib/x86_64-linux-gnu/libstdc++.so.6.0.21
7ff16e7fd000-7ff16e7ff000 rw-p 0017c000 08:03 8126912                    /usr/lib/x86_64-linux-gnu/libstdc++.so.6.0.21
7ff16e7ff000-7ff16e803000 rw-p 00000000 00:00 0 
7ff16e803000-7ff16e83b000 r-xp 00000000 08:03 3538981                    /tmp/libgdxtourneboeuf/6ef2d459/libgdx64.so
7ff16e83b000-7ff16ea3a000 ---p 00038000 08:03 3538981                    /tmp/libgdxtourneboeuf/6ef2d459/libgdx64.so
7ff16ea3a000-7ff16ea3b000 r--p 00037000 08:03 3538981                    /tmp/libgdxtourneboeuf/6ef2d459/libgdx64.so
7ff16ea3b000-7ff16ea3c000 rw-p 00038000 08:03 3538981                    /tmp/libgdxtourneboeuf/6ef2d459/libgdx64.so
7ff16ea3c000-7ff16ea3f000 ---p 00000000 00:00 0 
7ff16ea3f000-7ff16eb3d000 rw-p 00000000 00:00 0 
7ff16eb3d000-7ff16eb40000 ---p 00000000 00:00 0 
7ff16eb40000-7ff16ec3e000 rw-p 00000000 00:00 0 
7ff16ec3e000-7ff16ec41000 ---p 00000000 00:00 0 
7ff16ec41000-7ff16ed3f000 rw-p 00000000 00:00 0 
7ff16ed3f000-7ff16ed40000 ---p 00000000 00:00 0 
7ff16ed40000-7ff16f540000 rw-p 00000000 00:00 0 
7ff16f540000-7ff16f546000 r-xp 00000000 08:03 8390558                    /usr/lib/x86_64-linux-gnu/alsa-lib/libasound_module_pcm_pulse.so
7ff16f546000-7ff16f745000 ---p 00006000 08:03 8390558                    /usr/lib/x86_64-linux-gnu/alsa-lib/libasound_module_pcm_pulse.so
7ff16f745000-7ff16f746000 r--p 00005000 08:03 8390558                    /usr/lib/x86_64-linux-gnu/alsa-lib/libasound_module_pcm_pulse.so
7ff16f746000-7ff16f747000 rw-p 00006000 08:03 8390558                    /usr/lib/x86_64-linux-gnu/alsa-lib/libasound_module_pcm_pulse.so
7ff16f747000-7ff16f771000 r-xp 00000000 08:03 8128542                    /usr/lib/x86_64-linux-gnu/libvorbis.so.0.4.8
7ff16f771000-7ff16f971000 ---p 0002a000 08:03 8128542                    /usr/lib/x86_64-linux-gnu/libvorbis.so.0.4.8
7ff16f971000-7ff16f972000 r--p 0002a000 08:03 8128542                    /usr/lib/x86_64-linux-gnu/libvorbis.so.0.4.8
7ff16f972000-7ff16f973000 rw-p 0002b000 08:03 8128542                    /usr/lib/x86_64-linux-gnu/libvorbis.so.0.4.8
7ff16f973000-7ff16f97a000 r-xp 00000000 08:03 8126649                    /usr/lib/x86_64-linux-gnu/libogg.so.0.8.2
7ff16f97a000-7ff16fb7a000 ---p 00007000 08:03 8126649                    /usr/lib/x86_64-linux-gnu/libogg.so.0.8.2
7ff16fb7a000-7ff16fb7b000 r--p 00007000 08:03 8126649                    /usr/lib/x86_64-linux-gnu/libogg.so.0.8.2
7ff16fb7b000-7ff16fb7c000 rw-p 00008000 08:03 8126649                    /usr/lib/x86_64-linux-gnu/libogg.so.0.8.2
7ff16fb7c000-7ff16fb8e000 r-xp 00000000 08:03 6816785                    /lib/x86_64-linux-gnu/libgpg-error.so.0.17.0
7ff16fb8e000-7ff16fd8e000 ---p 00012000 08:03 6816785                    /lib/x86_64-linux-gnu/libgpg-error.so.0.17.0
7ff16fd8e000-7ff16fd8f000 r--p 00012000 08:03 6816785                    /lib/x86_64-linux-gnu/libgpg-error.so.0.17.0
7ff16fd8f000-7ff16fd90000 rw-p 00013000 08:03 6816785                    /lib/x86_64-linux-gnu/libgpg-error.so.0.17.0
7ff16fd90000-7ff16fdfe000 r-xp 00000000 08:03 6815814                    /lib/x86_64-linux-gnu/libpcre.so.3.13.2
7ff16fdfe000-7ff16fffe000 ---p 0006e000 08:03 6815814                    /lib/x86_64-linux-gnu/libpcre.so.3.13.2
7ff16fffe000-7ff16ffff000 r--p 0006e000 08:03 6815814                    /lib/x86_64-linux-gnu/libpcre.so.3.13.2
7ff16ffff000-7ff170000000 rw-p 0006f000 08:03 6815814                    /lib/x86_64-linux-gnu/libpcre.so.3.13.2
7ff170000000-7ff170021000 rw-p 00000000 00:00 0 
7ff170021000-7ff174000000 ---p 00000000 00:00 0 
7ff174000000-7ff174021000 rw-p 00000000 00:00 0 
7ff174021000-7ff178000000 ---p 00000000 00:00 0 
7ff178000000-7ff178cde000 rw-p 00000000 00:00 0 
7ff178cde000-7ff17c000000 ---p 00000000 00:00 0 
7ff17c000000-7ff17c9bf000 rw-p 00000000 00:00 0 
7ff17c9bf000-7ff180000000 ---p 00000000 00:00 0 
7ff180000000-7ff180021000 rw-p 00000000 00:00 0 
7ff180021000-7ff184000000 ---p 00000000 00:00 0 
7ff184000000-7ff184a0b000 rw-p 00000000 00:00 0 
7ff184a0b000-7ff188000000 ---p 00000000 00:00 0 
7ff188000000-7ff188021000 rw-p 00000000 00:00 0 
7ff188021000-7ff18c000000 ---p 00000000 00:00 0 
7ff18c000000-7ff18c021000 rw-p 00000000 00:00 0 
7ff18c021000-7ff190000000 ---p 00000000 00:00 0 
7ff190000000-7ff190021000 rw-p 00000000 00:00 0 
7ff190021000-7ff194000000 ---p 00000000 00:00 0 
7ff194000000-7ff194021000 rw-p 00000000 00:00 0 
7ff194021000-7ff198000000 ---p 00000000 00:00 0 
7ff198000000-7ff198002000 rw-s 00000000 08:03 3014681                    /tmp/.glxI1iAD (deleted)
7ff198002000-7ff198019000 r-xp 00000000 08:03 6826111                    /lib/x86_64-linux-gnu/libresolv-2.23.so
7ff198019000-7ff198219000 ---p 00017000 08:03 6826111                    /lib/x86_64-linux-gnu/libresolv-2.23.so
7ff198219000-7ff19821a000 r--p 00017000 08:03 6826111                    /lib/x86_64-linux-gnu/libresolv-2.23.so
7ff19821a000-7ff19821b000 rw-p 00018000 08:03 6826111                    /lib/x86_64-linux-gnu/libresolv-2.23.so
7ff19821b000-7ff19821d000 rw-p 00000000 00:00 0 
7ff19821d000-7ff1982aa000 r-xp 00000000 08:03 8128534                    /usr/lib/x86_64-linux-gnu/libvorbisenc.so.2.0.11
7ff1982aa000-7ff1984a9000 ---p 0008d000 08:03 8128534                    /usr/lib/x86_64-linux-gnu/libvorbisenc.so.2.0.11
7ff1984a9000-7ff1984c5000 r--p 0008c000 08:03 8128534                    /usr/lib/x86_64-linux-gnu/libvorbisenc.so.2.0.11
7ff1984c5000-7ff1984c6000 rw-p 000a8000 08:03 8128534                    /usr/lib/x86_64-linux-gnu/libvorbisenc.so.2.0.11
7ff1984c6000-7ff198539000 r-xp 00000000 08:03 8130792                    /usr/lib/x86_64-linux-gnu/libFLAC.so.8.3.0
7ff198539000-7ff198739000 ---p 00073000 08:03 8130792                    /usr/lib/x86_64-linux-gnu/libFLAC.so.8.3.0
7ff198739000-7ff19873a000 r--p 00073000 08:03 8130792                    /usr/lib/x86_64-linux-gnu/libFLAC.so.8.3.0
7ff19873a000-7ff19873b000 rw-p 00074000 08:03 8130792                    /usr/lib/x86_64-linux-gnu/libFLAC.so.8.3.0
7ff19873b000-7ff198813000 r-xp 00000000 08:03 6816035                    /lib/x86_64-linux-gnu/libgcrypt.so.20.0.5
7ff198813000-7ff198a12000 ---p 000d8000 08:03 6816035                    /lib/x86_64-linux-gnu/libgcrypt.so.20.0.5
7ff198a12000-7ff198a13000 r--p 000d7000 08:03 6816035                    /lib/x86_64-linux-gnu/libgcrypt.so.20.0.5
7ff198a13000-7ff198a1b000 rw-p 000d8000 08:03 6816035                    /lib/x86_64-linux-gnu/libgcrypt.so.20.0.5
7ff198a1b000-7ff198a1c000 rw-p 00000000 00:00 0 
7ff198a1c000-7ff198a3d000 r-xp 00000000 08:03 6819846                    /lib/x86_64-linux-gnu/liblzma.so.5.0.0
7ff198a3d000-7ff198c3c000 ---p 00021000 08:03 6819846                    /lib/x86_64-linux-gnu/liblzma.so.5.0.0
7ff198c3c000-7ff198c3d000 r--p 00020000 08:03 6819846                    /lib/x86_64-linux-gnu/liblzma.so.5.0.0
7ff198c3d000-7ff198c3e000 rw-p 00021000 08:03 6819846                    /lib/x86_64-linux-gnu/liblzma.so.5.0.0
7ff198c3e000-7ff198c5d000 r-xp 00000000 08:03 6817704                    /lib/x86_64-linux-gnu/libselinux.so.1
7ff198c5d000-7ff198e5c000 ---p 0001f000 08:03 6817704                    /lib/x86_64-linux-gnu/libselinux.so.1
7ff198e5c000-7ff198e5d000 r--p 0001e000 08:03 6817704                    /lib/x86_64-linux-gnu/libselinux.so.1
7ff198e5d000-7ff198e5e000 rw-p 0001f000 08:03 6817704                    /lib/x86_64-linux-gnu/libselinux.so.1
7ff198e5e000-7ff198e60000 rw-p 00000000 00:00 0 
7ff198e60000-7ff198e65000 r-xp 00000000 08:03 8127822                    /usr/lib/x86_64-linux-gnu/libXdmcp.so.6.0.0
7ff198e65000-7ff199064000 ---p 00005000 08:03 8127822                    /usr/lib/x86_64-linux-gnu/libXdmcp.so.6.0.0
7ff199064000-7ff199065000 r--p 00004000 08:03 8127822                    /usr/lib/x86_64-linux-gnu/libXdmcp.so.6.0.0
7ff199065000-7ff199066000 rw-p 00005000 08:03 8127822                    /usr/lib/x86_64-linux-gnu/libXdmcp.so.6.0.0
7ff199066000-7ff199068000 r-xp 00000000 08:03 8134591                    /usr/lib/x86_64-linux-gnu/libXau.so.6.0.0
7ff199068000-7ff199268000 ---p 00002000 08:03 8134591                    /usr/lib/x86_64-linux-gnu/libXau.so.6.0.0
7ff199268000-7ff199269000 r--p 00002000 08:03 8134591                    /usr/lib/x86_64-linux-gnu/libXau.so.6.0.0
7ff199269000-7ff19926a000 rw-p 00003000 08:03 8134591                    /usr/lib/x86_64-linux-gnu/libXau.so.6.0.0
7ff19926a000-7ff19926f000 r-xp 00000000 08:03 8129613                    /usr/lib/x86_64-linux-gnu/libasyncns.so.0.3.1
7ff19926f000-7ff19946e000 ---p 00005000 08:03 8129613                    /usr/lib/x86_64-linux-gnu/libasyncns.so.0.3.1
7ff19946e000-7ff19946f000 r--p 00004000 08:03 8129613                    /usr/lib/x86_64-linux-gnu/libasyncns.so.0.3.1
7ff19946f000-7ff199470000 rw-p 00005000 08:03 8129613                    /usr/lib/x86_64-linux-gnu/libasyncns.so.0.3.1
7ff199470000-7ff1994d2000 r-xp 00000000 08:03 8130795                    /usr/lib/x86_64-linux-gnu/libsndfile.so.1.0.25
7ff1994d2000-7ff1996d2000 ---p 00062000 08:03 8130795                    /usr/lib/x86_64-linux-gnu/libsndfile.so.1.0.25
7ff1996d2000-7ff1996d4000 r--p 00062000 08:03 8130795                    /usr/lib/x86_64-linux-gnu/libsndfile.so.1.0.25
7ff1996d4000-7ff1996d5000 rw-p 00064000 08:03 8130795                    /usr/lib/x86_64-linux-gnu/libsndfile.so.1.0.25
7ff1996d5000-7ff1996d9000 rw-p 00000000 00:00 0 
7ff1996d9000-7ff1996e1000 r-xp 00000000 08:03 6819959                    /lib/x86_64-linux-gnu/libwrap.so.0.7.6
7ff1996e1000-7ff1998e0000 ---p 00008000 08:03 6819959                    /lib/x86_64-linux-gnu/libwrap.so.0.7.6
7ff1998e0000-7ff1998e1000 r--p 00007000 08:03 6819959                    /lib/x86_64-linux-gnu/libwrap.so.0.7.6
7ff1998e1000-7ff1998e2000 rw-p 00008000 08:03 6819959                    /lib/x86_64-linux-gnu/libwrap.so.0.7.6
7ff1998e2000-7ff1998e3000 rw-p 00000000 00:00 0 
7ff1998e3000-7ff199963000 r-xp 00000000 08:03 6815922                    /lib/x86_64-linux-gnu/libsystemd.so.0.14.0
7ff199963000-7ff199966000 r--p 0007f000 08:03 6815922                    /lib/x86_64-linux-gnu/libsystemd.so.0.14.0
7ff199966000-7ff199967000 rw-p 00082000 08:03 6815922                    /lib/x86_64-linux-gnu/libsystemd.so.0.14.0
7ff199967000-7ff199968000 rw-p 00000000 00:00 0 
7ff199968000-7ff199989000 r-xp 00000000 08:03 8129160                    /usr/lib/x86_64-linux-gnu/libxcb.so.1.1.0
7ff199989000-7ff199b88000 ---p 00021000 08:03 8129160                    /usr/lib/x86_64-linux-gnu/libxcb.so.1.1.0
7ff199b88000-7ff199b89000 r--p 00020000 08:03 8129160                    /usr/lib/x86_64-linux-gnu/libxcb.so.1.1.0
7ff199b89000-7ff199b8a000 rw-p 00021000 08:03 8129160                    /usr/lib/x86_64-linux-gnu/libxcb.so.1.1.0
7ff199b8a000-7ff199bd4000 r-xp 00000000 08:03 6815772                    /lib/x86_64-linux-gnu/libdbus-1.so.3.14.6
7ff199bd4000-7ff199dd4000 ---p 0004a000 08:03 6815772                    /lib/x86_64-linux-gnu/libdbus-1.so.3.14.6
7ff199dd4000-7ff199dd5000 r--p 0004a000 08:03 6815772                    /lib/x86_64-linux-gnu/libdbus-1.so.3.14.6
7ff199dd5000-7ff199dd6000 rw-p 0004b000 08:03 6815772                    /lib/x86_64-linux-gnu/libdbus-1.so.3.14.6
7ff199dd6000-7ff199e50000 r-xp 00000000 08:03 8519800                    /usr/lib/x86_64-linux-gnu/pulseaudio/libpulsecommon-8.0.so
7ff199e50000-7ff19a04f000 ---p 0007a000 08:03 8519800                    /usr/lib/x86_64-linux-gnu/pulseaudio/libpulsecommon-8.0.so
7ff19a04f000-7ff19a050000 r--p 00079000 08:03 8519800                    /usr/lib/x86_64-linux-gnu/pulseaudio/libpulsecommon-8.0.so
7ff19a050000-7ff19a051000 rw-p 0007a000 08:03 8519800                    /usr/lib/x86_64-linux-gnu/pulseaudio/libpulsecommon-8.0.so
7ff19a051000-7ff19a05b000 r-xp 00000000 08:03 6815927                    /lib/x86_64-linux-gnu/libjson-c.so.2.0.0
7ff19a05b000-7ff19a25a000 ---p 0000a000 08:03 6815927                    /lib/x86_64-linux-gnu/libjson-c.so.2.0.0
7ff19a25a000-7ff19a25b000 r--p 00009000 08:03 6815927                    /lib/x86_64-linux-gnu/libjson-c.so.2.0.0
7ff19a25b000-7ff19a25c000 rw-p 0000a000 08:03 6815927                    /lib/x86_64-linux-gnu/libjson-c.so.2.0.0
7ff19a25c000-7ff19a2aa000 r-xp 00000000 08:03 8129236                    /usr/lib/x86_64-linux-gnu/libpulse.so.0.19.0
7ff19a2aa000-7ff19a4aa000 ---p 0004e000 08:03 8129236                    /usr/lib/x86_64-linux-gnu/libpulse.so.0.19.0
7ff19a4aa000-7ff19a4ab000 r--p 0004e000 08:03 8129236                    /usr/lib/x86_64-linux-gnu/libpulse.so.0.19.0
7ff19a4ab000-7ff19a4ac000 rw-p 0004f000 08:03 8129236                    /usr/lib/x86_64-linux-gnu/libpulse.so.0.19.0
7ff19a4ad000-7ff19a4ae000 rw-s 1d634f000 00:06 521                       /dev/nvidiactl
7ff19a4ae000-7ff19a4af000 rw-s bfee3000 00:06 522                        /dev/nvidia0
7ff19a4af000-7ff19a4b0000 rw-s bfee3000 00:06 522                        /dev/nvidia0
7ff19a4b0000-7ff19a4b1000 rw-s 25135e000 00:06 521                       /dev/nvidiactl
7ff19a4b1000-7ff19a4b2000 rw-s c3060000 00:06 522                        /dev/nvidia0
7ff19a4b2000-7ff19a4c2000 rw-s 00000000 08:06 12324528                   /home2/tourneboeuf/.glvndf7AxHH (deleted)
7ff19a4c2000-7ff19a4d2000 r-xs 00000000 08:06 12324528                   /home2/tourneboeuf/.glvndf7AxHH (deleted)
7ff19a4d2000-7ff19a4d9000 r--s 00000000 08:03 8392999                    /usr/lib/x86_64-linux-gnu/gconv/gconv-modules.cache
7ff19a4d9000-7ff19a4dc000 ---p 00000000 00:00 0 
7ff19a4dc000-7ff19a5da000 rw-p 00000000 00:00 0 
7ff19a5da000-7ff19a5dd000 ---p 00000000 00:00 0 
7ff19a5dd000-7ff19a6db000 rw-p 00000000 00:00 0 
7ff19a6db000-7ff19a7d4000 r-xp 00000000 08:03 8128572                    /usr/lib/x86_64-linux-gnu/libasound.so.2.0.0
7ff19a7d4000-7ff19a9d3000 ---p 000f9000 08:03 8128572                    /usr/lib/x86_64-linux-gnu/libasound.so.2.0.0
7ff19a9d3000-7ff19a9da000 r--p 000f8000 08:03 8128572                    /usr/lib/x86_64-linux-gnu/libasound.so.2.0.0
7ff19a9da000-7ff19a9db000 rw-p 000ff000 08:03 8128572                    /usr/lib/x86_64-linux-gnu/libasound.so.2.0.0
7ff19a9db000-7ff19a9df000 r--s 00097000 08:03 8403247                    /usr/lib/jvm/java-8-oracle/jre/lib/jsse.jar
7ff19a9df000-7ff19a9e0000 r--s 00002000 08:06 27525199                   /home2/tourneboeuf/.gradle/caches/modules-2/files-2.1/net.java.jinput/jinput-platform/2.0.5/53f9c919f34d2ca9de8c51fc4e1e8282029a9232/jinput-platform-2.0.5-natives-osx.jar
7ff19a9e0000-7ff19a9e1000 r--s 00025000 08:06 27525197                   /home2/tourneboeuf/.gradle/caches/modules-2/files-2.1/net.java.jinput/jinput-platform/2.0.5/385ee093e01f587f30ee1c8a2ee7d408fd732e16/jinput-platform-2.0.5-natives-windows.jar
7ff19a9e1000-7ff19a9e2000 r--s 00002000 08:06 27525195                   /home2/tourneboeuf/.gradle/caches/modules-2/files-2.1/net.java.jinput/jinput-platform/2.0.5/7ff832a6eb9ab6a767f1ade2b548092d0fa64795/jinput-platform-2.0.5-natives-linux.jar
7ff19a9e2000-7ff19a9e3000 r--s 00001000 08:06 27525193                   /home2/tourneboeuf/.gradle/caches/modules-2/files-2.1/net.java.jutils/jutils/1.0.0/e12fe1fda814bd348c1579329c86943d2cd3c6a6/jutils-1.0.0.jar
7ff19a9e3000-7ff19a9e7000 r--s 0002f000 08:06 27525191                   /home2/tourneboeuf/.gradle/caches/modules-2/files-2.1/net.java.jinput/jinput/2.0.5/39c7796b469a600f72380316f6b1f11db6c2c7c4/jinput-2.0.5.jar
7ff19a9e7000-7ff19a9f5000 r--s 000f2000 08:06 27525175                   /home2/tourneboeuf/.gradle/caches/modules-2/files-2.1/org.lwjgl.lwjgl/lwjgl/2.9.2/a9d80fe5935c7a9149f6584d9777cfd471f65489/lwjgl-2.9.2.jar
7ff19a9f5000-7ff19aa08000 r--s 0013d000 08:06 19541782                   /home2/tourneboeuf/.gradle/caches/modules-2/files-2.1/com.badlogicgames.gdx/gdx-bullet/1.9.0/cf3f2fad3ea557f8d5aae924cc74f86cd7c10367/gdx-bullet-1.9.0.jar
7ff19aa08000-7ff19aa17000 r-xp 00000000 08:03 8537750                    /usr/lib/jvm/java-8-oracle/jre/lib/amd64/libjsoundalsa.so
7ff19aa17000-7ff19ac16000 ---p 0000f000 08:03 8537750                    /usr/lib/jvm/java-8-oracle/jre/lib/amd64/libjsoundalsa.so
7ff19ac16000-7ff19ac17000 rw-p 0000e000 08:03 8537750                    /usr/lib/jvm/java-8-oracle/jre/lib/amd64/libjsoundalsa.so
7ff19ac17000-7ff19ac18000 r-xp 00000000 08:03 8537787                    /usr/lib/jvm/java-8-oracle/jre/lib/amd64/libjsound.so
7ff19ac18000-7ff19ae17000 ---p 00001000 08:03 8537787                    /usr/lib/jvm/java-8-oracle/jre/lib/amd64/libjsound.so
7ff19ae17000-7ff19ae18000 rw-p 00000000 08:03 8537787                    /usr/lib/jvm/java-8-oracle/jre/lib/amd64/libjsound.so
7ff19ae18000-7ff19ae19000 ---p 00000000 00:00 0 
7ff19ae19000-7ff19af19000 rw-p 00000000 00:00 0 
7ff19af19000-7ff19af1c000 ---p 00000000 00:00 0 
7ff19af1c000-7ff19b01a000 rw-p 00000000 00:00 0 
7ff19b01a000-7ff19b01d000 ---p 00000000 00:00 0 
7ff19b01d000-7ff19b11b000 rw-p 00000000 00:00 0 
7ff19b11b000-7ff19b11e000 ---p 00000000 00:00 0 
7ff19b11e000-7ff19b21c000 rw-p 00000000 00:00 0 
7ff19b21c000-7ff19b21f000 ---p 00000000 00:00 0 
7ff19b21f000-7ff19b31d000 rw-p 00000000 00:00 0 
7ff19b31d000-7ff19b320000 ---p 00000000 00:00 0 
7ff19b320000-7ff19b41e000 rw-p 00000000 00:00 0 
7ff19b41e000-7ff19b6f7000 r--p 00000000 08:03 8129148                    /usr/lib/locale/locale-archive
7ff19b6f7000-7ff19b6fa000 ---p 00000000 00:00 0 
7ff19b6fa000-7ff19b7f8000 rw-p 00000000 00:00 0 
7ff19b7f8000-7ff19b7fb000 ---p 00000000 00:00 0 
7ff19b7fb000-7ff19b8f9000 rw-p 00000000 00:00 0 
7ff19b8f9000-7ff19b8fa000 ---p 00000000 00:00 0 
7ff19b8fa000-7ff19c000000 rw-p 00000000 00:00 0 
7ff19c000000-7ff19c021000 rw-p 00000000 00:00 0 
7ff19c021000-7ff1a0000000 ---p 00000000 00:00 0 
7ff1a0000000-7ff1a0021000 rw-p 00000000 00:00 0 
7ff1a0021000-7ff1a4000000 ---p 00000000 00:00 0 
7ff1a4000000-7ff1a4021000 rw-p 00000000 00:00 0 
7ff1a4021000-7ff1a8000000 ---p 00000000 00:00 0 
7ff1a8000000-7ff1a8001000 r--s 00068000 08:06 27525189                   /home2/tourneboeuf/.gradle/caches/modules-2/files-2.1/org.lwjgl.lwjgl/lwjgl-platform/2.9.2/d55b46b40b40249d627a83a7f7f22649709d70c3/lwjgl-platform-2.9.2-natives-osx.jar
7ff1a8001000-7ff1a8002000 r--s 0008d000 08:06 27525187                   /home2/tourneboeuf/.gradle/caches/modules-2/files-2.1/org.lwjgl.lwjgl/lwjgl-platform/2.9.2/d276cdf61fe2b516c7b7f4aa1b8dea91dbdc8d56/lwjgl-platform-2.9.2-natives-linux.jar
7ff1a8002000-7ff1a8003000 r--s 00095000 08:06 27525185                   /home2/tourneboeuf/.gradle/caches/modules-2/files-2.1/org.lwjgl.lwjgl/lwjgl-platform/2.9.2/510c7d317f5e9e700b9cfaac5fd38bdebf0702e0/lwjgl-platform-2.9.2-natives-windows.jar
7ff1a8003000-7ff1a8005000 r--s 00017000 08:06 27525181                   /home2/tourneboeuf/.gradle/caches/modules-2/files-2.1/org.jcraft/jorbis/0.0.17/8872d22b293e8f5d7d56ff92be966e6dc28ebdc6/jorbis-0.0.17.jar
7ff1a8005000-7ff1a8006000 r--s 00015000 08:06 27525179                   /home2/tourneboeuf/.gradle/caches/modules-2/files-2.1/com.badlogicgames.jlayer/jlayer/1.0.1-gdx/7cca83cec5c1b2f011362f4d85aabd71a73b049d/jlayer-1.0.1-gdx.jar
7ff1a8006000-7ff1a800a000 r--s 00027000 08:06 27525177                   /home2/tourneboeuf/.gradle/caches/modules-2/files-2.1/org.lwjgl.lwjgl/lwjgl_util/2.9.2/4b9e37300a87799856e0bd15ed81663cdb6b0947/lwjgl_util-2.9.2.jar
7ff1a800a000-7ff1a800c000 r--s 00002000 08:06 27263104                   /home2/tourneboeuf/.gradle/caches/modules-2/files-2.1/com.badlogicgames.gdx/gdx-controllers/1.9.0/f09e850dbc8bae56546979d6cff2dde58d054107/gdx-controllers-1.9.0.jar
7ff1a800c000-7ff1a800e000 r--s 00008000 08:06 22153397                   /home2/tourneboeuf/.gradle/caches/modules-2/files-2.1/com.badlogicgames.gdx/gdx-freetype/1.9.0/b03693d840ea49eac2e0ec5c2f61b9e91207ddc3/gdx-freetype-1.9.0.jar
7ff1a800e000-7ff1a8010000 r--s 00010000 08:06 19541780                   /home2/tourneboeuf/.gradle/caches/modules-2/files-2.1/com.badlogicgames.gdx/gdx-box2d/1.9.0/d7a6ba43a7007e30802638a8f0d7e23a2eb73415/gdx-box2d-1.9.0.jar
7ff1a8010000-7ff1a8023000 r--s 00345000 08:03 8403212                    /usr/lib/jvm/java-8-oracle/jre/lib/resources.jar
7ff1a8023000-7ff1a803d000 r--s 001a6000 08:06 21496169                   /home2/tourneboeuf/.gradle/caches/modules-2/files-2.1/com.badlogicgames.gdx/gdx/1.9.0/a064f06e8692c8f7084cd0100529ed8285413ff5/gdx-1.9.0.jar
7ff1a803d000-7ff1a803f000 r--s 00004000 08:06 27525232                   /home2/tourneboeuf/.gradle/caches/modules-2/files-2.1/com.badlogicgames.gdx/gdx-controllers-desktop/1.9.0/d86ac80aefa31ba44e6907522c19592f2524b41f/gdx-controllers-desktop-1.9.0.jar
7ff1a803f000-7ff1a8868000 rw-p 00000000 00:00 0 
7ff1a8868000-7ff1a8a40000 r--s 03d2a000 08:03 8403258                    /usr/lib/jvm/java-8-oracle/jre/lib/rt.jar
7ff1a8a40000-7ff1ad000000 rw-p 00000000 00:00 0 
7ff1ad000000-7ff1ad700000 rwxp 00000000 00:00 0 
7ff1ad700000-7ff1bc000000 ---p 00000000 00:00 0 
7ff1bc000000-7ff1bc58a000 rw-p 00000000 00:00 0 
7ff1bc58a000-7ff1c0000000 ---p 00000000 00:00 0 
7ff1c0000000-7ff1c0001000 r--s 00133000 08:06 27525234                   /home2/tourneboeuf/.gradle/caches/modules-2/files-2.1/com.badlogicgames.gdx/gdx-controllers-platform/1.9.0/33d246ded518ac230fee55d1750c1288d0d6203a/gdx-controllers-platform-1.9.0-natives-desktop.jar
7ff1c0001000-7ff1c0002000 r--s 0021a000 08:06 22153531                   /home2/tourneboeuf/.gradle/caches/modules-2/files-2.1/com.badlogicgames.gdx/gdx-freetype-platform/1.9.0/75b2c03f92ee1b88fc8698751dc55ccc2654f2f7/gdx-freetype-platform-1.9.0-natives-desktop.jar
7ff1c0002000-7ff1c0003000 r--s 00888000 08:06 19541786                   /home2/tourneboeuf/.gradle/caches/modules-2/files-2.1/com.badlogicgames.gdx/gdx-bullet-platform/1.9.0/b68f58c547124ad6b9517a38be250d7c4b023f1b/gdx-bullet-platform-1.9.0-natives-desktop.jar
7ff1c0003000-7ff1c0005000 r--s 000fa000 08:06 19541785                   /home2/tourneboeuf/.gradle/caches/modules-2/files-2.1/com.badlogicgames.gdx/gdx-box2d-platform/1.9.0/5e032d47a655fe0b2ea54ca530566b4c185aecc2/gdx-box2d-platform-1.9.0-natives-desktop.jar
7ff1c0005000-7ff1c0006000 r--s 000d4000 08:06 21496185                   /home2/tourneboeuf/.gradle/caches/modules-2/files-2.1/com.badlogicgames.gdx/gdx-platform/1.9.0/bd396a0e63ef2c54c0b0c88abdbb8a4e1944fa66/gdx-platform-1.9.0-natives-desktop.jar
7ff1c0006000-7ff1c000a000 r--s 00020000 08:06 21496183                   /home2/tourneboeuf/.gradle/caches/modules-2/files-2.1/com.badlogicgames.gdx/gdx-backend-lwjgl/1.9.0/aa4daf87fbd3f1beba8a3104a609fe122beefbac/gdx-backend-lwjgl-1.9.0.jar
7ff1c000a000-7ff1c05ee000 rw-p 00000000 00:00 0 
7ff1c05ee000-7ff1c05ef000 ---p 00000000 00:00 0 
7ff1c05ef000-7ff1c06ef000 rw-p 00000000 00:00 0 
7ff1c06ef000-7ff1c06f0000 ---p 00000000 00:00 0 
7ff1c06f0000-7ff1c07f0000 rw-p 00000000 00:00 0 
7ff1c07f0000-7ff1c07f1000 ---p 00000000 00:00 0 
7ff1c07f1000-7ff1c08f1000 rw-p 00000000 00:00 0 
7ff1c08f1000-7ff1c08f2000 ---p 00000000 00:00 0 
7ff1c08f2000-7ff1c0a1c000 rw-p 00000000 00:00 0 
7ff1c0a1c000-7ff1c0c85000 ---p 00000000 00:00 0 
7ff1c0c85000-7ff1c0caf000 rw-p 00000000 00:00 0 
7ff1c0caf000-7ff1c0f17000 ---p 00000000 00:00 0 
7ff1c0f17000-7ff1c0f3c000 rw-p 00000000 00:00 0 
7ff1c0f3c000-7ff1c1061000 ---p 00000000 00:00 0 
7ff1c1061000-7ff1c107e000 rw-p 00000000 00:00 0 
7ff1c107e000-7ff1c1422000 ---p 00000000 00:00 0 
7ff1c1422000-7ff1c143c000 r-xp 00000000 08:03 8537738                    /usr/lib/jvm/java-8-oracle/jre/lib/amd64/libzip.so
7ff1c143c000-7ff1c163c000 ---p 0001a000 08:03 8537738                    /usr/lib/jvm/java-8-oracle/jre/lib/amd64/libzip.so
7ff1c163c000-7ff1c163d000 rw-p 0001a000 08:03 8537738                    /usr/lib/jvm/java-8-oracle/jre/lib/amd64/libzip.so
7ff1c163d000-7ff1c1648000 r-xp 00000000 08:03 6826110                    /lib/x86_64-linux-gnu/libnss_files-2.23.so
7ff1c1648000-7ff1c1847000 ---p 0000b000 08:03 6826110                    /lib/x86_64-linux-gnu/libnss_files-2.23.so
7ff1c1847000-7ff1c1848000 r--p 0000a000 08:03 6826110                    /lib/x86_64-linux-gnu/libnss_files-2.23.so
7ff1c1848000-7ff1c1849000 rw-p 0000b000 08:03 6826110                    /lib/x86_64-linux-gnu/libnss_files-2.23.so
7ff1c1849000-7ff1c184f000 rw-p 00000000 00:00 0 
7ff1c184f000-7ff1c185a000 r-xp 00000000 08:03 6823662                    /lib/x86_64-linux-gnu/libnss_nis-2.23.so
7ff1c185a000-7ff1c1a59000 ---p 0000b000 08:03 6823662                    /lib/x86_64-linux-gnu/libnss_nis-2.23.so
7ff1c1a59000-7ff1c1a5a000 r--p 0000a000 08:03 6823662                    /lib/x86_64-linux-gnu/libnss_nis-2.23.so
7ff1c1a5a000-7ff1c1a5b000 rw-p 0000b000 08:03 6823662                    /lib/x86_64-linux-gnu/libnss_nis-2.23.so
7ff1c1a5b000-7ff1c1a71000 r-xp 00000000 08:03 6826106                    /lib/x86_64-linux-gnu/libnsl-2.23.so
7ff1c1a71000-7ff1c1c70000 ---p 00016000 08:03 6826106                    /lib/x86_64-linux-gnu/libnsl-2.23.so
7ff1c1c70000-7ff1c1c71000 r--p 00015000 08:03 6826106                    /lib/x86_64-linux-gnu/libnsl-2.23.so
7ff1c1c71000-7ff1c1c72000 rw-p 00016000 08:03 6826106                    /lib/x86_64-linux-gnu/libnsl-2.23.so
7ff1c1c72000-7ff1c1c74000 rw-p 00000000 00:00 0 
7ff1c1c74000-7ff1c1c7c000 r-xp 00000000 08:03 6826107                    /lib/x86_64-linux-gnu/libnss_compat-2.23.so
7ff1c1c7c000-7ff1c1e7b000 ---p 00008000 08:03 6826107                    /lib/x86_64-linux-gnu/libnss_compat-2.23.so
7ff1c1e7b000-7ff1c1e7c000 r--p 00007000 08:03 6826107                    /lib/x86_64-linux-gnu/libnss_compat-2.23.so
7ff1c1e7c000-7ff1c1e7d000 rw-p 00008000 08:03 6826107                    /lib/x86_64-linux-gnu/libnss_compat-2.23.so
7ff1c1e7d000-7ff1c1ea8000 r-xp 00000000 08:03 8537800                    /usr/lib/jvm/java-8-oracle/jre/lib/amd64/libjava.so
7ff1c1ea8000-7ff1c20a7000 ---p 0002b000 08:03 8537800                    /usr/lib/jvm/java-8-oracle/jre/lib/amd64/libjava.so
7ff1c20a7000-7ff1c20a9000 rw-p 0002a000 08:03 8537800                    /usr/lib/jvm/java-8-oracle/jre/lib/amd64/libjava.so
7ff1c20a9000-7ff1c20b6000 r-xp 00000000 08:03 8537773                    /usr/lib/jvm/java-8-oracle/jre/lib/amd64/libverify.so
7ff1c20b6000-7ff1c22b5000 ---p 0000d000 08:03 8537773                    /usr/lib/jvm/java-8-oracle/jre/lib/amd64/libverify.so
7ff1c22b5000-7ff1c22b7000 rw-p 0000c000 08:03 8537773                    /usr/lib/jvm/java-8-oracle/jre/lib/amd64/libverify.so
7ff1c22b7000-7ff1c22be000 r-xp 00000000 08:03 6819944                    /lib/x86_64-linux-gnu/librt-2.23.so
7ff1c22be000-7ff1c24bd000 ---p 00007000 08:03 6819944                    /lib/x86_64-linux-gnu/librt-2.23.so
7ff1c24bd000-7ff1c24be000 r--p 00006000 08:03 6819944                    /lib/x86_64-linux-gnu/librt-2.23.so
7ff1c24be000-7ff1c24bf000 rw-p 00007000 08:03 6819944                    /lib/x86_64-linux-gnu/librt-2.23.so
7ff1c24bf000-7ff1c25c7000 r-xp 00000000 08:03 6826104                    /lib/x86_64-linux-gnu/libm-2.23.so
7ff1c25c7000-7ff1c27c6000 ---p 00108000 08:03 6826104                    /lib/x86_64-linux-gnu/libm-2.23.so
7ff1c27c6000-7ff1c27c7000 r--p 00107000 08:03 6826104                    /lib/x86_64-linux-gnu/libm-2.23.so
7ff1c27c7000-7ff1c27c8000 rw-p 00108000 08:03 6826104                    /lib/x86_64-linux-gnu/libm-2.23.so
7ff1c27c8000-7ff1c3495000 r-xp 00000000 08:03 8537791                    /usr/lib/jvm/java-8-oracle/jre/lib/amd64/server/libjvm.so
7ff1c3495000-7ff1c3694000 ---p 00ccd000 08:03 8537791                    /usr/lib/jvm/java-8-oracle/jre/lib/amd64/server/libjvm.so
7ff1c3694000-7ff1c376d000 rw-p 00ccc000 08:03 8537791                    /usr/lib/jvm/java-8-oracle/jre/lib/amd64/server/libjvm.so
7ff1c376d000-7ff1c37b8000 rw-p 00000000 00:00 0 
7ff1c37b8000-7ff1c3977000 r-xp 00000000 08:03 6826086                    /lib/x86_64-linux-gnu/libc-2.23.so
7ff1c3977000-7ff1c3b77000 ---p 001bf000 08:03 6826086                    /lib/x86_64-linux-gnu/libc-2.23.so
7ff1c3b77000-7ff1c3b7b000 r--p 001bf000 08:03 6826086                    /lib/x86_64-linux-gnu/libc-2.23.so
7ff1c3b7b000-7ff1c3b7d000 rw-p 001c3000 08:03 6826086                    /lib/x86_64-linux-gnu/libc-2.23.so
7ff1c3b7d000-7ff1c3b81000 rw-p 00000000 00:00 0 
7ff1c3b81000-7ff1c3b84000 r-xp 00000000 08:03 6826085                    /lib/x86_64-linux-gnu/libdl-2.23.so
7ff1c3b84000-7ff1c3d83000 ---p 00003000 08:03 6826085                    /lib/x86_64-linux-gnu/libdl-2.23.so
7ff1c3d83000-7ff1c3d84000 r--p 00002000 08:03 6826085                    /lib/x86_64-linux-gnu/libdl-2.23.so
7ff1c3d84000-7ff1c3d85000 rw-p 00003000 08:03 6826085                    /lib/x86_64-linux-gnu/libdl-2.23.so
7ff1c3d85000-7ff1c3d9a000 r-xp 00000000 08:03 8397721                    /usr/lib/jvm/java-8-oracle/lib/amd64/jli/libjli.so
7ff1c3d9a000-7ff1c3f9a000 ---p 00015000 08:03 8397721                    /usr/lib/jvm/java-8-oracle/lib/amd64/jli/libjli.so
7ff1c3f9a000-7ff1c3f9b000 rw-p 00015000 08:03 8397721                    /usr/lib/jvm/java-8-oracle/lib/amd64/jli/libjli.so
7ff1c3f9b000-7ff1c3fb3000 r-xp 00000000 08:03 6826105                    /lib/x86_64-linux-gnu/libpthread-2.23.so
7ff1c3fb3000-7ff1c41b2000 ---p 00018000 08:03 6826105                    /lib/x86_64-linux-gnu/libpthread-2.23.so
7ff1c41b2000-7ff1c41b3000 r--p 00017000 08:03 6826105                    /lib/x86_64-linux-gnu/libpthread-2.23.so
7ff1c41b3000-7ff1c41b4000 rw-p 00018000 08:03 6826105                    /lib/x86_64-linux-gnu/libpthread-2.23.so
7ff1c41b4000-7ff1c41b8000 rw-p 00000000 00:00 0 
7ff1c41b8000-7ff1c41de000 r-xp 00000000 08:03 6819758                    /lib/x86_64-linux-gnu/ld-2.23.so
7ff1c41de000-7ff1c42a9000 rw-p 00000000 00:00 0 
7ff1c42a9000-7ff1c42ac000 ---p 00000000 00:00 0 
7ff1c42ac000-7ff1c43ae000 rw-p 00000000 00:00 0 
7ff1c43ae000-7ff1c43b0000 r--s 00014000 08:06 18629781                   /home2/tourneboeuf/Software/Java/Libgdx/TaranFigthers/core/build/libs/core-1.0.jar
7ff1c43b0000-7ff1c43d1000 rw-p 00000000 00:00 0 
7ff1c43d1000-7ff1c43d9000 rw-s 00000000 08:03 3538991                    /tmp/hsperfdata_tourneboeuf/14361
7ff1c43d9000-7ff1c43da000 rw-p 00000000 00:00 0 
7ff1c43da000-7ff1c43db000 r--p 00000000 00:00 0 
7ff1c43db000-7ff1c43dd000 rw-p 00000000 00:00 0 
7ff1c43dd000-7ff1c43de000 r--p 00025000 08:03 6819758                    /lib/x86_64-linux-gnu/ld-2.23.so
7ff1c43de000-7ff1c43df000 rw-p 00026000 08:03 6819758                    /lib/x86_64-linux-gnu/ld-2.23.so
7ff1c43df000-7ff1c43e0000 rw-p 00000000 00:00 0 
7fffdf39f000-7fffdf3c2000 rw-p 00000000 00:00 0                          [stack]
7fffdf3e1000-7fffdf3e3000 r--p 00000000 00:00 0                          [vvar]
7fffdf3e3000-7fffdf3e5000 r-xp 00000000 00:00 0                          [vdso]
ffffffffff600000-ffffffffff601000 r-xp 00000000 00:00 0                  [vsyscall]

VM Arguments:
jvm_args: -Dfile.encoding=UTF-8 -Duser.country=US -Duser.language=en -Duser.variant 
java_command: com.mygdx.taranfighters.desktop.DesktopLauncher
java_class_path (initial): /home2/tourneboeuf/Software/Java/Libgdx/TaranFigthers/desktop/build/classes/main:/home2/tourneboeuf/Software/Java/Libgdx/TaranFigthers/desktop/build/resources/main:/home2/tourneboeuf/Software/Java/Libgdx/TaranFigthers/core/build/libs/core-1.0.jar:/home2/tourneboeuf/.gradle/caches/modules-2/files-2.1/com.badlogicgames.gdx/gdx-backend-lwjgl/1.9.0/aa4daf87fbd3f1beba8a3104a609fe122beefbac/gdx-backend-lwjgl-1.9.0.jar:/home2/tourneboeuf/.gradle/caches/modules-2/files-2.1/com.badlogicgames.gdx/gdx-platform/1.9.0/bd396a0e63ef2c54c0b0c88abdbb8a4e1944fa66/gdx-platform-1.9.0-natives-desktop.jar:/home2/tourneboeuf/.gradle/caches/modules-2/files-2.1/com.badlogicgames.gdx/gdx-box2d-platform/1.9.0/5e032d47a655fe0b2ea54ca530566b4c185aecc2/gdx-box2d-platform-1.9.0-natives-desktop.jar:/home2/tourneboeuf/.gradle/caches/modules-2/files-2.1/com.badlogicgames.gdx/gdx-bullet-platform/1.9.0/b68f58c547124ad6b9517a38be250d7c4b023f1b/gdx-bullet-platform-1.9.0-natives-desktop.jar:/home2/tourneboeuf/.gradle/caches/modules-2/files-2.1/com.badlogicgames.gdx/gdx-freetype-platform/1.9.0/75b2c03f92ee1b88fc8698751dc55ccc2654f2f7/gdx-freetype-platform-1.9.0-natives-desktop.jar:/home2/tourneboeuf/.gradle/caches/modules-2/files-2.1/com.badlogicgames.gdx/gdx-controllers-desktop/1.9.0/d86ac80aefa31ba44e6907522c19592f2524b41f/gdx-controllers-desktop-1.9.0.jar:/home2/tourneboeuf/.gradle/caches/modules-2/files-2.1/com.badlogicgames.gdx/gdx-controllers-platform/1.9.0/33d246ded518ac230fee55d1750c1288d0d6203a/gdx-controllers-platform-1.9.0-natives-desktop.jar:/home2/tourneboeuf/.gradle/caches/modules-2/files-2.1/com.badlogicgames.gdx/gdx/1.9.0/a064f06e8692c8f7084cd0100529ed8285413ff5/gdx-1.9.0.jar:/home2/tourneboeuf/.gradle/caches/modules-2/files-2.1/com.badlogicgames.gdx/gdx-box2d/1.9.0/d7a6ba43a7007e30802638a8f0d7e23a2eb73415/gdx-box2d-1.9.0.jar:/home2/tourneboeuf/.gradle/caches/modules-2/files-2.1/com.badlogicgames.gdx/gdx-bullet/1.9.0/cf3f2fad3ea557f8d5aae924cc74f86cd7c10367/gdx
Launcher Type: SUN_STANDARD

Environment Variables:
JAVA_HOME=/usr/lib/jvm/java-8-oracle
PATH=/home2/tourneboeuf/Bin:/home2/tourneboeuf/Software/Android/SDK/android-sdk-linux/tools:/home2/tourneboeuf/Software/Android/SDK/android-sdk-linux/platform-tools:/usr/local/sbin:/usr/local/bin:/usr/sbin:/usr/bin:/sbin:/bin:/usr/games:/usr/local/games:/snap/bin:/usr/lib/jvm/java-8-oracle/bin:/usr/lib/jvm/java-8-oracle/db/bin:/usr/lib/jvm/java-8-oracle/jre/bin
SHELL=/bin/bash
DISPLAY=:0

Signal Handlers:
SIGSEGV: [libjvm.so+0xac64b0], sa_mask[0]=11111111011111111101111111111110, sa_flags=SA_RESTART|SA_SIGINFO
SIGBUS: [libjvm.so+0xac64b0], sa_mask[0]=11111111011111111101111111111110, sa_flags=SA_RESTART|SA_SIGINFO
SIGFPE: [libjvm.so+0x91f950], sa_mask[0]=11111111011111111101111111111110, sa_flags=SA_RESTART|SA_SIGINFO
SIGPIPE: [libjvm.so+0x91f950], sa_mask[0]=11111111011111111101111111111110, sa_flags=SA_RESTART|SA_SIGINFO
SIGXFSZ: [libjvm.so+0x91f950], sa_mask[0]=11111111011111111101111111111110, sa_flags=SA_RESTART|SA_SIGINFO
SIGILL: [libjvm.so+0x91f950], sa_mask[0]=11111111011111111101111111111110, sa_flags=SA_RESTART|SA_SIGINFO
SIGUSR1: SIG_DFL, sa_mask[0]=00000000000000000000000000000000, sa_flags=none
SIGUSR2: [libjvm.so+0x920f80], sa_mask[0]=00100000000000000000000000000000, sa_flags=SA_RESTART|SA_SIGINFO
SIGHUP: [libjvm.so+0x922380], sa_mask[0]=11111111011111111101111111111110, sa_flags=SA_RESTART|SA_SIGINFO
SIGINT: [libjvm.so+0x922380], sa_mask[0]=11111111011111111101111111111110, sa_flags=SA_RESTART|SA_SIGINFO
SIGTERM: [libjvm.so+0x922380], sa_mask[0]=11111111011111111101111111111110, sa_flags=SA_RESTART|SA_SIGINFO
SIGQUIT: [libjvm.so+0x922380], sa_mask[0]=11111111011111111101111111111110, sa_flags=SA_RESTART|SA_SIGINFO


---------------  S Y S T E M  ---------------

OS:DISTRIB_ID=Ubuntu
DISTRIB_RELEASE=16.04
DISTRIB_CODENAME=xenial
DISTRIB_DESCRIPTION="Ubuntu 16.04.1 LTS"

uname:Linux 4.4.0-59-generic #80-Ubuntu SMP Fri Jan 6 17:47:47 UTC 2017 x86_64
libc:glibc 2.23 NPTL 2.23 
rlimit: STACK 8192k, CORE 0k, NPROC 31427, NOFILE 65536, AS infinity
load average:0,38 0,35 0,29

/proc/meminfo:
MemTotal:        8092628 kB
MemFree:          431120 kB
MemAvailable:    2179148 kB
Buffers:          444828 kB
Cached:          1294060 kB
SwapCached:         4492 kB
Active:          5133228 kB
Inactive:        1917348 kB
Active(anon):    4279900 kB
Inactive(anon):  1073872 kB
Active(file):     853328 kB
Inactive(file):   843476 kB
Unevictable:          32 kB
Mlocked:              32 kB
SwapTotal:      15624188 kB
SwapFree:       15601880 kB
Dirty:               796 kB
Writeback:             0 kB
AnonPages:       5300680 kB
Mapped:           454408 kB
Shmem:             42084 kB
Slab:             405896 kB
SReclaimable:     359172 kB
SUnreclaim:        46724 kB
KernelStack:       14896 kB
PageTables:        53536 kB
NFS_Unstable:          0 kB
Bounce:                0 kB
WritebackTmp:          0 kB
CommitLimit:    19670500 kB
Committed_AS:   11342424 kB
VmallocTotal:   34359738367 kB
VmallocUsed:           0 kB
VmallocChunk:          0 kB
HardwareCorrupted:     0 kB
AnonHugePages:   2838528 kB
CmaTotal:              0 kB
CmaFree:               0 kB
HugePages_Total:       0
HugePages_Free:        0
HugePages_Rsvd:        0
HugePages_Surp:        0
Hugepagesize:       2048 kB
DirectMap4k:      333760 kB
DirectMap2M:     7972864 kB
DirectMap1G:     1048576 kB


CPU:total 4 (2 cores per cpu, 2 threads per core) family 6 model 61 stepping 4, cmov, cx8, fxsr, mmx, sse, sse2, sse3, ssse3, sse4.1, sse4.2, popcnt, avx, avx2, aes, clmul, erms, 3dnowpref, lzcnt, ht, tsc, tscinvbit, bmi1, bmi2, adx

/proc/cpuinfo:
processor	: 0
vendor_id	: GenuineIntel
cpu family	: 6
model		: 61
model name	: Intel(R) Core(TM) i5-5200U CPU @ 2.20GHz
stepping	: 4
microcode	: 0x13
cpu MHz		: 2576.234
cache size	: 3072 KB
physical id	: 0
siblings	: 4
core id		: 0
cpu cores	: 2
apicid		: 0
initial apicid	: 0
fpu		: yes
fpu_exception	: yes
cpuid level	: 20
wp		: yes
flags		: fpu vme de pse tsc msr pae mce cx8 apic sep mtrr pge mca cmov pat pse36 clflush dts acpi mmx fxsr sse sse2 ss ht tm pbe syscall nx pdpe1gb rdtscp lm constant_tsc arch_perfmon pebs bts rep_good nopl xtopology nonstop_tsc aperfmperf eagerfpu pni pclmulqdq dtes64 monitor ds_cpl vmx est tm2 ssse3 sdbg fma cx16 xtpr pdcm pcid sse4_1 sse4_2 x2apic movbe popcnt tsc_deadline_timer aes xsave avx f16c rdrand lahf_lm abm 3dnowprefetch epb intel_pt tpr_shadow vnmi flexpriority ept vpid fsgsbase tsc_adjust bmi1 avx2 smep bmi2 erms invpcid rdseed adx smap xsaveopt dtherm ida arat pln pts
bugs		:
bogomips	: 4389.55
clflush size	: 64
cache_alignment	: 64
address sizes	: 39 bits physical, 48 bits virtual
power management:

processor	: 1
vendor_id	: GenuineIntel
cpu family	: 6
model		: 61
model name	: Intel(R) Core(TM) i5-5200U CPU @ 2.20GHz
stepping	: 4
microcode	: 0x13
cpu MHz		: 2499.921
cache size	: 3072 KB
physical id	: 0
siblings	: 4
core id		: 1
cpu cores	: 2
apicid		: 2
initial apicid	: 2
fpu		: yes
fpu_exception	: yes
cpuid level	: 20
wp		: yes
flags		: fpu vme de pse tsc msr pae mce cx8 apic sep mtrr pge mca cmov pat pse36 clflush dts acpi mmx fxsr sse sse2 ss ht tm pbe syscall nx pdpe1gb rdtscp lm constant_tsc arch_perfmon pebs bts rep_good nopl xtopology nonstop_tsc aperfmperf eagerfpu pni pclmulqdq dtes64 monitor ds_cpl vmx est tm2 ssse3 sdbg fma cx16 xtpr pdcm pcid sse4_1 sse4_2 x2apic movbe popcnt tsc_deadline_timer aes xsave avx f16c rdrand lahf_lm abm 3dnowprefetch epb intel_pt tpr_shadow vnmi flexpriority ept vpid fsgsbase tsc_adjust bmi1 avx2 smep bmi2 erms invpcid rdseed adx smap xsaveopt dtherm ida arat pln pts
bugs		:
bogomips	: 4389.55
clflush size	: 64
cache_alignment	: 64
address sizes	: 39 bits physical, 48 bits virtual
power management:

processor	: 2
vendor_id	: GenuineIntel
cpu family	: 6
model		: 61
model name	: Intel(R) Core(TM) i5-5200U CPU @ 2.20GHz
stepping	: 4
microcode	: 0x13
cpu MHz		: 2573.570
cache size	: 3072 KB
physical id	: 0
siblings	: 4
core id		: 0
cpu cores	: 2
apicid		: 1
initial apicid	: 1
fpu		: yes
fpu_exception	: yes
cpuid level	: 20
wp		: yes
flags		: fpu vme de pse tsc msr pae mce cx8 apic sep mtrr pge mca cmov pat pse36 clflush dts acpi mmx fxsr sse sse2 ss ht tm pbe syscall nx pdpe1gb rdtscp lm constant_tsc arch_perfmon pebs bts rep_good nopl xtopology nonstop_tsc aperfmperf eagerfpu pni pclmulqdq dtes64 monitor ds_cpl vmx est tm2 ssse3 sdbg fma cx16 xtpr pdcm pcid sse4_1 sse4_2 x2apic movbe popcnt tsc_deadline_timer aes xsave avx f16c rdrand lahf_lm abm 3dnowprefetch epb intel_pt tpr_shadow vnmi flexpriority ept vpid fsgsbase tsc_adjust bmi1 avx2 smep bmi2 erms invpcid rdseed adx smap xsaveopt dtherm ida arat pln pts
bugs		:
bogomips	: 4389.55
clflush size	: 64
cache_alignment	: 64
address sizes	: 39 bits physical, 48 bits virtual
power management:

processor	: 3
vendor_id	: GenuineIntel
cpu family	: 6
model		: 61
model name	: Intel(R) Core(TM) i5-5200U CPU @ 2.20GHz
stepping	: 4
microcode	: 0x13
cpu MHz		: 2499.921
cache size	: 3072 KB
physical id	: 0
siblings	: 4
core id		: 1
cpu cores	: 2
apicid		: 3
initial apicid	: 3
fpu		: yes
fpu_exception	: yes
cpuid level	: 20
wp		: yes
flags		: fpu vme de pse tsc msr pae mce cx8 apic sep mtrr pge mca cmov pat pse36 clflush dts acpi mmx fxsr sse sse2 ss ht tm pbe syscall nx pdpe1gb rdtscp lm constant_tsc arch_perfmon pebs bts rep_good nopl xtopology nonstop_tsc aperfmperf eagerfpu pni pclmulqdq dtes64 monitor ds_cpl vmx est tm2 ssse3 sdbg fma cx16 xtpr pdcm pcid sse4_1 sse4_2 x2apic movbe popcnt tsc_deadline_timer aes xsave avx f16c rdrand lahf_lm abm 3dnowprefetch epb intel_pt tpr_shadow vnmi flexpriority ept vpid fsgsbase tsc_adjust bmi1 avx2 smep bmi2 erms invpcid rdseed adx smap xsaveopt dtherm ida arat pln pts
bugs		:
bogomips	: 4389.55
clflush size	: 64
cache_alignment	: 64
address sizes	: 39 bits physical, 48 bits virtual
power management:



Memory: 4k page, physical 8092628k(431120k free), swap 15624188k(15601880k free)

vm_info: Java HotSpot(TM) 64-Bit Server VM (25.111-b14) for linux-amd64 JRE (1.8.0_111-b14), built on Sep 22 2016 16:14:03 by "java_re" with gcc 4.3.0 20080428 (Red Hat 4.3.0-8)

time: Thu Jan 26 22:17:50 2017
elapsed time: 74 seconds (0d 0h 1m 14s)

