#
# A fatal error has been detected by the Java Runtime Environment:
#
#  SIGSEGV (0xb) at pc=0x00007f838ece5d90, pid=26684, tid=0x00007f83a2f20700
#
# JRE version: Java(TM) SE Runtime Environment (8.0_111-b14) (build 1.8.0_111-b14)
# Java VM: Java HotSpot(TM) 64-Bit Server VM (25.111-b14 mixed mode linux-amd64 compressed oops)
# Problematic frame:
# C  [libgdx-box2d64.so+0x35d90]  b2Fixture::Refilter()+0x10
#
# Failed to write core dump. Core dumps have been disabled. To enable core dumping, try "ulimit -c unlimited" before starting Java again
#
# If you would like to submit a bug report, please visit:
#   http://bugreport.java.com/bugreport/crash.jsp
# The crash happened outside the Java Virtual Machine in native code.
# See problematic frame for where to report the bug.
#

---------------  T H R E A D  ---------------

Current thread (0x00007f83fc60c000):  JavaThread "LWJGL Application" [_thread_in_native, id=26722, stack(0x00007f83a2e20000,0x00007f83a2f21000)]

siginfo: si_signo: 11 (SIGSEGV), si_code: 128 (SI_KERNEL), si_addr: 0x0000000000000000

Registers:
RAX=0x00000000000000b3, RBX=0x00007f838eafb758, RCX=0x00a400a700a600a6, RDX=0x00007f83607c8a70
RSP=0x00007f83a2f1f250, RBP=0x00007f83607c8a70, RSI=0x00007f83a2f1f270, RDI=0x00007f83607c8a70
R8 =0x0000000000000001, R9 =0x00000000000000b3, R10=0x00007f83ed017a08, R11=0x00007f8402c80a70
R12=0x0000000000000000, R13=0x00007f838eafb758, R14=0x00007f83a2f1f350, R15=0x00007f83fc60c000
RIP=0x00007f838ece5d90, EFLAGS=0x0000000000010206, CSGSFS=0x0000000000000033, ERR=0x0000000000000000
  TRAPNO=0x000000000000000d

Top of Stack: (sp=0x00007f83a2f1f250)
0x00007f83a2f1f250:   00007f838eafb758 00007f83a2f1f308
0x00007f83a2f1f260:   0000000000000000 00007f838ecec6ef
0x00007f83a2f1f270:   000000b3000100b2 00007f838eafb8c8
0x00007f83a2f1f280:   00007f83fc60c000 00007f83ed017a34
0x00007f83a2f1f290:   00007f838eafb8c8 0000000000000000
0x00007f83a2f1f2a0:   0000000000000000 00007f83a2f1f358
0x00007f83a2f1f2b0:   000000003f800000 00007f83ed017f40
0x00007f83a2f1f2c0:   0000000000000000 00007f83a2f1f2c8
0x00007f83a2f1f2d0:   0000000000000000 00007f83a2f1f350
0x00007f83a2f1f2e0:   00007f838eafe008 0000000000000000
0x00007f83a2f1f2f0:   00007f838eafb758 0000000000000000
0x00007f83a2f1f300:   00007f83a2f1f328 00007f83a2f1f398
0x00007f83a2f1f310:   00007f83ed0082bd 0000000000000000
0x00007f83a2f1f320:   00007f83ed011538 00000000000000b3
0x00007f83a2f1f330:   0000000000000001 00000000000000b2
0x00007f83a2f1f340:   00007f83607c8a70 00007f83607c8a70
0x00007f83a2f1f350:   00000000d7a4b400 00007f83a2f1f358
0x00007f83a2f1f360:   00007f838eafb6a9 00007f83a2f1f3b0
0x00007f83a2f1f370:   00007f838eafe008 0000000000000000
0x00007f83a2f1f380:   00007f838eafb6d0 00007f83a2f1f328
0x00007f83a2f1f390:   00007f83a2f1f3a8 00007f83a2f1f3f8
0x00007f83a2f1f3a0:   00007f83ed0082bd 00000000d7a4b440
0x00007f83a2f1f3b0:   00000000d7a4b400 00007f83a2f1f3b8
0x00007f83a2f1f3c0:   00007f838eb009cb 00007f83a2f1f418
0x00007f83a2f1f3d0:   00007f838eb05408 0000000000000000
0x00007f83a2f1f3e0:   00007f838eb00a00 00007f83a2f1f3a8
0x00007f83a2f1f3f0:   00007f83a2f1f410 00007f83a2f1f460
0x00007f83a2f1f400:   00007f83ed0082bd 00000000d7a4b440
0x00007f83a2f1f410:   0000000000000001 00000000d7a4b400
0x00007f83a2f1f420:   00007f83a2f1f420 00007f838eb0028a
0x00007f83a2f1f430:   00007f83a2f1f470 00007f838eb05408
0x00007f83a2f1f440:   0000000000000000 00007f838eb002a8 

Instructions: (pc=0x00007f838ece5d90)
0x00007f838ece5d70:   5c 41 5d 41 5e 41 5f c3 0f 1f 84 00 00 00 00 00
0x00007f838ece5d80:   41 54 55 48 89 fd 53 48 8b 4f 10 48 85 c9 74 72
0x00007f838ece5d90:   48 8b 81 88 00 00 00 48 85 c0 74 21 0f 1f 40 00
0x00007f838ece5da0:   48 8b 50 08 48 3b 6a 68 74 06 48 3b 6a 60 75 04 

Register to memory mapping:

RAX=0x00000000000000b3 is an unknown value
RBX={method} {0x00007f838eafb758} 'jniSetFilterData' '(JSSS)V' in 'com/badlogic/gdx/physics/box2d/Fixture'
RCX=0x00a400a700a600a6 is an unknown value
RDX=0x00007f83607c8a70 is an unknown value
RSP=0x00007f83a2f1f250 is pointing into the stack for thread: 0x00007f83fc60c000
RBP=0x00007f83607c8a70 is an unknown value
RSI=0x00007f83a2f1f270 is pointing into the stack for thread: 0x00007f83fc60c000
RDI=0x00007f83607c8a70 is an unknown value
R8 =0x0000000000000001 is an unknown value
R9 =0x00000000000000b3 is an unknown value
R10=0x00007f83ed017a08 is at code_begin+808 in an Interpreter codelet
method entry point (kind = native)  [0x00007f83ed0176e0, 0x00007f83ed017fe0]  2304 bytes
R11=0x00007f8402c80a70: <offset 0x9c2a70> in /usr/lib/jvm/java-8-oracle/jre/lib/amd64/server/libjvm.so at 0x00007f84022be000
R12=0x0000000000000000 is an unknown value
R13={method} {0x00007f838eafb758} 'jniSetFilterData' '(JSSS)V' in 'com/badlogic/gdx/physics/box2d/Fixture'
R14=0x00007f83a2f1f350 is pointing into the stack for thread: 0x00007f83fc60c000
R15=0x00007f83fc60c000 is a thread


Stack: [0x00007f83a2e20000,0x00007f83a2f21000],  sp=0x00007f83a2f1f250,  free space=1020k
Native frames: (J=compiled Java code, j=interpreted, Vv=VM code, C=native code)
C  [libgdx-box2d64.so+0x35d90]  b2Fixture::Refilter()+0x10

Java frames: (J=compiled Java code, j=interpreted, Vv=VM code)
j  com.badlogic.gdx.physics.box2d.Fixture.jniSetFilterData(JSSS)V+0
j  com.badlogic.gdx.physics.box2d.Fixture.setFilterData(Lcom/badlogic/gdx/physics/box2d/Filter;)V+17
j  com.mygdx.taranfighters.Character.setFixtureMask(Lcom/badlogic/gdx/physics/box2d/Fixture;I)V+19
j  com.mygdx.taranfighters.Character.punch()V+58
j  com.mygdx.taranfighters.Character.keyDown(I)Z+129
j  com.mygdx.taranfighters.TaranScreen.keyDown(I)Z+54
j  com.badlogic.gdx.backends.lwjgl.LwjglInput.processEvents()V+98
j  com.badlogic.gdx.backends.lwjgl.LwjglApplication.mainLoop()V+600
j  com.badlogic.gdx.backends.lwjgl.LwjglApplication$1.run()V+27
v  ~StubRoutines::call_stub

---------------  P R O C E S S  ---------------

Java Threads: ( => current thread )
  0x00007f836083f000 JavaThread "Timer" daemon [_thread_blocked, id=26729, stack(0x00007f838eefe000,0x00007f838efff000)]
  0x00007f836001c000 JavaThread "process reaper" daemon [_thread_blocked, id=26724, stack(0x00007f83d609b000,0x00007f83d60d4000)]
  0x00007f83fc00c000 JavaThread "DestroyJavaVM" [_thread_blocked, id=26689, stack(0x00007f8403d9f000,0x00007f8403ea0000)]
=>0x00007f83fc60c000 JavaThread "LWJGL Application" [_thread_in_native, id=26722, stack(0x00007f83a2e20000,0x00007f83a2f21000)]
  0x00007f83fc4f7000 JavaThread "AWT-XAWT" daemon [_thread_in_native, id=26718, stack(0x00007f83ac375000,0x00007f83ac476000)]
  0x00007f83fc4c5800 JavaThread "Java2D Disposer" daemon [_thread_blocked, id=26717, stack(0x00007f83ac886000,0x00007f83ac987000)]
  0x00007f83fc3b3000 JavaThread "Thread-4" daemon [_thread_blocked, id=26716, stack(0x00007f83ae468000,0x00007f83ae569000)]
  0x00007f83fc3b1800 JavaThread "Thread-3" daemon [_thread_blocked, id=26715, stack(0x00007f83ae569000,0x00007f83ae66a000)]
  0x00007f83fc3a8800 JavaThread "Java Sound Event Dispatcher" daemon [_thread_blocked, id=26713, stack(0x00007f83ae66a000,0x00007f83ae76b000)]
  0x00007f83fc2db000 JavaThread "Timer-0" daemon [_thread_blocked, id=26704, stack(0x00007f83d60d4000,0x00007f83d61d5000)]
  0x00007f83fc0c3000 JavaThread "Service Thread" daemon [_thread_blocked, id=26702, stack(0x00007f83d6a31000,0x00007f83d6b32000)]
  0x00007f83fc0c0800 JavaThread "C1 CompilerThread2" daemon [_thread_blocked, id=26701, stack(0x00007f83d6b32000,0x00007f83d6c33000)]
  0x00007f83fc0be800 JavaThread "C2 CompilerThread1" daemon [_thread_blocked, id=26700, stack(0x00007f83d6c33000,0x00007f83d6d34000)]
  0x00007f83fc0bb800 JavaThread "C2 CompilerThread0" daemon [_thread_blocked, id=26699, stack(0x00007f83d6d34000,0x00007f83d6e35000)]
  0x00007f83fc0ba000 JavaThread "Signal Dispatcher" daemon [_thread_blocked, id=26698, stack(0x00007f83d6e35000,0x00007f83d6f36000)]
  0x00007f83fc086000 JavaThread "Finalizer" daemon [_thread_blocked, id=26697, stack(0x00007f83d720f000,0x00007f83d7310000)]
  0x00007f83fc081800 JavaThread "Reference Handler" daemon [_thread_blocked, id=26696, stack(0x00007f83d7310000,0x00007f83d7411000)]

Other Threads:
  0x00007f83fc079800 VMThread [stack: 0x00007f83d7411000,0x00007f83d7512000] [id=26695]
  0x00007f83fc0c6000 WatcherThread [stack: 0x00007f83d6930000,0x00007f83d6a31000] [id=26703]

VM state:not at safepoint (normal execution)

VM Mutex/Monitor currently owned by a thread: None

Heap:
 PSYoungGen      total 36864K, used 29199K [0x00000000d6d80000, 0x00000000db580000, 0x0000000100000000)
  eden space 31744K, 75% used [0x00000000d6d80000,0x00000000d8504100,0x00000000d8c80000)
  from space 5120K, 99% used [0x00000000d8c80000,0x00000000d917fd90,0x00000000d9180000)
  to   space 5120K, 0% used [0x00000000db080000,0x00000000db080000,0x00000000db580000)
 ParOldGen       total 84992K, used 4538K [0x0000000084800000, 0x0000000089b00000, 0x00000000d6d80000)
  object space 84992K, 5% used [0x0000000084800000,0x0000000084c6ebe8,0x0000000089b00000)
 Metaspace       used 14205K, capacity 14417K, committed 14720K, reserved 1062912K
  class space    used 1460K, capacity 1549K, committed 1664K, reserved 1048576K

Card table byte_map: [0x00007f840077b000,0x00007f8400b58000] byte_map_base: 0x00007f8400357000

Marking Bits: (ParMarkBitMap*) 0x00007f8403281220
 Begin Bits: [0x00007f83d8240000, 0x00007f83da120000)
 End Bits:   [0x00007f83da120000, 0x00007f83dc000000)

Polling page: 0x00007f8403ed0000

CodeCache: size=245760Kb used=5638Kb max_used=5640Kb free=240121Kb
 bounds [0x00007f83ed000000, 0x00007f83ed590000, 0x00007f83fc000000]
 total_blobs=2202 nmethods=1556 adapters=560
 compilation: enabled

Compilation events (10 events):
Event: 5,816 Thread 0x00007f83fc0c0800 nmethod 1550 0x00007f83ed583c50 code [0x00007f83ed583da0, 0x00007f83ed583eb0]
Event: 5,816 Thread 0x00007f83fc0c0800 1552       3       java.nio.ByteBuffer::hasArray (20 bytes)
Event: 5,817 Thread 0x00007f83fc0c0800 nmethod 1552 0x00007f83ed585410 code [0x00007f83ed585580, 0x00007f83ed585770]
Event: 5,817 Thread 0x00007f83fc0bb800 nmethod 1551 0x00007f83ed561690 code [0x00007f83ed5617e0, 0x00007f83ed561858]
Event: 5,817 Thread 0x00007f83fc0c0800 1553       3       java.net.URLClassLoader::isSealed (72 bytes)
Event: 5,818 Thread 0x00007f83fc0c0800 nmethod 1553 0x00007f83ed584110 code [0x00007f83ed584340, 0x00007f83ed584ed8]
Event: 5,945 Thread 0x00007f83fc0c0800 1554       3       java.lang.Enum::<init> (15 bytes)
Event: 5,945 Thread 0x00007f83fc0c0800 nmethod 1554 0x00007f83ed586910 code [0x00007f83ed586a80, 0x00007f83ed586c50]
Event: 5,951 Thread 0x00007f83fc0c0800 1556       3       java.util.concurrent.locks.ReentrantLock$NonfairSync::tryAcquire (6 bytes)
Event: 5,951 Thread 0x00007f83fc0c0800 nmethod 1556 0x00007f83ed586190 code [0x00007f83ed586300, 0x00007f83ed586508]

GC Heap History (2 events):
Event: 1,223 GC heap before
{Heap before GC invocations=1 (full 0):
 PSYoungGen      total 36864K, used 31744K [0x00000000d6d80000, 0x00000000d9680000, 0x0000000100000000)
  eden space 31744K, 100% used [0x00000000d6d80000,0x00000000d8c80000,0x00000000d8c80000)
  from space 5120K, 0% used [0x00000000d9180000,0x00000000d9180000,0x00000000d9680000)
  to   space 5120K, 0% used [0x00000000d8c80000,0x00000000d8c80000,0x00000000d9180000)
 ParOldGen       total 84992K, used 0K [0x0000000084800000, 0x0000000089b00000, 0x00000000d6d80000)
  object space 84992K, 0% used [0x0000000084800000,0x0000000084800000,0x0000000089b00000)
 Metaspace       used 11788K, capacity 12013K, committed 12160K, reserved 1060864K
  class space    used 1243K, capacity 1323K, committed 1408K, reserved 1048576K
Event: 1,247 GC heap after
Heap after GC invocations=1 (full 0):
 PSYoungGen      total 36864K, used 5119K [0x00000000d6d80000, 0x00000000db580000, 0x0000000100000000)
  eden space 31744K, 0% used [0x00000000d6d80000,0x00000000d6d80000,0x00000000d8c80000)
  from space 5120K, 99% used [0x00000000d8c80000,0x00000000d917fd90,0x00000000d9180000)
  to   space 5120K, 0% used [0x00000000db080000,0x00000000db080000,0x00000000db580000)
 ParOldGen       total 84992K, used 4538K [0x0000000084800000, 0x0000000089b00000, 0x00000000d6d80000)
  object space 84992K, 5% used [0x0000000084800000,0x0000000084c6ebe8,0x0000000089b00000)
 Metaspace       used 11788K, capacity 12013K, committed 12160K, reserved 1060864K
  class space    used 1243K, capacity 1323K, committed 1408K, reserved 1048576K
}

Deoptimization events (10 events):
Event: 2,245 Thread 0x00007f83fc60c000 Uncommon trap: reason=unstable_if action=reinterpret pc=0x00007f83ed46cef0 method=javazoom.jl.decoder.LayerIIIDecoder.dequantize_sample([[FII)V @ 36
Event: 2,245 Thread 0x00007f83fc60c000 Uncommon trap: reason=unstable_if action=reinterpret pc=0x00007f83ed43fd18 method=javazoom.jl.decoder.LayerIIIDecoder.dequantize_sample([[FII)V @ 773
Event: 2,245 Thread 0x00007f83fc60c000 Uncommon trap: reason=unstable_if action=reinterpret pc=0x00007f83ed468174 method=javazoom.jl.decoder.LayerIIIDecoder.hybrid(II)V @ 32
Event: 2,245 Thread 0x00007f83fc60c000 Uncommon trap: reason=unstable_if action=reinterpret pc=0x00007f83ed43a1f4 method=javazoom.jl.decoder.LayerIIIDecoder.hybrid(II)V @ 32
Event: 2,245 Thread 0x00007f83fc60c000 Uncommon trap: reason=unstable_if action=reinterpret pc=0x00007f83ed3e3da8 method=javazoom.jl.decoder.LayerIIIDecoder.hybrid(II)V @ 32
Event: 3,195 Thread 0x00007f83fc60c000 Uncommon trap: reason=unstable_if action=reinterpret pc=0x00007f83ed4b14c0 method=com.badlogic.gdx.scenes.scene2d.utils.ClickListener.isVisualPressed()Z @ 4
Event: 3,293 Thread 0x00007f83fc60c000 Uncommon trap: reason=unstable_if action=reinterpret pc=0x00007f83ed4a23f4 method=com.badlogic.gdx.utils.SnapshotArray.modified()V @ 4
Event: 3,296 Thread 0x00007f83fc60c000 Uncommon trap: reason=unstable_if action=reinterpret pc=0x00007f83ed4b1b2c method=com.badlogic.gdx.utils.SnapshotArray.end()V @ 30
Event: 4,380 Thread 0x00007f83fc60c000 Uncommon trap: reason=unstable_if action=reinterpret pc=0x00007f83ed40a240 method=javazoom.jl.decoder.BitReserve.hgetbits(I)I @ 22
Event: 5,280 Thread 0x00007f83fc60c000 Uncommon trap: reason=array_check action=maybe_recompile pc=0x00007f83ed52bf6c method=com.badlogic.gdx.utils.Array.add(Ljava/lang/Object;)V @ 46

Internal exceptions (10 events):
Event: 0,586 Thread 0x00007f83fc00c000 Exception <a 'java/security/PrivilegedActionException'> (0x00000000d8192700) thrown at [/HUDSON3/workspace/8-2-build-linux-amd64/jdk8u111/7883/hotspot/src/share/vm/prims/jvm.cpp, line 1386]
Event: 0,587 Thread 0x00007f83fc00c000 Exception <a 'java/security/PrivilegedActionException'> (0x00000000d8194428) thrown at [/HUDSON3/workspace/8-2-build-linux-amd64/jdk8u111/7883/hotspot/src/share/vm/prims/jvm.cpp, line 1386]
Event: 0,587 Thread 0x00007f83fc00c000 Exception <a 'java/security/PrivilegedActionException'> (0x00000000d8195080) thrown at [/HUDSON3/workspace/8-2-build-linux-amd64/jdk8u111/7883/hotspot/src/share/vm/prims/jvm.cpp, line 1386]
Event: 0,587 Thread 0x00007f83fc00c000 Exception <a 'java/security/PrivilegedActionException'> (0x00000000d8195ca8) thrown at [/HUDSON3/workspace/8-2-build-linux-amd64/jdk8u111/7883/hotspot/src/share/vm/prims/jvm.cpp, line 1386]
Event: 0,587 Thread 0x00007f83fc00c000 Exception <a 'java/security/PrivilegedActionException'> (0x00000000d8197820) thrown at [/HUDSON3/workspace/8-2-build-linux-amd64/jdk8u111/7883/hotspot/src/share/vm/prims/jvm.cpp, line 1386]
Event: 0,587 Thread 0x00007f83fc00c000 Exception <a 'java/security/PrivilegedActionException'> (0x00000000d8198478) thrown at [/HUDSON3/workspace/8-2-build-linux-amd64/jdk8u111/7883/hotspot/src/share/vm/prims/jvm.cpp, line 1386]
Event: 0,587 Thread 0x00007f83fc00c000 Exception <a 'java/security/PrivilegedActionException'> (0x00000000d81990a0) thrown at [/HUDSON3/workspace/8-2-build-linux-amd64/jdk8u111/7883/hotspot/src/share/vm/prims/jvm.cpp, line 1386]
Event: 0,698 Thread 0x00007f83fc60c000 Exception <a 'java/lang/NoClassDefFoundError': org/lwjgl/opengles/GLContext> (0x00000000d8559c90) thrown at [/HUDSON3/workspace/8-2-build-linux-amd64/jdk8u111/7883/hotspot/src/share/vm/classfile/systemDictionary.cpp, line 199]
Event: 1,127 Thread 0x00007f83fc60c000 Exception <a 'java/lang/ArrayIndexOutOfBoundsException': 18> (0x00000000d8a28400) thrown at [/HUDSON3/workspace/8-2-build-linux-amd64/jdk8u111/7883/hotspot/src/share/vm/interpreter/interpreterRuntime.cpp, line 366]
Event: 1,127 Thread 0x00007f83fc60c000 Exception <a 'java/lang/ArrayIndexOutOfBoundsException': 139> (0x00000000d8a29f10) thrown at [/HUDSON3/workspace/8-2-build-linux-amd64/jdk8u111/7883/hotspot/src/share/vm/interpreter/interpreterRuntime.cpp, line 366]

Events (10 events):
Event: 5,817 loading class com/badlogic/gdx/utils/TimSort
Event: 5,817 loading class com/badlogic/gdx/utils/TimSort done
Event: 5,818 loading class com/badlogic/gdx/utils/ObjectSet
Event: 5,818 loading class com/badlogic/gdx/utils/ObjectSet done
Event: 5,944 loading class com/badlogic/gdx/graphics/g2d/Animation
Event: 5,944 loading class com/badlogic/gdx/graphics/g2d/Animation done
Event: 5,945 loading class com/badlogic/gdx/graphics/g2d/Animation$PlayMode
Event: 5,945 loading class com/badlogic/gdx/graphics/g2d/Animation$PlayMode done
Event: 5,951 loading class com/badlogic/gdx/graphics/g2d/Animation$1
Event: 5,951 loading class com/badlogic/gdx/graphics/g2d/Animation$1 done


Dynamic libraries:
00400000-00401000 r-xp 00000000 08:03 8260065                            /usr/lib/jvm/java-8-oracle/bin/java
00600000-00601000 rw-p 00000000 08:03 8260065                            /usr/lib/jvm/java-8-oracle/bin/java
014e3000-01504000 rw-p 00000000 00:00 0                                  [heap]
414d9000-414db000 r-xs 00000000 08:03 3014682                            /tmp/.glGTlGNO (deleted)
41cc1000-41d61000 rw-p 00000000 00:00 0 
84800000-89b00000 rw-p 00000000 00:00 0 
89b00000-d6d80000 ---p 00000000 00:00 0 
d6d80000-db580000 rw-p 00000000 00:00 0 
db580000-100000000 ---p 00000000 00:00 0 
100000000-1001a0000 rw-p 00000000 00:00 0 
1001a0000-140000000 ---p 00000000 00:00 0 
7f8358000000-7f8358021000 rw-p 00000000 00:00 0 
7f8358021000-7f835c000000 ---p 00000000 00:00 0 
7f8360000000-7f8363ef6000 rw-p 00000000 00:00 0 
7f8363ef6000-7f8364000000 ---p 00000000 00:00 0 
7f8364000000-7f8364021000 rw-p 00000000 00:00 0 
7f8364021000-7f8368000000 ---p 00000000 00:00 0 
7f8368000000-7f8368021000 rw-p 00000000 00:00 0 
7f8368021000-7f836c000000 ---p 00000000 00:00 0 
7f836ffff000-7f8374000000 rw-s 00000000 00:15 13                         /dev/shm/pulse-shm-1580284548
7f8374000000-7f8374021000 rw-p 00000000 00:00 0 
7f8374021000-7f8378000000 ---p 00000000 00:00 0 
7f837bfff000-7f8380000000 rw-s 00000000 00:15 19                         /dev/shm/pulse-shm-3934946725
7f8380000000-7f8380021000 rw-p 00000000 00:00 0 
7f8380021000-7f8384000000 ---p 00000000 00:00 0 
7f8384000000-7f8384021000 rw-p 00000000 00:00 0 
7f8384021000-7f8388000000 ---p 00000000 00:00 0 
7f8388000000-7f8388021000 rw-p 00000000 00:00 0 
7f8388021000-7f838c000000 ---p 00000000 00:00 0 
7f838db87000-7f838df87000 rw-s 246ee000 00:06 521                        /dev/nvidiactl
7f838df87000-7f838e387000 rw-s 112a1f000 00:06 521                       /dev/nvidiactl
7f838e6b0000-7f838eab0000 rw-s 1441cd000 00:06 521                       /dev/nvidiactl
7f838eab0000-7f838eb70000 rw-p 00000000 00:00 0 
7f838eb70000-7f838ecb0000 ---p 00000000 00:00 0 
7f838ecb0000-7f838ecfc000 r-xp 00000000 08:03 3538986                    /tmp/libgdxtourneboeuf/72da4579/libgdx-box2d64.so
7f838ecfc000-7f838eefb000 ---p 0004c000 08:03 3538986                    /tmp/libgdxtourneboeuf/72da4579/libgdx-box2d64.so
7f838eefb000-7f838eefd000 r--p 0004b000 08:03 3538986                    /tmp/libgdxtourneboeuf/72da4579/libgdx-box2d64.so
7f838eefd000-7f838eefe000 rw-p 0004d000 08:03 3538986                    /tmp/libgdxtourneboeuf/72da4579/libgdx-box2d64.so
7f838eefe000-7f838ef01000 ---p 00000000 00:00 0 
7f838ef01000-7f838efff000 rw-p 00000000 00:00 0 
7f838efff000-7f838f1ff000 rw-s 159639000 00:06 521                       /dev/nvidiactl
7f838f1ff000-7f838f5ff000 rw-s 1595c4000 00:06 521                       /dev/nvidiactl
7f838f5ff000-7f838f9ff000 rw-s 11214d000 00:06 521                       /dev/nvidiactl
7f838f9ff000-7f838fbff000 rw-s 257b4000 00:06 521                        /dev/nvidiactl
7f838fbff000-7f838fdff000 rw-p 00000000 00:00 0 
7f838fdff000-7f838ffff000 rw-p 00000000 00:00 0 
7f838ffff000-7f8394000000 rw-s 00000000 00:15 13                         /dev/shm/pulse-shm-1580284548
7f8394000000-7f8394021000 rw-p 00000000 00:00 0 
7f8394021000-7f8398000000 ---p 00000000 00:00 0 
7f8398000000-7f8398021000 rw-p 00000000 00:00 0 
7f8398021000-7f839c000000 ---p 00000000 00:00 0 
7f839c000000-7f839c021000 rw-p 00000000 00:00 0 
7f839c021000-7f83a0000000 ---p 00000000 00:00 0 
7f83a0015000-7f83a0095000 rw-s 02b98000 00:06 521                        /dev/nvidiactl
7f83a0115000-7f83a0195000 rw-s 25cf8000 00:06 521                        /dev/nvidiactl
7f83a0295000-7f83a0399000 rw-s 24fdef000 00:06 521                       /dev/nvidiactl
7f83a0399000-7f83a1756000 r-xp 00000000 08:03 8163350                    /usr/lib/nvidia-370/libnvidia-glcore.so.370.28
7f83a1756000-7f83a1776000 rwxp 013bd000 08:03 8163350                    /usr/lib/nvidia-370/libnvidia-glcore.so.370.28
7f83a1776000-7f83a1b3e000 r-xp 013dd000 08:03 8163350                    /usr/lib/nvidia-370/libnvidia-glcore.so.370.28
7f83a1b3e000-7f83a1d3d000 ---p 017a5000 08:03 8163350                    /usr/lib/nvidia-370/libnvidia-glcore.so.370.28
7f83a1d3d000-7f83a211d000 rw-p 017a4000 08:03 8163350                    /usr/lib/nvidia-370/libnvidia-glcore.so.370.28
7f83a211d000-7f83a2135000 rw-p 00000000 00:00 0 
7f83a2135000-7f83a2138000 r-xp 00000000 08:03 8163336                    /usr/lib/nvidia-370/tls/libnvidia-tls.so.370.28
7f83a2138000-7f83a2338000 ---p 00003000 08:03 8163336                    /usr/lib/nvidia-370/tls/libnvidia-tls.so.370.28
7f83a2338000-7f83a2339000 rw-p 00003000 08:03 8163336                    /usr/lib/nvidia-370/tls/libnvidia-tls.so.370.28
7f83a2339000-7f83a2402000 r-xp 00000000 08:03 8163354                    /usr/lib/nvidia-370/libGLX_nvidia.so.370.28
7f83a2402000-7f83a2436000 rwxp 000c9000 08:03 8163354                    /usr/lib/nvidia-370/libGLX_nvidia.so.370.28
7f83a2436000-7f83a2449000 r-xp 000fd000 08:03 8163354                    /usr/lib/nvidia-370/libGLX_nvidia.so.370.28
7f83a2449000-7f83a2649000 ---p 00110000 08:03 8163354                    /usr/lib/nvidia-370/libGLX_nvidia.so.370.28
7f83a2649000-7f83a2671000 rw-p 00110000 08:03 8163354                    /usr/lib/nvidia-370/libGLX_nvidia.so.370.28
7f83a2671000-7f83a2678000 rw-p 00000000 00:00 0 
7f83a2678000-7f83a26c6000 r-xp 00000000 08:03 8163349                    /usr/lib/nvidia-370/libGLdispatch.so.0
7f83a26c6000-7f83a26f8000 r-xp 0004e000 08:03 8163349                    /usr/lib/nvidia-370/libGLdispatch.so.0
7f83a26f8000-7f83a2732000 r-xp 00080000 08:03 8163349                    /usr/lib/nvidia-370/libGLdispatch.so.0
7f83a2732000-7f83a2932000 ---p 000ba000 08:03 8163349                    /usr/lib/nvidia-370/libGLdispatch.so.0
7f83a2932000-7f83a2941000 rw-p 000ba000 08:03 8163349                    /usr/lib/nvidia-370/libGLdispatch.so.0
7f83a2941000-7f83a2961000 rw-p 00000000 00:00 0 
7f83a2961000-7f83a2971000 r-xp 00000000 08:03 8163351                    /usr/lib/nvidia-370/libGLX.so.0
7f83a2971000-7f83a2b70000 ---p 00010000 08:03 8163351                    /usr/lib/nvidia-370/libGLX.so.0
7f83a2b70000-7f83a2b71000 rw-p 0000f000 08:03 8163351                    /usr/lib/nvidia-370/libGLX.so.0
7f83a2b71000-7f83a2b91000 rw-p 00000000 00:00 0 
7f83a2b91000-7f83a2bc2000 r-xp 00000000 08:03 8163339                    /usr/lib/nvidia-370/libGL.so.1.0.0
7f83a2bc2000-7f83a2bf4000 r-xp 00031000 08:03 8163339                    /usr/lib/nvidia-370/libGL.so.1.0.0
7f83a2bf4000-7f83a2c1e000 r-xp 00063000 08:03 8163339                    /usr/lib/nvidia-370/libGL.so.1.0.0
7f83a2c1e000-7f83a2e1e000 ---p 0008d000 08:03 8163339                    /usr/lib/nvidia-370/libGL.so.1.0.0
7f83a2e1e000-7f83a2e1f000 rw-p 0008d000 08:03 8163339                    /usr/lib/nvidia-370/libGL.so.1.0.0
7f83a2e1f000-7f83a2e20000 rw-p 00000000 00:00 0 
7f83a2e20000-7f83a2e23000 ---p 00000000 00:00 0 
7f83a2e23000-7f83a2f21000 rw-p 00000000 00:00 0 
7f83a2f21000-7f83a2f22000 ---p 00000000 00:00 0 
7f83a2f22000-7f83a3722000 rw-p 00000000 00:00 0 
7f83a3722000-7f83a3777000 r-xp 00000000 08:03 3538984                    /tmp/libgdxtourneboeuf/31ce78a2/libopenal64.so
7f83a3777000-7f83a3976000 ---p 00055000 08:03 3538984                    /tmp/libgdxtourneboeuf/31ce78a2/libopenal64.so
7f83a3976000-7f83a3979000 r--p 00054000 08:03 3538984                    /tmp/libgdxtourneboeuf/31ce78a2/libopenal64.so
7f83a3979000-7f83a397a000 rw-p 00057000 08:03 3538984                    /tmp/libgdxtourneboeuf/31ce78a2/libopenal64.so
7f83a397a000-7f83a397b000 rw-p 00000000 00:00 0 
7f83a397b000-7f83a3980000 r-xp 00000000 08:03 8131595                    /usr/lib/x86_64-linux-gnu/libXxf86vm.so.1.0.0
7f83a3980000-7f83a3b7f000 ---p 00005000 08:03 8131595                    /usr/lib/x86_64-linux-gnu/libXxf86vm.so.1.0.0
7f83a3b7f000-7f83a3b80000 r--p 00004000 08:03 8131595                    /usr/lib/x86_64-linux-gnu/libXxf86vm.so.1.0.0
7f83a3b80000-7f83a3b81000 rw-p 00005000 08:03 8131595                    /usr/lib/x86_64-linux-gnu/libXxf86vm.so.1.0.0
7f83a3b81000-7f83a3b8b000 r-xp 00000000 08:03 8129939                    /usr/lib/x86_64-linux-gnu/libXrandr.so.2.2.0
7f83a3b8b000-7f83a3d8a000 ---p 0000a000 08:03 8129939                    /usr/lib/x86_64-linux-gnu/libXrandr.so.2.2.0
7f83a3d8a000-7f83a3d8b000 r--p 00009000 08:03 8129939                    /usr/lib/x86_64-linux-gnu/libXrandr.so.2.2.0
7f83a3d8b000-7f83a3d8c000 rw-p 0000a000 08:03 8129939                    /usr/lib/x86_64-linux-gnu/libXrandr.so.2.2.0
7f83a3d8c000-7f83a3dfc000 r-xp 00000000 08:03 3538983                    /tmp/libgdxtourneboeuf/31ce78a2/liblwjgl64.so
7f83a3dfc000-7f83a3ffc000 ---p 00070000 08:03 3538983                    /tmp/libgdxtourneboeuf/31ce78a2/liblwjgl64.so
7f83a3ffc000-7f83a3ffe000 r--p 00070000 08:03 3538983                    /tmp/libgdxtourneboeuf/31ce78a2/liblwjgl64.so
7f83a3ffe000-7f83a3fff000 rw-p 00072000 08:03 3538983                    /tmp/libgdxtourneboeuf/31ce78a2/liblwjgl64.so
7f83a3fff000-7f83a8000000 rw-s 00000000 00:15 18                         /dev/shm/pulse-shm-3459821070
7f83a8000000-7f83a8021000 rw-p 00000000 00:00 0 
7f83a8021000-7f83ac000000 ---p 00000000 00:00 0 
7f83ac073000-7f83ac074000 ---p 00000000 00:00 0 
7f83ac074000-7f83ac174000 rw-p 00000000 00:00 0 
7f83ac174000-7f83ac175000 r-xp 00000000 08:03 8537779                    /usr/lib/jvm/java-8-oracle/jre/lib/amd64/libjawt.so
7f83ac175000-7f83ac374000 ---p 00001000 08:03 8537779                    /usr/lib/jvm/java-8-oracle/jre/lib/amd64/libjawt.so
7f83ac374000-7f83ac375000 rw-p 00000000 08:03 8537779                    /usr/lib/jvm/java-8-oracle/jre/lib/amd64/libjawt.so
7f83ac375000-7f83ac378000 ---p 00000000 00:00 0 
7f83ac378000-7f83ac476000 rw-p 00000000 00:00 0 
7f83ac476000-7f83ac47b000 r-xp 00000000 08:03 8127234                    /usr/lib/x86_64-linux-gnu/libXfixes.so.3.1.0
7f83ac47b000-7f83ac67a000 ---p 00005000 08:03 8127234                    /usr/lib/x86_64-linux-gnu/libXfixes.so.3.1.0
7f83ac67a000-7f83ac67b000 r--p 00004000 08:03 8127234                    /usr/lib/x86_64-linux-gnu/libXfixes.so.3.1.0
7f83ac67b000-7f83ac67c000 rw-p 00005000 08:03 8127234                    /usr/lib/x86_64-linux-gnu/libXfixes.so.3.1.0
7f83ac67c000-7f83ac685000 r-xp 00000000 08:03 8134598                    /usr/lib/x86_64-linux-gnu/libXcursor.so.1.0.2
7f83ac685000-7f83ac884000 ---p 00009000 08:03 8134598                    /usr/lib/x86_64-linux-gnu/libXcursor.so.1.0.2
7f83ac884000-7f83ac885000 r--p 00008000 08:03 8134598                    /usr/lib/x86_64-linux-gnu/libXcursor.so.1.0.2
7f83ac885000-7f83ac886000 rw-p 00009000 08:03 8134598                    /usr/lib/x86_64-linux-gnu/libXcursor.so.1.0.2
7f83ac886000-7f83ac889000 ---p 00000000 00:00 0 
7f83ac889000-7f83ac987000 rw-p 00000000 00:00 0 
7f83ac987000-7f83ac9ec000 r-xp 00000000 08:03 8537752                    /usr/lib/jvm/java-8-oracle/jre/lib/amd64/libfontmanager.so
7f83ac9ec000-7f83acbeb000 ---p 00065000 08:03 8537752                    /usr/lib/jvm/java-8-oracle/jre/lib/amd64/libfontmanager.so
7f83acbeb000-7f83acbf0000 rw-p 00064000 08:03 8537752                    /usr/lib/jvm/java-8-oracle/jre/lib/amd64/libfontmanager.so
7f83acbf0000-7f83acc00000 rw-p 00000000 00:00 0 
7f83acc00000-7f83acc0f000 r-xp 00000000 08:03 8126554                    /usr/lib/x86_64-linux-gnu/libXi.so.6.1.0
7f83acc0f000-7f83ace0e000 ---p 0000f000 08:03 8126554                    /usr/lib/x86_64-linux-gnu/libXi.so.6.1.0
7f83ace0e000-7f83ace0f000 r--p 0000e000 08:03 8126554                    /usr/lib/x86_64-linux-gnu/libXi.so.6.1.0
7f83ace0f000-7f83ace10000 rw-p 0000f000 08:03 8126554                    /usr/lib/x86_64-linux-gnu/libXi.so.6.1.0
7f83ace10000-7f83ace15000 r-xp 00000000 08:03 8134632                    /usr/lib/x86_64-linux-gnu/libXtst.so.6.1.0
7f83ace15000-7f83ad014000 ---p 00005000 08:03 8134632                    /usr/lib/x86_64-linux-gnu/libXtst.so.6.1.0
7f83ad014000-7f83ad015000 r--p 00004000 08:03 8134632                    /usr/lib/x86_64-linux-gnu/libXtst.so.6.1.0
7f83ad015000-7f83ad016000 rw-p 00005000 08:03 8134632                    /usr/lib/x86_64-linux-gnu/libXtst.so.6.1.0
7f83ad016000-7f83ad01f000 r-xp 00000000 08:03 8135503                    /usr/lib/x86_64-linux-gnu/libXrender.so.1.3.0
7f83ad01f000-7f83ad21e000 ---p 00009000 08:03 8135503                    /usr/lib/x86_64-linux-gnu/libXrender.so.1.3.0
7f83ad21e000-7f83ad21f000 r--p 00008000 08:03 8135503                    /usr/lib/x86_64-linux-gnu/libXrender.so.1.3.0
7f83ad21f000-7f83ad220000 rw-p 00009000 08:03 8135503                    /usr/lib/x86_64-linux-gnu/libXrender.so.1.3.0
7f83ad220000-7f83ad355000 r-xp 00000000 08:03 8133837                    /usr/lib/x86_64-linux-gnu/libX11.so.6.3.0
7f83ad355000-7f83ad555000 ---p 00135000 08:03 8133837                    /usr/lib/x86_64-linux-gnu/libX11.so.6.3.0
7f83ad555000-7f83ad556000 r--p 00135000 08:03 8133837                    /usr/lib/x86_64-linux-gnu/libX11.so.6.3.0
7f83ad556000-7f83ad55a000 rw-p 00136000 08:03 8133837                    /usr/lib/x86_64-linux-gnu/libX11.so.6.3.0
7f83ad55a000-7f83ad56b000 r-xp 00000000 08:03 8127420                    /usr/lib/x86_64-linux-gnu/libXext.so.6.4.0
7f83ad56b000-7f83ad76a000 ---p 00011000 08:03 8127420                    /usr/lib/x86_64-linux-gnu/libXext.so.6.4.0
7f83ad76a000-7f83ad76b000 r--p 00010000 08:03 8127420                    /usr/lib/x86_64-linux-gnu/libXext.so.6.4.0
7f83ad76b000-7f83ad76c000 rw-p 00011000 08:03 8127420                    /usr/lib/x86_64-linux-gnu/libXext.so.6.4.0
7f83ad76c000-7f83ad7c0000 r-xp 00000000 08:03 8537785                    /usr/lib/jvm/java-8-oracle/jre/lib/amd64/libawt_xawt.so
7f83ad7c0000-7f83ad9c0000 ---p 00054000 08:03 8537785                    /usr/lib/jvm/java-8-oracle/jre/lib/amd64/libawt_xawt.so
7f83ad9c0000-7f83ad9c4000 rw-p 00054000 08:03 8537785                    /usr/lib/jvm/java-8-oracle/jre/lib/amd64/libawt_xawt.so
7f83ad9c4000-7f83ad9c5000 rw-p 00000000 00:00 0 
7f83ad9c5000-7f83ada67000 r-xp 00000000 08:03 8537759                    /usr/lib/jvm/java-8-oracle/jre/lib/amd64/libawt.so
7f83ada67000-7f83adc67000 ---p 000a2000 08:03 8537759                    /usr/lib/jvm/java-8-oracle/jre/lib/amd64/libawt.so
7f83adc67000-7f83adc73000 rw-p 000a2000 08:03 8537759                    /usr/lib/jvm/java-8-oracle/jre/lib/amd64/libawt.so
7f83adc73000-7f83adc97000 rw-p 00000000 00:00 0 
7f83adc97000-7f83adcad000 r-xp 00000000 08:03 6817631                    /lib/x86_64-linux-gnu/libgcc_s.so.1
7f83adcad000-7f83adeac000 ---p 00016000 08:03 6817631                    /lib/x86_64-linux-gnu/libgcc_s.so.1
7f83adeac000-7f83adead000 rw-p 00015000 08:03 6817631                    /lib/x86_64-linux-gnu/libgcc_s.so.1
7f83adead000-7f83ae01f000 r-xp 00000000 08:03 8126912                    /usr/lib/x86_64-linux-gnu/libstdc++.so.6.0.21
7f83ae01f000-7f83ae21f000 ---p 00172000 08:03 8126912                    /usr/lib/x86_64-linux-gnu/libstdc++.so.6.0.21
7f83ae21f000-7f83ae229000 r--p 00172000 08:03 8126912                    /usr/lib/x86_64-linux-gnu/libstdc++.so.6.0.21
7f83ae229000-7f83ae22b000 rw-p 0017c000 08:03 8126912                    /usr/lib/x86_64-linux-gnu/libstdc++.so.6.0.21
7f83ae22b000-7f83ae22f000 rw-p 00000000 00:00 0 
7f83ae22f000-7f83ae267000 r-xp 00000000 08:03 3538981                    /tmp/libgdxtourneboeuf/6ef2d459/libgdx64.so
7f83ae267000-7f83ae466000 ---p 00038000 08:03 3538981                    /tmp/libgdxtourneboeuf/6ef2d459/libgdx64.so
7f83ae466000-7f83ae467000 r--p 00037000 08:03 3538981                    /tmp/libgdxtourneboeuf/6ef2d459/libgdx64.so
7f83ae467000-7f83ae468000 rw-p 00038000 08:03 3538981                    /tmp/libgdxtourneboeuf/6ef2d459/libgdx64.so
7f83ae468000-7f83ae46b000 ---p 00000000 00:00 0 
7f83ae46b000-7f83ae569000 rw-p 00000000 00:00 0 
7f83ae569000-7f83ae56c000 ---p 00000000 00:00 0 
7f83ae56c000-7f83ae66a000 rw-p 00000000 00:00 0 
7f83ae66a000-7f83ae66d000 ---p 00000000 00:00 0 
7f83ae66d000-7f83ae76b000 rw-p 00000000 00:00 0 
7f83ae7e1000-7f83ae821000 rw-s 244cf000 00:06 521                        /dev/nvidiactl
7f83ae821000-7f83ae822000 ---p 00000000 00:00 0 
7f83ae822000-7f83af022000 rw-p 00000000 00:00 0 
7f83af022000-7f83af028000 r-xp 00000000 08:03 8390558                    /usr/lib/x86_64-linux-gnu/alsa-lib/libasound_module_pcm_pulse.so
7f83af028000-7f83af227000 ---p 00006000 08:03 8390558                    /usr/lib/x86_64-linux-gnu/alsa-lib/libasound_module_pcm_pulse.so
7f83af227000-7f83af228000 r--p 00005000 08:03 8390558                    /usr/lib/x86_64-linux-gnu/alsa-lib/libasound_module_pcm_pulse.so
7f83af228000-7f83af229000 rw-p 00006000 08:03 8390558                    /usr/lib/x86_64-linux-gnu/alsa-lib/libasound_module_pcm_pulse.so
7f83af229000-7f83af253000 r-xp 00000000 08:03 8128542                    /usr/lib/x86_64-linux-gnu/libvorbis.so.0.4.8
7f83af253000-7f83af453000 ---p 0002a000 08:03 8128542                    /usr/lib/x86_64-linux-gnu/libvorbis.so.0.4.8
7f83af453000-7f83af454000 r--p 0002a000 08:03 8128542                    /usr/lib/x86_64-linux-gnu/libvorbis.so.0.4.8
7f83af454000-7f83af455000 rw-p 0002b000 08:03 8128542                    /usr/lib/x86_64-linux-gnu/libvorbis.so.0.4.8
7f83af455000-7f83af45c000 r-xp 00000000 08:03 8126649                    /usr/lib/x86_64-linux-gnu/libogg.so.0.8.2
7f83af45c000-7f83af65c000 ---p 00007000 08:03 8126649                    /usr/lib/x86_64-linux-gnu/libogg.so.0.8.2
7f83af65c000-7f83af65d000 r--p 00007000 08:03 8126649                    /usr/lib/x86_64-linux-gnu/libogg.so.0.8.2
7f83af65d000-7f83af65e000 rw-p 00008000 08:03 8126649                    /usr/lib/x86_64-linux-gnu/libogg.so.0.8.2
7f83af65e000-7f83af670000 r-xp 00000000 08:03 6816785                    /lib/x86_64-linux-gnu/libgpg-error.so.0.17.0
7f83af670000-7f83af870000 ---p 00012000 08:03 6816785                    /lib/x86_64-linux-gnu/libgpg-error.so.0.17.0
7f83af870000-7f83af871000 r--p 00012000 08:03 6816785                    /lib/x86_64-linux-gnu/libgpg-error.so.0.17.0
7f83af871000-7f83af872000 rw-p 00013000 08:03 6816785                    /lib/x86_64-linux-gnu/libgpg-error.so.0.17.0
7f83af872000-7f83af8e0000 r-xp 00000000 08:03 6815814                    /lib/x86_64-linux-gnu/libpcre.so.3.13.2
7f83af8e0000-7f83afae0000 ---p 0006e000 08:03 6815814                    /lib/x86_64-linux-gnu/libpcre.so.3.13.2
7f83afae0000-7f83afae1000 r--p 0006e000 08:03 6815814                    /lib/x86_64-linux-gnu/libpcre.so.3.13.2
7f83afae1000-7f83afae2000 rw-p 0006f000 08:03 6815814                    /lib/x86_64-linux-gnu/libpcre.so.3.13.2
7f83afae2000-7f83afb6f000 r-xp 00000000 08:03 8128534                    /usr/lib/x86_64-linux-gnu/libvorbisenc.so.2.0.11
7f83afb6f000-7f83afd6e000 ---p 0008d000 08:03 8128534                    /usr/lib/x86_64-linux-gnu/libvorbisenc.so.2.0.11
7f83afd6e000-7f83afd8a000 r--p 0008c000 08:03 8128534                    /usr/lib/x86_64-linux-gnu/libvorbisenc.so.2.0.11
7f83afd8a000-7f83afd8b000 rw-p 000a8000 08:03 8128534                    /usr/lib/x86_64-linux-gnu/libvorbisenc.so.2.0.11
7f83afd8b000-7f83afdfe000 r-xp 00000000 08:03 8130792                    /usr/lib/x86_64-linux-gnu/libFLAC.so.8.3.0
7f83afdfe000-7f83afffe000 ---p 00073000 08:03 8130792                    /usr/lib/x86_64-linux-gnu/libFLAC.so.8.3.0
7f83afffe000-7f83affff000 r--p 00073000 08:03 8130792                    /usr/lib/x86_64-linux-gnu/libFLAC.so.8.3.0
7f83affff000-7f83b0000000 rw-p 00074000 08:03 8130792                    /usr/lib/x86_64-linux-gnu/libFLAC.so.8.3.0
7f83b0000000-7f83b0021000 rw-p 00000000 00:00 0 
7f83b0021000-7f83b4000000 ---p 00000000 00:00 0 
7f83b4000000-7f83b4021000 rw-p 00000000 00:00 0 
7f83b4021000-7f83b8000000 ---p 00000000 00:00 0 
7f83b8000000-7f83b8684000 rw-p 00000000 00:00 0 
7f83b8684000-7f83bc000000 ---p 00000000 00:00 0 
7f83bc000000-7f83bc4f5000 rw-p 00000000 00:00 0 
7f83bc4f5000-7f83c0000000 ---p 00000000 00:00 0 
7f83c0000000-7f83c0021000 rw-p 00000000 00:00 0 
7f83c0021000-7f83c4000000 ---p 00000000 00:00 0 
7f83c4000000-7f83c4cac000 rw-p 00000000 00:00 0 
7f83c4cac000-7f83c8000000 ---p 00000000 00:00 0 
7f83c8000000-7f83c8021000 rw-p 00000000 00:00 0 
7f83c8021000-7f83cc000000 ---p 00000000 00:00 0 
7f83cc000000-7f83cc021000 rw-p 00000000 00:00 0 
7f83cc021000-7f83d0000000 ---p 00000000 00:00 0 
7f83d0000000-7f83d0021000 rw-p 00000000 00:00 0 
7f83d0021000-7f83d4000000 ---p 00000000 00:00 0 
7f83d401a000-7f83d4031000 r-xp 00000000 08:03 6826111                    /lib/x86_64-linux-gnu/libresolv-2.23.so
7f83d4031000-7f83d4231000 ---p 00017000 08:03 6826111                    /lib/x86_64-linux-gnu/libresolv-2.23.so
7f83d4231000-7f83d4232000 r--p 00017000 08:03 6826111                    /lib/x86_64-linux-gnu/libresolv-2.23.so
7f83d4232000-7f83d4233000 rw-p 00018000 08:03 6826111                    /lib/x86_64-linux-gnu/libresolv-2.23.so
7f83d4233000-7f83d4235000 rw-p 00000000 00:00 0 
7f83d4235000-7f83d430d000 r-xp 00000000 08:03 6816035                    /lib/x86_64-linux-gnu/libgcrypt.so.20.0.5
7f83d430d000-7f83d450c000 ---p 000d8000 08:03 6816035                    /lib/x86_64-linux-gnu/libgcrypt.so.20.0.5
7f83d450c000-7f83d450d000 r--p 000d7000 08:03 6816035                    /lib/x86_64-linux-gnu/libgcrypt.so.20.0.5
7f83d450d000-7f83d4515000 rw-p 000d8000 08:03 6816035                    /lib/x86_64-linux-gnu/libgcrypt.so.20.0.5
7f83d4515000-7f83d4516000 rw-p 00000000 00:00 0 
7f83d4516000-7f83d4537000 r-xp 00000000 08:03 6819846                    /lib/x86_64-linux-gnu/liblzma.so.5.0.0
7f83d4537000-7f83d4736000 ---p 00021000 08:03 6819846                    /lib/x86_64-linux-gnu/liblzma.so.5.0.0
7f83d4736000-7f83d4737000 r--p 00020000 08:03 6819846                    /lib/x86_64-linux-gnu/liblzma.so.5.0.0
7f83d4737000-7f83d4738000 rw-p 00021000 08:03 6819846                    /lib/x86_64-linux-gnu/liblzma.so.5.0.0
7f83d4738000-7f83d4757000 r-xp 00000000 08:03 6817704                    /lib/x86_64-linux-gnu/libselinux.so.1
7f83d4757000-7f83d4956000 ---p 0001f000 08:03 6817704                    /lib/x86_64-linux-gnu/libselinux.so.1
7f83d4956000-7f83d4957000 r--p 0001e000 08:03 6817704                    /lib/x86_64-linux-gnu/libselinux.so.1
7f83d4957000-7f83d4958000 rw-p 0001f000 08:03 6817704                    /lib/x86_64-linux-gnu/libselinux.so.1
7f83d4958000-7f83d495a000 rw-p 00000000 00:00 0 
7f83d495a000-7f83d495f000 r-xp 00000000 08:03 8127822                    /usr/lib/x86_64-linux-gnu/libXdmcp.so.6.0.0
7f83d495f000-7f83d4b5e000 ---p 00005000 08:03 8127822                    /usr/lib/x86_64-linux-gnu/libXdmcp.so.6.0.0
7f83d4b5e000-7f83d4b5f000 r--p 00004000 08:03 8127822                    /usr/lib/x86_64-linux-gnu/libXdmcp.so.6.0.0
7f83d4b5f000-7f83d4b60000 rw-p 00005000 08:03 8127822                    /usr/lib/x86_64-linux-gnu/libXdmcp.so.6.0.0
7f83d4b60000-7f83d4b62000 r-xp 00000000 08:03 8134591                    /usr/lib/x86_64-linux-gnu/libXau.so.6.0.0
7f83d4b62000-7f83d4d62000 ---p 00002000 08:03 8134591                    /usr/lib/x86_64-linux-gnu/libXau.so.6.0.0
7f83d4d62000-7f83d4d63000 r--p 00002000 08:03 8134591                    /usr/lib/x86_64-linux-gnu/libXau.so.6.0.0
7f83d4d63000-7f83d4d64000 rw-p 00003000 08:03 8134591                    /usr/lib/x86_64-linux-gnu/libXau.so.6.0.0
7f83d4d64000-7f83d4d69000 r-xp 00000000 08:03 8129613                    /usr/lib/x86_64-linux-gnu/libasyncns.so.0.3.1
7f83d4d69000-7f83d4f68000 ---p 00005000 08:03 8129613                    /usr/lib/x86_64-linux-gnu/libasyncns.so.0.3.1
7f83d4f68000-7f83d4f69000 r--p 00004000 08:03 8129613                    /usr/lib/x86_64-linux-gnu/libasyncns.so.0.3.1
7f83d4f69000-7f83d4f6a000 rw-p 00005000 08:03 8129613                    /usr/lib/x86_64-linux-gnu/libasyncns.so.0.3.1
7f83d4f6a000-7f83d4fcc000 r-xp 00000000 08:03 8130795                    /usr/lib/x86_64-linux-gnu/libsndfile.so.1.0.25
7f83d4fcc000-7f83d51cc000 ---p 00062000 08:03 8130795                    /usr/lib/x86_64-linux-gnu/libsndfile.so.1.0.25
7f83d51cc000-7f83d51ce000 r--p 00062000 08:03 8130795                    /usr/lib/x86_64-linux-gnu/libsndfile.so.1.0.25
7f83d51ce000-7f83d51cf000 rw-p 00064000 08:03 8130795                    /usr/lib/x86_64-linux-gnu/libsndfile.so.1.0.25
7f83d51cf000-7f83d51d3000 rw-p 00000000 00:00 0 
7f83d51d3000-7f83d51db000 r-xp 00000000 08:03 6819959                    /lib/x86_64-linux-gnu/libwrap.so.0.7.6
7f83d51db000-7f83d53da000 ---p 00008000 08:03 6819959                    /lib/x86_64-linux-gnu/libwrap.so.0.7.6
7f83d53da000-7f83d53db000 r--p 00007000 08:03 6819959                    /lib/x86_64-linux-gnu/libwrap.so.0.7.6
7f83d53db000-7f83d53dc000 rw-p 00008000 08:03 6819959                    /lib/x86_64-linux-gnu/libwrap.so.0.7.6
7f83d53dc000-7f83d53dd000 rw-p 00000000 00:00 0 
7f83d53dd000-7f83d545d000 r-xp 00000000 08:03 6815922                    /lib/x86_64-linux-gnu/libsystemd.so.0.14.0
7f83d545d000-7f83d5460000 r--p 0007f000 08:03 6815922                    /lib/x86_64-linux-gnu/libsystemd.so.0.14.0
7f83d5460000-7f83d5461000 rw-p 00082000 08:03 6815922                    /lib/x86_64-linux-gnu/libsystemd.so.0.14.0
7f83d5461000-7f83d5462000 rw-p 00000000 00:00 0 
7f83d5462000-7f83d5483000 r-xp 00000000 08:03 8129160                    /usr/lib/x86_64-linux-gnu/libxcb.so.1.1.0
7f83d5483000-7f83d5682000 ---p 00021000 08:03 8129160                    /usr/lib/x86_64-linux-gnu/libxcb.so.1.1.0
7f83d5682000-7f83d5683000 r--p 00020000 08:03 8129160                    /usr/lib/x86_64-linux-gnu/libxcb.so.1.1.0
7f83d5683000-7f83d5684000 rw-p 00021000 08:03 8129160                    /usr/lib/x86_64-linux-gnu/libxcb.so.1.1.0
7f83d5684000-7f83d56ce000 r-xp 00000000 08:03 6815772                    /lib/x86_64-linux-gnu/libdbus-1.so.3.14.6
7f83d56ce000-7f83d58ce000 ---p 0004a000 08:03 6815772                    /lib/x86_64-linux-gnu/libdbus-1.so.3.14.6
7f83d58ce000-7f83d58cf000 r--p 0004a000 08:03 6815772                    /lib/x86_64-linux-gnu/libdbus-1.so.3.14.6
7f83d58cf000-7f83d58d0000 rw-p 0004b000 08:03 6815772                    /lib/x86_64-linux-gnu/libdbus-1.so.3.14.6
7f83d58d0000-7f83d594a000 r-xp 00000000 08:03 8519800                    /usr/lib/x86_64-linux-gnu/pulseaudio/libpulsecommon-8.0.so
7f83d594a000-7f83d5b49000 ---p 0007a000 08:03 8519800                    /usr/lib/x86_64-linux-gnu/pulseaudio/libpulsecommon-8.0.so
7f83d5b49000-7f83d5b4a000 r--p 00079000 08:03 8519800                    /usr/lib/x86_64-linux-gnu/pulseaudio/libpulsecommon-8.0.so
7f83d5b4a000-7f83d5b4b000 rw-p 0007a000 08:03 8519800                    /usr/lib/x86_64-linux-gnu/pulseaudio/libpulsecommon-8.0.so
7f83d5b4b000-7f83d5b55000 r-xp 00000000 08:03 6815927                    /lib/x86_64-linux-gnu/libjson-c.so.2.0.0
7f83d5b55000-7f83d5d54000 ---p 0000a000 08:03 6815927                    /lib/x86_64-linux-gnu/libjson-c.so.2.0.0
7f83d5d54000-7f83d5d55000 r--p 00009000 08:03 6815927                    /lib/x86_64-linux-gnu/libjson-c.so.2.0.0
7f83d5d55000-7f83d5d56000 rw-p 0000a000 08:03 6815927                    /lib/x86_64-linux-gnu/libjson-c.so.2.0.0
7f83d5d56000-7f83d5da4000 r-xp 00000000 08:03 8129236                    /usr/lib/x86_64-linux-gnu/libpulse.so.0.19.0
7f83d5da4000-7f83d5fa4000 ---p 0004e000 08:03 8129236                    /usr/lib/x86_64-linux-gnu/libpulse.so.0.19.0
7f83d5fa4000-7f83d5fa5000 r--p 0004e000 08:03 8129236                    /usr/lib/x86_64-linux-gnu/libpulse.so.0.19.0
7f83d5fa5000-7f83d5fa6000 rw-p 0004f000 08:03 8129236                    /usr/lib/x86_64-linux-gnu/libpulse.so.0.19.0
7f83d5fac000-7f83d5fcc000 rw-s b00c0000 00:06 522                        /dev/nvidia0
7f83d5fcc000-7f83d5fd3000 r--s 00000000 08:03 8392999                    /usr/lib/x86_64-linux-gnu/gconv/gconv-modules.cache
7f83d5fd8000-7f83d5fda000 rw-s 00000000 08:03 3014682                    /tmp/.glGTlGNO (deleted)
7f83d5fda000-7f83d5fed000 rw-s 2552c000 00:06 521                        /dev/nvidiactl
7f83d5fed000-7f83d600d000 rw-s 24757000 00:06 521                        /dev/nvidiactl
7f83d600d000-7f83d604d000 rw-s 02be3000 00:06 521                        /dev/nvidiactl
7f83d604d000-7f83d6051000 r--s 00097000 08:03 8403247                    /usr/lib/jvm/java-8-oracle/jre/lib/jsse.jar
7f83d6052000-7f83d6053000 rw-s 2552b000 00:06 521                        /dev/nvidiactl
7f83d6053000-7f83d6057000 rw-s 25df7000 00:06 521                        /dev/nvidiactl
7f83d6057000-7f83d6058000 rw-s bfee4000 00:06 522                        /dev/nvidia0
7f83d6058000-7f83d6059000 rw-s bfee4000 00:06 522                        /dev/nvidia0
7f83d6079000-7f83d607a000 rw-s 25cc3000 00:06 521                        /dev/nvidiactl
7f83d607a000-7f83d607b000 rw-s c3060000 00:06 522                        /dev/nvidia0
7f83d607b000-7f83d608b000 rw-s 00000000 08:06 12332275                   /home2/tourneboeuf/.glvndwhHqGo (deleted)
7f83d608b000-7f83d609b000 r-xs 00000000 08:06 12332275                   /home2/tourneboeuf/.glvndwhHqGo (deleted)
7f83d609b000-7f83d609e000 ---p 00000000 00:00 0 
7f83d609e000-7f83d60d4000 rw-p 00000000 00:00 0 
7f83d60d4000-7f83d60d7000 ---p 00000000 00:00 0 
7f83d60d7000-7f83d61d5000 rw-p 00000000 00:00 0 
7f83d61d5000-7f83d61d6000 r--s 00002000 08:06 27525199                   /home2/tourneboeuf/.gradle/caches/modules-2/files-2.1/net.java.jinput/jinput-platform/2.0.5/53f9c919f34d2ca9de8c51fc4e1e8282029a9232/jinput-platform-2.0.5-natives-osx.jar
7f83d61d6000-7f83d61d7000 r--s 00025000 08:06 27525197                   /home2/tourneboeuf/.gradle/caches/modules-2/files-2.1/net.java.jinput/jinput-platform/2.0.5/385ee093e01f587f30ee1c8a2ee7d408fd732e16/jinput-platform-2.0.5-natives-windows.jar
7f83d61d7000-7f83d61d8000 r--s 00002000 08:06 27525195                   /home2/tourneboeuf/.gradle/caches/modules-2/files-2.1/net.java.jinput/jinput-platform/2.0.5/7ff832a6eb9ab6a767f1ade2b548092d0fa64795/jinput-platform-2.0.5-natives-linux.jar
7f83d61d8000-7f83d61d9000 r--s 00001000 08:06 27525193                   /home2/tourneboeuf/.gradle/caches/modules-2/files-2.1/net.java.jutils/jutils/1.0.0/e12fe1fda814bd348c1579329c86943d2cd3c6a6/jutils-1.0.0.jar
7f83d61d9000-7f83d62d2000 r-xp 00000000 08:03 8128572                    /usr/lib/x86_64-linux-gnu/libasound.so.2.0.0
7f83d62d2000-7f83d64d1000 ---p 000f9000 08:03 8128572                    /usr/lib/x86_64-linux-gnu/libasound.so.2.0.0
7f83d64d1000-7f83d64d8000 r--p 000f8000 08:03 8128572                    /usr/lib/x86_64-linux-gnu/libasound.so.2.0.0
7f83d64d8000-7f83d64d9000 rw-p 000ff000 08:03 8128572                    /usr/lib/x86_64-linux-gnu/libasound.so.2.0.0
7f83d64d9000-7f83d64dd000 r--s 0002f000 08:06 27525191                   /home2/tourneboeuf/.gradle/caches/modules-2/files-2.1/net.java.jinput/jinput/2.0.5/39c7796b469a600f72380316f6b1f11db6c2c7c4/jinput-2.0.5.jar
7f83d64dd000-7f83d64de000 r--s 00068000 08:06 27525189                   /home2/tourneboeuf/.gradle/caches/modules-2/files-2.1/org.lwjgl.lwjgl/lwjgl-platform/2.9.2/d55b46b40b40249d627a83a7f7f22649709d70c3/lwjgl-platform-2.9.2-natives-osx.jar
7f83d64de000-7f83d64df000 r--s 0008d000 08:06 27525187                   /home2/tourneboeuf/.gradle/caches/modules-2/files-2.1/org.lwjgl.lwjgl/lwjgl-platform/2.9.2/d276cdf61fe2b516c7b7f4aa1b8dea91dbdc8d56/lwjgl-platform-2.9.2-natives-linux.jar
7f83d64df000-7f83d64e1000 r--s 00017000 08:06 27525181                   /home2/tourneboeuf/.gradle/caches/modules-2/files-2.1/org.jcraft/jorbis/0.0.17/8872d22b293e8f5d7d56ff92be966e6dc28ebdc6/jorbis-0.0.17.jar
7f83d64e1000-7f83d64e5000 r--s 00027000 08:06 27525177                   /home2/tourneboeuf/.gradle/caches/modules-2/files-2.1/org.lwjgl.lwjgl/lwjgl_util/2.9.2/4b9e37300a87799856e0bd15ed81663cdb6b0947/lwjgl_util-2.9.2.jar
7f83d64e5000-7f83d64f3000 r--s 000f2000 08:06 27525175                   /home2/tourneboeuf/.gradle/caches/modules-2/files-2.1/org.lwjgl.lwjgl/lwjgl/2.9.2/a9d80fe5935c7a9149f6584d9777cfd471f65489/lwjgl-2.9.2.jar
7f83d64f3000-7f83d6506000 r--s 0013d000 08:06 19541782                   /home2/tourneboeuf/.gradle/caches/modules-2/files-2.1/com.badlogicgames.gdx/gdx-bullet/1.9.0/cf3f2fad3ea557f8d5aae924cc74f86cd7c10367/gdx-bullet-1.9.0.jar
7f83d6506000-7f83d6515000 r-xp 00000000 08:03 8537750                    /usr/lib/jvm/java-8-oracle/jre/lib/amd64/libjsoundalsa.so
7f83d6515000-7f83d6714000 ---p 0000f000 08:03 8537750                    /usr/lib/jvm/java-8-oracle/jre/lib/amd64/libjsoundalsa.so
7f83d6714000-7f83d6715000 rw-p 0000e000 08:03 8537750                    /usr/lib/jvm/java-8-oracle/jre/lib/amd64/libjsoundalsa.so
7f83d6715000-7f83d6716000 r-xp 00000000 08:03 8537787                    /usr/lib/jvm/java-8-oracle/jre/lib/amd64/libjsound.so
7f83d6716000-7f83d6915000 ---p 00001000 08:03 8537787                    /usr/lib/jvm/java-8-oracle/jre/lib/amd64/libjsound.so
7f83d6915000-7f83d6916000 rw-p 00000000 08:03 8537787                    /usr/lib/jvm/java-8-oracle/jre/lib/amd64/libjsound.so
7f83d6916000-7f83d6930000 r--s 001a6000 08:06 21496169                   /home2/tourneboeuf/.gradle/caches/modules-2/files-2.1/com.badlogicgames.gdx/gdx/1.9.0/a064f06e8692c8f7084cd0100529ed8285413ff5/gdx-1.9.0.jar
7f83d6930000-7f83d6931000 ---p 00000000 00:00 0 
7f83d6931000-7f83d6a31000 rw-p 00000000 00:00 0 
7f83d6a31000-7f83d6a34000 ---p 00000000 00:00 0 
7f83d6a34000-7f83d6b32000 rw-p 00000000 00:00 0 
7f83d6b32000-7f83d6b35000 ---p 00000000 00:00 0 
7f83d6b35000-7f83d6c33000 rw-p 00000000 00:00 0 
7f83d6c33000-7f83d6c36000 ---p 00000000 00:00 0 
7f83d6c36000-7f83d6d34000 rw-p 00000000 00:00 0 
7f83d6d34000-7f83d6d37000 ---p 00000000 00:00 0 
7f83d6d37000-7f83d6e35000 rw-p 00000000 00:00 0 
7f83d6e35000-7f83d6e38000 ---p 00000000 00:00 0 
7f83d6e38000-7f83d6f36000 rw-p 00000000 00:00 0 
7f83d6f36000-7f83d720f000 r--p 00000000 08:03 8129148                    /usr/lib/locale/locale-archive
7f83d720f000-7f83d7212000 ---p 00000000 00:00 0 
7f83d7212000-7f83d7310000 rw-p 00000000 00:00 0 
7f83d7310000-7f83d7313000 ---p 00000000 00:00 0 
7f83d7313000-7f83d7411000 rw-p 00000000 00:00 0 
7f83d7411000-7f83d7412000 ---p 00000000 00:00 0 
7f83d7412000-7f83dc000000 rw-p 00000000 00:00 0 
7f83dc000000-7f83dc021000 rw-p 00000000 00:00 0 
7f83dc021000-7f83e0000000 ---p 00000000 00:00 0 
7f83e0000000-7f83e0021000 rw-p 00000000 00:00 0 
7f83e0021000-7f83e4000000 ---p 00000000 00:00 0 
7f83e4000000-7f83e4021000 rw-p 00000000 00:00 0 
7f83e4021000-7f83e8000000 ---p 00000000 00:00 0 
7f83e8000000-7f83e8021000 rw-p 00000000 00:00 0 
7f83e8021000-7f83ec000000 ---p 00000000 00:00 0 
7f83ec000000-7f83ec001000 r--s 00095000 08:06 27525185                   /home2/tourneboeuf/.gradle/caches/modules-2/files-2.1/org.lwjgl.lwjgl/lwjgl-platform/2.9.2/510c7d317f5e9e700b9cfaac5fd38bdebf0702e0/lwjgl-platform-2.9.2-natives-windows.jar
7f83ec001000-7f83ec002000 r--s 00015000 08:06 27525179                   /home2/tourneboeuf/.gradle/caches/modules-2/files-2.1/com.badlogicgames.jlayer/jlayer/1.0.1-gdx/7cca83cec5c1b2f011362f4d85aabd71a73b049d/jlayer-1.0.1-gdx.jar
7f83ec002000-7f83ec004000 r--s 00002000 08:06 27263104                   /home2/tourneboeuf/.gradle/caches/modules-2/files-2.1/com.badlogicgames.gdx/gdx-controllers/1.9.0/f09e850dbc8bae56546979d6cff2dde58d054107/gdx-controllers-1.9.0.jar
7f83ec004000-7f83ec006000 r--s 00008000 08:06 22153397                   /home2/tourneboeuf/.gradle/caches/modules-2/files-2.1/com.badlogicgames.gdx/gdx-freetype/1.9.0/b03693d840ea49eac2e0ec5c2f61b9e91207ddc3/gdx-freetype-1.9.0.jar
7f83ec006000-7f83ec008000 r--s 00010000 08:06 19541780                   /home2/tourneboeuf/.gradle/caches/modules-2/files-2.1/com.badlogicgames.gdx/gdx-box2d/1.9.0/d7a6ba43a7007e30802638a8f0d7e23a2eb73415/gdx-box2d-1.9.0.jar
7f83ec008000-7f83ec24c000 rw-p 00000000 00:00 0 
7f83ec24c000-7f83ec424000 r--s 03d2a000 08:03 8403258                    /usr/lib/jvm/java-8-oracle/jre/lib/rt.jar
7f83ec424000-7f83ed000000 rw-p 00000000 00:00 0 
7f83ed000000-7f83ed590000 rwxp 00000000 00:00 0 
7f83ed590000-7f83fc000000 ---p 00000000 00:00 0 
7f83fc000000-7f83fc65c000 rw-p 00000000 00:00 0 
7f83fc65c000-7f8400000000 ---p 00000000 00:00 0 
7f8400000000-7f8400013000 r--s 00345000 08:03 8403212                    /usr/lib/jvm/java-8-oracle/jre/lib/resources.jar
7f8400013000-7f8400014000 r--s 00133000 08:06 27525234                   /home2/tourneboeuf/.gradle/caches/modules-2/files-2.1/com.badlogicgames.gdx/gdx-controllers-platform/1.9.0/33d246ded518ac230fee55d1750c1288d0d6203a/gdx-controllers-platform-1.9.0-natives-desktop.jar
7f8400014000-7f8400016000 r--s 00004000 08:06 27525232                   /home2/tourneboeuf/.gradle/caches/modules-2/files-2.1/com.badlogicgames.gdx/gdx-controllers-desktop/1.9.0/d86ac80aefa31ba44e6907522c19592f2524b41f/gdx-controllers-desktop-1.9.0.jar
7f8400016000-7f8400017000 r--s 0021a000 08:06 22153531                   /home2/tourneboeuf/.gradle/caches/modules-2/files-2.1/com.badlogicgames.gdx/gdx-freetype-platform/1.9.0/75b2c03f92ee1b88fc8698751dc55ccc2654f2f7/gdx-freetype-platform-1.9.0-natives-desktop.jar
7f8400017000-7f8400018000 r--s 00888000 08:06 19541786                   /home2/tourneboeuf/.gradle/caches/modules-2/files-2.1/com.badlogicgames.gdx/gdx-bullet-platform/1.9.0/b68f58c547124ad6b9517a38be250d7c4b023f1b/gdx-bullet-platform-1.9.0-natives-desktop.jar
7f8400018000-7f840001a000 r--s 000fa000 08:06 19541785                   /home2/tourneboeuf/.gradle/caches/modules-2/files-2.1/com.badlogicgames.gdx/gdx-box2d-platform/1.9.0/5e032d47a655fe0b2ea54ca530566b4c185aecc2/gdx-box2d-platform-1.9.0-natives-desktop.jar
7f840001a000-7f840001b000 r--s 000d4000 08:06 21496185                   /home2/tourneboeuf/.gradle/caches/modules-2/files-2.1/com.badlogicgames.gdx/gdx-platform/1.9.0/bd396a0e63ef2c54c0b0c88abdbb8a4e1944fa66/gdx-platform-1.9.0-natives-desktop.jar
7f840001b000-7f840001f000 r--s 00020000 08:06 21496183                   /home2/tourneboeuf/.gradle/caches/modules-2/files-2.1/com.badlogicgames.gdx/gdx-backend-lwjgl/1.9.0/aa4daf87fbd3f1beba8a3104a609fe122beefbac/gdx-backend-lwjgl-1.9.0.jar
7f840001f000-7f84000e4000 rw-p 00000000 00:00 0 
7f84000e4000-7f84000e5000 ---p 00000000 00:00 0 
7f84000e5000-7f84001e5000 rw-p 00000000 00:00 0 
7f84001e5000-7f84001e6000 ---p 00000000 00:00 0 
7f84001e6000-7f84002e6000 rw-p 00000000 00:00 0 
7f84002e6000-7f84002e7000 ---p 00000000 00:00 0 
7f84002e7000-7f84003e7000 rw-p 00000000 00:00 0 
7f84003e7000-7f84003e8000 ---p 00000000 00:00 0 
7f84003e8000-7f8400512000 rw-p 00000000 00:00 0 
7f8400512000-7f840077b000 ---p 00000000 00:00 0 
7f840077b000-7f84007a5000 rw-p 00000000 00:00 0 
7f84007a5000-7f8400a0d000 ---p 00000000 00:00 0 
7f8400a0d000-7f8400a32000 rw-p 00000000 00:00 0 
7f8400a32000-7f8400b57000 ---p 00000000 00:00 0 
7f8400b57000-7f8400b6f000 rw-p 00000000 00:00 0 
7f8400b6f000-7f8400f18000 ---p 00000000 00:00 0 
7f8400f18000-7f8400f32000 r-xp 00000000 08:03 8537738                    /usr/lib/jvm/java-8-oracle/jre/lib/amd64/libzip.so
7f8400f32000-7f8401132000 ---p 0001a000 08:03 8537738                    /usr/lib/jvm/java-8-oracle/jre/lib/amd64/libzip.so
7f8401132000-7f8401133000 rw-p 0001a000 08:03 8537738                    /usr/lib/jvm/java-8-oracle/jre/lib/amd64/libzip.so
7f8401133000-7f840113e000 r-xp 00000000 08:03 6826110                    /lib/x86_64-linux-gnu/libnss_files-2.23.so
7f840113e000-7f840133d000 ---p 0000b000 08:03 6826110                    /lib/x86_64-linux-gnu/libnss_files-2.23.so
7f840133d000-7f840133e000 r--p 0000a000 08:03 6826110                    /lib/x86_64-linux-gnu/libnss_files-2.23.so
7f840133e000-7f840133f000 rw-p 0000b000 08:03 6826110                    /lib/x86_64-linux-gnu/libnss_files-2.23.so
7f840133f000-7f8401345000 rw-p 00000000 00:00 0 
7f8401345000-7f8401350000 r-xp 00000000 08:03 6823662                    /lib/x86_64-linux-gnu/libnss_nis-2.23.so
7f8401350000-7f840154f000 ---p 0000b000 08:03 6823662                    /lib/x86_64-linux-gnu/libnss_nis-2.23.so
7f840154f000-7f8401550000 r--p 0000a000 08:03 6823662                    /lib/x86_64-linux-gnu/libnss_nis-2.23.so
7f8401550000-7f8401551000 rw-p 0000b000 08:03 6823662                    /lib/x86_64-linux-gnu/libnss_nis-2.23.so
7f8401551000-7f8401567000 r-xp 00000000 08:03 6826106                    /lib/x86_64-linux-gnu/libnsl-2.23.so
7f8401567000-7f8401766000 ---p 00016000 08:03 6826106                    /lib/x86_64-linux-gnu/libnsl-2.23.so
7f8401766000-7f8401767000 r--p 00015000 08:03 6826106                    /lib/x86_64-linux-gnu/libnsl-2.23.so
7f8401767000-7f8401768000 rw-p 00016000 08:03 6826106                    /lib/x86_64-linux-gnu/libnsl-2.23.so
7f8401768000-7f840176a000 rw-p 00000000 00:00 0 
7f840176a000-7f8401772000 r-xp 00000000 08:03 6826107                    /lib/x86_64-linux-gnu/libnss_compat-2.23.so
7f8401772000-7f8401971000 ---p 00008000 08:03 6826107                    /lib/x86_64-linux-gnu/libnss_compat-2.23.so
7f8401971000-7f8401972000 r--p 00007000 08:03 6826107                    /lib/x86_64-linux-gnu/libnss_compat-2.23.so
7f8401972000-7f8401973000 rw-p 00008000 08:03 6826107                    /lib/x86_64-linux-gnu/libnss_compat-2.23.so
7f8401973000-7f840199e000 r-xp 00000000 08:03 8537800                    /usr/lib/jvm/java-8-oracle/jre/lib/amd64/libjava.so
7f840199e000-7f8401b9d000 ---p 0002b000 08:03 8537800                    /usr/lib/jvm/java-8-oracle/jre/lib/amd64/libjava.so
7f8401b9d000-7f8401b9f000 rw-p 0002a000 08:03 8537800                    /usr/lib/jvm/java-8-oracle/jre/lib/amd64/libjava.so
7f8401b9f000-7f8401bac000 r-xp 00000000 08:03 8537773                    /usr/lib/jvm/java-8-oracle/jre/lib/amd64/libverify.so
7f8401bac000-7f8401dab000 ---p 0000d000 08:03 8537773                    /usr/lib/jvm/java-8-oracle/jre/lib/amd64/libverify.so
7f8401dab000-7f8401dad000 rw-p 0000c000 08:03 8537773                    /usr/lib/jvm/java-8-oracle/jre/lib/amd64/libverify.so
7f8401dad000-7f8401db4000 r-xp 00000000 08:03 6819944                    /lib/x86_64-linux-gnu/librt-2.23.so
7f8401db4000-7f8401fb3000 ---p 00007000 08:03 6819944                    /lib/x86_64-linux-gnu/librt-2.23.so
7f8401fb3000-7f8401fb4000 r--p 00006000 08:03 6819944                    /lib/x86_64-linux-gnu/librt-2.23.so
7f8401fb4000-7f8401fb5000 rw-p 00007000 08:03 6819944                    /lib/x86_64-linux-gnu/librt-2.23.so
7f8401fb5000-7f84020bd000 r-xp 00000000 08:03 6826104                    /lib/x86_64-linux-gnu/libm-2.23.so
7f84020bd000-7f84022bc000 ---p 00108000 08:03 6826104                    /lib/x86_64-linux-gnu/libm-2.23.so
7f84022bc000-7f84022bd000 r--p 00107000 08:03 6826104                    /lib/x86_64-linux-gnu/libm-2.23.so
7f84022bd000-7f84022be000 rw-p 00108000 08:03 6826104                    /lib/x86_64-linux-gnu/libm-2.23.so
7f84022be000-7f8402f8b000 r-xp 00000000 08:03 8537791                    /usr/lib/jvm/java-8-oracle/jre/lib/amd64/server/libjvm.so
7f8402f8b000-7f840318a000 ---p 00ccd000 08:03 8537791                    /usr/lib/jvm/java-8-oracle/jre/lib/amd64/server/libjvm.so
7f840318a000-7f8403263000 rw-p 00ccc000 08:03 8537791                    /usr/lib/jvm/java-8-oracle/jre/lib/amd64/server/libjvm.so
7f8403263000-7f84032ae000 rw-p 00000000 00:00 0 
7f84032ae000-7f840346d000 r-xp 00000000 08:03 6826086                    /lib/x86_64-linux-gnu/libc-2.23.so
7f840346d000-7f840366d000 ---p 001bf000 08:03 6826086                    /lib/x86_64-linux-gnu/libc-2.23.so
7f840366d000-7f8403671000 r--p 001bf000 08:03 6826086                    /lib/x86_64-linux-gnu/libc-2.23.so
7f8403671000-7f8403673000 rw-p 001c3000 08:03 6826086                    /lib/x86_64-linux-gnu/libc-2.23.so
7f8403673000-7f8403677000 rw-p 00000000 00:00 0 
7f8403677000-7f840367a000 r-xp 00000000 08:03 6826085                    /lib/x86_64-linux-gnu/libdl-2.23.so
7f840367a000-7f8403879000 ---p 00003000 08:03 6826085                    /lib/x86_64-linux-gnu/libdl-2.23.so
7f8403879000-7f840387a000 r--p 00002000 08:03 6826085                    /lib/x86_64-linux-gnu/libdl-2.23.so
7f840387a000-7f840387b000 rw-p 00003000 08:03 6826085                    /lib/x86_64-linux-gnu/libdl-2.23.so
7f840387b000-7f8403890000 r-xp 00000000 08:03 8397721                    /usr/lib/jvm/java-8-oracle/lib/amd64/jli/libjli.so
7f8403890000-7f8403a90000 ---p 00015000 08:03 8397721                    /usr/lib/jvm/java-8-oracle/lib/amd64/jli/libjli.so
7f8403a90000-7f8403a91000 rw-p 00015000 08:03 8397721                    /usr/lib/jvm/java-8-oracle/lib/amd64/jli/libjli.so
7f8403a91000-7f8403aa9000 r-xp 00000000 08:03 6826105                    /lib/x86_64-linux-gnu/libpthread-2.23.so
7f8403aa9000-7f8403ca8000 ---p 00018000 08:03 6826105                    /lib/x86_64-linux-gnu/libpthread-2.23.so
7f8403ca8000-7f8403ca9000 r--p 00017000 08:03 6826105                    /lib/x86_64-linux-gnu/libpthread-2.23.so
7f8403ca9000-7f8403caa000 rw-p 00018000 08:03 6826105                    /lib/x86_64-linux-gnu/libpthread-2.23.so
7f8403caa000-7f8403cae000 rw-p 00000000 00:00 0 
7f8403cae000-7f8403cd4000 r-xp 00000000 08:03 6819758                    /lib/x86_64-linux-gnu/ld-2.23.so
7f8403cd4000-7f8403d9f000 rw-p 00000000 00:00 0 
7f8403d9f000-7f8403da2000 ---p 00000000 00:00 0 
7f8403da2000-7f8403ea4000 rw-p 00000000 00:00 0 
7f8403ea4000-7f8403ea6000 r--s 00013000 08:06 18629781                   /home2/tourneboeuf/Software/Java/Libgdx/TaranFigthers/core/build/libs/core-1.0.jar
7f8403ea6000-7f8403ec7000 rw-p 00000000 00:00 0 
7f8403ec7000-7f8403ecf000 rw-s 00000000 08:03 3538989                    /tmp/hsperfdata_tourneboeuf/26684
7f8403ecf000-7f8403ed0000 rw-p 00000000 00:00 0 
7f8403ed0000-7f8403ed1000 r--p 00000000 00:00 0 
7f8403ed1000-7f8403ed3000 rw-p 00000000 00:00 0 
7f8403ed3000-7f8403ed4000 r--p 00025000 08:03 6819758                    /lib/x86_64-linux-gnu/ld-2.23.so
7f8403ed4000-7f8403ed5000 rw-p 00026000 08:03 6819758                    /lib/x86_64-linux-gnu/ld-2.23.so
7f8403ed5000-7f8403ed6000 rw-p 00000000 00:00 0 
7fff46b82000-7fff46ba5000 rw-p 00000000 00:00 0                          [stack]
7fff46bdc000-7fff46bde000 r--p 00000000 00:00 0                          [vvar]
7fff46bde000-7fff46be0000 r-xp 00000000 00:00 0                          [vdso]
ffffffffff600000-ffffffffff601000 r-xp 00000000 00:00 0                  [vsyscall]

VM Arguments:
jvm_args: -Dfile.encoding=UTF-8 -Duser.country=US -Duser.language=en -Duser.variant 
java_command: com.mygdx.taranfighters.desktop.DesktopLauncher
java_class_path (initial): /home2/tourneboeuf/Software/Java/Libgdx/TaranFigthers/desktop/build/classes/main:/home2/tourneboeuf/Software/Java/Libgdx/TaranFigthers/desktop/build/resources/main:/home2/tourneboeuf/Software/Java/Libgdx/TaranFigthers/core/build/libs/core-1.0.jar:/home2/tourneboeuf/.gradle/caches/modules-2/files-2.1/com.badlogicgames.gdx/gdx-backend-lwjgl/1.9.0/aa4daf87fbd3f1beba8a3104a609fe122beefbac/gdx-backend-lwjgl-1.9.0.jar:/home2/tourneboeuf/.gradle/caches/modules-2/files-2.1/com.badlogicgames.gdx/gdx-platform/1.9.0/bd396a0e63ef2c54c0b0c88abdbb8a4e1944fa66/gdx-platform-1.9.0-natives-desktop.jar:/home2/tourneboeuf/.gradle/caches/modules-2/files-2.1/com.badlogicgames.gdx/gdx-box2d-platform/1.9.0/5e032d47a655fe0b2ea54ca530566b4c185aecc2/gdx-box2d-platform-1.9.0-natives-desktop.jar:/home2/tourneboeuf/.gradle/caches/modules-2/files-2.1/com.badlogicgames.gdx/gdx-bullet-platform/1.9.0/b68f58c547124ad6b9517a38be250d7c4b023f1b/gdx-bullet-platform-1.9.0-natives-desktop.jar:/home2/tourneboeuf/.gradle/caches/modules-2/files-2.1/com.badlogicgames.gdx/gdx-freetype-platform/1.9.0/75b2c03f92ee1b88fc8698751dc55ccc2654f2f7/gdx-freetype-platform-1.9.0-natives-desktop.jar:/home2/tourneboeuf/.gradle/caches/modules-2/files-2.1/com.badlogicgames.gdx/gdx-controllers-desktop/1.9.0/d86ac80aefa31ba44e6907522c19592f2524b41f/gdx-controllers-desktop-1.9.0.jar:/home2/tourneboeuf/.gradle/caches/modules-2/files-2.1/com.badlogicgames.gdx/gdx-controllers-platform/1.9.0/33d246ded518ac230fee55d1750c1288d0d6203a/gdx-controllers-platform-1.9.0-natives-desktop.jar:/home2/tourneboeuf/.gradle/caches/modules-2/files-2.1/com.badlogicgames.gdx/gdx/1.9.0/a064f06e8692c8f7084cd0100529ed8285413ff5/gdx-1.9.0.jar:/home2/tourneboeuf/.gradle/caches/modules-2/files-2.1/com.badlogicgames.gdx/gdx-box2d/1.9.0/d7a6ba43a7007e30802638a8f0d7e23a2eb73415/gdx-box2d-1.9.0.jar:/home2/tourneboeuf/.gradle/caches/modules-2/files-2.1/com.badlogicgames.gdx/gdx-bullet/1.9.0/cf3f2fad3ea557f8d5aae924cc74f86cd7c10367/gdx
Launcher Type: SUN_STANDARD

Environment Variables:
JAVA_HOME=/usr/lib/jvm/java-8-oracle
PATH=/home2/tourneboeuf/Bin:/home2/tourneboeuf/Software/Android/SDK/android-sdk-linux/tools:/home2/tourneboeuf/Software/Android/SDK/android-sdk-linux/platform-tools:/usr/local/sbin:/usr/local/bin:/usr/sbin:/usr/bin:/sbin:/bin:/usr/games:/usr/local/games:/snap/bin:/usr/lib/jvm/java-8-oracle/bin:/usr/lib/jvm/java-8-oracle/db/bin:/usr/lib/jvm/java-8-oracle/jre/bin
SHELL=/bin/bash
DISPLAY=:0

Signal Handlers:
SIGSEGV: [libjvm.so+0xac64b0], sa_mask[0]=11111111011111111101111111111110, sa_flags=SA_RESTART|SA_SIGINFO
SIGBUS: [libjvm.so+0xac64b0], sa_mask[0]=11111111011111111101111111111110, sa_flags=SA_RESTART|SA_SIGINFO
SIGFPE: [libjvm.so+0x91f950], sa_mask[0]=11111111011111111101111111111110, sa_flags=SA_RESTART|SA_SIGINFO
SIGPIPE: [libjvm.so+0x91f950], sa_mask[0]=11111111011111111101111111111110, sa_flags=SA_RESTART|SA_SIGINFO
SIGXFSZ: [libjvm.so+0x91f950], sa_mask[0]=11111111011111111101111111111110, sa_flags=SA_RESTART|SA_SIGINFO
SIGILL: [libjvm.so+0x91f950], sa_mask[0]=11111111011111111101111111111110, sa_flags=SA_RESTART|SA_SIGINFO
SIGUSR1: SIG_DFL, sa_mask[0]=00000000000000000000000000000000, sa_flags=none
SIGUSR2: [libjvm.so+0x920f80], sa_mask[0]=00100000000000000000000000000000, sa_flags=SA_RESTART|SA_SIGINFO
SIGHUP: [libjvm.so+0x922380], sa_mask[0]=11111111011111111101111111111110, sa_flags=SA_RESTART|SA_SIGINFO
SIGINT: [libjvm.so+0x922380], sa_mask[0]=11111111011111111101111111111110, sa_flags=SA_RESTART|SA_SIGINFO
SIGTERM: [libjvm.so+0x922380], sa_mask[0]=11111111011111111101111111111110, sa_flags=SA_RESTART|SA_SIGINFO
SIGQUIT: [libjvm.so+0x922380], sa_mask[0]=11111111011111111101111111111110, sa_flags=SA_RESTART|SA_SIGINFO


---------------  S Y S T E M  ---------------

OS:DISTRIB_ID=Ubuntu
DISTRIB_RELEASE=16.04
DISTRIB_CODENAME=xenial
DISTRIB_DESCRIPTION="Ubuntu 16.04.1 LTS"

uname:Linux 4.4.0-59-generic #80-Ubuntu SMP Fri Jan 6 17:47:47 UTC 2017 x86_64
libc:glibc 2.23 NPTL 2.23 
rlimit: STACK 8192k, CORE 0k, NPROC 31427, NOFILE 65536, AS infinity
load average:0,40 0,37 0,52

/proc/meminfo:
MemTotal:        8092628 kB
MemFree:         1106476 kB
MemAvailable:    2918028 kB
Buffers:          253404 kB
Cached:          1747408 kB
SwapCached:            0 kB
Active:          5697640 kB
Inactive:         872856 kB
Active(anon):    4571624 kB
Inactive(anon):    45512 kB
Active(file):    1126016 kB
Inactive(file):   827344 kB
Unevictable:          32 kB
Mlocked:              32 kB
SwapTotal:      15624188 kB
SwapFree:       15624188 kB
Dirty:              1640 kB
Writeback:             0 kB
AnonPages:       4561676 kB
Mapped:           474396 kB
Shmem:             47460 kB
Slab:             207892 kB
SReclaimable:     163344 kB
SUnreclaim:        44548 kB
KernelStack:       13632 kB
PageTables:        49096 kB
NFS_Unstable:          0 kB
Bounce:                0 kB
WritebackTmp:          0 kB
CommitLimit:    19670500 kB
Committed_AS:   10118832 kB
VmallocTotal:   34359738367 kB
VmallocUsed:           0 kB
VmallocChunk:          0 kB
HardwareCorrupted:     0 kB
AnonHugePages:   2686976 kB
CmaTotal:              0 kB
CmaFree:               0 kB
HugePages_Total:       0
HugePages_Free:        0
HugePages_Rsvd:        0
HugePages_Surp:        0
Hugepagesize:       2048 kB
DirectMap4k:      323520 kB
DirectMap2M:     7983104 kB
DirectMap1G:     1048576 kB


CPU:total 4 (2 cores per cpu, 2 threads per core) family 6 model 61 stepping 4, cmov, cx8, fxsr, mmx, sse, sse2, sse3, ssse3, sse4.1, sse4.2, popcnt, avx, avx2, aes, clmul, erms, 3dnowpref, lzcnt, ht, tsc, tscinvbit, bmi1, bmi2, adx

/proc/cpuinfo:
processor	: 0
vendor_id	: GenuineIntel
cpu family	: 6
model		: 61
model name	: Intel(R) Core(TM) i5-5200U CPU @ 2.20GHz
stepping	: 4
microcode	: 0x13
cpu MHz		: 1785.781
cache size	: 3072 KB
physical id	: 0
siblings	: 4
core id		: 0
cpu cores	: 2
apicid		: 0
initial apicid	: 0
fpu		: yes
fpu_exception	: yes
cpuid level	: 20
wp		: yes
flags		: fpu vme de pse tsc msr pae mce cx8 apic sep mtrr pge mca cmov pat pse36 clflush dts acpi mmx fxsr sse sse2 ss ht tm pbe syscall nx pdpe1gb rdtscp lm constant_tsc arch_perfmon pebs bts rep_good nopl xtopology nonstop_tsc aperfmperf eagerfpu pni pclmulqdq dtes64 monitor ds_cpl vmx est tm2 ssse3 sdbg fma cx16 xtpr pdcm pcid sse4_1 sse4_2 x2apic movbe popcnt tsc_deadline_timer aes xsave avx f16c rdrand lahf_lm abm 3dnowprefetch epb intel_pt tpr_shadow vnmi flexpriority ept vpid fsgsbase tsc_adjust bmi1 avx2 smep bmi2 erms invpcid rdseed adx smap xsaveopt dtherm ida arat pln pts
bugs		:
bogomips	: 4389.55
clflush size	: 64
cache_alignment	: 64
address sizes	: 39 bits physical, 48 bits virtual
power management:

processor	: 1
vendor_id	: GenuineIntel
cpu family	: 6
model		: 61
model name	: Intel(R) Core(TM) i5-5200U CPU @ 2.20GHz
stepping	: 4
microcode	: 0x13
cpu MHz		: 1163.507
cache size	: 3072 KB
physical id	: 0
siblings	: 4
core id		: 1
cpu cores	: 2
apicid		: 2
initial apicid	: 2
fpu		: yes
fpu_exception	: yes
cpuid level	: 20
wp		: yes
flags		: fpu vme de pse tsc msr pae mce cx8 apic sep mtrr pge mca cmov pat pse36 clflush dts acpi mmx fxsr sse sse2 ss ht tm pbe syscall nx pdpe1gb rdtscp lm constant_tsc arch_perfmon pebs bts rep_good nopl xtopology nonstop_tsc aperfmperf eagerfpu pni pclmulqdq dtes64 monitor ds_cpl vmx est tm2 ssse3 sdbg fma cx16 xtpr pdcm pcid sse4_1 sse4_2 x2apic movbe popcnt tsc_deadline_timer aes xsave avx f16c rdrand lahf_lm abm 3dnowprefetch epb intel_pt tpr_shadow vnmi flexpriority ept vpid fsgsbase tsc_adjust bmi1 avx2 smep bmi2 erms invpcid rdseed adx smap xsaveopt dtherm ida arat pln pts
bugs		:
bogomips	: 4389.55
clflush size	: 64
cache_alignment	: 64
address sizes	: 39 bits physical, 48 bits virtual
power management:

processor	: 2
vendor_id	: GenuineIntel
cpu family	: 6
model		: 61
model name	: Intel(R) Core(TM) i5-5200U CPU @ 2.20GHz
stepping	: 4
microcode	: 0x13
cpu MHz		: 1433.695
cache size	: 3072 KB
physical id	: 0
siblings	: 4
core id		: 0
cpu cores	: 2
apicid		: 1
initial apicid	: 1
fpu		: yes
fpu_exception	: yes
cpuid level	: 20
wp		: yes
flags		: fpu vme de pse tsc msr pae mce cx8 apic sep mtrr pge mca cmov pat pse36 clflush dts acpi mmx fxsr sse sse2 ss ht tm pbe syscall nx pdpe1gb rdtscp lm constant_tsc arch_perfmon pebs bts rep_good nopl xtopology nonstop_tsc aperfmperf eagerfpu pni pclmulqdq dtes64 monitor ds_cpl vmx est tm2 ssse3 sdbg fma cx16 xtpr pdcm pcid sse4_1 sse4_2 x2apic movbe popcnt tsc_deadline_timer aes xsave avx f16c rdrand lahf_lm abm 3dnowprefetch epb intel_pt tpr_shadow vnmi flexpriority ept vpid fsgsbase tsc_adjust bmi1 avx2 smep bmi2 erms invpcid rdseed adx smap xsaveopt dtherm ida arat pln pts
bugs		:
bogomips	: 4389.55
clflush size	: 64
cache_alignment	: 64
address sizes	: 39 bits physical, 48 bits virtual
power management:

processor	: 3
vendor_id	: GenuineIntel
cpu family	: 6
model		: 61
model name	: Intel(R) Core(TM) i5-5200U CPU @ 2.20GHz
stepping	: 4
microcode	: 0x13
cpu MHz		: 1425.617
cache size	: 3072 KB
physical id	: 0
siblings	: 4
core id		: 1
cpu cores	: 2
apicid		: 3
initial apicid	: 3
fpu		: yes
fpu_exception	: yes
cpuid level	: 20
wp		: yes
flags		: fpu vme de pse tsc msr pae mce cx8 apic sep mtrr pge mca cmov pat pse36 clflush dts acpi mmx fxsr sse sse2 ss ht tm pbe syscall nx pdpe1gb rdtscp lm constant_tsc arch_perfmon pebs bts rep_good nopl xtopology nonstop_tsc aperfmperf eagerfpu pni pclmulqdq dtes64 monitor ds_cpl vmx est tm2 ssse3 sdbg fma cx16 xtpr pdcm pcid sse4_1 sse4_2 x2apic movbe popcnt tsc_deadline_timer aes xsave avx f16c rdrand lahf_lm abm 3dnowprefetch epb intel_pt tpr_shadow vnmi flexpriority ept vpid fsgsbase tsc_adjust bmi1 avx2 smep bmi2 erms invpcid rdseed adx smap xsaveopt dtherm ida arat pln pts
bugs		:
bogomips	: 4389.55
clflush size	: 64
cache_alignment	: 64
address sizes	: 39 bits physical, 48 bits virtual
power management:



Memory: 4k page, physical 8092628k(1106476k free), swap 15624188k(15624188k free)

vm_info: Java HotSpot(TM) 64-Bit Server VM (25.111-b14) for linux-amd64 JRE (1.8.0_111-b14), built on Sep 22 2016 16:14:03 by "java_re" with gcc 4.3.0 20080428 (Red Hat 4.3.0-8)

time: Wed Jan 25 21:29:12 2017
elapsed time: 6 seconds (0d 0h 0m 6s)

