#
# A fatal error has been detected by the Java Runtime Environment:
#
#  SIGSEGV (0xb) at pc=0x00007f2b01a4a082, pid=15437, tid=0x00007f2b0dd73700
#
# JRE version: Java(TM) SE Runtime Environment (8.0_111-b14) (build 1.8.0_111-b14)
# Java VM: Java HotSpot(TM) 64-Bit Server VM (25.111-b14 mixed mode linux-amd64 compressed oops)
# Problematic frame:
# C  [libgdx-box2d64.so+0x35082]  b2ContactManager::Collide()+0x52
#
# Failed to write core dump. Core dumps have been disabled. To enable core dumping, try "ulimit -c unlimited" before starting Java again
#
# If you would like to submit a bug report, please visit:
#   http://bugreport.java.com/bugreport/crash.jsp
# The crash happened outside the Java Virtual Machine in native code.
# See problematic frame for where to report the bug.
#

---------------  T H R E A D  ---------------

Current thread (0x00007f2b6c4a6000):  JavaThread "LWJGL Application" [_thread_in_native, id=15474, stack(0x00007f2b0dc73000,0x00007f2b0dd74000)]

siginfo: si_signo: 11 (SIGSEGV), si_code: 128 (SI_KERNEL), si_addr: 0x0000000000000000

Registers:
RAX=0x0000000000000000, RBX=0x00007f2ad4884e90, RCX=0x0000000000000007, RDX=0x00007f2b71f891f0
RSP=0x00007f2b0dd721b0, RBP=0x00007f2ad47bf610, RSI=0x00007f2b0c974eb8, RDI=0x00007f2b0dd71fe0
R8 =0x0000000000000000, R9 =0x0000000000000006, R10=0x0000000000000006, R11=0x00007f2b5d1bea20
R12=0xd486a6edf7cc30c3, R13=0x00007f2ad47bf620, R14=0x00007f2ad47bf980, R15=0x00007f2ad4817b70
RIP=0x00007f2b01a4a082, EFLAGS=0x0000000000010246, CSGSFS=0x0000000000000033, ERR=0x0000000000000000
  TRAPNO=0x000000000000000d

Top of Stack: (sp=0x00007f2b0dd721b0)
0x00007f2b0dd721b0:   00007f2b0dd72220 00007f2b0dd72210
0x00007f2b0dd721c0:   00007f2ad4817b70 00007f2ad47fe8d0
0x00007f2b0dd721d0:   00007f2b0dd72220 00007f2b0dd72210
0x00007f2b0dd721e0:   00007f2ad4817b70 0000000000000008
0x00007f2b0dd721f0:   00007f2b6c4a6000 00007f2b01a4e0e6
0x00007f2b0dd72200:   0000000040532f20 3c888889d4317fe0
0x00007f2b0dd72210:   000000005887be34 000000000002dae3
0x00007f2b0dd72220:   000000005887be34 000000000002dae3
0x00007f2b0dd72230:   426fffff3c888889 000000083f800000
0x00007f2b0dd72240:   00007f0100000003 00007f2ad410c6e0
0x00007f2b0dd72250:   00007f2ad47fe8d0 0000000000000008
0x00007f2b0dd72260:   0000000000000003 00007f2b0c973210
0x00007f2b0dd72270:   00007f2b0dd723b0 00007f2b01a527d7
0x00007f2b0dd72280:   00007f2ad4142720 3c888889d410c6d0
0x00007f2b0dd72290:   00007f2b01c61af0 00007f2b6c4a61f8
0x00007f2b0dd722a0:   00007f2b0dd723b0 00007f2ad4317fe0
0x00007f2b0dd722b0:   00007f2b01c61b30 00007f2b6c4a61f8
0x00007f2b0dd722c0:   00007f2b0dd723b0 00007f2b48591090
0x00007f2b0dd722d0:   00007f2b0c973210 00007f2b0dd72368
0x00007f2b0dd722e0:   0000000000000000 00007f2b5cbeaa34
0x00007f2b0dd722f0:   00007f2b5b929370 00007f2b0c9f5d40
0x00007f2b0dd72300:   00007f2b0dd72388 0000000000000000
0x00007f2b0dd72310:   0000000000000000 00007f2b0dd723b8
0x00007f2b0dd72320:   0000000000000000 00007f2b0dd72328
0x00007f2b0dd72330:   0000000000000000 00007f2b0dd723b0
0x00007f2b0dd72340:   00007f2b0c984028 0000000000000000
0x00007f2b0dd72350:   00007f2b0c973210 0000000000000000
0x00007f2b0dd72360:   00007f2b0dd723c0 00007f2b0dd72640
0x00007f2b0dd72370:   00007f2b5d1d94ec 0000000000000000
0x00007f2b0dd72380:   00007f2b5cbe4538 00007f2b00000003
0x00007f2b0dd72390:   00007f2b00000008 000000003c888889
0x00007f2b0dd723a0:   00007f2ad47fe8d0 00007f2b0d51bc00 

Instructions: (pc=0x00007f2b01a4a082)
0x00007f2b01a4a062:   43 74 49 8b 6d 10 4d 8b 66 10 0f 85 f6 00 00 00
0x00007f2b01a4a072:   31 c0 f6 45 04 02 74 08 8b 75 00 85 f6 0f 95 c0
0x00007f2b01a4a082:   41 f6 44 24 04 02 0f 84 c2 00 00 00 41 8b 14 24
0x00007f2b01a4a092:   85 d2 0f 84 b6 00 00 00 48 63 d1 49 63 c0 48 c1 

Register to memory mapping:

RAX=0x0000000000000000 is an unknown value
RBX=0x00007f2ad4884e90 is an unknown value
RCX=0x0000000000000007 is an unknown value
RDX=0x00007f2b71f891f0: <offset 0xfbf1f0> in /usr/lib/jvm/java-8-oracle/jre/lib/amd64/server/libjvm.so at 0x00007f2b70fca000
RSP=0x00007f2b0dd721b0 is pointing into the stack for thread: 0x00007f2b6c4a6000
RBP=0x00007f2ad47bf610 is an unknown value
RSI={method} {0x00007f2b0c974eb8} 'preSolve' '(JJ)V' in 'com/badlogic/gdx/physics/box2d/World'
RDI=0x00007f2b0dd71fe0 is pointing into the stack for thread: 0x00007f2b6c4a6000
R8 =0x0000000000000000 is an unknown value
R9 =0x0000000000000006 is an unknown value
R10=0x0000000000000006 is an unknown value
R11=0x00007f2b5d1bea20 is at entry_point+32 in (nmethod*)0x00007f2b5d1be890
R12=0xd486a6edf7cc30c3 is an unknown value
R13=0x00007f2ad47bf620 is an unknown value
R14=0x00007f2ad47bf980 is an unknown value
R15=0x00007f2ad4817b70 is an unknown value


Stack: [0x00007f2b0dc73000,0x00007f2b0dd74000],  sp=0x00007f2b0dd721b0,  free space=1020k
Native frames: (J=compiled Java code, j=interpreted, Vv=VM code, C=native code)
C  [libgdx-box2d64.so+0x35082]  b2ContactManager::Collide()+0x52

Java frames: (J=compiled Java code, j=interpreted, Vv=VM code)
j  com.badlogic.gdx.physics.box2d.World.jniStep(JFII)V+0
J 1640 C1 com.mygdx.taranfighters.TaranScreen.render(F)V (374 bytes) @ 0x00007f2b5d1d94ec [0x00007f2b5d1d8320+0x11cc]
J 1639 C1 com.mygdx.taranfighters.PlatformScreen.render(F)V (38 bytes) @ 0x00007f2b5d1d3764 [0x00007f2b5d1d36e0+0x84]
j  com.mygdx.taranfighters.MainGdx.render()V+12
j  com.badlogic.gdx.backends.lwjgl.LwjglApplication.mainLoop()V+698
j  com.badlogic.gdx.backends.lwjgl.LwjglApplication$1.run()V+27
v  ~StubRoutines::call_stub

---------------  P R O C E S S  ---------------

Java Threads: ( => current thread )
  0x00007f2ad483e800 JavaThread "Timer" daemon [_thread_blocked, id=15480, stack(0x00007f2b0c0a3000,0x00007f2b0c1a4000)]
  0x00007f2ad401c000 JavaThread "process reaper" daemon [_thread_blocked, id=15476, stack(0x00007f2b58092000,0x00007f2b580cb000)]
  0x00007f2b6c00c000 JavaThread "DestroyJavaVM" [_thread_blocked, id=15442, stack(0x00007f2b72aab000,0x00007f2b72bac000)]
=>0x00007f2b6c4a6000 JavaThread "LWJGL Application" [_thread_in_native, id=15474, stack(0x00007f2b0dc73000,0x00007f2b0dd74000)]
  0x00007f2b6c409000 JavaThread "AWT-XAWT" daemon [_thread_in_native, id=15470, stack(0x00007f2b0f154000,0x00007f2b0f255000)]
  0x00007f2b6c3e7800 JavaThread "Java2D Disposer" daemon [_thread_blocked, id=15469, stack(0x00007f2b0f665000,0x00007f2b0f766000)]
  0x00007f2b6c325800 JavaThread "Thread-4" daemon [_thread_blocked, id=15468, stack(0x00007f2b4925c000,0x00007f2b4935d000)]
  0x00007f2b6c323800 JavaThread "Thread-3" daemon [_thread_blocked, id=15467, stack(0x00007f2b4935d000,0x00007f2b4945e000)]
  0x00007f2b6c31b800 JavaThread "Java Sound Event Dispatcher" daemon [_thread_blocked, id=15465, stack(0x00007f2b58a9f000,0x00007f2b58ba0000)]
  0x00007f2b6c2b5000 JavaThread "Timer-0" daemon [_thread_blocked, id=15456, stack(0x00007f2b58ba0000,0x00007f2b58ca1000)]
  0x00007f2b6c0c3000 JavaThread "Service Thread" daemon [_thread_blocked, id=15454, stack(0x00007f2b59522000,0x00007f2b59623000)]
  0x00007f2b6c0c0800 JavaThread "C1 CompilerThread2" daemon [_thread_blocked, id=15453, stack(0x00007f2b59623000,0x00007f2b59724000)]
  0x00007f2b6c0be800 JavaThread "C2 CompilerThread1" daemon [_thread_blocked, id=15452, stack(0x00007f2b59724000,0x00007f2b59825000)]
  0x00007f2b6c0bb800 JavaThread "C2 CompilerThread0" daemon [_thread_blocked, id=15451, stack(0x00007f2b59825000,0x00007f2b59926000)]
  0x00007f2b6c0ba000 JavaThread "Signal Dispatcher" daemon [_thread_blocked, id=15450, stack(0x00007f2b59926000,0x00007f2b59a27000)]
  0x00007f2b6c086000 JavaThread "Finalizer" daemon [_thread_blocked, id=15449, stack(0x00007f2b59d00000,0x00007f2b59e01000)]
  0x00007f2b6c081800 JavaThread "Reference Handler" daemon [_thread_blocked, id=15448, stack(0x00007f2b59e01000,0x00007f2b59f02000)]

Other Threads:
  0x00007f2b6c079800 VMThread [stack: 0x00007f2b59f02000,0x00007f2b5a003000] [id=15447]
  0x00007f2b6c0c6000 WatcherThread [stack: 0x00007f2b59421000,0x00007f2b59522000] [id=15455]

VM state:not at safepoint (normal execution)

VM Mutex/Monitor currently owned by a thread: None

Heap:
 PSYoungGen      total 36864K, used 29142K [0x00000000d6d80000, 0x00000000db580000, 0x0000000100000000)
  eden space 31744K, 75% used [0x00000000d6d80000,0x00000000d84fc538,0x00000000d8c80000)
  from space 5120K, 99% used [0x00000000d8c80000,0x00000000d91792e8,0x00000000d9180000)
  to   space 5120K, 0% used [0x00000000db080000,0x00000000db080000,0x00000000db580000)
 ParOldGen       total 84992K, used 2560K [0x0000000084800000, 0x0000000089b00000, 0x00000000d6d80000)
  object space 84992K, 3% used [0x0000000084800000,0x0000000084a80338,0x0000000089b00000)
 Metaspace       used 14390K, capacity 14609K, committed 14976K, reserved 1062912K
  class space    used 1465K, capacity 1549K, committed 1664K, reserved 1048576K

Card table byte_map: [0x00007f2b5c436000,0x00007f2b5c813000] byte_map_base: 0x00007f2b5c012000

Marking Bits: (ParMarkBitMap*) 0x00007f2b71f8d220
 Begin Bits: [0x00007f2b50240000, 0x00007f2b52120000)
 End Bits:   [0x00007f2b52120000, 0x00007f2b54000000)

Polling page: 0x00007f2b72bdc000

CodeCache: size=245760Kb used=6175Kb max_used=6179Kb free=239584Kb
 bounds [0x00007f2b5cbd3000, 0x00007f2b5d1f3000, 0x00007f2b6bbd3000]
 total_blobs=2300 nmethods=1653 adapters=561
 compilation: enabled

Compilation events (10 events):
Event: 8,033 Thread 0x00007f2b6c0c0800 1649       1       com.badlogic.gdx.graphics.glutils.FileTextureData::isManaged (2 bytes)
Event: 8,033 Thread 0x00007f2b6c0c0800 nmethod 1649 0x00007f2b5d1d0010 code [0x00007f2b5d1d0160, 0x00007f2b5d1d0270]
Event: 8,039 Thread 0x00007f2b6c0c0800 1650       1       java.lang.Boolean::booleanValue (5 bytes)
Event: 8,039 Thread 0x00007f2b6c0c0800 nmethod 1650 0x00007f2b5d1cfd50 code [0x00007f2b5d1cfea0, 0x00007f2b5d1cffb0]
Event: 8,039 Thread 0x00007f2b6c0be800 1651       4       java.nio.charset.CoderResult::isUnderflow (13 bytes)
Event: 8,039 Thread 0x00007f2b6c0be800 nmethod 1651 0x00007f2b5d11ee50 code [0x00007f2b5d11efa0, 0x00007f2b5d11f018]
Event: 8,040 Thread 0x00007f2b6c0c0800 1652       3       java.net.URLClassLoader::isSealed (72 bytes)
Event: 8,041 Thread 0x00007f2b6c0c0800 nmethod 1652 0x00007f2b5d1e2610 code [0x00007f2b5d1e2840, 0x00007f2b5d1e33d8]
Event: 8,148 Thread 0x00007f2b6c0c0800 1653       3       java.lang.Enum::<init> (15 bytes)
Event: 8,148 Thread 0x00007f2b6c0c0800 nmethod 1653 0x00007f2b5d1cf950 code [0x00007f2b5d1cfac0, 0x00007f2b5d1cfc90]

GC Heap History (2 events):
Event: 0,981 GC heap before
{Heap before GC invocations=1 (full 0):
 PSYoungGen      total 36864K, used 31744K [0x00000000d6d80000, 0x00000000d9680000, 0x0000000100000000)
  eden space 31744K, 100% used [0x00000000d6d80000,0x00000000d8c80000,0x00000000d8c80000)
  from space 5120K, 0% used [0x00000000d9180000,0x00000000d9180000,0x00000000d9680000)
  to   space 5120K, 0% used [0x00000000d8c80000,0x00000000d8c80000,0x00000000d9180000)
 ParOldGen       total 84992K, used 0K [0x0000000084800000, 0x0000000089b00000, 0x00000000d6d80000)
  object space 84992K, 0% used [0x0000000084800000,0x0000000084800000,0x0000000089b00000)
 Metaspace       used 11617K, capacity 11789K, committed 12160K, reserved 1060864K
  class space    used 1224K, capacity 1291K, committed 1408K, reserved 1048576K
Event: 1,004 GC heap after
Heap after GC invocations=1 (full 0):
 PSYoungGen      total 36864K, used 5092K [0x00000000d6d80000, 0x00000000db580000, 0x0000000100000000)
  eden space 31744K, 0% used [0x00000000d6d80000,0x00000000d6d80000,0x00000000d8c80000)
  from space 5120K, 99% used [0x00000000d8c80000,0x00000000d91792e8,0x00000000d9180000)
  to   space 5120K, 0% used [0x00000000db080000,0x00000000db080000,0x00000000db580000)
 ParOldGen       total 84992K, used 2560K [0x0000000084800000, 0x0000000089b00000, 0x00000000d6d80000)
  object space 84992K, 3% used [0x0000000084800000,0x0000000084a80338,0x0000000089b00000)
 Metaspace       used 11617K, capacity 11789K, committed 12160K, reserved 1060864K
  class space    used 1224K, capacity 1291K, committed 1408K, reserved 1048576K
}

Deoptimization events (10 events):
Event: 2,959 Thread 0x00007f2b6c4a6000 Uncommon trap: reason=unstable_if action=reinterpret pc=0x00007f2b5d04a9b4 method=com.badlogic.gdx.utils.SnapshotArray.modified()V @ 4
Event: 2,964 Thread 0x00007f2b6c4a6000 Uncommon trap: reason=unstable_if action=reinterpret pc=0x00007f2b5d0663ac method=com.badlogic.gdx.utils.SnapshotArray.end()V @ 30
Event: 3,223 Thread 0x00007f2b6c4a6000 Uncommon trap: reason=unstable_if action=reinterpret pc=0x00007f2b5d04ea3c method=javazoom.jl.decoder.LayerIIIDecoder.antialias(II)V @ 21
Event: 3,223 Thread 0x00007f2b6c4a6000 Uncommon trap: reason=unstable_if action=reinterpret pc=0x00007f2b5d04519c method=javazoom.jl.decoder.LayerIIIDecoder.inv_mdct([F[FI)V @ 56
Event: 3,851 Thread 0x00007f2b6c4a6000 Uncommon trap: reason=unstable_if action=reinterpret pc=0x00007f2b5d009c80 method=javazoom.jl.decoder.BitReserve.hgetbits(I)I @ 22
Event: 4,265 Thread 0x00007f2b6c4a6000 Uncommon trap: reason=unstable_if action=reinterpret pc=0x00007f2b5d129fa0 method=javazoom.jl.decoder.LayerIIIDecoder.decode()V @ 150
Event: 4,782 Thread 0x00007f2b6c4a6000 Uncommon trap: reason=array_check action=maybe_recompile pc=0x00007f2b5d0fdbac method=com.badlogic.gdx.utils.Array.add(Ljava/lang/Object;)V @ 46
Event: 5,465 Thread 0x00007f2b6c4a6000 Uncommon trap: reason=array_check action=maybe_recompile pc=0x00007f2b5d0fdbac method=com.badlogic.gdx.utils.Array.add(Ljava/lang/Object;)V @ 46
Event: 6,282 Thread 0x00007f2b6c4a6000 Uncommon trap: reason=array_check action=maybe_recompile pc=0x00007f2b5d0fdbac method=com.badlogic.gdx.utils.Array.add(Ljava/lang/Object;)V @ 46
Event: 7,015 Thread 0x00007f2b6c4a6000 Uncommon trap: reason=array_check action=maybe_recompile pc=0x00007f2b5d0fdbac method=com.badlogic.gdx.utils.Array.add(Ljava/lang/Object;)V @ 46

Internal exceptions (10 events):
Event: 0,494 Thread 0x00007f2b6c00c000 Exception <a 'java/security/PrivilegedActionException'> (0x00000000d8188608) thrown at [/HUDSON3/workspace/8-2-build-linux-amd64/jdk8u111/7883/hotspot/src/share/vm/prims/jvm.cpp, line 1386]
Event: 0,494 Thread 0x00007f2b6c00c000 Exception <a 'java/security/PrivilegedActionException'> (0x00000000d818a330) thrown at [/HUDSON3/workspace/8-2-build-linux-amd64/jdk8u111/7883/hotspot/src/share/vm/prims/jvm.cpp, line 1386]
Event: 0,494 Thread 0x00007f2b6c00c000 Exception <a 'java/security/PrivilegedActionException'> (0x00000000d818af88) thrown at [/HUDSON3/workspace/8-2-build-linux-amd64/jdk8u111/7883/hotspot/src/share/vm/prims/jvm.cpp, line 1386]
Event: 0,494 Thread 0x00007f2b6c00c000 Exception <a 'java/security/PrivilegedActionException'> (0x00000000d818bbb0) thrown at [/HUDSON3/workspace/8-2-build-linux-amd64/jdk8u111/7883/hotspot/src/share/vm/prims/jvm.cpp, line 1386]
Event: 0,494 Thread 0x00007f2b6c00c000 Exception <a 'java/security/PrivilegedActionException'> (0x00000000d818d728) thrown at [/HUDSON3/workspace/8-2-build-linux-amd64/jdk8u111/7883/hotspot/src/share/vm/prims/jvm.cpp, line 1386]
Event: 0,494 Thread 0x00007f2b6c00c000 Exception <a 'java/security/PrivilegedActionException'> (0x00000000d818e380) thrown at [/HUDSON3/workspace/8-2-build-linux-amd64/jdk8u111/7883/hotspot/src/share/vm/prims/jvm.cpp, line 1386]
Event: 0,494 Thread 0x00007f2b6c00c000 Exception <a 'java/security/PrivilegedActionException'> (0x00000000d818efa8) thrown at [/HUDSON3/workspace/8-2-build-linux-amd64/jdk8u111/7883/hotspot/src/share/vm/prims/jvm.cpp, line 1386]
Event: 0,570 Thread 0x00007f2b6c4a6000 Exception <a 'java/lang/NoClassDefFoundError': org/lwjgl/opengles/GLContext> (0x00000000d855b5d0) thrown at [/HUDSON3/workspace/8-2-build-linux-amd64/jdk8u111/7883/hotspot/src/share/vm/classfile/systemDictionary.cpp, line 199]
Event: 0,919 Thread 0x00007f2b6c4a6000 Exception <a 'java/lang/ArrayIndexOutOfBoundsException': 18> (0x00000000d8a29dc0) thrown at [/HUDSON3/workspace/8-2-build-linux-amd64/jdk8u111/7883/hotspot/src/share/vm/interpreter/interpreterRuntime.cpp, line 366]
Event: 0,919 Thread 0x00007f2b6c4a6000 Exception <a 'java/lang/ArrayIndexOutOfBoundsException': 139> (0x00000000d8a2b8d0) thrown at [/HUDSON3/workspace/8-2-build-linux-amd64/jdk8u111/7883/hotspot/src/share/vm/interpreter/interpreterRuntime.cpp, line 366]

Events (10 events):
Event: 8,039 loading class com/badlogic/gdx/utils/Sort
Event: 8,039 loading class com/badlogic/gdx/utils/Sort done
Event: 8,039 loading class com/badlogic/gdx/utils/TimSort
Event: 8,039 loading class com/badlogic/gdx/utils/TimSort done
Event: 8,040 loading class com/badlogic/gdx/utils/ObjectSet
Event: 8,040 loading class com/badlogic/gdx/utils/ObjectSet done
Event: 8,147 loading class com/badlogic/gdx/graphics/g2d/Animation
Event: 8,147 loading class com/badlogic/gdx/graphics/g2d/Animation done
Event: 8,148 loading class com/badlogic/gdx/graphics/g2d/Animation$PlayMode
Event: 8,148 loading class com/badlogic/gdx/graphics/g2d/Animation$PlayMode done


Dynamic libraries:
00400000-00401000 r-xp 00000000 08:03 8260065                            /usr/lib/jvm/java-8-oracle/bin/java
00600000-00601000 rw-p 00000000 08:03 8260065                            /usr/lib/jvm/java-8-oracle/bin/java
02297000-022b8000 rw-p 00000000 00:00 0                                  [heap]
404ae000-4054e000 rw-p 00000000 00:00 0 
41dd2000-41dd4000 r-xs 00000000 08:03 3014688                            /tmp/.glYwvNPW (deleted)
84800000-89b00000 rw-p 00000000 00:00 0 
89b00000-d6d80000 ---p 00000000 00:00 0 
d6d80000-db580000 rw-p 00000000 00:00 0 
db580000-100000000 ---p 00000000 00:00 0 
100000000-1001a0000 rw-p 00000000 00:00 0 
1001a0000-140000000 ---p 00000000 00:00 0 
7f2ac4000000-7f2ac7366000 rw-p 00000000 00:00 0 
7f2ac7366000-7f2ac8000000 ---p 00000000 00:00 0 
7f2acc000000-7f2acc021000 rw-p 00000000 00:00 0 
7f2acc021000-7f2ad0000000 ---p 00000000 00:00 0 
7f2ad4000000-7f2ad7e98000 rw-p 00000000 00:00 0 
7f2ad7e98000-7f2ad8000000 ---p 00000000 00:00 0 
7f2ad8000000-7f2ad8021000 rw-p 00000000 00:00 0 
7f2ad8021000-7f2adc000000 ---p 00000000 00:00 0 
7f2adc000000-7f2adc021000 rw-p 00000000 00:00 0 
7f2adc021000-7f2ae0000000 ---p 00000000 00:00 0 
7f2ae3ffe000-7f2ae7fff000 rw-s 00000000 00:15 13                         /dev/shm/pulse-shm-948606321
7f2ae7fff000-7f2aec000000 rw-s 00000000 00:15 7                          /dev/shm/pulse-shm-399912323
7f2aec000000-7f2aec025000 rw-p 00000000 00:00 0 
7f2aec025000-7f2af0000000 ---p 00000000 00:00 0 
7f2af0000000-7f2af0021000 rw-p 00000000 00:00 0 
7f2af0021000-7f2af4000000 ---p 00000000 00:00 0 
7f2af4000000-7f2af4021000 rw-p 00000000 00:00 0 
7f2af4021000-7f2af8000000 ---p 00000000 00:00 0 
7f2af8000000-7f2af8021000 rw-p 00000000 00:00 0 
7f2af8021000-7f2afc000000 ---p 00000000 00:00 0 
7f2afc000000-7f2afc021000 rw-p 00000000 00:00 0 
7f2afc021000-7f2b00000000 ---p 00000000 00:00 0 
7f2b008ec000-7f2b00cec000 rw-s 95526000 00:06 588                        /dev/nvidiactl
7f2b00cec000-7f2b010ec000 rw-s 101c91000 00:06 588                       /dev/nvidiactl
7f2b01415000-7f2b01815000 rw-s 101d1e000 00:06 588                       /dev/nvidiactl
7f2b01815000-7f2b01915000 rw-p 00000000 00:00 0 
7f2b01915000-7f2b01a15000 ---p 00000000 00:00 0 
7f2b01a15000-7f2b01a61000 r-xp 00000000 08:03 3538982                    /tmp/libgdxtourneboeuf/72da4579/libgdx-box2d64.so
7f2b01a61000-7f2b01c60000 ---p 0004c000 08:03 3538982                    /tmp/libgdxtourneboeuf/72da4579/libgdx-box2d64.so
7f2b01c60000-7f2b01c62000 r--p 0004b000 08:03 3538982                    /tmp/libgdxtourneboeuf/72da4579/libgdx-box2d64.so
7f2b01c62000-7f2b01c63000 rw-p 0004d000 08:03 3538982                    /tmp/libgdxtourneboeuf/72da4579/libgdx-box2d64.so
7f2b01c63000-7f2b01e63000 rw-s 08ece000 00:06 588                        /dev/nvidiactl
7f2b01e63000-7f2b02263000 rw-s 122891000 00:06 588                       /dev/nvidiactl
7f2b02263000-7f2b03620000 r-xp 00000000 08:03 8163350                    /usr/lib/nvidia-370/libnvidia-glcore.so.370.28
7f2b03620000-7f2b03640000 rwxp 013bd000 08:03 8163350                    /usr/lib/nvidia-370/libnvidia-glcore.so.370.28
7f2b03640000-7f2b03a08000 r-xp 013dd000 08:03 8163350                    /usr/lib/nvidia-370/libnvidia-glcore.so.370.28
7f2b03a08000-7f2b03c07000 ---p 017a5000 08:03 8163350                    /usr/lib/nvidia-370/libnvidia-glcore.so.370.28
7f2b03c07000-7f2b03fe7000 rw-p 017a4000 08:03 8163350                    /usr/lib/nvidia-370/libnvidia-glcore.so.370.28
7f2b03fe7000-7f2b03fff000 rw-p 00000000 00:00 0 
7f2b03fff000-7f2b08000000 rw-s 00000000 00:15 13                         /dev/shm/pulse-shm-948606321
7f2b08000000-7f2b08021000 rw-p 00000000 00:00 0 
7f2b08021000-7f2b0c000000 ---p 00000000 00:00 0 
7f2b0c0a3000-7f2b0c0a6000 ---p 00000000 00:00 0 
7f2b0c0a6000-7f2b0c1a4000 rw-p 00000000 00:00 0 
7f2b0c1a4000-7f2b0c5a4000 rw-s 345de000 00:06 588                        /dev/nvidiactl
7f2b0c5a4000-7f2b0c7a4000 rw-s 138a0e000 00:06 588                       /dev/nvidiactl
7f2b0c7a4000-7f2b0c9a4000 rw-p 00000000 00:00 0 
7f2b0c9a4000-7f2b0cba4000 rw-p 00000000 00:00 0 
7f2b0cba4000-7f2b0cc24000 rw-s 1096f1000 00:06 588                       /dev/nvidiactl
7f2b0cca4000-7f2b0cd24000 rw-s 101cf9000 00:06 588                       /dev/nvidiactl
7f2b0ce24000-7f2b0ce44000 rw-s b00c0000 00:06 589                        /dev/nvidia0
7f2b0ce44000-7f2b0ce84000 rw-s 1389f2000 00:06 588                       /dev/nvidiactl
7f2b0ce84000-7f2b0cf88000 rw-s 2500f6000 00:06 588                       /dev/nvidiactl
7f2b0cf88000-7f2b0cf8b000 r-xp 00000000 08:03 8163336                    /usr/lib/nvidia-370/tls/libnvidia-tls.so.370.28
7f2b0cf8b000-7f2b0d18b000 ---p 00003000 08:03 8163336                    /usr/lib/nvidia-370/tls/libnvidia-tls.so.370.28
7f2b0d18b000-7f2b0d18c000 rw-p 00003000 08:03 8163336                    /usr/lib/nvidia-370/tls/libnvidia-tls.so.370.28
7f2b0d18c000-7f2b0d255000 r-xp 00000000 08:03 8163354                    /usr/lib/nvidia-370/libGLX_nvidia.so.370.28
7f2b0d255000-7f2b0d289000 rwxp 000c9000 08:03 8163354                    /usr/lib/nvidia-370/libGLX_nvidia.so.370.28
7f2b0d289000-7f2b0d29c000 r-xp 000fd000 08:03 8163354                    /usr/lib/nvidia-370/libGLX_nvidia.so.370.28
7f2b0d29c000-7f2b0d49c000 ---p 00110000 08:03 8163354                    /usr/lib/nvidia-370/libGLX_nvidia.so.370.28
7f2b0d49c000-7f2b0d4c4000 rw-p 00110000 08:03 8163354                    /usr/lib/nvidia-370/libGLX_nvidia.so.370.28
7f2b0d4c4000-7f2b0d4cb000 rw-p 00000000 00:00 0 
7f2b0d4cb000-7f2b0d519000 r-xp 00000000 08:03 8163349                    /usr/lib/nvidia-370/libGLdispatch.so.0
7f2b0d519000-7f2b0d54b000 r-xp 0004e000 08:03 8163349                    /usr/lib/nvidia-370/libGLdispatch.so.0
7f2b0d54b000-7f2b0d585000 r-xp 00080000 08:03 8163349                    /usr/lib/nvidia-370/libGLdispatch.so.0
7f2b0d585000-7f2b0d785000 ---p 000ba000 08:03 8163349                    /usr/lib/nvidia-370/libGLdispatch.so.0
7f2b0d785000-7f2b0d794000 rw-p 000ba000 08:03 8163349                    /usr/lib/nvidia-370/libGLdispatch.so.0
7f2b0d794000-7f2b0d7b4000 rw-p 00000000 00:00 0 
7f2b0d7b4000-7f2b0d7c4000 r-xp 00000000 08:03 8163351                    /usr/lib/nvidia-370/libGLX.so.0
7f2b0d7c4000-7f2b0d9c3000 ---p 00010000 08:03 8163351                    /usr/lib/nvidia-370/libGLX.so.0
7f2b0d9c3000-7f2b0d9c4000 rw-p 0000f000 08:03 8163351                    /usr/lib/nvidia-370/libGLX.so.0
7f2b0d9c4000-7f2b0d9e4000 rw-p 00000000 00:00 0 
7f2b0d9e4000-7f2b0da15000 r-xp 00000000 08:03 8163339                    /usr/lib/nvidia-370/libGL.so.1.0.0
7f2b0da15000-7f2b0da47000 r-xp 00031000 08:03 8163339                    /usr/lib/nvidia-370/libGL.so.1.0.0
7f2b0da47000-7f2b0da71000 r-xp 00063000 08:03 8163339                    /usr/lib/nvidia-370/libGL.so.1.0.0
7f2b0da71000-7f2b0dc71000 ---p 0008d000 08:03 8163339                    /usr/lib/nvidia-370/libGL.so.1.0.0
7f2b0dc71000-7f2b0dc72000 rw-p 0008d000 08:03 8163339                    /usr/lib/nvidia-370/libGL.so.1.0.0
7f2b0dc72000-7f2b0dc73000 rw-p 00000000 00:00 0 
7f2b0dc73000-7f2b0dc76000 ---p 00000000 00:00 0 
7f2b0dc76000-7f2b0dd74000 rw-p 00000000 00:00 0 
7f2b0dd74000-7f2b0dd75000 ---p 00000000 00:00 0 
7f2b0dd75000-7f2b0de75000 rw-p 00000000 00:00 0 
7f2b0de75000-7f2b0de76000 ---p 00000000 00:00 0 
7f2b0de76000-7f2b0e676000 rw-p 00000000 00:00 0 
7f2b0e676000-7f2b0e6cb000 r-xp 00000000 08:03 3538980                    /tmp/libgdxtourneboeuf/31ce78a2/libopenal64.so
7f2b0e6cb000-7f2b0e8ca000 ---p 00055000 08:03 3538980                    /tmp/libgdxtourneboeuf/31ce78a2/libopenal64.so
7f2b0e8ca000-7f2b0e8cd000 r--p 00054000 08:03 3538980                    /tmp/libgdxtourneboeuf/31ce78a2/libopenal64.so
7f2b0e8cd000-7f2b0e8ce000 rw-p 00057000 08:03 3538980                    /tmp/libgdxtourneboeuf/31ce78a2/libopenal64.so
7f2b0e8ce000-7f2b0e8cf000 rw-p 00000000 00:00 0 
7f2b0e8cf000-7f2b0e8d4000 r-xp 00000000 08:03 8131595                    /usr/lib/x86_64-linux-gnu/libXxf86vm.so.1.0.0
7f2b0e8d4000-7f2b0ead3000 ---p 00005000 08:03 8131595                    /usr/lib/x86_64-linux-gnu/libXxf86vm.so.1.0.0
7f2b0ead3000-7f2b0ead4000 r--p 00004000 08:03 8131595                    /usr/lib/x86_64-linux-gnu/libXxf86vm.so.1.0.0
7f2b0ead4000-7f2b0ead5000 rw-p 00005000 08:03 8131595                    /usr/lib/x86_64-linux-gnu/libXxf86vm.so.1.0.0
7f2b0ead5000-7f2b0eadf000 r-xp 00000000 08:03 8129939                    /usr/lib/x86_64-linux-gnu/libXrandr.so.2.2.0
7f2b0eadf000-7f2b0ecde000 ---p 0000a000 08:03 8129939                    /usr/lib/x86_64-linux-gnu/libXrandr.so.2.2.0
7f2b0ecde000-7f2b0ecdf000 r--p 00009000 08:03 8129939                    /usr/lib/x86_64-linux-gnu/libXrandr.so.2.2.0
7f2b0ecdf000-7f2b0ece0000 rw-p 0000a000 08:03 8129939                    /usr/lib/x86_64-linux-gnu/libXrandr.so.2.2.0
7f2b0ece0000-7f2b0ed50000 r-xp 00000000 08:03 3538979                    /tmp/libgdxtourneboeuf/31ce78a2/liblwjgl64.so
7f2b0ed50000-7f2b0ef50000 ---p 00070000 08:03 3538979                    /tmp/libgdxtourneboeuf/31ce78a2/liblwjgl64.so
7f2b0ef50000-7f2b0ef52000 r--p 00070000 08:03 3538979                    /tmp/libgdxtourneboeuf/31ce78a2/liblwjgl64.so
7f2b0ef52000-7f2b0ef53000 rw-p 00072000 08:03 3538979                    /tmp/libgdxtourneboeuf/31ce78a2/liblwjgl64.so
7f2b0ef53000-7f2b0ef54000 r-xp 00000000 08:03 8537779                    /usr/lib/jvm/java-8-oracle/jre/lib/amd64/libjawt.so
7f2b0ef54000-7f2b0f153000 ---p 00001000 08:03 8537779                    /usr/lib/jvm/java-8-oracle/jre/lib/amd64/libjawt.so
7f2b0f153000-7f2b0f154000 rw-p 00000000 08:03 8537779                    /usr/lib/jvm/java-8-oracle/jre/lib/amd64/libjawt.so
7f2b0f154000-7f2b0f157000 ---p 00000000 00:00 0 
7f2b0f157000-7f2b0f255000 rw-p 00000000 00:00 0 
7f2b0f255000-7f2b0f25a000 r-xp 00000000 08:03 8127234                    /usr/lib/x86_64-linux-gnu/libXfixes.so.3.1.0
7f2b0f25a000-7f2b0f459000 ---p 00005000 08:03 8127234                    /usr/lib/x86_64-linux-gnu/libXfixes.so.3.1.0
7f2b0f459000-7f2b0f45a000 r--p 00004000 08:03 8127234                    /usr/lib/x86_64-linux-gnu/libXfixes.so.3.1.0
7f2b0f45a000-7f2b0f45b000 rw-p 00005000 08:03 8127234                    /usr/lib/x86_64-linux-gnu/libXfixes.so.3.1.0
7f2b0f45b000-7f2b0f464000 r-xp 00000000 08:03 8134598                    /usr/lib/x86_64-linux-gnu/libXcursor.so.1.0.2
7f2b0f464000-7f2b0f663000 ---p 00009000 08:03 8134598                    /usr/lib/x86_64-linux-gnu/libXcursor.so.1.0.2
7f2b0f663000-7f2b0f664000 r--p 00008000 08:03 8134598                    /usr/lib/x86_64-linux-gnu/libXcursor.so.1.0.2
7f2b0f664000-7f2b0f665000 rw-p 00009000 08:03 8134598                    /usr/lib/x86_64-linux-gnu/libXcursor.so.1.0.2
7f2b0f665000-7f2b0f668000 ---p 00000000 00:00 0 
7f2b0f668000-7f2b0f766000 rw-p 00000000 00:00 0 
7f2b0f766000-7f2b0f7cb000 r-xp 00000000 08:03 8537752                    /usr/lib/jvm/java-8-oracle/jre/lib/amd64/libfontmanager.so
7f2b0f7cb000-7f2b0f9ca000 ---p 00065000 08:03 8537752                    /usr/lib/jvm/java-8-oracle/jre/lib/amd64/libfontmanager.so
7f2b0f9ca000-7f2b0f9cf000 rw-p 00064000 08:03 8537752                    /usr/lib/jvm/java-8-oracle/jre/lib/amd64/libfontmanager.so
7f2b0f9cf000-7f2b0f9df000 rw-p 00000000 00:00 0 
7f2b0f9df000-7f2b0f9ee000 r-xp 00000000 08:03 8126554                    /usr/lib/x86_64-linux-gnu/libXi.so.6.1.0
7f2b0f9ee000-7f2b0fbed000 ---p 0000f000 08:03 8126554                    /usr/lib/x86_64-linux-gnu/libXi.so.6.1.0
7f2b0fbed000-7f2b0fbee000 r--p 0000e000 08:03 8126554                    /usr/lib/x86_64-linux-gnu/libXi.so.6.1.0
7f2b0fbee000-7f2b0fbef000 rw-p 0000f000 08:03 8126554                    /usr/lib/x86_64-linux-gnu/libXi.so.6.1.0
7f2b0fbef000-7f2b0fbf4000 r-xp 00000000 08:03 8134632                    /usr/lib/x86_64-linux-gnu/libXtst.so.6.1.0
7f2b0fbf4000-7f2b0fdf3000 ---p 00005000 08:03 8134632                    /usr/lib/x86_64-linux-gnu/libXtst.so.6.1.0
7f2b0fdf3000-7f2b0fdf4000 r--p 00004000 08:03 8134632                    /usr/lib/x86_64-linux-gnu/libXtst.so.6.1.0
7f2b0fdf4000-7f2b0fdf5000 rw-p 00005000 08:03 8134632                    /usr/lib/x86_64-linux-gnu/libXtst.so.6.1.0
7f2b0fdf5000-7f2b0fdfe000 r-xp 00000000 08:03 8135503                    /usr/lib/x86_64-linux-gnu/libXrender.so.1.3.0
7f2b0fdfe000-7f2b0fffd000 ---p 00009000 08:03 8135503                    /usr/lib/x86_64-linux-gnu/libXrender.so.1.3.0
7f2b0fffd000-7f2b0fffe000 r--p 00008000 08:03 8135503                    /usr/lib/x86_64-linux-gnu/libXrender.so.1.3.0
7f2b0fffe000-7f2b0ffff000 rw-p 00009000 08:03 8135503                    /usr/lib/x86_64-linux-gnu/libXrender.so.1.3.0
7f2b0ffff000-7f2b14000000 rw-s 00000000 00:15 6                          /dev/shm/pulse-shm-2572265739
7f2b14000000-7f2b14021000 rw-p 00000000 00:00 0 
7f2b14021000-7f2b18000000 ---p 00000000 00:00 0 
7f2b18000000-7f2b18021000 rw-p 00000000 00:00 0 
7f2b18021000-7f2b1c000000 ---p 00000000 00:00 0 
7f2b1c000000-7f2b1c021000 rw-p 00000000 00:00 0 
7f2b1c021000-7f2b20000000 ---p 00000000 00:00 0 
7f2b20000000-7f2b20021000 rw-p 00000000 00:00 0 
7f2b20021000-7f2b24000000 ---p 00000000 00:00 0 
7f2b24000000-7f2b24427000 rw-p 00000000 00:00 0 
7f2b24427000-7f2b28000000 ---p 00000000 00:00 0 
7f2b28000000-7f2b28403000 rw-p 00000000 00:00 0 
7f2b28403000-7f2b2c000000 ---p 00000000 00:00 0 
7f2b2c000000-7f2b2c021000 rw-p 00000000 00:00 0 
7f2b2c021000-7f2b30000000 ---p 00000000 00:00 0 
7f2b30000000-7f2b304de000 rw-p 00000000 00:00 0 
7f2b304de000-7f2b34000000 ---p 00000000 00:00 0 
7f2b34000000-7f2b34021000 rw-p 00000000 00:00 0 
7f2b34021000-7f2b38000000 ---p 00000000 00:00 0 
7f2b38000000-7f2b38021000 rw-p 00000000 00:00 0 
7f2b38021000-7f2b3c000000 ---p 00000000 00:00 0 
7f2b3c000000-7f2b3c021000 rw-p 00000000 00:00 0 
7f2b3c021000-7f2b40000000 ---p 00000000 00:00 0 
7f2b40000000-7f2b40021000 rw-p 00000000 00:00 0 
7f2b40021000-7f2b44000000 ---p 00000000 00:00 0 
7f2b44000000-7f2b44021000 rw-p 00000000 00:00 0 
7f2b44021000-7f2b48000000 ---p 00000000 00:00 0 
7f2b48014000-7f2b48149000 r-xp 00000000 08:03 8133837                    /usr/lib/x86_64-linux-gnu/libX11.so.6.3.0
7f2b48149000-7f2b48349000 ---p 00135000 08:03 8133837                    /usr/lib/x86_64-linux-gnu/libX11.so.6.3.0
7f2b48349000-7f2b4834a000 r--p 00135000 08:03 8133837                    /usr/lib/x86_64-linux-gnu/libX11.so.6.3.0
7f2b4834a000-7f2b4834e000 rw-p 00136000 08:03 8133837                    /usr/lib/x86_64-linux-gnu/libX11.so.6.3.0
7f2b4834e000-7f2b4835f000 r-xp 00000000 08:03 8127420                    /usr/lib/x86_64-linux-gnu/libXext.so.6.4.0
7f2b4835f000-7f2b4855e000 ---p 00011000 08:03 8127420                    /usr/lib/x86_64-linux-gnu/libXext.so.6.4.0
7f2b4855e000-7f2b4855f000 r--p 00010000 08:03 8127420                    /usr/lib/x86_64-linux-gnu/libXext.so.6.4.0
7f2b4855f000-7f2b48560000 rw-p 00011000 08:03 8127420                    /usr/lib/x86_64-linux-gnu/libXext.so.6.4.0
7f2b48560000-7f2b485b4000 r-xp 00000000 08:03 8537785                    /usr/lib/jvm/java-8-oracle/jre/lib/amd64/libawt_xawt.so
7f2b485b4000-7f2b487b4000 ---p 00054000 08:03 8537785                    /usr/lib/jvm/java-8-oracle/jre/lib/amd64/libawt_xawt.so
7f2b487b4000-7f2b487b8000 rw-p 00054000 08:03 8537785                    /usr/lib/jvm/java-8-oracle/jre/lib/amd64/libawt_xawt.so
7f2b487b8000-7f2b487b9000 rw-p 00000000 00:00 0 
7f2b487b9000-7f2b4885b000 r-xp 00000000 08:03 8537759                    /usr/lib/jvm/java-8-oracle/jre/lib/amd64/libawt.so
7f2b4885b000-7f2b48a5b000 ---p 000a2000 08:03 8537759                    /usr/lib/jvm/java-8-oracle/jre/lib/amd64/libawt.so
7f2b48a5b000-7f2b48a67000 rw-p 000a2000 08:03 8537759                    /usr/lib/jvm/java-8-oracle/jre/lib/amd64/libawt.so
7f2b48a67000-7f2b48a8b000 rw-p 00000000 00:00 0 
7f2b48a8b000-7f2b48aa1000 r-xp 00000000 08:03 6817631                    /lib/x86_64-linux-gnu/libgcc_s.so.1
7f2b48aa1000-7f2b48ca0000 ---p 00016000 08:03 6817631                    /lib/x86_64-linux-gnu/libgcc_s.so.1
7f2b48ca0000-7f2b48ca1000 rw-p 00015000 08:03 6817631                    /lib/x86_64-linux-gnu/libgcc_s.so.1
7f2b48ca1000-7f2b48e13000 r-xp 00000000 08:03 8126912                    /usr/lib/x86_64-linux-gnu/libstdc++.so.6.0.21
7f2b48e13000-7f2b49013000 ---p 00172000 08:03 8126912                    /usr/lib/x86_64-linux-gnu/libstdc++.so.6.0.21
7f2b49013000-7f2b4901d000 r--p 00172000 08:03 8126912                    /usr/lib/x86_64-linux-gnu/libstdc++.so.6.0.21
7f2b4901d000-7f2b4901f000 rw-p 0017c000 08:03 8126912                    /usr/lib/x86_64-linux-gnu/libstdc++.so.6.0.21
7f2b4901f000-7f2b49023000 rw-p 00000000 00:00 0 
7f2b49023000-7f2b4905b000 r-xp 00000000 08:03 3538977                    /tmp/libgdxtourneboeuf/6ef2d459/libgdx64.so
7f2b4905b000-7f2b4925a000 ---p 00038000 08:03 3538977                    /tmp/libgdxtourneboeuf/6ef2d459/libgdx64.so
7f2b4925a000-7f2b4925b000 r--p 00037000 08:03 3538977                    /tmp/libgdxtourneboeuf/6ef2d459/libgdx64.so
7f2b4925b000-7f2b4925c000 rw-p 00038000 08:03 3538977                    /tmp/libgdxtourneboeuf/6ef2d459/libgdx64.so
7f2b4925c000-7f2b4925f000 ---p 00000000 00:00 0 
7f2b4925f000-7f2b4935d000 rw-p 00000000 00:00 0 
7f2b4935d000-7f2b49360000 ---p 00000000 00:00 0 
7f2b49360000-7f2b4945e000 rw-p 00000000 00:00 0 
7f2b4945e000-7f2b4945f000 ---p 00000000 00:00 0 
7f2b4945f000-7f2b49c5f000 rw-p 00000000 00:00 0 
7f2b49c5f000-7f2b49c65000 r-xp 00000000 08:03 8390558                    /usr/lib/x86_64-linux-gnu/alsa-lib/libasound_module_pcm_pulse.so
7f2b49c65000-7f2b49e64000 ---p 00006000 08:03 8390558                    /usr/lib/x86_64-linux-gnu/alsa-lib/libasound_module_pcm_pulse.so
7f2b49e64000-7f2b49e65000 r--p 00005000 08:03 8390558                    /usr/lib/x86_64-linux-gnu/alsa-lib/libasound_module_pcm_pulse.so
7f2b49e65000-7f2b49e66000 rw-p 00006000 08:03 8390558                    /usr/lib/x86_64-linux-gnu/alsa-lib/libasound_module_pcm_pulse.so
7f2b49e66000-7f2b49e90000 r-xp 00000000 08:03 8128542                    /usr/lib/x86_64-linux-gnu/libvorbis.so.0.4.8
7f2b49e90000-7f2b4a090000 ---p 0002a000 08:03 8128542                    /usr/lib/x86_64-linux-gnu/libvorbis.so.0.4.8
7f2b4a090000-7f2b4a091000 r--p 0002a000 08:03 8128542                    /usr/lib/x86_64-linux-gnu/libvorbis.so.0.4.8
7f2b4a091000-7f2b4a092000 rw-p 0002b000 08:03 8128542                    /usr/lib/x86_64-linux-gnu/libvorbis.so.0.4.8
7f2b4a092000-7f2b4a099000 r-xp 00000000 08:03 8126649                    /usr/lib/x86_64-linux-gnu/libogg.so.0.8.2
7f2b4a099000-7f2b4a299000 ---p 00007000 08:03 8126649                    /usr/lib/x86_64-linux-gnu/libogg.so.0.8.2
7f2b4a299000-7f2b4a29a000 r--p 00007000 08:03 8126649                    /usr/lib/x86_64-linux-gnu/libogg.so.0.8.2
7f2b4a29a000-7f2b4a29b000 rw-p 00008000 08:03 8126649                    /usr/lib/x86_64-linux-gnu/libogg.so.0.8.2
7f2b4a29b000-7f2b4a2ad000 r-xp 00000000 08:03 6816785                    /lib/x86_64-linux-gnu/libgpg-error.so.0.17.0
7f2b4a2ad000-7f2b4a4ad000 ---p 00012000 08:03 6816785                    /lib/x86_64-linux-gnu/libgpg-error.so.0.17.0
7f2b4a4ad000-7f2b4a4ae000 r--p 00012000 08:03 6816785                    /lib/x86_64-linux-gnu/libgpg-error.so.0.17.0
7f2b4a4ae000-7f2b4a4af000 rw-p 00013000 08:03 6816785                    /lib/x86_64-linux-gnu/libgpg-error.so.0.17.0
7f2b4a4af000-7f2b4a51d000 r-xp 00000000 08:03 6815814                    /lib/x86_64-linux-gnu/libpcre.so.3.13.2
7f2b4a51d000-7f2b4a71d000 ---p 0006e000 08:03 6815814                    /lib/x86_64-linux-gnu/libpcre.so.3.13.2
7f2b4a71d000-7f2b4a71e000 r--p 0006e000 08:03 6815814                    /lib/x86_64-linux-gnu/libpcre.so.3.13.2
7f2b4a71e000-7f2b4a71f000 rw-p 0006f000 08:03 6815814                    /lib/x86_64-linux-gnu/libpcre.so.3.13.2
7f2b4a71f000-7f2b4a736000 r-xp 00000000 08:03 6826111                    /lib/x86_64-linux-gnu/libresolv-2.23.so
7f2b4a736000-7f2b4a936000 ---p 00017000 08:03 6826111                    /lib/x86_64-linux-gnu/libresolv-2.23.so
7f2b4a936000-7f2b4a937000 r--p 00017000 08:03 6826111                    /lib/x86_64-linux-gnu/libresolv-2.23.so
7f2b4a937000-7f2b4a938000 rw-p 00018000 08:03 6826111                    /lib/x86_64-linux-gnu/libresolv-2.23.so
7f2b4a938000-7f2b4a93a000 rw-p 00000000 00:00 0 
7f2b4a93a000-7f2b4a9c7000 r-xp 00000000 08:03 8128534                    /usr/lib/x86_64-linux-gnu/libvorbisenc.so.2.0.11
7f2b4a9c7000-7f2b4abc6000 ---p 0008d000 08:03 8128534                    /usr/lib/x86_64-linux-gnu/libvorbisenc.so.2.0.11
7f2b4abc6000-7f2b4abe2000 r--p 0008c000 08:03 8128534                    /usr/lib/x86_64-linux-gnu/libvorbisenc.so.2.0.11
7f2b4abe2000-7f2b4abe3000 rw-p 000a8000 08:03 8128534                    /usr/lib/x86_64-linux-gnu/libvorbisenc.so.2.0.11
7f2b4abe3000-7f2b4ac56000 r-xp 00000000 08:03 8130792                    /usr/lib/x86_64-linux-gnu/libFLAC.so.8.3.0
7f2b4ac56000-7f2b4ae56000 ---p 00073000 08:03 8130792                    /usr/lib/x86_64-linux-gnu/libFLAC.so.8.3.0
7f2b4ae56000-7f2b4ae57000 r--p 00073000 08:03 8130792                    /usr/lib/x86_64-linux-gnu/libFLAC.so.8.3.0
7f2b4ae57000-7f2b4ae58000 rw-p 00074000 08:03 8130792                    /usr/lib/x86_64-linux-gnu/libFLAC.so.8.3.0
7f2b4ae58000-7f2b4af30000 r-xp 00000000 08:03 6816035                    /lib/x86_64-linux-gnu/libgcrypt.so.20.0.5
7f2b4af30000-7f2b4b12f000 ---p 000d8000 08:03 6816035                    /lib/x86_64-linux-gnu/libgcrypt.so.20.0.5
7f2b4b12f000-7f2b4b130000 r--p 000d7000 08:03 6816035                    /lib/x86_64-linux-gnu/libgcrypt.so.20.0.5
7f2b4b130000-7f2b4b138000 rw-p 000d8000 08:03 6816035                    /lib/x86_64-linux-gnu/libgcrypt.so.20.0.5
7f2b4b138000-7f2b4b139000 rw-p 00000000 00:00 0 
7f2b4b139000-7f2b4b15a000 r-xp 00000000 08:03 6819846                    /lib/x86_64-linux-gnu/liblzma.so.5.0.0
7f2b4b15a000-7f2b4b359000 ---p 00021000 08:03 6819846                    /lib/x86_64-linux-gnu/liblzma.so.5.0.0
7f2b4b359000-7f2b4b35a000 r--p 00020000 08:03 6819846                    /lib/x86_64-linux-gnu/liblzma.so.5.0.0
7f2b4b35a000-7f2b4b35b000 rw-p 00021000 08:03 6819846                    /lib/x86_64-linux-gnu/liblzma.so.5.0.0
7f2b4b35b000-7f2b4b37a000 r-xp 00000000 08:03 6817704                    /lib/x86_64-linux-gnu/libselinux.so.1
7f2b4b37a000-7f2b4b579000 ---p 0001f000 08:03 6817704                    /lib/x86_64-linux-gnu/libselinux.so.1
7f2b4b579000-7f2b4b57a000 r--p 0001e000 08:03 6817704                    /lib/x86_64-linux-gnu/libselinux.so.1
7f2b4b57a000-7f2b4b57b000 rw-p 0001f000 08:03 6817704                    /lib/x86_64-linux-gnu/libselinux.so.1
7f2b4b57b000-7f2b4b57d000 rw-p 00000000 00:00 0 
7f2b4b57d000-7f2b4b582000 r-xp 00000000 08:03 8127822                    /usr/lib/x86_64-linux-gnu/libXdmcp.so.6.0.0
7f2b4b582000-7f2b4b781000 ---p 00005000 08:03 8127822                    /usr/lib/x86_64-linux-gnu/libXdmcp.so.6.0.0
7f2b4b781000-7f2b4b782000 r--p 00004000 08:03 8127822                    /usr/lib/x86_64-linux-gnu/libXdmcp.so.6.0.0
7f2b4b782000-7f2b4b783000 rw-p 00005000 08:03 8127822                    /usr/lib/x86_64-linux-gnu/libXdmcp.so.6.0.0
7f2b4b783000-7f2b4b785000 r-xp 00000000 08:03 8134591                    /usr/lib/x86_64-linux-gnu/libXau.so.6.0.0
7f2b4b785000-7f2b4b985000 ---p 00002000 08:03 8134591                    /usr/lib/x86_64-linux-gnu/libXau.so.6.0.0
7f2b4b985000-7f2b4b986000 r--p 00002000 08:03 8134591                    /usr/lib/x86_64-linux-gnu/libXau.so.6.0.0
7f2b4b986000-7f2b4b987000 rw-p 00003000 08:03 8134591                    /usr/lib/x86_64-linux-gnu/libXau.so.6.0.0
7f2b4b987000-7f2b4b98c000 r-xp 00000000 08:03 8129613                    /usr/lib/x86_64-linux-gnu/libasyncns.so.0.3.1
7f2b4b98c000-7f2b4bb8b000 ---p 00005000 08:03 8129613                    /usr/lib/x86_64-linux-gnu/libasyncns.so.0.3.1
7f2b4bb8b000-7f2b4bb8c000 r--p 00004000 08:03 8129613                    /usr/lib/x86_64-linux-gnu/libasyncns.so.0.3.1
7f2b4bb8c000-7f2b4bb8d000 rw-p 00005000 08:03 8129613                    /usr/lib/x86_64-linux-gnu/libasyncns.so.0.3.1
7f2b4bb8d000-7f2b4bbef000 r-xp 00000000 08:03 8130795                    /usr/lib/x86_64-linux-gnu/libsndfile.so.1.0.25
7f2b4bbef000-7f2b4bdef000 ---p 00062000 08:03 8130795                    /usr/lib/x86_64-linux-gnu/libsndfile.so.1.0.25
7f2b4bdef000-7f2b4bdf1000 r--p 00062000 08:03 8130795                    /usr/lib/x86_64-linux-gnu/libsndfile.so.1.0.25
7f2b4bdf1000-7f2b4bdf2000 rw-p 00064000 08:03 8130795                    /usr/lib/x86_64-linux-gnu/libsndfile.so.1.0.25
7f2b4bdf2000-7f2b4bdf6000 rw-p 00000000 00:00 0 
7f2b4bdf6000-7f2b4bdfe000 r-xp 00000000 08:03 6819959                    /lib/x86_64-linux-gnu/libwrap.so.0.7.6
7f2b4bdfe000-7f2b4bffd000 ---p 00008000 08:03 6819959                    /lib/x86_64-linux-gnu/libwrap.so.0.7.6
7f2b4bffd000-7f2b4bffe000 r--p 00007000 08:03 6819959                    /lib/x86_64-linux-gnu/libwrap.so.0.7.6
7f2b4bffe000-7f2b4bfff000 rw-p 00008000 08:03 6819959                    /lib/x86_64-linux-gnu/libwrap.so.0.7.6
7f2b4bfff000-7f2b4c000000 rw-p 00000000 00:00 0 
7f2b4c000000-7f2b4c021000 rw-p 00000000 00:00 0 
7f2b4c021000-7f2b50000000 ---p 00000000 00:00 0 
7f2b5000b000-7f2b5001e000 rw-s 22cce9000 00:06 588                       /dev/nvidiactl
7f2b5001e000-7f2b5003f000 r-xp 00000000 08:03 8129160                    /usr/lib/x86_64-linux-gnu/libxcb.so.1.1.0
7f2b5003f000-7f2b5023e000 ---p 00021000 08:03 8129160                    /usr/lib/x86_64-linux-gnu/libxcb.so.1.1.0
7f2b5023e000-7f2b5023f000 r--p 00020000 08:03 8129160                    /usr/lib/x86_64-linux-gnu/libxcb.so.1.1.0
7f2b5023f000-7f2b50240000 rw-p 00021000 08:03 8129160                    /usr/lib/x86_64-linux-gnu/libxcb.so.1.1.0
7f2b50240000-7f2b54000000 rw-p 00000000 00:00 0 
7f2b54000000-7f2b54021000 rw-p 00000000 00:00 0 
7f2b54021000-7f2b58000000 ---p 00000000 00:00 0 
7f2b58009000-7f2b5800b000 rw-s 00000000 08:03 3014688                    /tmp/.glYwvNPW (deleted)
7f2b5800b000-7f2b5800c000 rw-s 135fe8000 00:06 588                       /dev/nvidiactl
7f2b5800c000-7f2b58010000 rw-s 1389e8000 00:06 588                       /dev/nvidiactl
7f2b58010000-7f2b58011000 rw-s bfee4000 00:06 589                        /dev/nvidia0
7f2b58011000-7f2b58031000 rw-s 1374e4000 00:06 588                       /dev/nvidiactl
7f2b58031000-7f2b58032000 rw-s bfee4000 00:06 589                        /dev/nvidia0
7f2b58032000-7f2b58072000 rw-s 137682000 00:06 588                       /dev/nvidiactl
7f2b58092000-7f2b58095000 ---p 00000000 00:00 0 
7f2b58095000-7f2b580cb000 rw-p 00000000 00:00 0 
7f2b580cb000-7f2b5814b000 r-xp 00000000 08:03 6815962                    /lib/x86_64-linux-gnu/libsystemd.so.0.14.0
7f2b5814b000-7f2b5814e000 r--p 0007f000 08:03 6815962                    /lib/x86_64-linux-gnu/libsystemd.so.0.14.0
7f2b5814e000-7f2b5814f000 rw-p 00082000 08:03 6815962                    /lib/x86_64-linux-gnu/libsystemd.so.0.14.0
7f2b5814f000-7f2b58150000 rw-p 00000000 00:00 0 
7f2b58150000-7f2b5819a000 r-xp 00000000 08:03 6815772                    /lib/x86_64-linux-gnu/libdbus-1.so.3.14.6
7f2b5819a000-7f2b5839a000 ---p 0004a000 08:03 6815772                    /lib/x86_64-linux-gnu/libdbus-1.so.3.14.6
7f2b5839a000-7f2b5839b000 r--p 0004a000 08:03 6815772                    /lib/x86_64-linux-gnu/libdbus-1.so.3.14.6
7f2b5839b000-7f2b5839c000 rw-p 0004b000 08:03 6815772                    /lib/x86_64-linux-gnu/libdbus-1.so.3.14.6
7f2b5839c000-7f2b58416000 r-xp 00000000 08:03 8522181                    /usr/lib/x86_64-linux-gnu/pulseaudio/libpulsecommon-8.0.so
7f2b58416000-7f2b58615000 ---p 0007a000 08:03 8522181                    /usr/lib/x86_64-linux-gnu/pulseaudio/libpulsecommon-8.0.so
7f2b58615000-7f2b58616000 r--p 00079000 08:03 8522181                    /usr/lib/x86_64-linux-gnu/pulseaudio/libpulsecommon-8.0.so
7f2b58616000-7f2b58617000 rw-p 0007a000 08:03 8522181                    /usr/lib/x86_64-linux-gnu/pulseaudio/libpulsecommon-8.0.so
7f2b58617000-7f2b58621000 r-xp 00000000 08:03 6815927                    /lib/x86_64-linux-gnu/libjson-c.so.2.0.0
7f2b58621000-7f2b58820000 ---p 0000a000 08:03 6815927                    /lib/x86_64-linux-gnu/libjson-c.so.2.0.0
7f2b58820000-7f2b58821000 r--p 00009000 08:03 6815927                    /lib/x86_64-linux-gnu/libjson-c.so.2.0.0
7f2b58821000-7f2b58822000 rw-p 0000a000 08:03 6815927                    /lib/x86_64-linux-gnu/libjson-c.so.2.0.0
7f2b58822000-7f2b58870000 r-xp 00000000 08:03 8127628                    /usr/lib/x86_64-linux-gnu/libpulse.so.0.19.0
7f2b58870000-7f2b58a70000 ---p 0004e000 08:03 8127628                    /usr/lib/x86_64-linux-gnu/libpulse.so.0.19.0
7f2b58a70000-7f2b58a71000 r--p 0004e000 08:03 8127628                    /usr/lib/x86_64-linux-gnu/libpulse.so.0.19.0
7f2b58a71000-7f2b58a72000 rw-p 0004f000 08:03 8127628                    /usr/lib/x86_64-linux-gnu/libpulse.so.0.19.0
7f2b58a72000-7f2b58a73000 rw-s 138b06000 00:06 588                       /dev/nvidiactl
7f2b58a73000-7f2b58a74000 rw-s c3060000 00:06 589                        /dev/nvidia0
7f2b58a74000-7f2b58a84000 rw-s 00000000 08:06 12324530                   /home2/tourneboeuf/.glvndXivfMt (deleted)
7f2b58a84000-7f2b58a94000 r-xs 00000000 08:06 12324530                   /home2/tourneboeuf/.glvndXivfMt (deleted)
7f2b58a94000-7f2b58a98000 r--s 00097000 08:03 8403247                    /usr/lib/jvm/java-8-oracle/jre/lib/jsse.jar
7f2b58a98000-7f2b58a9f000 r--s 00000000 08:03 8392999                    /usr/lib/x86_64-linux-gnu/gconv/gconv-modules.cache
7f2b58a9f000-7f2b58aa2000 ---p 00000000 00:00 0 
7f2b58aa2000-7f2b58ba0000 rw-p 00000000 00:00 0 
7f2b58ba0000-7f2b58ba3000 ---p 00000000 00:00 0 
7f2b58ba3000-7f2b58ca1000 rw-p 00000000 00:00 0 
7f2b58ca1000-7f2b58ca2000 r--s 00002000 08:06 27525199                   /home2/tourneboeuf/.gradle/caches/modules-2/files-2.1/net.java.jinput/jinput-platform/2.0.5/53f9c919f34d2ca9de8c51fc4e1e8282029a9232/jinput-platform-2.0.5-natives-osx.jar
7f2b58ca2000-7f2b58ca3000 r--s 00025000 08:06 27525197                   /home2/tourneboeuf/.gradle/caches/modules-2/files-2.1/net.java.jinput/jinput-platform/2.0.5/385ee093e01f587f30ee1c8a2ee7d408fd732e16/jinput-platform-2.0.5-natives-windows.jar
7f2b58ca3000-7f2b58ca4000 r--s 00002000 08:06 27525195                   /home2/tourneboeuf/.gradle/caches/modules-2/files-2.1/net.java.jinput/jinput-platform/2.0.5/7ff832a6eb9ab6a767f1ade2b548092d0fa64795/jinput-platform-2.0.5-natives-linux.jar
7f2b58ca4000-7f2b58ca5000 r--s 00001000 08:06 27525193                   /home2/tourneboeuf/.gradle/caches/modules-2/files-2.1/net.java.jutils/jutils/1.0.0/e12fe1fda814bd348c1579329c86943d2cd3c6a6/jutils-1.0.0.jar
7f2b58ca5000-7f2b58ca9000 r--s 0002f000 08:06 27525191                   /home2/tourneboeuf/.gradle/caches/modules-2/files-2.1/net.java.jinput/jinput/2.0.5/39c7796b469a600f72380316f6b1f11db6c2c7c4/jinput-2.0.5.jar
7f2b58ca9000-7f2b58caa000 r--s 00068000 08:06 27525189                   /home2/tourneboeuf/.gradle/caches/modules-2/files-2.1/org.lwjgl.lwjgl/lwjgl-platform/2.9.2/d55b46b40b40249d627a83a7f7f22649709d70c3/lwjgl-platform-2.9.2-natives-osx.jar
7f2b58caa000-7f2b58cab000 r--s 0008d000 08:06 27525187                   /home2/tourneboeuf/.gradle/caches/modules-2/files-2.1/org.lwjgl.lwjgl/lwjgl-platform/2.9.2/d276cdf61fe2b516c7b7f4aa1b8dea91dbdc8d56/lwjgl-platform-2.9.2-natives-linux.jar
7f2b58cab000-7f2b58cad000 r--s 00017000 08:06 27525181                   /home2/tourneboeuf/.gradle/caches/modules-2/files-2.1/org.jcraft/jorbis/0.0.17/8872d22b293e8f5d7d56ff92be966e6dc28ebdc6/jorbis-0.0.17.jar
7f2b58cad000-7f2b58da6000 r-xp 00000000 08:03 8128572                    /usr/lib/x86_64-linux-gnu/libasound.so.2.0.0
7f2b58da6000-7f2b58fa5000 ---p 000f9000 08:03 8128572                    /usr/lib/x86_64-linux-gnu/libasound.so.2.0.0
7f2b58fa5000-7f2b58fac000 r--p 000f8000 08:03 8128572                    /usr/lib/x86_64-linux-gnu/libasound.so.2.0.0
7f2b58fac000-7f2b58fad000 rw-p 000ff000 08:03 8128572                    /usr/lib/x86_64-linux-gnu/libasound.so.2.0.0
7f2b58fad000-7f2b58fae000 r--s 00095000 08:06 27525185                   /home2/tourneboeuf/.gradle/caches/modules-2/files-2.1/org.lwjgl.lwjgl/lwjgl-platform/2.9.2/510c7d317f5e9e700b9cfaac5fd38bdebf0702e0/lwjgl-platform-2.9.2-natives-windows.jar
7f2b58fae000-7f2b58faf000 r--s 00015000 08:06 27525179                   /home2/tourneboeuf/.gradle/caches/modules-2/files-2.1/com.badlogicgames.jlayer/jlayer/1.0.1-gdx/7cca83cec5c1b2f011362f4d85aabd71a73b049d/jlayer-1.0.1-gdx.jar
7f2b58faf000-7f2b58fb3000 r--s 00027000 08:06 27525177                   /home2/tourneboeuf/.gradle/caches/modules-2/files-2.1/org.lwjgl.lwjgl/lwjgl_util/2.9.2/4b9e37300a87799856e0bd15ed81663cdb6b0947/lwjgl_util-2.9.2.jar
7f2b58fb3000-7f2b58fc1000 r--s 000f2000 08:06 27525175                   /home2/tourneboeuf/.gradle/caches/modules-2/files-2.1/org.lwjgl.lwjgl/lwjgl/2.9.2/a9d80fe5935c7a9149f6584d9777cfd471f65489/lwjgl-2.9.2.jar
7f2b58fc1000-7f2b58fc3000 r--s 00002000 08:06 27263104                   /home2/tourneboeuf/.gradle/caches/modules-2/files-2.1/com.badlogicgames.gdx/gdx-controllers/1.9.0/f09e850dbc8bae56546979d6cff2dde58d054107/gdx-controllers-1.9.0.jar
7f2b58fc3000-7f2b58fc5000 r--s 00008000 08:06 22153397                   /home2/tourneboeuf/.gradle/caches/modules-2/files-2.1/com.badlogicgames.gdx/gdx-freetype/1.9.0/b03693d840ea49eac2e0ec5c2f61b9e91207ddc3/gdx-freetype-1.9.0.jar
7f2b58fc5000-7f2b58fd8000 r--s 0013d000 08:06 19541782                   /home2/tourneboeuf/.gradle/caches/modules-2/files-2.1/com.badlogicgames.gdx/gdx-bullet/1.9.0/cf3f2fad3ea557f8d5aae924cc74f86cd7c10367/gdx-bullet-1.9.0.jar
7f2b58fd8000-7f2b58fda000 r--s 00010000 08:06 19541780                   /home2/tourneboeuf/.gradle/caches/modules-2/files-2.1/com.badlogicgames.gdx/gdx-box2d/1.9.0/d7a6ba43a7007e30802638a8f0d7e23a2eb73415/gdx-box2d-1.9.0.jar
7f2b58fda000-7f2b58fe9000 r-xp 00000000 08:03 8537750                    /usr/lib/jvm/java-8-oracle/jre/lib/amd64/libjsoundalsa.so
7f2b58fe9000-7f2b591e8000 ---p 0000f000 08:03 8537750                    /usr/lib/jvm/java-8-oracle/jre/lib/amd64/libjsoundalsa.so
7f2b591e8000-7f2b591e9000 rw-p 0000e000 08:03 8537750                    /usr/lib/jvm/java-8-oracle/jre/lib/amd64/libjsoundalsa.so
7f2b591e9000-7f2b591ea000 r-xp 00000000 08:03 8537787                    /usr/lib/jvm/java-8-oracle/jre/lib/amd64/libjsound.so
7f2b591ea000-7f2b593e9000 ---p 00001000 08:03 8537787                    /usr/lib/jvm/java-8-oracle/jre/lib/amd64/libjsound.so
7f2b593e9000-7f2b593ea000 rw-p 00000000 08:03 8537787                    /usr/lib/jvm/java-8-oracle/jre/lib/amd64/libjsound.so
7f2b593ea000-7f2b593fd000 r--s 00345000 08:03 8403212                    /usr/lib/jvm/java-8-oracle/jre/lib/resources.jar
7f2b593fd000-7f2b59417000 r--s 001a6000 08:06 21496169                   /home2/tourneboeuf/.gradle/caches/modules-2/files-2.1/com.badlogicgames.gdx/gdx/1.9.0/a064f06e8692c8f7084cd0100529ed8285413ff5/gdx-1.9.0.jar
7f2b59417000-7f2b59418000 r--s 00133000 08:06 27525234                   /home2/tourneboeuf/.gradle/caches/modules-2/files-2.1/com.badlogicgames.gdx/gdx-controllers-platform/1.9.0/33d246ded518ac230fee55d1750c1288d0d6203a/gdx-controllers-platform-1.9.0-natives-desktop.jar
7f2b59418000-7f2b5941a000 r--s 00004000 08:06 27525232                   /home2/tourneboeuf/.gradle/caches/modules-2/files-2.1/com.badlogicgames.gdx/gdx-controllers-desktop/1.9.0/d86ac80aefa31ba44e6907522c19592f2524b41f/gdx-controllers-desktop-1.9.0.jar
7f2b5941a000-7f2b5941b000 r--s 0021a000 08:06 22153531                   /home2/tourneboeuf/.gradle/caches/modules-2/files-2.1/com.badlogicgames.gdx/gdx-freetype-platform/1.9.0/75b2c03f92ee1b88fc8698751dc55ccc2654f2f7/gdx-freetype-platform-1.9.0-natives-desktop.jar
7f2b5941b000-7f2b5941d000 r--s 000fa000 08:06 19541785                   /home2/tourneboeuf/.gradle/caches/modules-2/files-2.1/com.badlogicgames.gdx/gdx-box2d-platform/1.9.0/5e032d47a655fe0b2ea54ca530566b4c185aecc2/gdx-box2d-platform-1.9.0-natives-desktop.jar
7f2b5941d000-7f2b59421000 r--s 00020000 08:06 21496183                   /home2/tourneboeuf/.gradle/caches/modules-2/files-2.1/com.badlogicgames.gdx/gdx-backend-lwjgl/1.9.0/aa4daf87fbd3f1beba8a3104a609fe122beefbac/gdx-backend-lwjgl-1.9.0.jar
7f2b59421000-7f2b59422000 ---p 00000000 00:00 0 
7f2b59422000-7f2b59522000 rw-p 00000000 00:00 0 
7f2b59522000-7f2b59525000 ---p 00000000 00:00 0 
7f2b59525000-7f2b59623000 rw-p 00000000 00:00 0 
7f2b59623000-7f2b59626000 ---p 00000000 00:00 0 
7f2b59626000-7f2b59724000 rw-p 00000000 00:00 0 
7f2b59724000-7f2b59727000 ---p 00000000 00:00 0 
7f2b59727000-7f2b59825000 rw-p 00000000 00:00 0 
7f2b59825000-7f2b59828000 ---p 00000000 00:00 0 
7f2b59828000-7f2b59926000 rw-p 00000000 00:00 0 
7f2b59926000-7f2b59929000 ---p 00000000 00:00 0 
7f2b59929000-7f2b59a27000 rw-p 00000000 00:00 0 
7f2b59a27000-7f2b59d00000 r--p 00000000 08:03 8129148                    /usr/lib/locale/locale-archive
7f2b59d00000-7f2b59d03000 ---p 00000000 00:00 0 
7f2b59d03000-7f2b59e01000 rw-p 00000000 00:00 0 
7f2b59e01000-7f2b59e04000 ---p 00000000 00:00 0 
7f2b59e04000-7f2b59f02000 rw-p 00000000 00:00 0 
7f2b59f02000-7f2b59f03000 ---p 00000000 00:00 0 
7f2b59f03000-7f2b5af75000 rw-p 00000000 00:00 0 
7f2b5af75000-7f2b5b14d000 r--s 03d2a000 08:03 8403258                    /usr/lib/jvm/java-8-oracle/jre/lib/rt.jar
7f2b5b14d000-7f2b5bd9f000 rw-p 00000000 00:00 0 
7f2b5bd9f000-7f2b5bda0000 ---p 00000000 00:00 0 
7f2b5bda0000-7f2b5bea0000 rw-p 00000000 00:00 0 
7f2b5bea0000-7f2b5bea1000 ---p 00000000 00:00 0 
7f2b5bea1000-7f2b5bfa1000 rw-p 00000000 00:00 0 
7f2b5bfa1000-7f2b5bfa2000 ---p 00000000 00:00 0 
7f2b5bfa2000-7f2b5c0a2000 rw-p 00000000 00:00 0 
7f2b5c0a2000-7f2b5c0a3000 ---p 00000000 00:00 0 
7f2b5c0a3000-7f2b5c1cd000 rw-p 00000000 00:00 0 
7f2b5c1cd000-7f2b5c436000 ---p 00000000 00:00 0 
7f2b5c436000-7f2b5c460000 rw-p 00000000 00:00 0 
7f2b5c460000-7f2b5c6c8000 ---p 00000000 00:00 0 
7f2b5c6c8000-7f2b5c6ed000 rw-p 00000000 00:00 0 
7f2b5c6ed000-7f2b5c812000 ---p 00000000 00:00 0 
7f2b5c812000-7f2b5c82c000 rw-p 00000000 00:00 0 
7f2b5c82c000-7f2b5cbd3000 ---p 00000000 00:00 0 
7f2b5cbd3000-7f2b5d1f3000 rwxp 00000000 00:00 0 
7f2b5d1f3000-7f2b6bbd3000 ---p 00000000 00:00 0 
7f2b6bbd3000-7f2b6bbed000 r-xp 00000000 08:03 8537738                    /usr/lib/jvm/java-8-oracle/jre/lib/amd64/libzip.so
7f2b6bbed000-7f2b6bded000 ---p 0001a000 08:03 8537738                    /usr/lib/jvm/java-8-oracle/jre/lib/amd64/libzip.so
7f2b6bded000-7f2b6bdee000 rw-p 0001a000 08:03 8537738                    /usr/lib/jvm/java-8-oracle/jre/lib/amd64/libzip.so
7f2b6bdee000-7f2b6bdf9000 r-xp 00000000 08:03 6826110                    /lib/x86_64-linux-gnu/libnss_files-2.23.so
7f2b6bdf9000-7f2b6bff8000 ---p 0000b000 08:03 6826110                    /lib/x86_64-linux-gnu/libnss_files-2.23.so
7f2b6bff8000-7f2b6bff9000 r--p 0000a000 08:03 6826110                    /lib/x86_64-linux-gnu/libnss_files-2.23.so
7f2b6bff9000-7f2b6bffa000 rw-p 0000b000 08:03 6826110                    /lib/x86_64-linux-gnu/libnss_files-2.23.so
7f2b6bffa000-7f2b6c000000 rw-p 00000000 00:00 0 
7f2b6c000000-7f2b6c4f9000 rw-p 00000000 00:00 0 
7f2b6c4f9000-7f2b70000000 ---p 00000000 00:00 0 
7f2b70000000-7f2b70001000 r--s 00888000 08:06 19541786                   /home2/tourneboeuf/.gradle/caches/modules-2/files-2.1/com.badlogicgames.gdx/gdx-bullet-platform/1.9.0/b68f58c547124ad6b9517a38be250d7c4b023f1b/gdx-bullet-platform-1.9.0-natives-desktop.jar
7f2b70001000-7f2b70002000 r--s 000d4000 08:06 21496185                   /home2/tourneboeuf/.gradle/caches/modules-2/files-2.1/com.badlogicgames.gdx/gdx-platform/1.9.0/bd396a0e63ef2c54c0b0c88abdbb8a4e1944fa66/gdx-platform-1.9.0-natives-desktop.jar
7f2b70002000-7f2b70051000 rw-p 00000000 00:00 0 
7f2b70051000-7f2b7005c000 r-xp 00000000 08:03 6823662                    /lib/x86_64-linux-gnu/libnss_nis-2.23.so
7f2b7005c000-7f2b7025b000 ---p 0000b000 08:03 6823662                    /lib/x86_64-linux-gnu/libnss_nis-2.23.so
7f2b7025b000-7f2b7025c000 r--p 0000a000 08:03 6823662                    /lib/x86_64-linux-gnu/libnss_nis-2.23.so
7f2b7025c000-7f2b7025d000 rw-p 0000b000 08:03 6823662                    /lib/x86_64-linux-gnu/libnss_nis-2.23.so
7f2b7025d000-7f2b70273000 r-xp 00000000 08:03 6826106                    /lib/x86_64-linux-gnu/libnsl-2.23.so
7f2b70273000-7f2b70472000 ---p 00016000 08:03 6826106                    /lib/x86_64-linux-gnu/libnsl-2.23.so
7f2b70472000-7f2b70473000 r--p 00015000 08:03 6826106                    /lib/x86_64-linux-gnu/libnsl-2.23.so
7f2b70473000-7f2b70474000 rw-p 00016000 08:03 6826106                    /lib/x86_64-linux-gnu/libnsl-2.23.so
7f2b70474000-7f2b70476000 rw-p 00000000 00:00 0 
7f2b70476000-7f2b7047e000 r-xp 00000000 08:03 6826107                    /lib/x86_64-linux-gnu/libnss_compat-2.23.so
7f2b7047e000-7f2b7067d000 ---p 00008000 08:03 6826107                    /lib/x86_64-linux-gnu/libnss_compat-2.23.so
7f2b7067d000-7f2b7067e000 r--p 00007000 08:03 6826107                    /lib/x86_64-linux-gnu/libnss_compat-2.23.so
7f2b7067e000-7f2b7067f000 rw-p 00008000 08:03 6826107                    /lib/x86_64-linux-gnu/libnss_compat-2.23.so
7f2b7067f000-7f2b706aa000 r-xp 00000000 08:03 8537800                    /usr/lib/jvm/java-8-oracle/jre/lib/amd64/libjava.so
7f2b706aa000-7f2b708a9000 ---p 0002b000 08:03 8537800                    /usr/lib/jvm/java-8-oracle/jre/lib/amd64/libjava.so
7f2b708a9000-7f2b708ab000 rw-p 0002a000 08:03 8537800                    /usr/lib/jvm/java-8-oracle/jre/lib/amd64/libjava.so
7f2b708ab000-7f2b708b8000 r-xp 00000000 08:03 8537773                    /usr/lib/jvm/java-8-oracle/jre/lib/amd64/libverify.so
7f2b708b8000-7f2b70ab7000 ---p 0000d000 08:03 8537773                    /usr/lib/jvm/java-8-oracle/jre/lib/amd64/libverify.so
7f2b70ab7000-7f2b70ab9000 rw-p 0000c000 08:03 8537773                    /usr/lib/jvm/java-8-oracle/jre/lib/amd64/libverify.so
7f2b70ab9000-7f2b70ac0000 r-xp 00000000 08:03 6819944                    /lib/x86_64-linux-gnu/librt-2.23.so
7f2b70ac0000-7f2b70cbf000 ---p 00007000 08:03 6819944                    /lib/x86_64-linux-gnu/librt-2.23.so
7f2b70cbf000-7f2b70cc0000 r--p 00006000 08:03 6819944                    /lib/x86_64-linux-gnu/librt-2.23.so
7f2b70cc0000-7f2b70cc1000 rw-p 00007000 08:03 6819944                    /lib/x86_64-linux-gnu/librt-2.23.so
7f2b70cc1000-7f2b70dc9000 r-xp 00000000 08:03 6826104                    /lib/x86_64-linux-gnu/libm-2.23.so
7f2b70dc9000-7f2b70fc8000 ---p 00108000 08:03 6826104                    /lib/x86_64-linux-gnu/libm-2.23.so
7f2b70fc8000-7f2b70fc9000 r--p 00107000 08:03 6826104                    /lib/x86_64-linux-gnu/libm-2.23.so
7f2b70fc9000-7f2b70fca000 rw-p 00108000 08:03 6826104                    /lib/x86_64-linux-gnu/libm-2.23.so
7f2b70fca000-7f2b71c97000 r-xp 00000000 08:03 8537791                    /usr/lib/jvm/java-8-oracle/jre/lib/amd64/server/libjvm.so
7f2b71c97000-7f2b71e96000 ---p 00ccd000 08:03 8537791                    /usr/lib/jvm/java-8-oracle/jre/lib/amd64/server/libjvm.so
7f2b71e96000-7f2b71f6f000 rw-p 00ccc000 08:03 8537791                    /usr/lib/jvm/java-8-oracle/jre/lib/amd64/server/libjvm.so
7f2b71f6f000-7f2b71fba000 rw-p 00000000 00:00 0 
7f2b71fba000-7f2b72179000 r-xp 00000000 08:03 6826086                    /lib/x86_64-linux-gnu/libc-2.23.so
7f2b72179000-7f2b72379000 ---p 001bf000 08:03 6826086                    /lib/x86_64-linux-gnu/libc-2.23.so
7f2b72379000-7f2b7237d000 r--p 001bf000 08:03 6826086                    /lib/x86_64-linux-gnu/libc-2.23.so
7f2b7237d000-7f2b7237f000 rw-p 001c3000 08:03 6826086                    /lib/x86_64-linux-gnu/libc-2.23.so
7f2b7237f000-7f2b72383000 rw-p 00000000 00:00 0 
7f2b72383000-7f2b72386000 r-xp 00000000 08:03 6826085                    /lib/x86_64-linux-gnu/libdl-2.23.so
7f2b72386000-7f2b72585000 ---p 00003000 08:03 6826085                    /lib/x86_64-linux-gnu/libdl-2.23.so
7f2b72585000-7f2b72586000 r--p 00002000 08:03 6826085                    /lib/x86_64-linux-gnu/libdl-2.23.so
7f2b72586000-7f2b72587000 rw-p 00003000 08:03 6826085                    /lib/x86_64-linux-gnu/libdl-2.23.so
7f2b72587000-7f2b7259c000 r-xp 00000000 08:03 8397721                    /usr/lib/jvm/java-8-oracle/lib/amd64/jli/libjli.so
7f2b7259c000-7f2b7279c000 ---p 00015000 08:03 8397721                    /usr/lib/jvm/java-8-oracle/lib/amd64/jli/libjli.so
7f2b7279c000-7f2b7279d000 rw-p 00015000 08:03 8397721                    /usr/lib/jvm/java-8-oracle/lib/amd64/jli/libjli.so
7f2b7279d000-7f2b727b5000 r-xp 00000000 08:03 6826105                    /lib/x86_64-linux-gnu/libpthread-2.23.so
7f2b727b5000-7f2b729b4000 ---p 00018000 08:03 6826105                    /lib/x86_64-linux-gnu/libpthread-2.23.so
7f2b729b4000-7f2b729b5000 r--p 00017000 08:03 6826105                    /lib/x86_64-linux-gnu/libpthread-2.23.so
7f2b729b5000-7f2b729b6000 rw-p 00018000 08:03 6826105                    /lib/x86_64-linux-gnu/libpthread-2.23.so
7f2b729b6000-7f2b729ba000 rw-p 00000000 00:00 0 
7f2b729ba000-7f2b729e0000 r-xp 00000000 08:03 6819758                    /lib/x86_64-linux-gnu/ld-2.23.so
7f2b729e0000-7f2b72aab000 rw-p 00000000 00:00 0 
7f2b72aab000-7f2b72aae000 ---p 00000000 00:00 0 
7f2b72aae000-7f2b72bb0000 rw-p 00000000 00:00 0 
7f2b72bb0000-7f2b72bb2000 r--s 00013000 08:06 18629781                   /home2/tourneboeuf/Software/Java/Libgdx/TaranFigthers/core/build/libs/core-1.0.jar
7f2b72bb2000-7f2b72bd3000 rw-p 00000000 00:00 0 
7f2b72bd3000-7f2b72bdb000 rw-s 00000000 08:03 3538985                    /tmp/hsperfdata_tourneboeuf/15437
7f2b72bdb000-7f2b72bdc000 rw-p 00000000 00:00 0 
7f2b72bdc000-7f2b72bdd000 r--p 00000000 00:00 0 
7f2b72bdd000-7f2b72bdf000 rw-p 00000000 00:00 0 
7f2b72bdf000-7f2b72be0000 r--p 00025000 08:03 6819758                    /lib/x86_64-linux-gnu/ld-2.23.so
7f2b72be0000-7f2b72be1000 rw-p 00026000 08:03 6819758                    /lib/x86_64-linux-gnu/ld-2.23.so
7f2b72be1000-7f2b72be2000 rw-p 00000000 00:00 0 
7ffc74d7e000-7ffc74da1000 rw-p 00000000 00:00 0                          [stack]
7ffc74dec000-7ffc74dee000 r--p 00000000 00:00 0                          [vvar]
7ffc74dee000-7ffc74df0000 r-xp 00000000 00:00 0                          [vdso]
ffffffffff600000-ffffffffff601000 r-xp 00000000 00:00 0                  [vsyscall]

VM Arguments:
jvm_args: -Dfile.encoding=UTF-8 -Duser.country=US -Duser.language=en -Duser.variant 
java_command: com.mygdx.taranfighters.desktop.DesktopLauncher
java_class_path (initial): /home2/tourneboeuf/Software/Java/Libgdx/TaranFigthers/desktop/build/classes/main:/home2/tourneboeuf/Software/Java/Libgdx/TaranFigthers/desktop/build/resources/main:/home2/tourneboeuf/Software/Java/Libgdx/TaranFigthers/core/build/libs/core-1.0.jar:/home2/tourneboeuf/.gradle/caches/modules-2/files-2.1/com.badlogicgames.gdx/gdx-backend-lwjgl/1.9.0/aa4daf87fbd3f1beba8a3104a609fe122beefbac/gdx-backend-lwjgl-1.9.0.jar:/home2/tourneboeuf/.gradle/caches/modules-2/files-2.1/com.badlogicgames.gdx/gdx-platform/1.9.0/bd396a0e63ef2c54c0b0c88abdbb8a4e1944fa66/gdx-platform-1.9.0-natives-desktop.jar:/home2/tourneboeuf/.gradle/caches/modules-2/files-2.1/com.badlogicgames.gdx/gdx-box2d-platform/1.9.0/5e032d47a655fe0b2ea54ca530566b4c185aecc2/gdx-box2d-platform-1.9.0-natives-desktop.jar:/home2/tourneboeuf/.gradle/caches/modules-2/files-2.1/com.badlogicgames.gdx/gdx-bullet-platform/1.9.0/b68f58c547124ad6b9517a38be250d7c4b023f1b/gdx-bullet-platform-1.9.0-natives-desktop.jar:/home2/tourneboeuf/.gradle/caches/modules-2/files-2.1/com.badlogicgames.gdx/gdx-freetype-platform/1.9.0/75b2c03f92ee1b88fc8698751dc55ccc2654f2f7/gdx-freetype-platform-1.9.0-natives-desktop.jar:/home2/tourneboeuf/.gradle/caches/modules-2/files-2.1/com.badlogicgames.gdx/gdx-controllers-desktop/1.9.0/d86ac80aefa31ba44e6907522c19592f2524b41f/gdx-controllers-desktop-1.9.0.jar:/home2/tourneboeuf/.gradle/caches/modules-2/files-2.1/com.badlogicgames.gdx/gdx-controllers-platform/1.9.0/33d246ded518ac230fee55d1750c1288d0d6203a/gdx-controllers-platform-1.9.0-natives-desktop.jar:/home2/tourneboeuf/.gradle/caches/modules-2/files-2.1/com.badlogicgames.gdx/gdx/1.9.0/a064f06e8692c8f7084cd0100529ed8285413ff5/gdx-1.9.0.jar:/home2/tourneboeuf/.gradle/caches/modules-2/files-2.1/com.badlogicgames.gdx/gdx-box2d/1.9.0/d7a6ba43a7007e30802638a8f0d7e23a2eb73415/gdx-box2d-1.9.0.jar:/home2/tourneboeuf/.gradle/caches/modules-2/files-2.1/com.badlogicgames.gdx/gdx-bullet/1.9.0/cf3f2fad3ea557f8d5aae924cc74f86cd7c10367/gdx
Launcher Type: SUN_STANDARD

Environment Variables:
JAVA_HOME=/usr/lib/jvm/java-8-oracle
PATH=/home2/tourneboeuf/Bin:/home2/tourneboeuf/Software/Android/SDK/android-sdk-linux/tools:/home2/tourneboeuf/Software/Android/SDK/android-sdk-linux/platform-tools:/usr/local/sbin:/usr/local/bin:/usr/sbin:/usr/bin:/sbin:/bin:/usr/games:/usr/local/games:/snap/bin:/usr/lib/jvm/java-8-oracle/bin:/usr/lib/jvm/java-8-oracle/db/bin:/usr/lib/jvm/java-8-oracle/jre/bin
SHELL=/bin/bash
DISPLAY=:0

Signal Handlers:
SIGSEGV: [libjvm.so+0xac64b0], sa_mask[0]=11111111011111111101111111111110, sa_flags=SA_RESTART|SA_SIGINFO
SIGBUS: [libjvm.so+0xac64b0], sa_mask[0]=11111111011111111101111111111110, sa_flags=SA_RESTART|SA_SIGINFO
SIGFPE: [libjvm.so+0x91f950], sa_mask[0]=11111111011111111101111111111110, sa_flags=SA_RESTART|SA_SIGINFO
SIGPIPE: [libjvm.so+0x91f950], sa_mask[0]=11111111011111111101111111111110, sa_flags=SA_RESTART|SA_SIGINFO
SIGXFSZ: [libjvm.so+0x91f950], sa_mask[0]=11111111011111111101111111111110, sa_flags=SA_RESTART|SA_SIGINFO
SIGILL: [libjvm.so+0x91f950], sa_mask[0]=11111111011111111101111111111110, sa_flags=SA_RESTART|SA_SIGINFO
SIGUSR1: SIG_DFL, sa_mask[0]=00000000000000000000000000000000, sa_flags=none
SIGUSR2: [libjvm.so+0x920f80], sa_mask[0]=00100000000000000000000000000000, sa_flags=SA_RESTART|SA_SIGINFO
SIGHUP: [libjvm.so+0x922380], sa_mask[0]=11111111011111111101111111111110, sa_flags=SA_RESTART|SA_SIGINFO
SIGINT: [libjvm.so+0x922380], sa_mask[0]=11111111011111111101111111111110, sa_flags=SA_RESTART|SA_SIGINFO
SIGTERM: [libjvm.so+0x922380], sa_mask[0]=11111111011111111101111111111110, sa_flags=SA_RESTART|SA_SIGINFO
SIGQUIT: [libjvm.so+0x922380], sa_mask[0]=11111111011111111101111111111110, sa_flags=SA_RESTART|SA_SIGINFO


---------------  S Y S T E M  ---------------

OS:DISTRIB_ID=Ubuntu
DISTRIB_RELEASE=16.04
DISTRIB_CODENAME=xenial
DISTRIB_DESCRIPTION="Ubuntu 16.04.1 LTS"

uname:Linux 4.4.0-59-generic #80-Ubuntu SMP Fri Jan 6 17:47:47 UTC 2017 x86_64
libc:glibc 2.23 NPTL 2.23 
rlimit: STACK 8192k, CORE 0k, NPROC 31427, NOFILE 65536, AS infinity
load average:0,76 0,51 0,36

/proc/meminfo:
MemTotal:        8092628 kB
MemFree:          497320 kB
MemAvailable:    3343160 kB
Buffers:          571592 kB
Cached:          2315392 kB
SwapCached:            0 kB
Active:          6155352 kB
Inactive:         886824 kB
Active(anon):    4064092 kB
Inactive(anon):   142964 kB
Active(file):    2091260 kB
Inactive(file):   743860 kB
Unevictable:          32 kB
Mlocked:              32 kB
SwapTotal:      15624188 kB
SwapFree:       15624188 kB
Dirty:              1584 kB
Writeback:             0 kB
AnonPages:       4147036 kB
Mapped:           481148 kB
Shmem:             51872 kB
Slab:             362460 kB
SReclaimable:     318668 kB
SUnreclaim:        43792 kB
KernelStack:       12880 kB
PageTables:        47528 kB
NFS_Unstable:          0 kB
Bounce:                0 kB
WritebackTmp:          0 kB
CommitLimit:    19670500 kB
Committed_AS:    9406660 kB
VmallocTotal:   34359738367 kB
VmallocUsed:           0 kB
VmallocChunk:          0 kB
HardwareCorrupted:     0 kB
AnonHugePages:   2486272 kB
CmaTotal:              0 kB
CmaFree:               0 kB
HugePages_Total:       0
HugePages_Free:        0
HugePages_Rsvd:        0
HugePages_Surp:        0
Hugepagesize:       2048 kB
DirectMap4k:      298944 kB
DirectMap2M:     8007680 kB
DirectMap1G:     1048576 kB


CPU:total 4 (2 cores per cpu, 2 threads per core) family 6 model 61 stepping 4, cmov, cx8, fxsr, mmx, sse, sse2, sse3, ssse3, sse4.1, sse4.2, popcnt, avx, avx2, aes, clmul, erms, 3dnowpref, lzcnt, ht, tsc, tscinvbit, bmi1, bmi2, adx

/proc/cpuinfo:
processor	: 0
vendor_id	: GenuineIntel
cpu family	: 6
model		: 61
model name	: Intel(R) Core(TM) i5-5200U CPU @ 2.20GHz
stepping	: 4
microcode	: 0x13
cpu MHz		: 2480.671
cache size	: 3072 KB
physical id	: 0
siblings	: 4
core id		: 0
cpu cores	: 2
apicid		: 0
initial apicid	: 0
fpu		: yes
fpu_exception	: yes
cpuid level	: 20
wp		: yes
flags		: fpu vme de pse tsc msr pae mce cx8 apic sep mtrr pge mca cmov pat pse36 clflush dts acpi mmx fxsr sse sse2 ss ht tm pbe syscall nx pdpe1gb rdtscp lm constant_tsc arch_perfmon pebs bts rep_good nopl xtopology nonstop_tsc aperfmperf eagerfpu pni pclmulqdq dtes64 monitor ds_cpl vmx est tm2 ssse3 sdbg fma cx16 xtpr pdcm pcid sse4_1 sse4_2 x2apic movbe popcnt tsc_deadline_timer aes xsave avx f16c rdrand lahf_lm abm 3dnowprefetch epb intel_pt tpr_shadow vnmi flexpriority ept vpid fsgsbase tsc_adjust bmi1 avx2 smep bmi2 erms invpcid rdseed adx smap xsaveopt dtherm ida arat pln pts
bugs		:
bogomips	: 4389.81
clflush size	: 64
cache_alignment	: 64
address sizes	: 39 bits physical, 48 bits virtual
power management:

processor	: 1
vendor_id	: GenuineIntel
cpu family	: 6
model		: 61
model name	: Intel(R) Core(TM) i5-5200U CPU @ 2.20GHz
stepping	: 4
microcode	: 0x13
cpu MHz		: 2579.070
cache size	: 3072 KB
physical id	: 0
siblings	: 4
core id		: 1
cpu cores	: 2
apicid		: 2
initial apicid	: 2
fpu		: yes
fpu_exception	: yes
cpuid level	: 20
wp		: yes
flags		: fpu vme de pse tsc msr pae mce cx8 apic sep mtrr pge mca cmov pat pse36 clflush dts acpi mmx fxsr sse sse2 ss ht tm pbe syscall nx pdpe1gb rdtscp lm constant_tsc arch_perfmon pebs bts rep_good nopl xtopology nonstop_tsc aperfmperf eagerfpu pni pclmulqdq dtes64 monitor ds_cpl vmx est tm2 ssse3 sdbg fma cx16 xtpr pdcm pcid sse4_1 sse4_2 x2apic movbe popcnt tsc_deadline_timer aes xsave avx f16c rdrand lahf_lm abm 3dnowprefetch epb intel_pt tpr_shadow vnmi flexpriority ept vpid fsgsbase tsc_adjust bmi1 avx2 smep bmi2 erms invpcid rdseed adx smap xsaveopt dtherm ida arat pln pts
bugs		:
bogomips	: 4389.81
clflush size	: 64
cache_alignment	: 64
address sizes	: 39 bits physical, 48 bits virtual
power management:

processor	: 2
vendor_id	: GenuineIntel
cpu family	: 6
model		: 61
model name	: Intel(R) Core(TM) i5-5200U CPU @ 2.20GHz
stepping	: 4
microcode	: 0x13
cpu MHz		: 2497.429
cache size	: 3072 KB
physical id	: 0
siblings	: 4
core id		: 0
cpu cores	: 2
apicid		: 1
initial apicid	: 1
fpu		: yes
fpu_exception	: yes
cpuid level	: 20
wp		: yes
flags		: fpu vme de pse tsc msr pae mce cx8 apic sep mtrr pge mca cmov pat pse36 clflush dts acpi mmx fxsr sse sse2 ss ht tm pbe syscall nx pdpe1gb rdtscp lm constant_tsc arch_perfmon pebs bts rep_good nopl xtopology nonstop_tsc aperfmperf eagerfpu pni pclmulqdq dtes64 monitor ds_cpl vmx est tm2 ssse3 sdbg fma cx16 xtpr pdcm pcid sse4_1 sse4_2 x2apic movbe popcnt tsc_deadline_timer aes xsave avx f16c rdrand lahf_lm abm 3dnowprefetch epb intel_pt tpr_shadow vnmi flexpriority ept vpid fsgsbase tsc_adjust bmi1 avx2 smep bmi2 erms invpcid rdseed adx smap xsaveopt dtherm ida arat pln pts
bugs		:
bogomips	: 4389.81
clflush size	: 64
cache_alignment	: 64
address sizes	: 39 bits physical, 48 bits virtual
power management:

processor	: 3
vendor_id	: GenuineIntel
cpu family	: 6
model		: 61
model name	: Intel(R) Core(TM) i5-5200U CPU @ 2.20GHz
stepping	: 4
microcode	: 0x13
cpu MHz		: 2503.789
cache size	: 3072 KB
physical id	: 0
siblings	: 4
core id		: 1
cpu cores	: 2
apicid		: 3
initial apicid	: 3
fpu		: yes
fpu_exception	: yes
cpuid level	: 20
wp		: yes
flags		: fpu vme de pse tsc msr pae mce cx8 apic sep mtrr pge mca cmov pat pse36 clflush dts acpi mmx fxsr sse sse2 ss ht tm pbe syscall nx pdpe1gb rdtscp lm constant_tsc arch_perfmon pebs bts rep_good nopl xtopology nonstop_tsc aperfmperf eagerfpu pni pclmulqdq dtes64 monitor ds_cpl vmx est tm2 ssse3 sdbg fma cx16 xtpr pdcm pcid sse4_1 sse4_2 x2apic movbe popcnt tsc_deadline_timer aes xsave avx f16c rdrand lahf_lm abm 3dnowprefetch epb intel_pt tpr_shadow vnmi flexpriority ept vpid fsgsbase tsc_adjust bmi1 avx2 smep bmi2 erms invpcid rdseed adx smap xsaveopt dtherm ida arat pln pts
bugs		:
bogomips	: 4389.81
clflush size	: 64
cache_alignment	: 64
address sizes	: 39 bits physical, 48 bits virtual
power management:



Memory: 4k page, physical 8092628k(497320k free), swap 15624188k(15624188k free)

vm_info: Java HotSpot(TM) 64-Bit Server VM (25.111-b14) for linux-amd64 JRE (1.8.0_111-b14), built on Sep 22 2016 16:14:03 by "java_re" with gcc 4.3.0 20080428 (Red Hat 4.3.0-8)

time: Tue Jan 24 21:51:00 2017
elapsed time: 8 seconds (0d 0h 0m 8s)

